bash: /opt/conda/lib/libtinfo.so.6: no version information available (required by bash)
Importing module 'gym_38' (/opt/isaacgym/python/isaacgym/_bindings/linux-x86_64/gym_38.so)
Setting GYM_USD_PLUG_INFO_PATH to /opt/isaacgym/python/isaacgym/_bindings/linux-x86_64/usd/plugInfo.json
PRECHECK python=/opt/conda/bin/python3
==== NIGHTN 7WAY START 2026-05-13 09:03:21 order=n7p ====
==== RUN 1/1 code=n7p label=shoulder4_night_n7_pitchboost300 2026-05-13 09:03:21 ====
START run code=n7p label=shoulder4_night_n7_pitchboost300 task=T1Shoulder4GaitPhaseNightN7PitchBoost_from7000LegFrozen_train300 2026-05-13 09:03:21
CONFIG train_num_envs=28672 train_max_iterations=300 final_iter=300 eval_num_envs=256
==== START train 2026-05-13 09:03:21 label=shoulder4_night_n7_pitchboost300 ====
==== DONE train 2026-05-13 09:47:23 elapsed=2642s label=shoulder4_night_n7_pitchboost300 ====
RUN_DIR=logs/2026-05-13-09-04-08
ARM_CKPT=logs/2026-05-13-09-04-08/nn/model_300.pth
URDF_FILE=resources/T1/T1_locomotion_shoulder4_night_l_4group_no_inward_limit.urdf
==== START eval 2026-05-13 09:47:29 label=shoulder4_night_n7_pitchboost300 ====
==== DONE eval 2026-05-13 09:51:52 elapsed=263s label=shoulder4_night_n7_pitchboost300 ====
==== START metrics 2026-05-13 09:51:52 label=shoulder4_night_n7_pitchboost300 ====
==== DONE metrics 2026-05-13 09:51:53 elapsed=1s label=shoulder4_night_n7_pitchboost300 ====
==== START pack 2026-05-13 09:51:53 label=shoulder4_night_n7_pitchboost300 ====
==== DONE pack 2026-05-13 09:51:53 elapsed=0s label=shoulder4_night_n7_pitchboost300 ====
{
  "status": "done",
  "failure_phase": "",
  "failure_reason": "",
  "label": "shoulder4_night_n7_pitchboost300",
  "display_name": "T1Shoulder4 NightN7 PitchBoost model_300",
  "task": "T1Shoulder4GaitPhaseNightN7PitchBoost_from7000LegFrozen_train300",
  "run_dir": "logs/2026-05-13-09-04-08",
  "arm_checkpoint": "logs/2026-05-13-09-04-08/nn/model_300.pth",
  "leg_checkpoint": "logs/2026-05-05-11-09-07/nn/model_4000.pth",
  "eval_dir": "artifacts/autoresearch/shoulder4_night_n7_pitchboost300_eval",
  "metrics_json": "artifacts/autoresearch/shoulder4_night_n7_pitchboost300_metrics.json",
  "web_inputs": "artifacts/autoresearch/shoulder4_night_n7_pitchboost300_web_inputs.tgz",
  "train_log": "artifacts/autoresearch/T1Shoulder4GaitPhaseNightN7PitchBoost_from7000LegFrozen_train300_20260513_090321_full_auto.log",
  "created_at": "2026-05-13T01:51:53+00:00"
}
-rwxrwxrwx 1 root root  867 May 13 09:51 artifacts/autoresearch/shoulder4_night_n7_pitchboost300_full_auto_done.json
-rwxrwxrwx 1 root root 3.1M May 13 09:51 artifacts/autoresearch/shoulder4_night_n7_pitchboost300_web_inputs.tgz
DONE run label=shoulder4_night_n7_pitchboost300 2026-05-13 09:51:53
==== RUN OK label=shoulder4_night_n7_pitchboost300 2026-05-13 09:51:53 ====
==== NIGHTN 7WAY DONE 2026-05-13 09:51:53 ====
