==== NIGHTJ START 2026-05-12 14:05:32 order=j ====
==== GPU audit started pid=34224 ====
==== RUN 1/1 code=j label=shoulder4_night_j_lowbase_locked_dynamic400 2026-05-12 14:05:32 ====
START run code=j label=shoulder4_night_j_lowbase_locked_dynamic400 task=T1Shoulder4GaitPhaseNightJLowBaseLockedDynamic_from7000LegFrozen_train400 2026-05-12 14:05:32
==== START train 2026-05-12 14:05:32 label=shoulder4_night_j_lowbase_locked_dynamic400 ====
Importing module 'gym_38' (/opt/isaacgym/python/isaacgym/_bindings/linux-x86_64/gym_38.so)
Setting GYM_USD_PLUG_INFO_PATH to /opt/isaacgym/python/isaacgym/_bindings/linux-x86_64/usd/plugInfo.json
PyTorch version 2.0.1+cu118
Device count 1
/opt/isaacgym/python/isaacgym/_bindings/src/gymtorch
Using /root/.cache/torch_extensions/py38_cu118 as PyTorch extensions root...
Emitting ninja build file /root/.cache/torch_extensions/py38_cu118/gymtorch/build.ninja...
Building extension module gymtorch...
Allowing ninja to set a default number of workers... (overridable by setting the environment variable MAX_JOBS=N)
ninja: no work to do.
Loading extension module gymtorch...
Setting seed: 42
[Warning] [carb.gym.plugin] useGpu is set, forcing single scene (0 subscenes)
Not connected to PVD
+++ Using GPU PhysX
Physics Engine: PhysX
Physics Device: cuda:0
GPU Pipeline: enabled
/opt/conda/lib/python3.8/site-packages/torch/_utils.py:776: UserWarning: TypedStorage is deprecated. It will be removed in the future and UntypedStorage will be the only storage class. This should only matter to you if you are using storages directly.  To access UntypedStorage directly, use tensor.untyped_storage() instead of tensor.storage()
  return self.fget.__get__(instance, owner)()
Using per-DOF actor mean scale: {'Left_Shoulder_Pitch': 0.75, 'Left_Shoulder_Roll': 0.9, 'Right_Shoulder_Pitch': 0.75, 'Right_Shoulder_Roll': 0.9}
Loading frozen leg model from logs/2026-05-05-11-09-07/nn/model_4000.pth
epoch: 1/400 (local 1/400) elapsed=0.2m eta=71.6m
epoch: 2/400 (local 2/400) elapsed=0.3m eta=62.6m
epoch: 3/400 (local 3/400) elapsed=0.5m eta=59.7m
epoch: 4/400 (local 4/400) elapsed=0.6m eta=57.8m
epoch: 5/400 (local 5/400) elapsed=0.7m eta=56.7m
epoch: 6/400 (local 6/400) elapsed=0.9m eta=56.1m
epoch: 7/400 (local 7/400) elapsed=1.0m eta=55.5m
epoch: 8/400 (local 8/400) elapsed=1.1m eta=55.2m
epoch: 9/400 (local 9/400) elapsed=1.3m eta=54.8m
epoch: 10/400 (local 10/400) elapsed=1.4m eta=54.4m
epoch: 11/400 (local 11/400) elapsed=1.5m eta=54.1m
epoch: 12/400 (local 12/400) elapsed=1.7m eta=53.8m
epoch: 13/400 (local 13/400) elapsed=1.8m eta=53.6m
epoch: 14/400 (local 14/400) elapsed=1.9m eta=53.3m
epoch: 15/400 (local 15/400) elapsed=2.1m eta=53.1m
epoch: 16/400 (local 16/400) elapsed=2.2m eta=52.8m
epoch: 17/400 (local 17/400) elapsed=2.3m eta=52.6m
epoch: 18/400 (local 18/400) elapsed=2.5m eta=52.4m
epoch: 19/400 (local 19/400) elapsed=2.6m eta=52.2m
epoch: 20/400 (local 20/400) elapsed=2.7m eta=52.0m
epoch: 21/400 (local 21/400) elapsed=3.4m eta=62.0m
epoch: 22/400 (local 22/400) elapsed=3.6m eta=61.5m
epoch: 23/400 (local 23/400) elapsed=3.7m eta=60.8m
epoch: 24/400 (local 24/400) elapsed=3.8m eta=60.3m
epoch: 25/400 (local 25/400) elapsed=4.0m eta=59.7m
epoch: 26/400 (local 26/400) elapsed=4.1m eta=59.2m
epoch: 27/400 (local 27/400) elapsed=4.3m eta=58.8m
epoch: 28/400 (local 28/400) elapsed=4.4m eta=58.3m
epoch: 29/400 (local 29/400) elapsed=4.5m eta=57.9m
epoch: 30/400 (local 30/400) elapsed=4.7m eta=57.5m
epoch: 31/400 (local 31/400) elapsed=4.8m eta=57.1m
epoch: 32/400 (local 32/400) elapsed=4.9m eta=56.8m
epoch: 33/400 (local 33/400) elapsed=5.1m eta=56.4m
epoch: 34/400 (local 34/400) elapsed=5.2m eta=56.1m
epoch: 35/400 (local 35/400) elapsed=5.3m eta=55.8m
epoch: 36/400 (local 36/400) elapsed=5.5m eta=55.4m
epoch: 37/400 (local 37/400) elapsed=5.6m eta=55.1m
epoch: 38/400 (local 38/400) elapsed=5.8m eta=54.8m
epoch: 39/400 (local 39/400) elapsed=5.9m eta=54.5m
epoch: 40/400 (local 40/400) elapsed=6.0m eta=54.3m
epoch: 41/400 (local 41/400) elapsed=6.2m eta=54.0m
epoch: 42/400 (local 42/400) elapsed=6.9m eta=58.4m
epoch: 43/400 (local 43/400) elapsed=7.0m eta=58.1m
epoch: 44/400 (local 44/400) elapsed=7.1m eta=57.7m
epoch: 45/400 (local 45/400) elapsed=7.3m eta=57.3m
epoch: 46/400 (local 46/400) elapsed=7.4m eta=57.0m
epoch: 47/400 (local 47/400) elapsed=7.5m eta=56.6m
epoch: 48/400 (local 48/400) elapsed=7.7m eta=56.3m
epoch: 49/400 (local 49/400) elapsed=7.8m eta=55.9m
epoch: 50/400 (local 50/400) elapsed=7.9m eta=55.6m
epoch: 51/400 (local 51/400) elapsed=8.1m eta=55.3m
epoch: 52/400 (local 52/400) elapsed=8.2m eta=55.0m
epoch: 53/400 (local 53/400) elapsed=8.4m eta=54.8m
epoch: 54/400 (local 54/400) elapsed=8.5m eta=54.5m
epoch: 55/400 (local 55/400) elapsed=8.6m eta=54.2m
epoch: 56/400 (local 56/400) elapsed=8.8m eta=53.9m
epoch: 57/400 (local 57/400) elapsed=8.9m eta=53.6m
epoch: 58/400 (local 58/400) elapsed=9.0m eta=53.4m
epoch: 59/400 (local 59/400) elapsed=9.2m eta=53.1m
epoch: 60/400 (local 60/400) elapsed=9.3m eta=52.8m
epoch: 61/400 (local 61/400) elapsed=9.5m eta=52.6m
epoch: 62/400 (local 62/400) elapsed=9.6m eta=52.3m
epoch: 63/400 (local 63/400) elapsed=10.3m eta=55.1m
epoch: 64/400 (local 64/400) elapsed=10.5m eta=54.9m
epoch: 65/400 (local 65/400) elapsed=10.6m eta=54.6m
epoch: 66/400 (local 66/400) elapsed=10.7m eta=54.3m
epoch: 67/400 (local 67/400) elapsed=10.9m eta=54.0m
epoch: 68/400 (local 68/400) elapsed=11.0m eta=53.8m
epoch: 69/400 (local 69/400) elapsed=11.2m eta=53.5m
epoch: 70/400 (local 70/400) elapsed=11.3m eta=53.2m
epoch: 71/400 (local 71/400) elapsed=11.4m eta=53.0m
epoch: 72/400 (local 72/400) elapsed=11.6m eta=52.7m
epoch: 73/400 (local 73/400) elapsed=11.7m eta=52.4m
epoch: 74/400 (local 74/400) elapsed=11.8m eta=52.2m
epoch: 75/400 (local 75/400) elapsed=12.0m eta=51.9m
epoch: 76/400 (local 76/400) elapsed=12.1m eta=51.7m
epoch: 77/400 (local 77/400) elapsed=12.3m eta=51.4m
epoch: 78/400 (local 78/400) elapsed=12.4m eta=51.2m
epoch: 79/400 (local 79/400) elapsed=12.5m eta=51.0m
epoch: 80/400 (local 80/400) elapsed=12.7m eta=50.7m
epoch: 81/400 (local 81/400) elapsed=12.8m eta=50.5m
epoch: 82/400 (local 82/400) elapsed=13.0m eta=50.3m
epoch: 83/400 (local 83/400) elapsed=13.1m eta=50.0m
epoch: 84/400 (local 84/400) elapsed=13.8m eta=51.9m
epoch: 85/400 (local 85/400) elapsed=13.9m eta=51.7m
epoch: 86/400 (local 86/400) elapsed=14.1m eta=51.4m
epoch: 87/400 (local 87/400) elapsed=14.2m eta=51.2m
epoch: 88/400 (local 88/400) elapsed=14.4m eta=50.9m
epoch: 89/400 (local 89/400) elapsed=14.5m eta=50.7m
epoch: 90/400 (local 90/400) elapsed=14.7m eta=50.5m
epoch: 91/400 (local 91/400) elapsed=14.8m eta=50.2m
epoch: 92/400 (local 92/400) elapsed=14.9m eta=50.0m
epoch: 93/400 (local 93/400) elapsed=15.1m eta=49.8m
epoch: 94/400 (local 94/400) elapsed=15.2m eta=49.5m
epoch: 95/400 (local 95/400) elapsed=15.4m eta=49.3m
epoch: 96/400 (local 96/400) elapsed=15.5m eta=49.1m
epoch: 97/400 (local 97/400) elapsed=15.6m eta=48.8m
epoch: 98/400 (local 98/400) elapsed=15.8m eta=48.6m
epoch: 99/400 (local 99/400) elapsed=15.9m eta=48.4m
Saving model to logs/2026-05-12-14-06-21/nn/model_100.pth
epoch: 100/400 (local 100/400) elapsed=16.0m eta=48.1m
epoch: 101/400 (local 101/400) elapsed=16.2m eta=47.9m
epoch: 102/400 (local 102/400) elapsed=16.3m eta=47.7m
epoch: 103/400 (local 103/400) elapsed=16.5m eta=47.5m
epoch: 104/400 (local 104/400) elapsed=16.6m eta=47.3m
epoch: 105/400 (local 105/400) elapsed=17.3m eta=48.6m
epoch: 106/400 (local 106/400) elapsed=17.4m eta=48.4m
epoch: 107/400 (local 107/400) elapsed=17.6m eta=48.1m
epoch: 108/400 (local 108/400) elapsed=17.7m eta=47.9m
epoch: 109/400 (local 109/400) elapsed=17.9m eta=47.7m
epoch: 110/400 (local 110/400) elapsed=18.0m eta=47.5m
epoch: 111/400 (local 111/400) elapsed=18.2m eta=47.3m
epoch: 112/400 (local 112/400) elapsed=18.3m eta=47.1m
epoch: 113/400 (local 113/400) elapsed=18.4m eta=46.8m
epoch: 114/400 (local 114/400) elapsed=18.6m eta=46.6m
epoch: 115/400 (local 115/400) elapsed=18.7m eta=46.4m
epoch: 116/400 (local 116/400) elapsed=18.9m eta=46.2m
epoch: 117/400 (local 117/400) elapsed=19.0m eta=46.0m
epoch: 118/400 (local 118/400) elapsed=19.2m eta=45.8m
epoch: 119/400 (local 119/400) elapsed=19.3m eta=45.6m
epoch: 120/400 (local 120/400) elapsed=19.4m eta=45.4m
epoch: 121/400 (local 121/400) elapsed=19.6m eta=45.1m
epoch: 122/400 (local 122/400) elapsed=19.7m eta=44.9m
epoch: 123/400 (local 123/400) elapsed=19.9m eta=44.7m
epoch: 124/400 (local 124/400) elapsed=20.0m eta=44.5m
epoch: 125/400 (local 125/400) elapsed=20.2m eta=44.3m
epoch: 126/400 (local 126/400) elapsed=20.9m eta=45.4m
epoch: 127/400 (local 127/400) elapsed=21.0m eta=45.2m
epoch: 128/400 (local 128/400) elapsed=21.2m eta=45.0m
epoch: 129/400 (local 129/400) elapsed=21.3m eta=44.7m
epoch: 130/400 (local 130/400) elapsed=21.4m eta=44.5m
epoch: 131/400 (local 131/400) elapsed=21.6m eta=44.3m
epoch: 132/400 (local 132/400) elapsed=21.7m eta=44.1m
epoch: 133/400 (local 133/400) elapsed=21.9m eta=43.9m
epoch: 134/400 (local 134/400) elapsed=22.0m eta=43.7m
epoch: 135/400 (local 135/400) elapsed=22.2m eta=43.5m
epoch: 136/400 (local 136/400) elapsed=22.3m eta=43.3m
epoch: 137/400 (local 137/400) elapsed=22.4m eta=43.1m
epoch: 138/400 (local 138/400) elapsed=22.6m eta=42.9m
epoch: 139/400 (local 139/400) elapsed=22.7m eta=42.7m
epoch: 140/400 (local 140/400) elapsed=22.9m eta=42.5m
epoch: 141/400 (local 141/400) elapsed=23.0m eta=42.3m
epoch: 142/400 (local 142/400) elapsed=23.2m eta=42.1m
epoch: 143/400 (local 143/400) elapsed=23.3m eta=41.9m
epoch: 144/400 (local 144/400) elapsed=23.5m eta=41.7m
epoch: 145/400 (local 145/400) elapsed=23.6m eta=41.5m
epoch: 146/400 (local 146/400) elapsed=23.8m eta=41.3m
epoch: 147/400 (local 147/400) elapsed=24.5m eta=42.1m
epoch: 148/400 (local 148/400) elapsed=24.6m eta=41.9m
epoch: 149/400 (local 149/400) elapsed=24.8m eta=41.7m
epoch: 150/400 (local 150/400) elapsed=24.9m eta=41.5m
epoch: 151/400 (local 151/400) elapsed=25.0m eta=41.3m
epoch: 152/400 (local 152/400) elapsed=25.2m eta=41.1m
epoch: 153/400 (local 153/400) elapsed=25.3m eta=40.9m
epoch: 154/400 (local 154/400) elapsed=25.5m eta=40.7m
epoch: 155/400 (local 155/400) elapsed=25.6m eta=40.5m
epoch: 156/400 (local 156/400) elapsed=25.8m eta=40.3m
epoch: 157/400 (local 157/400) elapsed=25.9m eta=40.1m
epoch: 158/400 (local 158/400) elapsed=26.1m eta=39.9m
epoch: 159/400 (local 159/400) elapsed=26.2m eta=39.7m
epoch: 160/400 (local 160/400) elapsed=26.4m eta=39.6m
epoch: 161/400 (local 161/400) elapsed=26.5m eta=39.4m
epoch: 162/400 (local 162/400) elapsed=26.7m eta=39.2m
epoch: 163/400 (local 163/400) elapsed=26.8m eta=39.0m
epoch: 164/400 (local 164/400) elapsed=27.0m eta=38.8m
epoch: 165/400 (local 165/400) elapsed=27.1m eta=38.6m
epoch: 166/400 (local 166/400) elapsed=27.3m eta=38.4m
epoch: 167/400 (local 167/400) elapsed=28.0m eta=39.0m
epoch: 168/400 (local 168/400) elapsed=28.1m eta=38.8m
epoch: 169/400 (local 169/400) elapsed=28.3m eta=38.6m
epoch: 170/400 (local 170/400) elapsed=28.4m eta=38.4m
epoch: 171/400 (local 171/400) elapsed=28.6m eta=38.3m
epoch: 172/400 (local 172/400) elapsed=28.7m eta=38.1m
epoch: 173/400 (local 173/400) elapsed=28.9m eta=37.9m
epoch: 174/400 (local 174/400) elapsed=29.0m eta=37.7m
epoch: 175/400 (local 175/400) elapsed=29.2m eta=37.5m
epoch: 176/400 (local 176/400) elapsed=29.3m eta=37.3m
epoch: 177/400 (local 177/400) elapsed=29.5m eta=37.1m
epoch: 178/400 (local 178/400) elapsed=29.6m eta=36.9m
epoch: 179/400 (local 179/400) elapsed=29.7m eta=36.7m
epoch: 180/400 (local 180/400) elapsed=29.9m eta=36.5m
epoch: 181/400 (local 181/400) elapsed=30.1m eta=36.4m
epoch: 182/400 (local 182/400) elapsed=30.2m eta=36.2m
epoch: 183/400 (local 183/400) elapsed=30.4m eta=36.0m
epoch: 184/400 (local 184/400) elapsed=30.5m eta=35.8m
epoch: 185/400 (local 185/400) elapsed=30.7m eta=35.6m
epoch: 186/400 (local 186/400) elapsed=30.8m eta=35.4m
epoch: 187/400 (local 187/400) elapsed=31.0m eta=35.3m
epoch: 188/400 (local 188/400) elapsed=31.7m eta=35.7m
epoch: 189/400 (local 189/400) elapsed=31.8m eta=35.5m
epoch: 190/400 (local 190/400) elapsed=32.0m eta=35.3m
epoch: 191/400 (local 191/400) elapsed=32.1m eta=35.1m
epoch: 192/400 (local 192/400) elapsed=32.3m eta=34.9m
epoch: 193/400 (local 193/400) elapsed=32.4m eta=34.8m
epoch: 194/400 (local 194/400) elapsed=32.6m eta=34.6m
epoch: 195/400 (local 195/400) elapsed=32.7m eta=34.4m
epoch: 196/400 (local 196/400) elapsed=32.9m eta=34.2m
epoch: 197/400 (local 197/400) elapsed=33.0m eta=34.0m
epoch: 198/400 (local 198/400) elapsed=33.1m eta=33.8m
epoch: 199/400 (local 199/400) elapsed=33.3m eta=33.6m
Saving model to logs/2026-05-12-14-06-21/nn/model_200.pth
epoch: 200/400 (local 200/400) elapsed=33.4m eta=33.4m
epoch: 201/400 (local 201/400) elapsed=33.6m eta=33.3m
epoch: 202/400 (local 202/400) elapsed=33.7m eta=33.1m
epoch: 203/400 (local 203/400) elapsed=33.9m eta=32.9m
epoch: 204/400 (local 204/400) elapsed=34.0m eta=32.7m
epoch: 205/400 (local 205/400) elapsed=34.2m eta=32.5m
epoch: 206/400 (local 206/400) elapsed=34.4m eta=32.4m
epoch: 207/400 (local 207/400) elapsed=34.5m eta=32.2m
epoch: 208/400 (local 208/400) elapsed=34.7m eta=32.0m
epoch: 209/400 (local 209/400) elapsed=35.4m eta=32.3m
epoch: 210/400 (local 210/400) elapsed=35.5m eta=32.1m
epoch: 211/400 (local 211/400) elapsed=35.7m eta=31.9m
epoch: 212/400 (local 212/400) elapsed=35.8m eta=31.8m
epoch: 213/400 (local 213/400) elapsed=36.0m eta=31.6m
epoch: 214/400 (local 214/400) elapsed=36.1m eta=31.4m
epoch: 215/400 (local 215/400) elapsed=36.3m eta=31.2m
epoch: 216/400 (local 216/400) elapsed=36.4m eta=31.0m
epoch: 217/400 (local 217/400) elapsed=36.6m eta=30.8m
epoch: 218/400 (local 218/400) elapsed=36.7m eta=30.6m
epoch: 219/400 (local 219/400) elapsed=36.9m eta=30.5m
epoch: 220/400 (local 220/400) elapsed=37.0m eta=30.3m
epoch: 221/400 (local 221/400) elapsed=37.2m eta=30.1m
epoch: 222/400 (local 222/400) elapsed=37.3m eta=29.9m
epoch: 223/400 (local 223/400) elapsed=37.5m eta=29.7m
epoch: 224/400 (local 224/400) elapsed=37.6m eta=29.6m
epoch: 225/400 (local 225/400) elapsed=37.8m eta=29.4m
epoch: 226/400 (local 226/400) elapsed=37.9m eta=29.2m
epoch: 227/400 (local 227/400) elapsed=38.1m eta=29.0m
epoch: 228/400 (local 228/400) elapsed=38.3m eta=28.9m
epoch: 229/400 (local 229/400) elapsed=38.4m eta=28.7m
epoch: 230/400 (local 230/400) elapsed=39.1m eta=28.9m
epoch: 231/400 (local 231/400) elapsed=39.3m eta=28.7m
epoch: 232/400 (local 232/400) elapsed=39.4m eta=28.5m
epoch: 233/400 (local 233/400) elapsed=39.6m eta=28.4m
epoch: 234/400 (local 234/400) elapsed=39.7m eta=28.2m
epoch: 235/400 (local 235/400) elapsed=39.9m eta=28.0m
epoch: 236/400 (local 236/400) elapsed=40.0m eta=27.8m
epoch: 237/400 (local 237/400) elapsed=40.2m eta=27.6m
epoch: 238/400 (local 238/400) elapsed=40.3m eta=27.4m
epoch: 239/400 (local 239/400) elapsed=40.5m eta=27.3m
epoch: 240/400 (local 240/400) elapsed=40.6m eta=27.1m
epoch: 241/400 (local 241/400) elapsed=40.8m eta=26.9m
epoch: 242/400 (local 242/400) elapsed=40.9m eta=26.7m
epoch: 243/400 (local 243/400) elapsed=41.1m eta=26.5m
epoch: 244/400 (local 244/400) elapsed=41.2m eta=26.4m
epoch: 245/400 (local 245/400) elapsed=41.4m eta=26.2m
epoch: 246/400 (local 246/400) elapsed=41.6m eta=26.0m
epoch: 247/400 (local 247/400) elapsed=41.7m eta=25.8m
epoch: 248/400 (local 248/400) elapsed=41.9m eta=25.7m
epoch: 249/400 (local 249/400) elapsed=42.0m eta=25.5m
epoch: 250/400 (local 250/400) elapsed=42.2m eta=25.3m
epoch: 251/400 (local 251/400) elapsed=42.9m eta=25.5m
epoch: 252/400 (local 252/400) elapsed=43.1m eta=25.3m
epoch: 253/400 (local 253/400) elapsed=43.2m eta=25.1m
epoch: 254/400 (local 254/400) elapsed=43.4m eta=24.9m
epoch: 255/400 (local 255/400) elapsed=43.5m eta=24.7m
epoch: 256/400 (local 256/400) elapsed=43.7m eta=24.6m
epoch: 257/400 (local 257/400) elapsed=43.8m eta=24.4m
epoch: 258/400 (local 258/400) elapsed=44.0m eta=24.2m
epoch: 259/400 (local 259/400) elapsed=44.1m eta=24.0m
epoch: 260/400 (local 260/400) elapsed=44.3m eta=23.8m
epoch: 261/400 (local 261/400) elapsed=44.4m eta=23.7m
epoch: 262/400 (local 262/400) elapsed=44.6m eta=23.5m
epoch: 263/400 (local 263/400) elapsed=44.8m eta=23.3m
epoch: 264/400 (local 264/400) elapsed=44.9m eta=23.1m
epoch: 265/400 (local 265/400) elapsed=45.1m eta=23.0m
epoch: 266/400 (local 266/400) elapsed=45.2m eta=22.8m
epoch: 267/400 (local 267/400) elapsed=45.4m eta=22.6m
epoch: 268/400 (local 268/400) elapsed=45.6m eta=22.4m
epoch: 269/400 (local 269/400) elapsed=45.7m eta=22.3m
epoch: 270/400 (local 270/400) elapsed=45.9m eta=22.1m
epoch: 271/400 (local 271/400) elapsed=46.0m eta=21.9m
epoch: 272/400 (local 272/400) elapsed=46.8m eta=22.0m
epoch: 273/400 (local 273/400) elapsed=46.9m eta=21.8m
epoch: 274/400 (local 274/400) elapsed=47.1m eta=21.6m
epoch: 275/400 (local 275/400) elapsed=47.2m eta=21.5m
epoch: 276/400 (local 276/400) elapsed=47.4m eta=21.3m
epoch: 277/400 (local 277/400) elapsed=47.5m eta=21.1m
epoch: 278/400 (local 278/400) elapsed=47.7m eta=20.9m
epoch: 279/400 (local 279/400) elapsed=47.8m eta=20.7m
epoch: 280/400 (local 280/400) elapsed=48.0m eta=20.6m
epoch: 281/400 (local 281/400) elapsed=48.2m eta=20.4m
epoch: 282/400 (local 282/400) elapsed=48.3m eta=20.2m
epoch: 283/400 (local 283/400) elapsed=48.5m eta=20.0m
epoch: 284/400 (local 284/400) elapsed=48.6m eta=19.9m
epoch: 285/400 (local 285/400) elapsed=48.8m eta=19.7m
epoch: 286/400 (local 286/400) elapsed=48.9m eta=19.5m
epoch: 287/400 (local 287/400) elapsed=49.1m eta=19.3m
epoch: 288/400 (local 288/400) elapsed=49.3m eta=19.2m
epoch: 289/400 (local 289/400) elapsed=49.4m eta=19.0m
epoch: 290/400 (local 290/400) elapsed=49.6m eta=18.8m
epoch: 291/400 (local 291/400) elapsed=49.7m eta=18.6m
epoch: 292/400 (local 292/400) elapsed=49.9m eta=18.5m
epoch: 293/400 (local 293/400) elapsed=50.6m eta=18.5m
epoch: 294/400 (local 294/400) elapsed=50.8m eta=18.3m
epoch: 295/400 (local 295/400) elapsed=50.9m eta=18.1m
epoch: 296/400 (local 296/400) elapsed=51.1m eta=17.9m
epoch: 297/400 (local 297/400) elapsed=51.2m eta=17.8m
epoch: 298/400 (local 298/400) elapsed=51.4m eta=17.6m
epoch: 299/400 (local 299/400) elapsed=51.5m eta=17.4m
Saving model to logs/2026-05-12-14-06-21/nn/model_300.pth
epoch: 300/400 (local 300/400) elapsed=51.7m eta=17.2m
epoch: 301/400 (local 301/400) elapsed=51.8m eta=17.1m
epoch: 302/400 (local 302/400) elapsed=52.0m eta=16.9m
epoch: 303/400 (local 303/400) elapsed=52.2m eta=16.7m
epoch: 304/400 (local 304/400) elapsed=52.3m eta=16.5m
epoch: 305/400 (local 305/400) elapsed=52.5m eta=16.3m
epoch: 306/400 (local 306/400) elapsed=52.6m eta=16.2m
epoch: 307/400 (local 307/400) elapsed=52.8m eta=16.0m
epoch: 308/400 (local 308/400) elapsed=53.0m eta=15.8m
epoch: 309/400 (local 309/400) elapsed=53.1m eta=15.6m
epoch: 310/400 (local 310/400) elapsed=53.3m eta=15.5m
epoch: 311/400 (local 311/400) elapsed=53.5m eta=15.3m
epoch: 312/400 (local 312/400) elapsed=53.6m eta=15.1m
epoch: 313/400 (local 313/400) elapsed=53.8m eta=15.0m
epoch: 314/400 (local 314/400) elapsed=54.5m eta=14.9m
epoch: 315/400 (local 315/400) elapsed=54.7m eta=14.7m
epoch: 316/400 (local 316/400) elapsed=54.8m eta=14.6m
epoch: 317/400 (local 317/400) elapsed=55.0m eta=14.4m
epoch: 318/400 (local 318/400) elapsed=55.1m eta=14.2m
epoch: 319/400 (local 319/400) elapsed=55.3m eta=14.0m
epoch: 320/400 (local 320/400) elapsed=55.4m eta=13.9m
epoch: 321/400 (local 321/400) elapsed=55.6m eta=13.7m
epoch: 322/400 (local 322/400) elapsed=55.8m eta=13.5m
epoch: 323/400 (local 323/400) elapsed=55.9m eta=13.3m
epoch: 324/400 (local 324/400) elapsed=56.1m eta=13.2m
epoch: 325/400 (local 325/400) elapsed=56.3m eta=13.0m
epoch: 326/400 (local 326/400) elapsed=56.4m eta=12.8m
epoch: 327/400 (local 327/400) elapsed=56.6m eta=12.6m
epoch: 328/400 (local 328/400) elapsed=56.7m eta=12.5m
epoch: 329/400 (local 329/400) elapsed=56.9m eta=12.3m
epoch: 330/400 (local 330/400) elapsed=57.1m eta=12.1m
epoch: 331/400 (local 331/400) elapsed=57.2m eta=11.9m
epoch: 332/400 (local 332/400) elapsed=57.4m eta=11.8m
epoch: 333/400 (local 333/400) elapsed=57.5m eta=11.6m
epoch: 334/400 (local 334/400) elapsed=58.3m eta=11.5m
epoch: 335/400 (local 335/400) elapsed=58.4m eta=11.3m
epoch: 336/400 (local 336/400) elapsed=58.6m eta=11.2m
epoch: 337/400 (local 337/400) elapsed=58.7m eta=11.0m
epoch: 338/400 (local 338/400) elapsed=58.9m eta=10.8m
epoch: 339/400 (local 339/400) elapsed=59.0m eta=10.6m
epoch: 340/400 (local 340/400) elapsed=59.2m eta=10.4m
epoch: 341/400 (local 341/400) elapsed=59.4m eta=10.3m
epoch: 342/400 (local 342/400) elapsed=59.5m eta=10.1m
epoch: 343/400 (local 343/400) elapsed=59.7m eta=9.9m
epoch: 344/400 (local 344/400) elapsed=59.9m eta=9.7m
epoch: 345/400 (local 345/400) elapsed=60.0m eta=9.6m
epoch: 346/400 (local 346/400) elapsed=60.2m eta=9.4m
epoch: 347/400 (local 347/400) elapsed=60.3m eta=9.2m
epoch: 348/400 (local 348/400) elapsed=60.5m eta=9.0m
epoch: 349/400 (local 349/400) elapsed=60.7m eta=8.9m
epoch: 350/400 (local 350/400) elapsed=60.8m eta=8.7m
epoch: 351/400 (local 351/400) elapsed=61.0m eta=8.5m
epoch: 352/400 (local 352/400) elapsed=61.2m eta=8.3m
epoch: 353/400 (local 353/400) elapsed=61.3m eta=8.2m
epoch: 354/400 (local 354/400) elapsed=61.5m eta=8.0m
epoch: 355/400 (local 355/400) elapsed=62.2m eta=7.9m
epoch: 356/400 (local 356/400) elapsed=62.3m eta=7.7m
epoch: 357/400 (local 357/400) elapsed=62.5m eta=7.5m
epoch: 358/400 (local 358/400) elapsed=62.7m eta=7.4m
epoch: 359/400 (local 359/400) elapsed=62.8m eta=7.2m
epoch: 360/400 (local 360/400) elapsed=63.0m eta=7.0m
epoch: 361/400 (local 361/400) elapsed=63.1m eta=6.8m
epoch: 362/400 (local 362/400) elapsed=63.3m eta=6.6m
epoch: 363/400 (local 363/400) elapsed=63.4m eta=6.5m
epoch: 364/400 (local 364/400) elapsed=63.6m eta=6.3m
epoch: 365/400 (local 365/400) elapsed=63.8m eta=6.1m
epoch: 366/400 (local 366/400) elapsed=63.9m eta=5.9m
epoch: 367/400 (local 367/400) elapsed=64.1m eta=5.8m
epoch: 368/400 (local 368/400) elapsed=64.3m eta=5.6m
epoch: 369/400 (local 369/400) elapsed=64.4m eta=5.4m
epoch: 370/400 (local 370/400) elapsed=64.6m eta=5.2m
epoch: 371/400 (local 371/400) elapsed=64.8m eta=5.1m
epoch: 372/400 (local 372/400) elapsed=64.9m eta=4.9m
epoch: 373/400 (local 373/400) elapsed=65.1m eta=4.7m
epoch: 374/400 (local 374/400) elapsed=65.2m eta=4.5m
epoch: 375/400 (local 375/400) elapsed=65.4m eta=4.4m
epoch: 376/400 (local 376/400) elapsed=66.1m eta=4.2m
epoch: 377/400 (local 377/400) elapsed=66.3m eta=4.0m
epoch: 378/400 (local 378/400) elapsed=66.4m eta=3.9m
epoch: 379/400 (local 379/400) elapsed=66.6m eta=3.7m
epoch: 380/400 (local 380/400) elapsed=66.7m eta=3.5m
epoch: 381/400 (local 381/400) elapsed=66.9m eta=3.3m
epoch: 382/400 (local 382/400) elapsed=67.1m eta=3.2m
epoch: 383/400 (local 383/400) elapsed=67.2m eta=3.0m
epoch: 384/400 (local 384/400) elapsed=67.4m eta=2.8m
epoch: 385/400 (local 385/400) elapsed=67.5m eta=2.6m
epoch: 386/400 (local 386/400) elapsed=67.7m eta=2.5m
epoch: 387/400 (local 387/400) elapsed=67.9m eta=2.3m
epoch: 388/400 (local 388/400) elapsed=68.0m eta=2.1m
epoch: 389/400 (local 389/400) elapsed=68.2m eta=1.9m
epoch: 390/400 (local 390/400) elapsed=68.4m eta=1.8m
epoch: 391/400 (local 391/400) elapsed=68.5m eta=1.6m
epoch: 392/400 (local 392/400) elapsed=68.7m eta=1.4m
epoch: 393/400 (local 393/400) elapsed=68.9m eta=1.2m
epoch: 394/400 (local 394/400) elapsed=69.0m eta=1.1m
epoch: 395/400 (local 395/400) elapsed=69.2m eta=0.9m
epoch: 396/400 (local 396/400) elapsed=69.4m eta=0.7m
epoch: 397/400 (local 397/400) elapsed=70.1m eta=0.5m
epoch: 398/400 (local 398/400) elapsed=70.2m eta=0.4m
epoch: 399/400 (local 399/400) elapsed=70.4m eta=0.2m
Saving model to logs/2026-05-12-14-06-21/nn/model_400.pth
epoch: 400/400 (local 400/400) elapsed=70.6m eta=0.0m
==== DONE train 2026-05-12 15:16:59 elapsed=4287s label=shoulder4_night_j_lowbase_locked_dynamic400 ====
RUN_DIR=logs/2026-05-12-14-06-21
ARM_CKPT=logs/2026-05-12-14-06-21/nn/model_400.pth
URDF_FILE=resources/T1/T1_locomotion_shoulder4_night_j_lowbase_locked_dynamic_no_inward_limit.urdf
==== START eval 2026-05-12 15:17:04 label=shoulder4_night_j_lowbase_locked_dynamic400 ====
bash: /opt/conda/lib/libtinfo.so.6: no version information available (required by bash)
SKIP fixed 2026-05-12 15:17:04 label=shoulder4_night_j_lowbase_locked_dynamic400 reason=replay_only_visual_iteration
START random 2026-05-12 15:17:04 label=shoulder4_night_j_lowbase_locked_dynamic400
Importing module 'gym_38' (/opt/isaacgym/python/isaacgym/_bindings/linux-x86_64/gym_38.so)
Setting GYM_USD_PLUG_INFO_PATH to /opt/isaacgym/python/isaacgym/_bindings/linux-x86_64/usd/plugInfo.json
PyTorch version 2.0.1+cu118
Device count 1
/opt/isaacgym/python/isaacgym/_bindings/src/gymtorch
Using /root/.cache/torch_extensions/py38_cu118 as PyTorch extensions root...
Emitting ninja build file /root/.cache/torch_extensions/py38_cu118/gymtorch/build.ninja...
Building extension module gymtorch...
Allowing ninja to set a default number of workers... (overridable by setting the environment variable MAX_JOBS=N)
ninja: no work to do.
Loading extension module gymtorch...
Creating random replay env
[Warning] [carb.gym.plugin] useGpu is set, forcing single scene (0 subscenes)
Not connected to PVD
+++ Using GPU PhysX
Physics Engine: PhysX
Physics Device: cuda:0
GPU Pipeline: enabled
/opt/conda/lib/python3.8/site-packages/torch/_utils.py:776: UserWarning: TypedStorage is deprecated. It will be removed in the future and UntypedStorage will be the only storage class. This should only matter to you if you are using storages directly.  To access UntypedStorage directly, use tensor.untyped_storage() instead of tensor.storage()
  return self.fget.__get__(instance, owner)()
random replay progress 0/3000 (0%)
random replay progress 150/3000 (5%)
random replay progress 300/3000 (10%)
random replay progress 450/3000 (15%)
random replay progress 600/3000 (20%)
random replay progress 750/3000 (25%)
random replay progress 900/3000 (30%)
random replay progress 1050/3000 (35%)
random replay progress 1200/3000 (40%)
random replay progress 1350/3000 (45%)
random replay progress 1500/3000 (50%)
random replay progress 1650/3000 (55%)
random replay progress 1800/3000 (60%)
random replay progress 1950/3000 (65%)
random replay progress 2100/3000 (70%)
random replay progress 2250/3000 (75%)
random replay progress 2400/3000 (80%)
random replay progress 2550/3000 (85%)
random replay progress 2700/3000 (90%)
random replay progress 2850/3000 (95%)
random replay progress 3000/3000 (100%)
{
  "label": "shoulder4_night_j_lowbase_locked_dynamic400",
  "checkpoint": "logs/2026-05-12-14-06-21/nn/model_400.pth",
  "leg_checkpoint": "logs/2026-05-05-11-09-07/nn/model_4000.pth",
  "fixed_eval": null,
  "random_replay_60s": {
    "seconds": 60.0,
    "reset_steps": [],
    "reset_frac": 0.0,
    "linErrorMean": 0.2713374375939321,
    "linErrorRms": 0.3820891688583664,
    "linErrorP95": 0.8502572178840637,
    "yawErrorMean": 0.10374711623505674,
    "yawErrorRms": 0.15106545058333187,
    "yawErrorP95": 0.3552626371383667,
    "tilt_mean": 0.04053858667796734,
    "tilt_rms": 0.04587734703265377,
    "tilt_p95": 0.07891818135976791,
    "tilt_max": 0.12087250500917435,
    "base_ang_vel_xy_rms": 0.43732478400775887,
    "shoulder_pitch_abs_p95": 0.3003365397453308,
    "shoulder_roll_abs_p95": 0.09013219177722931,
    "left_shoulder_pitch_mean": -0.13355112684508766,
    "left_shoulder_roll_mean": 0.008917363136743097,
    "right_shoulder_pitch_mean": -0.1863504214926446,
    "right_shoulder_roll_mean": -0.010959295776941755,
    "arm_action_saturation_frac": 0.0
  },
  "files": {
    "fixed_json": "artifacts/autoresearch/shoulder4_night_j_lowbase_locked_dynamic400_eval/shoulder4_night_j_lowbase_locked_dynamic400_fixed_eval.json",
    "fixed_csv": "artifacts/autoresearch/shoulder4_night_j_lowbase_locked_dynamic400_eval/shoulder4_night_j_lowbase_locked_dynamic400_fixed_eval.csv",
    "random_replay_json": "artifacts/autoresearch/shoulder4_night_j_lowbase_locked_dynamic400_eval/shoulder4_night_j_lowbase_locked_dynamic400_random_replay.json",
    "random_eval_json": "artifacts/autoresearch/shoulder4_night_j_lowbase_locked_dynamic400_eval/shoulder4_night_j_lowbase_locked_dynamic400_random_eval.json"
  },
  "created_at": "2026-05-12-15-21-26"
}
DONE random 2026-05-12 15:21:28 label=shoulder4_night_j_lowbase_locked_dynamic400 elapsed=264s
DONE 2026-05-12 15:21:28 label=shoulder4_night_j_lowbase_locked_dynamic400
{
  "label": "shoulder4_night_j_lowbase_locked_dynamic400",
  "checkpoint": "logs/2026-05-12-14-06-21/nn/model_400.pth",
  "leg_checkpoint": "logs/2026-05-05-11-09-07/nn/model_4000.pth",
  "fixed_eval": null,
  "random_replay_60s": {
    "seconds": 60.0,
    "reset_steps": [],
    "reset_frac": 0.0,
    "linErrorMean": 0.2713374375939321,
    "linErrorRms": 0.3820891688583664,
    "linErrorP95": 0.8502572178840637,
    "yawErrorMean": 0.10374711623505674,
    "yawErrorRms": 0.15106545058333187,
    "yawErrorP95": 0.3552626371383667,
    "tilt_mean": 0.04053858667796734,
    "tilt_rms": 0.04587734703265377,
    "tilt_p95": 0.07891818135976791,
    "tilt_max": 0.12087250500917435,
    "base_ang_vel_xy_rms": 0.43732478400775887,
    "shoulder_pitch_abs_p95": 0.3003365397453308,
    "shoulder_roll_abs_p95": 0.09013219177722931,
    "left_shoulder_pitch_mean": -0.13355112684508766,
    "left_shoulder_roll_mean": 0.008917363136743097,
    "right_shoulder_pitch_mean": -0.1863504214926446,
    "right_shoulder_roll_mean": -0.010959295776941755,
    "arm_action_saturation_frac": 0.0
  },
  "files": {
    "fixed_json": "artifacts/autoresearch/shoulder4_night_j_lowbase_locked_dynamic400_eval/shoulder4_night_j_lowbase_locked_dynamic400_fixed_eval.json",
    "fixed_csv": "artifacts/autoresearch/shoulder4_night_j_lowbase_locked_dynamic400_eval/shoulder4_night_j_lowbase_locked_dynamic400_fixed_eval.csv",
    "random_replay_json": "artifacts/autoresearch/shoulder4_night_j_lowbase_locked_dynamic400_eval/shoulder4_night_j_lowbase_locked_dynamic400_random_replay.json",
    "random_eval_json": "artifacts/autoresearch/shoulder4_night_j_lowbase_locked_dynamic400_eval/shoulder4_night_j_lowbase_locked_dynamic400_random_eval.json"
  },
  "created_at": "2026-05-12-15-21-26"
}==== DONE eval 2026-05-12 15:21:28 elapsed=264s label=shoulder4_night_j_lowbase_locked_dynamic400 ====
==== START metrics 2026-05-12 15:21:28 label=shoulder4_night_j_lowbase_locked_dynamic400 ====
{
  "out": "artifacts/autoresearch/shoulder4_night_j_lowbase_locked_dynamic400_metrics.json",
  "emptyPolicy": "drop_zero",
  "diagnostics": {
    "value_loss": {
      "tag": "value_loss",
      "raw_count": 400,
      "zero_count": 0,
      "kept_count": 400
    },
    "steps": {
      "tag": "steps",
      "raw_count": 351,
      "zero_count": 0,
      "kept_count": 351
    },
    "reward": {
      "tag": "reward",
      "raw_count": 351,
      "zero_count": 0,
      "kept_count": 351
    },
    "lr": {
      "tag": "lr",
      "raw_count": 400,
      "zero_count": 0,
      "kept_count": 400
    },
    "kl_mean": {
      "tag": "kl_mean",
      "raw_count": 400,
      "zero_count": 0,
      "kept_count": 400
    },
    "entropy": {
      "tag": "entropy",
      "raw_count": 400,
      "zero_count": 0,
      "kept_count": 400
    }
  }
}
==== DONE metrics 2026-05-12 15:21:29 elapsed=1s label=shoulder4_night_j_lowbase_locked_dynamic400 ====
==== START pack 2026-05-12 15:21:29 label=shoulder4_night_j_lowbase_locked_dynamic400 ====
==== DONE pack 2026-05-12 15:21:30 elapsed=1s label=shoulder4_night_j_lowbase_locked_dynamic400 ====
{
  "label": "shoulder4_night_j_lowbase_locked_dynamic400",
  "display_name": "T1Shoulder4 NightJ LowBaseLockedDynamic model_400",
  "task": "T1Shoulder4GaitPhaseNightJLowBaseLockedDynamic_from7000LegFrozen_train400",
  "run_dir": "logs/2026-05-12-14-06-21",
  "arm_checkpoint": "logs/2026-05-12-14-06-21/nn/model_400.pth",
  "leg_checkpoint": "logs/2026-05-05-11-09-07/nn/model_4000.pth",
  "eval_dir": "artifacts/autoresearch/shoulder4_night_j_lowbase_locked_dynamic400_eval",
  "metrics_json": "artifacts/autoresearch/shoulder4_night_j_lowbase_locked_dynamic400_metrics.json",
  "web_inputs": "artifacts/autoresearch/shoulder4_night_j_lowbase_locked_dynamic400_web_inputs.tgz",
  "train_log": "artifacts/autoresearch/T1Shoulder4GaitPhaseNightJLowBaseLockedDynamic_from7000LegFrozen_train400_20260512_140532_full_auto.log",
  "created_at": "2026-05-12T07:21:30+00:00"
}
-rwxrwxrwx 1 root root  871 May 12 15:21 artifacts/autoresearch/shoulder4_night_j_lowbase_locked_dynamic400_full_auto_done.json
-rwxrwxrwx 1 root root 3.1M May 12 15:21 artifacts/autoresearch/shoulder4_night_j_lowbase_locked_dynamic400_web_inputs.tgz
DONE run label=shoulder4_night_j_lowbase_locked_dynamic400 2026-05-12 15:21:30
==== RUN OK label=shoulder4_night_j_lowbase_locked_dynamic400 2026-05-12 15:21:30 ====
==== NIGHTJ DONE 2026-05-12 15:21:30 ====
