Importing module 'gym_38' (/opt/isaacgym/python/isaacgym/_bindings/linux-x86_64/gym_38.so)
Setting GYM_USD_PLUG_INFO_PATH to /opt/isaacgym/python/isaacgym/_bindings/linux-x86_64/usd/plugInfo.json
PyTorch version 2.0.1+cu118
Device count 1
/opt/isaacgym/python/isaacgym/_bindings/src/gymtorch
Using /root/.cache/torch_extensions/py38_cu118 as PyTorch extensions root...
Emitting ninja build file /root/.cache/torch_extensions/py38_cu118/gymtorch/build.ninja...
Building extension module gymtorch...
Allowing ninja to set a default number of workers... (overridable by setting the environment variable MAX_JOBS=N)
ninja: no work to do.
Loading extension module gymtorch...
Setting seed: 42
[Warning] [carb.gym.plugin] useGpu is set, forcing single scene (0 subscenes)
Not connected to PVD
+++ Using GPU PhysX
Physics Engine: PhysX
Physics Device: cuda:0
GPU Pipeline: enabled
epoch: 1/3000
epoch: 2/3000
epoch: 3/3000
epoch: 4/3000
epoch: 5/3000
epoch: 6/3000
epoch: 7/3000
epoch: 8/3000
epoch: 9/3000
epoch: 10/3000
epoch: 11/3000
epoch: 12/3000
epoch: 13/3000
epoch: 14/3000
epoch: 15/3000
epoch: 16/3000
epoch: 17/3000
epoch: 18/3000
epoch: 19/3000
epoch: 20/3000
epoch: 21/3000
epoch: 22/3000
epoch: 23/3000
epoch: 24/3000
epoch: 25/3000
epoch: 26/3000
epoch: 27/3000
epoch: 28/3000
epoch: 29/3000
epoch: 30/3000
epoch: 31/3000
epoch: 32/3000
epoch: 33/3000
epoch: 34/3000
epoch: 35/3000
epoch: 36/3000
epoch: 37/3000
epoch: 38/3000
epoch: 39/3000
epoch: 40/3000
epoch: 41/3000
epoch: 42/3000
epoch: 43/3000
epoch: 44/3000
epoch: 45/3000
epoch: 46/3000
epoch: 47/3000
epoch: 48/3000
epoch: 49/3000
epoch: 50/3000
epoch: 51/3000
epoch: 52/3000
epoch: 53/3000
epoch: 54/3000
epoch: 55/3000
epoch: 56/3000
epoch: 57/3000
epoch: 58/3000
epoch: 59/3000
epoch: 60/3000
epoch: 61/3000
epoch: 62/3000
epoch: 63/3000
epoch: 64/3000
epoch: 65/3000
epoch: 66/3000
epoch: 67/3000
epoch: 68/3000
epoch: 69/3000
epoch: 70/3000
epoch: 71/3000
epoch: 72/3000
epoch: 73/3000
epoch: 74/3000
epoch: 75/3000
epoch: 76/3000
epoch: 77/3000
epoch: 78/3000
epoch: 79/3000
epoch: 80/3000
epoch: 81/3000
epoch: 82/3000
epoch: 83/3000
epoch: 84/3000
epoch: 85/3000
epoch: 86/3000
epoch: 87/3000
epoch: 88/3000
epoch: 89/3000
epoch: 90/3000
epoch: 91/3000
epoch: 92/3000
epoch: 93/3000
epoch: 94/3000
epoch: 95/3000
epoch: 96/3000
epoch: 97/3000
epoch: 98/3000
epoch: 99/3000
Saving model to logs/2026-05-04-21-58-46/nn/model_100.pth
epoch: 100/3000
epoch: 101/3000
epoch: 102/3000
epoch: 103/3000
epoch: 104/3000
epoch: 105/3000
epoch: 106/3000
epoch: 107/3000
epoch: 108/3000
epoch: 109/3000
epoch: 110/3000
epoch: 111/3000
epoch: 112/3000
epoch: 113/3000
epoch: 114/3000
epoch: 115/3000
epoch: 116/3000
epoch: 117/3000
epoch: 118/3000
epoch: 119/3000
epoch: 120/3000
epoch: 121/3000
epoch: 122/3000
epoch: 123/3000
epoch: 124/3000
epoch: 125/3000
epoch: 126/3000
epoch: 127/3000
epoch: 128/3000
epoch: 129/3000
epoch: 130/3000
epoch: 131/3000
epoch: 132/3000
epoch: 133/3000
epoch: 134/3000
epoch: 135/3000
epoch: 136/3000
epoch: 137/3000
epoch: 138/3000
epoch: 139/3000
epoch: 140/3000
epoch: 141/3000
epoch: 142/3000
epoch: 143/3000
epoch: 144/3000
epoch: 145/3000
epoch: 146/3000
epoch: 147/3000
epoch: 148/3000
epoch: 149/3000
epoch: 150/3000
epoch: 151/3000
epoch: 152/3000
epoch: 153/3000
epoch: 154/3000
epoch: 155/3000
epoch: 156/3000
epoch: 157/3000
epoch: 158/3000
epoch: 159/3000
epoch: 160/3000
epoch: 161/3000
epoch: 162/3000
epoch: 163/3000
epoch: 164/3000
epoch: 165/3000
epoch: 166/3000
epoch: 167/3000
epoch: 168/3000
epoch: 169/3000
epoch: 170/3000
epoch: 171/3000
epoch: 172/3000
epoch: 173/3000
epoch: 174/3000
epoch: 175/3000
epoch: 176/3000
epoch: 177/3000
epoch: 178/3000
epoch: 179/3000
epoch: 180/3000
epoch: 181/3000
epoch: 182/3000
epoch: 183/3000
epoch: 184/3000
epoch: 185/3000
epoch: 186/3000
epoch: 187/3000
epoch: 188/3000
epoch: 189/3000
epoch: 190/3000
epoch: 191/3000
epoch: 192/3000
epoch: 193/3000
epoch: 194/3000
epoch: 195/3000
epoch: 196/3000
epoch: 197/3000
epoch: 198/3000
epoch: 199/3000
Saving model to logs/2026-05-04-21-58-46/nn/model_200.pth
epoch: 200/3000
epoch: 201/3000
epoch: 202/3000
epoch: 203/3000
epoch: 204/3000
epoch: 205/3000
epoch: 206/3000
epoch: 207/3000
epoch: 208/3000
epoch: 209/3000
epoch: 210/3000
epoch: 211/3000
epoch: 212/3000
epoch: 213/3000
epoch: 214/3000
epoch: 215/3000
epoch: 216/3000
epoch: 217/3000
epoch: 218/3000
epoch: 219/3000
epoch: 220/3000
epoch: 221/3000
epoch: 222/3000
epoch: 223/3000
epoch: 224/3000
epoch: 225/3000
epoch: 226/3000
epoch: 227/3000
epoch: 228/3000
epoch: 229/3000
epoch: 230/3000
epoch: 231/3000
epoch: 232/3000
epoch: 233/3000
epoch: 234/3000
epoch: 235/3000
epoch: 236/3000
epoch: 237/3000
epoch: 238/3000
epoch: 239/3000
epoch: 240/3000
epoch: 241/3000
epoch: 242/3000
epoch: 243/3000
epoch: 244/3000
epoch: 245/3000
epoch: 246/3000
epoch: 247/3000
epoch: 248/3000
epoch: 249/3000
epoch: 250/3000
epoch: 251/3000
epoch: 252/3000
epoch: 253/3000
epoch: 254/3000
epoch: 255/3000
epoch: 256/3000
epoch: 257/3000
epoch: 258/3000
epoch: 259/3000
epoch: 260/3000
epoch: 261/3000
epoch: 262/3000
epoch: 263/3000
epoch: 264/3000
epoch: 265/3000
epoch: 266/3000
epoch: 267/3000
epoch: 268/3000
epoch: 269/3000
epoch: 270/3000
epoch: 271/3000
epoch: 272/3000
epoch: 273/3000
epoch: 274/3000
epoch: 275/3000
epoch: 276/3000
epoch: 277/3000
epoch: 278/3000
epoch: 279/3000
epoch: 280/3000
epoch: 281/3000
epoch: 282/3000
epoch: 283/3000
epoch: 284/3000
epoch: 285/3000
epoch: 286/3000
epoch: 287/3000
epoch: 288/3000
epoch: 289/3000
epoch: 290/3000
epoch: 291/3000
epoch: 292/3000
epoch: 293/3000
epoch: 294/3000
epoch: 295/3000
epoch: 296/3000
epoch: 297/3000
epoch: 298/3000
epoch: 299/3000
Saving model to logs/2026-05-04-21-58-46/nn/model_300.pth
epoch: 300/3000
epoch: 301/3000
epoch: 302/3000
epoch: 303/3000
epoch: 304/3000
epoch: 305/3000
epoch: 306/3000
epoch: 307/3000
epoch: 308/3000
epoch: 309/3000
epoch: 310/3000
epoch: 311/3000
epoch: 312/3000
epoch: 313/3000
epoch: 314/3000
epoch: 315/3000
epoch: 316/3000
epoch: 317/3000
epoch: 318/3000
epoch: 319/3000
epoch: 320/3000
epoch: 321/3000
epoch: 322/3000
epoch: 323/3000
epoch: 324/3000
epoch: 325/3000
epoch: 326/3000
epoch: 327/3000
epoch: 328/3000
epoch: 329/3000
epoch: 330/3000
epoch: 331/3000
epoch: 332/3000
epoch: 333/3000
epoch: 334/3000
epoch: 335/3000
epoch: 336/3000
epoch: 337/3000
epoch: 338/3000
epoch: 339/3000
epoch: 340/3000
epoch: 341/3000
epoch: 342/3000
epoch: 343/3000
epoch: 344/3000
epoch: 345/3000
epoch: 346/3000
epoch: 347/3000
epoch: 348/3000
epoch: 349/3000
epoch: 350/3000
epoch: 351/3000
epoch: 352/3000
epoch: 353/3000
epoch: 354/3000
epoch: 355/3000
epoch: 356/3000
epoch: 357/3000
epoch: 358/3000
epoch: 359/3000
epoch: 360/3000
epoch: 361/3000
epoch: 362/3000
epoch: 363/3000
epoch: 364/3000
epoch: 365/3000
epoch: 366/3000
epoch: 367/3000
epoch: 368/3000
epoch: 369/3000
epoch: 370/3000
epoch: 371/3000
epoch: 372/3000
epoch: 373/3000
epoch: 374/3000
epoch: 375/3000
epoch: 376/3000
epoch: 377/3000
epoch: 378/3000
epoch: 379/3000
epoch: 380/3000
epoch: 381/3000
epoch: 382/3000
epoch: 383/3000
epoch: 384/3000
epoch: 385/3000
epoch: 386/3000
epoch: 387/3000
epoch: 388/3000
epoch: 389/3000
epoch: 390/3000
epoch: 391/3000
epoch: 392/3000
epoch: 393/3000
epoch: 394/3000
epoch: 395/3000
epoch: 396/3000
epoch: 397/3000
epoch: 398/3000
epoch: 399/3000
Saving model to logs/2026-05-04-21-58-46/nn/model_400.pth
epoch: 400/3000
epoch: 401/3000
epoch: 402/3000
epoch: 403/3000
epoch: 404/3000
epoch: 405/3000
epoch: 406/3000
epoch: 407/3000
epoch: 408/3000
epoch: 409/3000
epoch: 410/3000
epoch: 411/3000
epoch: 412/3000
epoch: 413/3000
epoch: 414/3000
epoch: 415/3000
epoch: 416/3000
epoch: 417/3000
epoch: 418/3000
epoch: 419/3000
epoch: 420/3000
epoch: 421/3000
epoch: 422/3000
epoch: 423/3000
epoch: 424/3000
epoch: 425/3000
epoch: 426/3000
epoch: 427/3000
epoch: 428/3000
epoch: 429/3000
epoch: 430/3000
epoch: 431/3000
epoch: 432/3000
epoch: 433/3000
epoch: 434/3000
epoch: 435/3000
epoch: 436/3000
epoch: 437/3000
epoch: 438/3000
epoch: 439/3000
epoch: 440/3000
epoch: 441/3000
epoch: 442/3000
epoch: 443/3000
epoch: 444/3000
epoch: 445/3000
epoch: 446/3000
epoch: 447/3000
epoch: 448/3000
epoch: 449/3000
epoch: 450/3000
epoch: 451/3000
epoch: 452/3000
epoch: 453/3000
epoch: 454/3000
epoch: 455/3000
epoch: 456/3000
epoch: 457/3000
epoch: 458/3000
epoch: 459/3000
epoch: 460/3000
epoch: 461/3000
epoch: 462/3000
epoch: 463/3000
epoch: 464/3000
epoch: 465/3000
epoch: 466/3000
epoch: 467/3000
epoch: 468/3000
epoch: 469/3000
epoch: 470/3000
epoch: 471/3000
epoch: 472/3000
epoch: 473/3000
epoch: 474/3000
epoch: 475/3000
epoch: 476/3000
epoch: 477/3000
epoch: 478/3000
epoch: 479/3000
epoch: 480/3000
epoch: 481/3000
epoch: 482/3000
epoch: 483/3000
epoch: 484/3000
epoch: 485/3000
epoch: 486/3000
epoch: 487/3000
epoch: 488/3000
epoch: 489/3000
epoch: 490/3000
epoch: 491/3000
epoch: 492/3000
epoch: 493/3000
epoch: 494/3000
epoch: 495/3000
epoch: 496/3000
epoch: 497/3000
epoch: 498/3000
epoch: 499/3000
Saving model to logs/2026-05-04-21-58-46/nn/model_500.pth
epoch: 500/3000
epoch: 501/3000
epoch: 502/3000
epoch: 503/3000
epoch: 504/3000
epoch: 505/3000
epoch: 506/3000
epoch: 507/3000
epoch: 508/3000
epoch: 509/3000
epoch: 510/3000
epoch: 511/3000
epoch: 512/3000
epoch: 513/3000
epoch: 514/3000
epoch: 515/3000
epoch: 516/3000
epoch: 517/3000
epoch: 518/3000
epoch: 519/3000
epoch: 520/3000
epoch: 521/3000
epoch: 522/3000
epoch: 523/3000
epoch: 524/3000
epoch: 525/3000
epoch: 526/3000
epoch: 527/3000
epoch: 528/3000
epoch: 529/3000
epoch: 530/3000
epoch: 531/3000
epoch: 532/3000
epoch: 533/3000
epoch: 534/3000
epoch: 535/3000
epoch: 536/3000
epoch: 537/3000
epoch: 538/3000
epoch: 539/3000
epoch: 540/3000
epoch: 541/3000
epoch: 542/3000
epoch: 543/3000
epoch: 544/3000
epoch: 545/3000
epoch: 546/3000
epoch: 547/3000
epoch: 548/3000
epoch: 549/3000
epoch: 550/3000
epoch: 551/3000
epoch: 552/3000
epoch: 553/3000
epoch: 554/3000
epoch: 555/3000
epoch: 556/3000
epoch: 557/3000
epoch: 558/3000
epoch: 559/3000
epoch: 560/3000
epoch: 561/3000
epoch: 562/3000
epoch: 563/3000
epoch: 564/3000
epoch: 565/3000
epoch: 566/3000
epoch: 567/3000
epoch: 568/3000
epoch: 569/3000
epoch: 570/3000
epoch: 571/3000
epoch: 572/3000
epoch: 573/3000
epoch: 574/3000
epoch: 575/3000
epoch: 576/3000
epoch: 577/3000
epoch: 578/3000
epoch: 579/3000
epoch: 580/3000
epoch: 581/3000
epoch: 582/3000
epoch: 583/3000
epoch: 584/3000
epoch: 585/3000
epoch: 586/3000
epoch: 587/3000
epoch: 588/3000
epoch: 589/3000
epoch: 590/3000
epoch: 591/3000
epoch: 592/3000
epoch: 593/3000
epoch: 594/3000
epoch: 595/3000
epoch: 596/3000
epoch: 597/3000
epoch: 598/3000
epoch: 599/3000
Saving model to logs/2026-05-04-21-58-46/nn/model_600.pth
epoch: 600/3000
epoch: 601/3000
epoch: 602/3000
epoch: 603/3000
epoch: 604/3000
epoch: 605/3000
epoch: 606/3000
epoch: 607/3000
epoch: 608/3000
epoch: 609/3000
epoch: 610/3000
epoch: 611/3000
epoch: 612/3000
epoch: 613/3000
epoch: 614/3000
epoch: 615/3000
epoch: 616/3000
epoch: 617/3000
epoch: 618/3000
epoch: 619/3000
epoch: 620/3000
epoch: 621/3000
epoch: 622/3000
epoch: 623/3000
epoch: 624/3000
epoch: 625/3000
epoch: 626/3000
epoch: 627/3000
epoch: 628/3000
epoch: 629/3000
epoch: 630/3000
epoch: 631/3000
epoch: 632/3000
epoch: 633/3000
epoch: 634/3000
epoch: 635/3000
epoch: 636/3000
epoch: 637/3000
epoch: 638/3000
epoch: 639/3000
epoch: 640/3000
epoch: 641/3000
epoch: 642/3000
epoch: 643/3000
epoch: 644/3000
epoch: 645/3000
epoch: 646/3000
epoch: 647/3000
epoch: 648/3000
epoch: 649/3000
epoch: 650/3000
epoch: 651/3000
epoch: 652/3000
epoch: 653/3000
epoch: 654/3000
epoch: 655/3000
epoch: 656/3000
epoch: 657/3000
epoch: 658/3000
epoch: 659/3000
epoch: 660/3000
epoch: 661/3000
epoch: 662/3000
epoch: 663/3000
epoch: 664/3000
epoch: 665/3000
epoch: 666/3000
epoch: 667/3000
epoch: 668/3000
epoch: 669/3000
epoch: 670/3000
epoch: 671/3000
epoch: 672/3000
epoch: 673/3000
epoch: 674/3000
epoch: 675/3000
epoch: 676/3000
epoch: 677/3000
epoch: 678/3000
epoch: 679/3000
epoch: 680/3000
epoch: 681/3000
epoch: 682/3000
epoch: 683/3000
epoch: 684/3000
epoch: 685/3000
epoch: 686/3000
epoch: 687/3000
epoch: 688/3000
epoch: 689/3000
epoch: 690/3000
epoch: 691/3000
epoch: 692/3000
epoch: 693/3000
epoch: 694/3000
epoch: 695/3000
epoch: 696/3000
epoch: 697/3000
epoch: 698/3000
epoch: 699/3000
Saving model to logs/2026-05-04-21-58-46/nn/model_700.pth
epoch: 700/3000
epoch: 701/3000
epoch: 702/3000
epoch: 703/3000
epoch: 704/3000
epoch: 705/3000
epoch: 706/3000
epoch: 707/3000
epoch: 708/3000
epoch: 709/3000
epoch: 710/3000
epoch: 711/3000
epoch: 712/3000
epoch: 713/3000
epoch: 714/3000
epoch: 715/3000
epoch: 716/3000
epoch: 717/3000
epoch: 718/3000
epoch: 719/3000
epoch: 720/3000
epoch: 721/3000
epoch: 722/3000
epoch: 723/3000
epoch: 724/3000
epoch: 725/3000
epoch: 726/3000
epoch: 727/3000
epoch: 728/3000
epoch: 729/3000
epoch: 730/3000
epoch: 731/3000
epoch: 732/3000
epoch: 733/3000
epoch: 734/3000
epoch: 735/3000
epoch: 736/3000
epoch: 737/3000
epoch: 738/3000
epoch: 739/3000
epoch: 740/3000
epoch: 741/3000
epoch: 742/3000
epoch: 743/3000
epoch: 744/3000
epoch: 745/3000
epoch: 746/3000
epoch: 747/3000
epoch: 748/3000
epoch: 749/3000
epoch: 750/3000
epoch: 751/3000
epoch: 752/3000
epoch: 753/3000
epoch: 754/3000
epoch: 755/3000
epoch: 756/3000
epoch: 757/3000
epoch: 758/3000
epoch: 759/3000
epoch: 760/3000
epoch: 761/3000
epoch: 762/3000
epoch: 763/3000
epoch: 764/3000
epoch: 765/3000
epoch: 766/3000
epoch: 767/3000
epoch: 768/3000
epoch: 769/3000
epoch: 770/3000
epoch: 771/3000
epoch: 772/3000
epoch: 773/3000
epoch: 774/3000
epoch: 775/3000
epoch: 776/3000
epoch: 777/3000
epoch: 778/3000
epoch: 779/3000
epoch: 780/3000
epoch: 781/3000
epoch: 782/3000
epoch: 783/3000
epoch: 784/3000
epoch: 785/3000
epoch: 786/3000
epoch: 787/3000
epoch: 788/3000
epoch: 789/3000
epoch: 790/3000
epoch: 791/3000
epoch: 792/3000
epoch: 793/3000
epoch: 794/3000
epoch: 795/3000
epoch: 796/3000
epoch: 797/3000
epoch: 798/3000
epoch: 799/3000
Saving model to logs/2026-05-04-21-58-46/nn/model_800.pth
epoch: 800/3000
epoch: 801/3000
epoch: 802/3000
epoch: 803/3000
epoch: 804/3000
epoch: 805/3000
epoch: 806/3000
epoch: 807/3000
epoch: 808/3000
epoch: 809/3000
epoch: 810/3000
epoch: 811/3000
epoch: 812/3000
epoch: 813/3000
epoch: 814/3000
epoch: 815/3000
epoch: 816/3000
epoch: 817/3000
epoch: 818/3000
epoch: 819/3000
epoch: 820/3000
epoch: 821/3000
epoch: 822/3000
epoch: 823/3000
epoch: 824/3000
epoch: 825/3000
epoch: 826/3000
epoch: 827/3000
epoch: 828/3000
epoch: 829/3000
epoch: 830/3000
epoch: 831/3000
epoch: 832/3000
epoch: 833/3000
epoch: 834/3000
epoch: 835/3000
epoch: 836/3000
epoch: 837/3000
epoch: 838/3000
epoch: 839/3000
epoch: 840/3000
epoch: 841/3000
epoch: 842/3000
epoch: 843/3000
epoch: 844/3000
epoch: 845/3000
epoch: 846/3000
epoch: 847/3000
epoch: 848/3000
epoch: 849/3000
epoch: 850/3000
epoch: 851/3000
epoch: 852/3000
epoch: 853/3000
epoch: 854/3000
epoch: 855/3000
epoch: 856/3000
epoch: 857/3000
epoch: 858/3000
epoch: 859/3000
epoch: 860/3000
epoch: 861/3000
epoch: 862/3000
epoch: 863/3000
epoch: 864/3000
epoch: 865/3000
epoch: 866/3000
epoch: 867/3000
epoch: 868/3000
epoch: 869/3000
epoch: 870/3000
epoch: 871/3000
epoch: 872/3000
epoch: 873/3000
epoch: 874/3000
epoch: 875/3000
epoch: 876/3000
epoch: 877/3000
epoch: 878/3000
epoch: 879/3000
epoch: 880/3000
epoch: 881/3000
epoch: 882/3000
epoch: 883/3000
epoch: 884/3000
epoch: 885/3000
epoch: 886/3000
epoch: 887/3000
epoch: 888/3000
epoch: 889/3000
epoch: 890/3000
epoch: 891/3000
epoch: 892/3000
epoch: 893/3000
epoch: 894/3000
epoch: 895/3000
epoch: 896/3000
epoch: 897/3000
epoch: 898/3000
epoch: 899/3000
Saving model to logs/2026-05-04-21-58-46/nn/model_900.pth
epoch: 900/3000
epoch: 901/3000
epoch: 902/3000
epoch: 903/3000
epoch: 904/3000
epoch: 905/3000
epoch: 906/3000
epoch: 907/3000
epoch: 908/3000
epoch: 909/3000
epoch: 910/3000
epoch: 911/3000
epoch: 912/3000
epoch: 913/3000
epoch: 914/3000
epoch: 915/3000
epoch: 916/3000
epoch: 917/3000
epoch: 918/3000
epoch: 919/3000
epoch: 920/3000
epoch: 921/3000
epoch: 922/3000
epoch: 923/3000
epoch: 924/3000
epoch: 925/3000
epoch: 926/3000
epoch: 927/3000
epoch: 928/3000
epoch: 929/3000
epoch: 930/3000
epoch: 931/3000
epoch: 932/3000
epoch: 933/3000
epoch: 934/3000
epoch: 935/3000
epoch: 936/3000
epoch: 937/3000
epoch: 938/3000
epoch: 939/3000
epoch: 940/3000
epoch: 941/3000
epoch: 942/3000
epoch: 943/3000
epoch: 944/3000
epoch: 945/3000
epoch: 946/3000
epoch: 947/3000
epoch: 948/3000
epoch: 949/3000
epoch: 950/3000
epoch: 951/3000
epoch: 952/3000
epoch: 953/3000
epoch: 954/3000
epoch: 955/3000
epoch: 956/3000
epoch: 957/3000
epoch: 958/3000
epoch: 959/3000
epoch: 960/3000
epoch: 961/3000
epoch: 962/3000
epoch: 963/3000
epoch: 964/3000
epoch: 965/3000
epoch: 966/3000
epoch: 967/3000
epoch: 968/3000
epoch: 969/3000
epoch: 970/3000
epoch: 971/3000
epoch: 972/3000
epoch: 973/3000
epoch: 974/3000
epoch: 975/3000
epoch: 976/3000
epoch: 977/3000
epoch: 978/3000
epoch: 979/3000
epoch: 980/3000
epoch: 981/3000
epoch: 982/3000
epoch: 983/3000
epoch: 984/3000
epoch: 985/3000
epoch: 986/3000
epoch: 987/3000
epoch: 988/3000
epoch: 989/3000
epoch: 990/3000
epoch: 991/3000
epoch: 992/3000
epoch: 993/3000
epoch: 994/3000
epoch: 995/3000
epoch: 996/3000
epoch: 997/3000
epoch: 998/3000
epoch: 999/3000
Saving model to logs/2026-05-04-21-58-46/nn/model_1000.pth
epoch: 1000/3000
epoch: 1001/3000
epoch: 1002/3000
epoch: 1003/3000
epoch: 1004/3000
epoch: 1005/3000
epoch: 1006/3000
epoch: 1007/3000
epoch: 1008/3000
epoch: 1009/3000
epoch: 1010/3000
epoch: 1011/3000
epoch: 1012/3000
epoch: 1013/3000
epoch: 1014/3000
epoch: 1015/3000
epoch: 1016/3000
epoch: 1017/3000
epoch: 1018/3000
epoch: 1019/3000
epoch: 1020/3000
epoch: 1021/3000
epoch: 1022/3000
epoch: 1023/3000
epoch: 1024/3000
epoch: 1025/3000
epoch: 1026/3000
epoch: 1027/3000
epoch: 1028/3000
epoch: 1029/3000
epoch: 1030/3000
epoch: 1031/3000
epoch: 1032/3000
epoch: 1033/3000
epoch: 1034/3000
epoch: 1035/3000
epoch: 1036/3000
epoch: 1037/3000
epoch: 1038/3000
epoch: 1039/3000
epoch: 1040/3000
epoch: 1041/3000
epoch: 1042/3000
epoch: 1043/3000
epoch: 1044/3000
epoch: 1045/3000
epoch: 1046/3000
epoch: 1047/3000
epoch: 1048/3000
epoch: 1049/3000
epoch: 1050/3000
epoch: 1051/3000
epoch: 1052/3000
epoch: 1053/3000
epoch: 1054/3000
epoch: 1055/3000
epoch: 1056/3000
epoch: 1057/3000
epoch: 1058/3000
epoch: 1059/3000
epoch: 1060/3000
epoch: 1061/3000
epoch: 1062/3000
epoch: 1063/3000
epoch: 1064/3000
epoch: 1065/3000
epoch: 1066/3000
epoch: 1067/3000
epoch: 1068/3000
epoch: 1069/3000
epoch: 1070/3000
epoch: 1071/3000
epoch: 1072/3000
epoch: 1073/3000
epoch: 1074/3000
epoch: 1075/3000
epoch: 1076/3000
epoch: 1077/3000
epoch: 1078/3000
epoch: 1079/3000
epoch: 1080/3000
epoch: 1081/3000
epoch: 1082/3000
epoch: 1083/3000
epoch: 1084/3000
epoch: 1085/3000
epoch: 1086/3000
epoch: 1087/3000
epoch: 1088/3000
epoch: 1089/3000
epoch: 1090/3000
epoch: 1091/3000
epoch: 1092/3000
epoch: 1093/3000
epoch: 1094/3000
epoch: 1095/3000
epoch: 1096/3000
epoch: 1097/3000
epoch: 1098/3000
epoch: 1099/3000
Saving model to logs/2026-05-04-21-58-46/nn/model_1100.pth
epoch: 1100/3000
epoch: 1101/3000
epoch: 1102/3000
epoch: 1103/3000
epoch: 1104/3000
epoch: 1105/3000
epoch: 1106/3000
epoch: 1107/3000
epoch: 1108/3000
epoch: 1109/3000
epoch: 1110/3000
epoch: 1111/3000
epoch: 1112/3000
epoch: 1113/3000
epoch: 1114/3000
epoch: 1115/3000
epoch: 1116/3000
epoch: 1117/3000
epoch: 1118/3000
epoch: 1119/3000
epoch: 1120/3000
epoch: 1121/3000
epoch: 1122/3000
epoch: 1123/3000
epoch: 1124/3000
epoch: 1125/3000
epoch: 1126/3000
epoch: 1127/3000
epoch: 1128/3000
epoch: 1129/3000
epoch: 1130/3000
epoch: 1131/3000
epoch: 1132/3000
epoch: 1133/3000
epoch: 1134/3000
epoch: 1135/3000
epoch: 1136/3000
epoch: 1137/3000
epoch: 1138/3000
epoch: 1139/3000
epoch: 1140/3000
epoch: 1141/3000
epoch: 1142/3000
epoch: 1143/3000
epoch: 1144/3000
epoch: 1145/3000
epoch: 1146/3000
epoch: 1147/3000
epoch: 1148/3000
epoch: 1149/3000
epoch: 1150/3000
epoch: 1151/3000
epoch: 1152/3000
epoch: 1153/3000
epoch: 1154/3000
epoch: 1155/3000
epoch: 1156/3000
epoch: 1157/3000
epoch: 1158/3000
epoch: 1159/3000
epoch: 1160/3000
epoch: 1161/3000
epoch: 1162/3000
epoch: 1163/3000
epoch: 1164/3000
epoch: 1165/3000
epoch: 1166/3000
epoch: 1167/3000
epoch: 1168/3000
epoch: 1169/3000
epoch: 1170/3000
epoch: 1171/3000
epoch: 1172/3000
epoch: 1173/3000
epoch: 1174/3000
epoch: 1175/3000
epoch: 1176/3000
epoch: 1177/3000
epoch: 1178/3000
epoch: 1179/3000
epoch: 1180/3000
epoch: 1181/3000
epoch: 1182/3000
epoch: 1183/3000
epoch: 1184/3000
epoch: 1185/3000
epoch: 1186/3000
epoch: 1187/3000
epoch: 1188/3000
epoch: 1189/3000
epoch: 1190/3000
epoch: 1191/3000
epoch: 1192/3000
epoch: 1193/3000
epoch: 1194/3000
epoch: 1195/3000
epoch: 1196/3000
epoch: 1197/3000
epoch: 1198/3000
epoch: 1199/3000
Saving model to logs/2026-05-04-21-58-46/nn/model_1200.pth
epoch: 1200/3000
epoch: 1201/3000
epoch: 1202/3000
epoch: 1203/3000
epoch: 1204/3000
epoch: 1205/3000
epoch: 1206/3000
epoch: 1207/3000
epoch: 1208/3000
epoch: 1209/3000
epoch: 1210/3000
epoch: 1211/3000
epoch: 1212/3000
epoch: 1213/3000
epoch: 1214/3000
epoch: 1215/3000
epoch: 1216/3000
epoch: 1217/3000
epoch: 1218/3000
epoch: 1219/3000
epoch: 1220/3000
epoch: 1221/3000
epoch: 1222/3000
epoch: 1223/3000
epoch: 1224/3000
epoch: 1225/3000
epoch: 1226/3000
epoch: 1227/3000
epoch: 1228/3000
epoch: 1229/3000
epoch: 1230/3000
epoch: 1231/3000
epoch: 1232/3000
epoch: 1233/3000
epoch: 1234/3000
epoch: 1235/3000
epoch: 1236/3000
epoch: 1237/3000
epoch: 1238/3000
epoch: 1239/3000
epoch: 1240/3000
epoch: 1241/3000
epoch: 1242/3000
epoch: 1243/3000
epoch: 1244/3000
epoch: 1245/3000
epoch: 1246/3000
epoch: 1247/3000
epoch: 1248/3000
epoch: 1249/3000
epoch: 1250/3000
epoch: 1251/3000
epoch: 1252/3000
epoch: 1253/3000
epoch: 1254/3000
epoch: 1255/3000
epoch: 1256/3000
epoch: 1257/3000
epoch: 1258/3000
epoch: 1259/3000
epoch: 1260/3000
epoch: 1261/3000
epoch: 1262/3000
epoch: 1263/3000
epoch: 1264/3000
epoch: 1265/3000
epoch: 1266/3000
epoch: 1267/3000
epoch: 1268/3000
epoch: 1269/3000
epoch: 1270/3000
epoch: 1271/3000
epoch: 1272/3000
epoch: 1273/3000
epoch: 1274/3000
epoch: 1275/3000
epoch: 1276/3000
epoch: 1277/3000
epoch: 1278/3000
epoch: 1279/3000
epoch: 1280/3000
epoch: 1281/3000
epoch: 1282/3000
epoch: 1283/3000
epoch: 1284/3000
epoch: 1285/3000
epoch: 1286/3000
epoch: 1287/3000
epoch: 1288/3000
epoch: 1289/3000
epoch: 1290/3000
epoch: 1291/3000
epoch: 1292/3000
epoch: 1293/3000
epoch: 1294/3000
epoch: 1295/3000
epoch: 1296/3000
epoch: 1297/3000
epoch: 1298/3000
epoch: 1299/3000
Saving model to logs/2026-05-04-21-58-46/nn/model_1300.pth
epoch: 1300/3000
epoch: 1301/3000
epoch: 1302/3000
epoch: 1303/3000
epoch: 1304/3000
epoch: 1305/3000
epoch: 1306/3000
epoch: 1307/3000
epoch: 1308/3000
epoch: 1309/3000
epoch: 1310/3000
epoch: 1311/3000
epoch: 1312/3000
epoch: 1313/3000
epoch: 1314/3000
epoch: 1315/3000
epoch: 1316/3000
epoch: 1317/3000
epoch: 1318/3000
epoch: 1319/3000
epoch: 1320/3000
epoch: 1321/3000
epoch: 1322/3000
epoch: 1323/3000
epoch: 1324/3000
epoch: 1325/3000
epoch: 1326/3000
epoch: 1327/3000
epoch: 1328/3000
epoch: 1329/3000
epoch: 1330/3000
epoch: 1331/3000
epoch: 1332/3000
epoch: 1333/3000
epoch: 1334/3000
epoch: 1335/3000
epoch: 1336/3000
epoch: 1337/3000
epoch: 1338/3000
epoch: 1339/3000
epoch: 1340/3000
epoch: 1341/3000
epoch: 1342/3000
epoch: 1343/3000
epoch: 1344/3000
epoch: 1345/3000
epoch: 1346/3000
epoch: 1347/3000
epoch: 1348/3000
epoch: 1349/3000
epoch: 1350/3000
epoch: 1351/3000
epoch: 1352/3000
epoch: 1353/3000
epoch: 1354/3000
epoch: 1355/3000
epoch: 1356/3000
epoch: 1357/3000
epoch: 1358/3000
epoch: 1359/3000
epoch: 1360/3000
epoch: 1361/3000
epoch: 1362/3000
epoch: 1363/3000
epoch: 1364/3000
epoch: 1365/3000
epoch: 1366/3000
epoch: 1367/3000
epoch: 1368/3000
epoch: 1369/3000
epoch: 1370/3000
epoch: 1371/3000
epoch: 1372/3000
epoch: 1373/3000
epoch: 1374/3000
epoch: 1375/3000
epoch: 1376/3000
epoch: 1377/3000
epoch: 1378/3000
epoch: 1379/3000
epoch: 1380/3000
epoch: 1381/3000
epoch: 1382/3000
epoch: 1383/3000
epoch: 1384/3000
epoch: 1385/3000
epoch: 1386/3000
epoch: 1387/3000
epoch: 1388/3000
epoch: 1389/3000
epoch: 1390/3000
epoch: 1391/3000
epoch: 1392/3000
epoch: 1393/3000
epoch: 1394/3000
epoch: 1395/3000
epoch: 1396/3000
epoch: 1397/3000
epoch: 1398/3000
epoch: 1399/3000
Saving model to logs/2026-05-04-21-58-46/nn/model_1400.pth
epoch: 1400/3000
epoch: 1401/3000
epoch: 1402/3000
epoch: 1403/3000
epoch: 1404/3000
epoch: 1405/3000
epoch: 1406/3000
epoch: 1407/3000
epoch: 1408/3000
epoch: 1409/3000
epoch: 1410/3000
epoch: 1411/3000
epoch: 1412/3000
epoch: 1413/3000
epoch: 1414/3000
epoch: 1415/3000
epoch: 1416/3000
epoch: 1417/3000
epoch: 1418/3000
epoch: 1419/3000
epoch: 1420/3000
epoch: 1421/3000
epoch: 1422/3000
epoch: 1423/3000
epoch: 1424/3000
epoch: 1425/3000
epoch: 1426/3000
epoch: 1427/3000
epoch: 1428/3000
epoch: 1429/3000
epoch: 1430/3000
epoch: 1431/3000
epoch: 1432/3000
epoch: 1433/3000
epoch: 1434/3000
epoch: 1435/3000
epoch: 1436/3000
epoch: 1437/3000
epoch: 1438/3000
epoch: 1439/3000
epoch: 1440/3000
epoch: 1441/3000
epoch: 1442/3000
epoch: 1443/3000
epoch: 1444/3000
epoch: 1445/3000
epoch: 1446/3000
epoch: 1447/3000
epoch: 1448/3000
epoch: 1449/3000
epoch: 1450/3000
epoch: 1451/3000
epoch: 1452/3000
epoch: 1453/3000
epoch: 1454/3000
epoch: 1455/3000
epoch: 1456/3000
epoch: 1457/3000
epoch: 1458/3000
epoch: 1459/3000
epoch: 1460/3000
epoch: 1461/3000
epoch: 1462/3000
epoch: 1463/3000
epoch: 1464/3000
epoch: 1465/3000
epoch: 1466/3000
epoch: 1467/3000
epoch: 1468/3000
epoch: 1469/3000
epoch: 1470/3000
epoch: 1471/3000
epoch: 1472/3000
epoch: 1473/3000
epoch: 1474/3000
epoch: 1475/3000
epoch: 1476/3000
epoch: 1477/3000
epoch: 1478/3000
epoch: 1479/3000
epoch: 1480/3000
epoch: 1481/3000
epoch: 1482/3000
epoch: 1483/3000
epoch: 1484/3000
epoch: 1485/3000
epoch: 1486/3000
epoch: 1487/3000
epoch: 1488/3000
epoch: 1489/3000
epoch: 1490/3000
epoch: 1491/3000
epoch: 1492/3000
epoch: 1493/3000
epoch: 1494/3000
epoch: 1495/3000
epoch: 1496/3000
epoch: 1497/3000
epoch: 1498/3000
epoch: 1499/3000
Saving model to logs/2026-05-04-21-58-46/nn/model_1500.pth
epoch: 1500/3000
epoch: 1501/3000
epoch: 1502/3000
epoch: 1503/3000
epoch: 1504/3000
epoch: 1505/3000
epoch: 1506/3000
epoch: 1507/3000
epoch: 1508/3000
epoch: 1509/3000
epoch: 1510/3000
epoch: 1511/3000
epoch: 1512/3000
epoch: 1513/3000
epoch: 1514/3000
epoch: 1515/3000
epoch: 1516/3000
epoch: 1517/3000
epoch: 1518/3000
epoch: 1519/3000
epoch: 1520/3000
epoch: 1521/3000
epoch: 1522/3000
epoch: 1523/3000
epoch: 1524/3000
epoch: 1525/3000
epoch: 1526/3000
epoch: 1527/3000
epoch: 1528/3000
epoch: 1529/3000
epoch: 1530/3000
epoch: 1531/3000
epoch: 1532/3000
epoch: 1533/3000
epoch: 1534/3000
epoch: 1535/3000
epoch: 1536/3000
epoch: 1537/3000
epoch: 1538/3000
epoch: 1539/3000
epoch: 1540/3000
epoch: 1541/3000
epoch: 1542/3000
epoch: 1543/3000
epoch: 1544/3000
epoch: 1545/3000
epoch: 1546/3000
epoch: 1547/3000
epoch: 1548/3000
epoch: 1549/3000
epoch: 1550/3000
epoch: 1551/3000
epoch: 1552/3000
epoch: 1553/3000
epoch: 1554/3000
epoch: 1555/3000
epoch: 1556/3000
epoch: 1557/3000
epoch: 1558/3000
epoch: 1559/3000
epoch: 1560/3000
epoch: 1561/3000
epoch: 1562/3000
epoch: 1563/3000
epoch: 1564/3000
epoch: 1565/3000
epoch: 1566/3000
epoch: 1567/3000
epoch: 1568/3000
epoch: 1569/3000
epoch: 1570/3000
epoch: 1571/3000
epoch: 1572/3000
epoch: 1573/3000
epoch: 1574/3000
epoch: 1575/3000
epoch: 1576/3000
epoch: 1577/3000
epoch: 1578/3000
epoch: 1579/3000
epoch: 1580/3000
epoch: 1581/3000
epoch: 1582/3000
epoch: 1583/3000
epoch: 1584/3000
epoch: 1585/3000
epoch: 1586/3000
epoch: 1587/3000
epoch: 1588/3000
epoch: 1589/3000
epoch: 1590/3000
epoch: 1591/3000
epoch: 1592/3000
epoch: 1593/3000
epoch: 1594/3000
epoch: 1595/3000
epoch: 1596/3000
epoch: 1597/3000
epoch: 1598/3000
epoch: 1599/3000
Saving model to logs/2026-05-04-21-58-46/nn/model_1600.pth
epoch: 1600/3000
epoch: 1601/3000
epoch: 1602/3000
epoch: 1603/3000
epoch: 1604/3000
epoch: 1605/3000
epoch: 1606/3000
epoch: 1607/3000
epoch: 1608/3000
epoch: 1609/3000
epoch: 1610/3000
epoch: 1611/3000
epoch: 1612/3000
epoch: 1613/3000
epoch: 1614/3000
epoch: 1615/3000
epoch: 1616/3000
epoch: 1617/3000
epoch: 1618/3000
epoch: 1619/3000
epoch: 1620/3000
epoch: 1621/3000
epoch: 1622/3000
epoch: 1623/3000
epoch: 1624/3000
epoch: 1625/3000
epoch: 1626/3000
epoch: 1627/3000
epoch: 1628/3000
epoch: 1629/3000
epoch: 1630/3000
epoch: 1631/3000
epoch: 1632/3000
epoch: 1633/3000
epoch: 1634/3000
epoch: 1635/3000
epoch: 1636/3000
epoch: 1637/3000
epoch: 1638/3000
epoch: 1639/3000
epoch: 1640/3000
epoch: 1641/3000
epoch: 1642/3000
epoch: 1643/3000
epoch: 1644/3000
epoch: 1645/3000
epoch: 1646/3000
epoch: 1647/3000
epoch: 1648/3000
epoch: 1649/3000
epoch: 1650/3000
epoch: 1651/3000
epoch: 1652/3000
epoch: 1653/3000
epoch: 1654/3000
epoch: 1655/3000
epoch: 1656/3000
epoch: 1657/3000
epoch: 1658/3000
epoch: 1659/3000
epoch: 1660/3000
epoch: 1661/3000
epoch: 1662/3000
epoch: 1663/3000
epoch: 1664/3000
epoch: 1665/3000
epoch: 1666/3000
epoch: 1667/3000
epoch: 1668/3000
epoch: 1669/3000
epoch: 1670/3000
epoch: 1671/3000
epoch: 1672/3000
epoch: 1673/3000
epoch: 1674/3000
epoch: 1675/3000
epoch: 1676/3000
epoch: 1677/3000
epoch: 1678/3000
epoch: 1679/3000
epoch: 1680/3000
epoch: 1681/3000
epoch: 1682/3000
epoch: 1683/3000
epoch: 1684/3000
epoch: 1685/3000
epoch: 1686/3000
epoch: 1687/3000
epoch: 1688/3000
epoch: 1689/3000
epoch: 1690/3000
epoch: 1691/3000
epoch: 1692/3000
epoch: 1693/3000
epoch: 1694/3000
epoch: 1695/3000
epoch: 1696/3000
epoch: 1697/3000
epoch: 1698/3000
epoch: 1699/3000
Saving model to logs/2026-05-04-21-58-46/nn/model_1700.pth
epoch: 1700/3000
epoch: 1701/3000
epoch: 1702/3000
epoch: 1703/3000
epoch: 1704/3000
epoch: 1705/3000
epoch: 1706/3000
epoch: 1707/3000
epoch: 1708/3000
epoch: 1709/3000
epoch: 1710/3000
epoch: 1711/3000
epoch: 1712/3000
epoch: 1713/3000
epoch: 1714/3000
epoch: 1715/3000
epoch: 1716/3000
epoch: 1717/3000
epoch: 1718/3000
epoch: 1719/3000
epoch: 1720/3000
epoch: 1721/3000
epoch: 1722/3000
epoch: 1723/3000
epoch: 1724/3000
epoch: 1725/3000
epoch: 1726/3000
epoch: 1727/3000
epoch: 1728/3000
epoch: 1729/3000
epoch: 1730/3000
epoch: 1731/3000
epoch: 1732/3000
epoch: 1733/3000
epoch: 1734/3000
epoch: 1735/3000
epoch: 1736/3000
epoch: 1737/3000
epoch: 1738/3000
epoch: 1739/3000
epoch: 1740/3000
epoch: 1741/3000
epoch: 1742/3000
epoch: 1743/3000
epoch: 1744/3000
epoch: 1745/3000
epoch: 1746/3000
epoch: 1747/3000
epoch: 1748/3000
epoch: 1749/3000
epoch: 1750/3000
epoch: 1751/3000
epoch: 1752/3000
epoch: 1753/3000
epoch: 1754/3000
epoch: 1755/3000
epoch: 1756/3000
epoch: 1757/3000
epoch: 1758/3000
epoch: 1759/3000
epoch: 1760/3000
epoch: 1761/3000
epoch: 1762/3000
epoch: 1763/3000
epoch: 1764/3000
epoch: 1765/3000
epoch: 1766/3000
epoch: 1767/3000
epoch: 1768/3000
epoch: 1769/3000
epoch: 1770/3000
epoch: 1771/3000
epoch: 1772/3000
epoch: 1773/3000
epoch: 1774/3000
epoch: 1775/3000
epoch: 1776/3000
epoch: 1777/3000
epoch: 1778/3000
epoch: 1779/3000
epoch: 1780/3000
epoch: 1781/3000
epoch: 1782/3000
epoch: 1783/3000
epoch: 1784/3000
epoch: 1785/3000
epoch: 1786/3000
epoch: 1787/3000
epoch: 1788/3000
epoch: 1789/3000
epoch: 1790/3000
epoch: 1791/3000
epoch: 1792/3000
epoch: 1793/3000
epoch: 1794/3000
epoch: 1795/3000
epoch: 1796/3000
epoch: 1797/3000
epoch: 1798/3000
epoch: 1799/3000
Saving model to logs/2026-05-04-21-58-46/nn/model_1800.pth
epoch: 1800/3000
epoch: 1801/3000
epoch: 1802/3000
epoch: 1803/3000
epoch: 1804/3000
epoch: 1805/3000
epoch: 1806/3000
epoch: 1807/3000
epoch: 1808/3000
epoch: 1809/3000
epoch: 1810/3000
epoch: 1811/3000
epoch: 1812/3000
epoch: 1813/3000
epoch: 1814/3000
epoch: 1815/3000
epoch: 1816/3000
epoch: 1817/3000
epoch: 1818/3000
epoch: 1819/3000
epoch: 1820/3000
epoch: 1821/3000
epoch: 1822/3000
epoch: 1823/3000
epoch: 1824/3000
epoch: 1825/3000
epoch: 1826/3000
epoch: 1827/3000
epoch: 1828/3000
epoch: 1829/3000
epoch: 1830/3000
epoch: 1831/3000
epoch: 1832/3000
epoch: 1833/3000
epoch: 1834/3000
epoch: 1835/3000
epoch: 1836/3000
epoch: 1837/3000
epoch: 1838/3000
epoch: 1839/3000
epoch: 1840/3000
epoch: 1841/3000
epoch: 1842/3000
epoch: 1843/3000
epoch: 1844/3000
epoch: 1845/3000
epoch: 1846/3000
epoch: 1847/3000
epoch: 1848/3000
epoch: 1849/3000
epoch: 1850/3000
epoch: 1851/3000
epoch: 1852/3000
epoch: 1853/3000
epoch: 1854/3000
epoch: 1855/3000
epoch: 1856/3000
epoch: 1857/3000
epoch: 1858/3000
epoch: 1859/3000
epoch: 1860/3000
epoch: 1861/3000
epoch: 1862/3000
epoch: 1863/3000
epoch: 1864/3000
epoch: 1865/3000
epoch: 1866/3000
epoch: 1867/3000
epoch: 1868/3000
epoch: 1869/3000
epoch: 1870/3000
epoch: 1871/3000
epoch: 1872/3000
epoch: 1873/3000
epoch: 1874/3000
epoch: 1875/3000
epoch: 1876/3000
epoch: 1877/3000
epoch: 1878/3000
epoch: 1879/3000
epoch: 1880/3000
epoch: 1881/3000
epoch: 1882/3000
epoch: 1883/3000
epoch: 1884/3000
epoch: 1885/3000
epoch: 1886/3000
epoch: 1887/3000
epoch: 1888/3000
epoch: 1889/3000
epoch: 1890/3000
epoch: 1891/3000
epoch: 1892/3000
epoch: 1893/3000
epoch: 1894/3000
epoch: 1895/3000
epoch: 1896/3000
epoch: 1897/3000
epoch: 1898/3000
epoch: 1899/3000
Saving model to logs/2026-05-04-21-58-46/nn/model_1900.pth
epoch: 1900/3000
epoch: 1901/3000
epoch: 1902/3000
epoch: 1903/3000
epoch: 1904/3000
epoch: 1905/3000
epoch: 1906/3000
epoch: 1907/3000
epoch: 1908/3000
epoch: 1909/3000
epoch: 1910/3000
epoch: 1911/3000
epoch: 1912/3000
epoch: 1913/3000
epoch: 1914/3000
epoch: 1915/3000
epoch: 1916/3000
epoch: 1917/3000
epoch: 1918/3000
epoch: 1919/3000
epoch: 1920/3000
epoch: 1921/3000
epoch: 1922/3000
epoch: 1923/3000
epoch: 1924/3000
epoch: 1925/3000
epoch: 1926/3000
epoch: 1927/3000
epoch: 1928/3000
epoch: 1929/3000
epoch: 1930/3000
epoch: 1931/3000
epoch: 1932/3000
epoch: 1933/3000
epoch: 1934/3000
epoch: 1935/3000
epoch: 1936/3000
epoch: 1937/3000
epoch: 1938/3000
epoch: 1939/3000
epoch: 1940/3000
epoch: 1941/3000
epoch: 1942/3000
epoch: 1943/3000
epoch: 1944/3000
epoch: 1945/3000
epoch: 1946/3000
epoch: 1947/3000
epoch: 1948/3000
epoch: 1949/3000
epoch: 1950/3000
epoch: 1951/3000
epoch: 1952/3000
epoch: 1953/3000
epoch: 1954/3000
epoch: 1955/3000
epoch: 1956/3000
epoch: 1957/3000
epoch: 1958/3000
epoch: 1959/3000
epoch: 1960/3000
epoch: 1961/3000
epoch: 1962/3000
epoch: 1963/3000
epoch: 1964/3000
epoch: 1965/3000
epoch: 1966/3000
epoch: 1967/3000
epoch: 1968/3000
epoch: 1969/3000
epoch: 1970/3000
epoch: 1971/3000
epoch: 1972/3000
epoch: 1973/3000
epoch: 1974/3000
epoch: 1975/3000
epoch: 1976/3000
epoch: 1977/3000
epoch: 1978/3000
epoch: 1979/3000
epoch: 1980/3000
epoch: 1981/3000
epoch: 1982/3000
epoch: 1983/3000
epoch: 1984/3000
epoch: 1985/3000
epoch: 1986/3000
epoch: 1987/3000
epoch: 1988/3000
epoch: 1989/3000
epoch: 1990/3000
epoch: 1991/3000
epoch: 1992/3000
epoch: 1993/3000
epoch: 1994/3000
epoch: 1995/3000
epoch: 1996/3000
epoch: 1997/3000
epoch: 1998/3000
epoch: 1999/3000
Saving model to logs/2026-05-04-21-58-46/nn/model_2000.pth
epoch: 2000/3000
epoch: 2001/3000
epoch: 2002/3000
epoch: 2003/3000
epoch: 2004/3000
epoch: 2005/3000
epoch: 2006/3000
epoch: 2007/3000
epoch: 2008/3000
epoch: 2009/3000
epoch: 2010/3000
epoch: 2011/3000
epoch: 2012/3000
epoch: 2013/3000
epoch: 2014/3000
epoch: 2015/3000
epoch: 2016/3000
epoch: 2017/3000
epoch: 2018/3000
epoch: 2019/3000
epoch: 2020/3000
epoch: 2021/3000
epoch: 2022/3000
epoch: 2023/3000
epoch: 2024/3000
epoch: 2025/3000
epoch: 2026/3000
epoch: 2027/3000
epoch: 2028/3000
epoch: 2029/3000
epoch: 2030/3000
epoch: 2031/3000
epoch: 2032/3000
epoch: 2033/3000
epoch: 2034/3000
epoch: 2035/3000
epoch: 2036/3000
epoch: 2037/3000
epoch: 2038/3000
epoch: 2039/3000
epoch: 2040/3000
epoch: 2041/3000
epoch: 2042/3000
epoch: 2043/3000
epoch: 2044/3000
epoch: 2045/3000
epoch: 2046/3000
epoch: 2047/3000
epoch: 2048/3000
epoch: 2049/3000
epoch: 2050/3000
epoch: 2051/3000
epoch: 2052/3000
epoch: 2053/3000
epoch: 2054/3000
epoch: 2055/3000
epoch: 2056/3000
epoch: 2057/3000
epoch: 2058/3000
epoch: 2059/3000
epoch: 2060/3000
epoch: 2061/3000
epoch: 2062/3000
epoch: 2063/3000
epoch: 2064/3000
epoch: 2065/3000
epoch: 2066/3000
epoch: 2067/3000
epoch: 2068/3000
epoch: 2069/3000
epoch: 2070/3000
epoch: 2071/3000
epoch: 2072/3000
epoch: 2073/3000
epoch: 2074/3000
epoch: 2075/3000
epoch: 2076/3000
epoch: 2077/3000
epoch: 2078/3000
epoch: 2079/3000
epoch: 2080/3000
epoch: 2081/3000
epoch: 2082/3000
epoch: 2083/3000
epoch: 2084/3000
epoch: 2085/3000
epoch: 2086/3000
epoch: 2087/3000
epoch: 2088/3000
epoch: 2089/3000
epoch: 2090/3000
epoch: 2091/3000
epoch: 2092/3000
epoch: 2093/3000
epoch: 2094/3000
epoch: 2095/3000
epoch: 2096/3000
epoch: 2097/3000
epoch: 2098/3000
epoch: 2099/3000
Saving model to logs/2026-05-04-21-58-46/nn/model_2100.pth
epoch: 2100/3000
epoch: 2101/3000
epoch: 2102/3000
epoch: 2103/3000
epoch: 2104/3000
epoch: 2105/3000
epoch: 2106/3000
epoch: 2107/3000
epoch: 2108/3000
epoch: 2109/3000
epoch: 2110/3000
epoch: 2111/3000
epoch: 2112/3000
epoch: 2113/3000
epoch: 2114/3000
epoch: 2115/3000
epoch: 2116/3000
epoch: 2117/3000
epoch: 2118/3000
epoch: 2119/3000
epoch: 2120/3000
epoch: 2121/3000
epoch: 2122/3000
epoch: 2123/3000
epoch: 2124/3000
epoch: 2125/3000
epoch: 2126/3000
epoch: 2127/3000
epoch: 2128/3000
epoch: 2129/3000
epoch: 2130/3000
epoch: 2131/3000
epoch: 2132/3000
epoch: 2133/3000
epoch: 2134/3000
epoch: 2135/3000
epoch: 2136/3000
epoch: 2137/3000
epoch: 2138/3000
epoch: 2139/3000
epoch: 2140/3000
epoch: 2141/3000
epoch: 2142/3000
epoch: 2143/3000
epoch: 2144/3000
epoch: 2145/3000
epoch: 2146/3000
epoch: 2147/3000
epoch: 2148/3000
epoch: 2149/3000
epoch: 2150/3000
epoch: 2151/3000
epoch: 2152/3000
epoch: 2153/3000
epoch: 2154/3000
epoch: 2155/3000
epoch: 2156/3000
epoch: 2157/3000
epoch: 2158/3000
epoch: 2159/3000
epoch: 2160/3000
epoch: 2161/3000
epoch: 2162/3000
epoch: 2163/3000
epoch: 2164/3000
epoch: 2165/3000
epoch: 2166/3000
epoch: 2167/3000
epoch: 2168/3000
epoch: 2169/3000
epoch: 2170/3000
epoch: 2171/3000
epoch: 2172/3000
epoch: 2173/3000
epoch: 2174/3000
epoch: 2175/3000
epoch: 2176/3000
epoch: 2177/3000
epoch: 2178/3000
epoch: 2179/3000
epoch: 2180/3000
epoch: 2181/3000
epoch: 2182/3000
epoch: 2183/3000
epoch: 2184/3000
epoch: 2185/3000
epoch: 2186/3000
epoch: 2187/3000
epoch: 2188/3000
epoch: 2189/3000
epoch: 2190/3000
epoch: 2191/3000
epoch: 2192/3000
epoch: 2193/3000
epoch: 2194/3000
epoch: 2195/3000
epoch: 2196/3000
epoch: 2197/3000
epoch: 2198/3000
epoch: 2199/3000
Saving model to logs/2026-05-04-21-58-46/nn/model_2200.pth
epoch: 2200/3000
epoch: 2201/3000
epoch: 2202/3000
epoch: 2203/3000
epoch: 2204/3000
epoch: 2205/3000
epoch: 2206/3000
epoch: 2207/3000
epoch: 2208/3000
epoch: 2209/3000
epoch: 2210/3000
epoch: 2211/3000
epoch: 2212/3000
epoch: 2213/3000
epoch: 2214/3000
epoch: 2215/3000
epoch: 2216/3000
epoch: 2217/3000
epoch: 2218/3000
epoch: 2219/3000
epoch: 2220/3000
epoch: 2221/3000
epoch: 2222/3000
epoch: 2223/3000
epoch: 2224/3000
epoch: 2225/3000
epoch: 2226/3000
epoch: 2227/3000
epoch: 2228/3000
epoch: 2229/3000
epoch: 2230/3000
epoch: 2231/3000
epoch: 2232/3000
epoch: 2233/3000
epoch: 2234/3000
epoch: 2235/3000
epoch: 2236/3000
epoch: 2237/3000
epoch: 2238/3000
epoch: 2239/3000
epoch: 2240/3000
epoch: 2241/3000
epoch: 2242/3000
epoch: 2243/3000
epoch: 2244/3000
epoch: 2245/3000
epoch: 2246/3000
epoch: 2247/3000
epoch: 2248/3000
epoch: 2249/3000
epoch: 2250/3000
epoch: 2251/3000
epoch: 2252/3000
epoch: 2253/3000
epoch: 2254/3000
epoch: 2255/3000
epoch: 2256/3000
epoch: 2257/3000
epoch: 2258/3000
epoch: 2259/3000
epoch: 2260/3000
epoch: 2261/3000
epoch: 2262/3000
epoch: 2263/3000
epoch: 2264/3000
epoch: 2265/3000
epoch: 2266/3000
epoch: 2267/3000
epoch: 2268/3000
epoch: 2269/3000
epoch: 2270/3000
epoch: 2271/3000
epoch: 2272/3000
epoch: 2273/3000
epoch: 2274/3000
epoch: 2275/3000
epoch: 2276/3000
epoch: 2277/3000
epoch: 2278/3000
epoch: 2279/3000
epoch: 2280/3000
epoch: 2281/3000
epoch: 2282/3000
epoch: 2283/3000
epoch: 2284/3000
epoch: 2285/3000
epoch: 2286/3000
epoch: 2287/3000
epoch: 2288/3000
epoch: 2289/3000
epoch: 2290/3000
epoch: 2291/3000
epoch: 2292/3000
epoch: 2293/3000
epoch: 2294/3000
epoch: 2295/3000
epoch: 2296/3000
epoch: 2297/3000
epoch: 2298/3000
epoch: 2299/3000
Saving model to logs/2026-05-04-21-58-46/nn/model_2300.pth
epoch: 2300/3000
epoch: 2301/3000
epoch: 2302/3000
epoch: 2303/3000
epoch: 2304/3000
epoch: 2305/3000
epoch: 2306/3000
epoch: 2307/3000
epoch: 2308/3000
epoch: 2309/3000
epoch: 2310/3000
epoch: 2311/3000
epoch: 2312/3000
epoch: 2313/3000
epoch: 2314/3000
epoch: 2315/3000
epoch: 2316/3000
epoch: 2317/3000
epoch: 2318/3000
epoch: 2319/3000
epoch: 2320/3000
epoch: 2321/3000
epoch: 2322/3000
epoch: 2323/3000
epoch: 2324/3000
epoch: 2325/3000
epoch: 2326/3000
epoch: 2327/3000
epoch: 2328/3000
epoch: 2329/3000
epoch: 2330/3000
epoch: 2331/3000
epoch: 2332/3000
epoch: 2333/3000
epoch: 2334/3000
epoch: 2335/3000
epoch: 2336/3000
epoch: 2337/3000
epoch: 2338/3000
epoch: 2339/3000
epoch: 2340/3000
epoch: 2341/3000
epoch: 2342/3000
epoch: 2343/3000
epoch: 2344/3000
epoch: 2345/3000
epoch: 2346/3000
epoch: 2347/3000
epoch: 2348/3000
epoch: 2349/3000
epoch: 2350/3000
epoch: 2351/3000
epoch: 2352/3000
epoch: 2353/3000
epoch: 2354/3000
epoch: 2355/3000
epoch: 2356/3000
epoch: 2357/3000
epoch: 2358/3000
epoch: 2359/3000
epoch: 2360/3000
epoch: 2361/3000
epoch: 2362/3000
epoch: 2363/3000
epoch: 2364/3000
epoch: 2365/3000
epoch: 2366/3000
epoch: 2367/3000
epoch: 2368/3000
epoch: 2369/3000
epoch: 2370/3000
epoch: 2371/3000
epoch: 2372/3000
epoch: 2373/3000
epoch: 2374/3000
epoch: 2375/3000
epoch: 2376/3000
epoch: 2377/3000
epoch: 2378/3000
epoch: 2379/3000
epoch: 2380/3000
epoch: 2381/3000
epoch: 2382/3000
epoch: 2383/3000
epoch: 2384/3000
epoch: 2385/3000
epoch: 2386/3000
epoch: 2387/3000
epoch: 2388/3000
epoch: 2389/3000
epoch: 2390/3000
epoch: 2391/3000
epoch: 2392/3000
epoch: 2393/3000
epoch: 2394/3000
epoch: 2395/3000
epoch: 2396/3000
epoch: 2397/3000
epoch: 2398/3000
epoch: 2399/3000
Saving model to logs/2026-05-04-21-58-46/nn/model_2400.pth
epoch: 2400/3000
epoch: 2401/3000
epoch: 2402/3000
epoch: 2403/3000
epoch: 2404/3000
epoch: 2405/3000
epoch: 2406/3000
epoch: 2407/3000
epoch: 2408/3000
epoch: 2409/3000
epoch: 2410/3000
epoch: 2411/3000
epoch: 2412/3000
epoch: 2413/3000
epoch: 2414/3000
epoch: 2415/3000
epoch: 2416/3000
epoch: 2417/3000
epoch: 2418/3000
epoch: 2419/3000
epoch: 2420/3000
epoch: 2421/3000
epoch: 2422/3000
epoch: 2423/3000
epoch: 2424/3000
epoch: 2425/3000
epoch: 2426/3000
epoch: 2427/3000
epoch: 2428/3000
epoch: 2429/3000
epoch: 2430/3000
epoch: 2431/3000
epoch: 2432/3000
epoch: 2433/3000
epoch: 2434/3000
epoch: 2435/3000
epoch: 2436/3000
epoch: 2437/3000
epoch: 2438/3000
epoch: 2439/3000
epoch: 2440/3000
epoch: 2441/3000
epoch: 2442/3000
epoch: 2443/3000
epoch: 2444/3000
epoch: 2445/3000
epoch: 2446/3000
epoch: 2447/3000
epoch: 2448/3000
epoch: 2449/3000
epoch: 2450/3000
epoch: 2451/3000
epoch: 2452/3000
epoch: 2453/3000
epoch: 2454/3000
epoch: 2455/3000
epoch: 2456/3000
epoch: 2457/3000
epoch: 2458/3000
epoch: 2459/3000
epoch: 2460/3000
epoch: 2461/3000
epoch: 2462/3000
epoch: 2463/3000
epoch: 2464/3000
epoch: 2465/3000
epoch: 2466/3000
epoch: 2467/3000
epoch: 2468/3000
epoch: 2469/3000
epoch: 2470/3000
epoch: 2471/3000
epoch: 2472/3000
epoch: 2473/3000
epoch: 2474/3000
epoch: 2475/3000
epoch: 2476/3000
epoch: 2477/3000
epoch: 2478/3000
epoch: 2479/3000
epoch: 2480/3000
epoch: 2481/3000
epoch: 2482/3000
epoch: 2483/3000
epoch: 2484/3000
epoch: 2485/3000
epoch: 2486/3000
epoch: 2487/3000
epoch: 2488/3000
epoch: 2489/3000
epoch: 2490/3000
epoch: 2491/3000
epoch: 2492/3000
epoch: 2493/3000
epoch: 2494/3000
epoch: 2495/3000
epoch: 2496/3000
epoch: 2497/3000
epoch: 2498/3000
epoch: 2499/3000
Saving model to logs/2026-05-04-21-58-46/nn/model_2500.pth
epoch: 2500/3000
epoch: 2501/3000
epoch: 2502/3000
epoch: 2503/3000
epoch: 2504/3000
epoch: 2505/3000
epoch: 2506/3000
epoch: 2507/3000
epoch: 2508/3000
epoch: 2509/3000
epoch: 2510/3000
epoch: 2511/3000
epoch: 2512/3000
epoch: 2513/3000
epoch: 2514/3000
epoch: 2515/3000
epoch: 2516/3000
epoch: 2517/3000
epoch: 2518/3000
epoch: 2519/3000
epoch: 2520/3000
epoch: 2521/3000
epoch: 2522/3000
epoch: 2523/3000
epoch: 2524/3000
epoch: 2525/3000
epoch: 2526/3000
epoch: 2527/3000
epoch: 2528/3000
epoch: 2529/3000
epoch: 2530/3000
epoch: 2531/3000
epoch: 2532/3000
epoch: 2533/3000
epoch: 2534/3000
epoch: 2535/3000
epoch: 2536/3000
epoch: 2537/3000
epoch: 2538/3000
epoch: 2539/3000
epoch: 2540/3000
epoch: 2541/3000
epoch: 2542/3000
epoch: 2543/3000
epoch: 2544/3000
epoch: 2545/3000
epoch: 2546/3000
epoch: 2547/3000
epoch: 2548/3000
epoch: 2549/3000
epoch: 2550/3000
epoch: 2551/3000
epoch: 2552/3000
epoch: 2553/3000
epoch: 2554/3000
epoch: 2555/3000
epoch: 2556/3000
epoch: 2557/3000
epoch: 2558/3000
epoch: 2559/3000
epoch: 2560/3000
epoch: 2561/3000
epoch: 2562/3000
epoch: 2563/3000
epoch: 2564/3000
epoch: 2565/3000
epoch: 2566/3000
epoch: 2567/3000
epoch: 2568/3000
epoch: 2569/3000
epoch: 2570/3000
epoch: 2571/3000
epoch: 2572/3000
epoch: 2573/3000
epoch: 2574/3000
epoch: 2575/3000
epoch: 2576/3000
epoch: 2577/3000
epoch: 2578/3000
epoch: 2579/3000
epoch: 2580/3000
epoch: 2581/3000
epoch: 2582/3000
epoch: 2583/3000
epoch: 2584/3000
epoch: 2585/3000
epoch: 2586/3000
epoch: 2587/3000
epoch: 2588/3000
epoch: 2589/3000
epoch: 2590/3000
epoch: 2591/3000
epoch: 2592/3000
epoch: 2593/3000
epoch: 2594/3000
epoch: 2595/3000
epoch: 2596/3000
epoch: 2597/3000
epoch: 2598/3000
epoch: 2599/3000
Saving model to logs/2026-05-04-21-58-46/nn/model_2600.pth
epoch: 2600/3000
epoch: 2601/3000
epoch: 2602/3000
epoch: 2603/3000
epoch: 2604/3000
epoch: 2605/3000
epoch: 2606/3000
epoch: 2607/3000
epoch: 2608/3000
epoch: 2609/3000
epoch: 2610/3000
epoch: 2611/3000
epoch: 2612/3000
epoch: 2613/3000
epoch: 2614/3000
epoch: 2615/3000
epoch: 2616/3000
epoch: 2617/3000
epoch: 2618/3000
epoch: 2619/3000
epoch: 2620/3000
epoch: 2621/3000
epoch: 2622/3000
epoch: 2623/3000
epoch: 2624/3000
epoch: 2625/3000
epoch: 2626/3000
epoch: 2627/3000
epoch: 2628/3000
epoch: 2629/3000
epoch: 2630/3000
epoch: 2631/3000
epoch: 2632/3000
epoch: 2633/3000
epoch: 2634/3000
epoch: 2635/3000
epoch: 2636/3000
epoch: 2637/3000
epoch: 2638/3000
epoch: 2639/3000
epoch: 2640/3000
epoch: 2641/3000
epoch: 2642/3000
epoch: 2643/3000
epoch: 2644/3000
epoch: 2645/3000
epoch: 2646/3000
epoch: 2647/3000
epoch: 2648/3000
epoch: 2649/3000
epoch: 2650/3000
epoch: 2651/3000
epoch: 2652/3000
epoch: 2653/3000
epoch: 2654/3000
epoch: 2655/3000
epoch: 2656/3000
epoch: 2657/3000
epoch: 2658/3000
epoch: 2659/3000
epoch: 2660/3000
epoch: 2661/3000
epoch: 2662/3000
epoch: 2663/3000
epoch: 2664/3000
epoch: 2665/3000
epoch: 2666/3000
epoch: 2667/3000
epoch: 2668/3000
epoch: 2669/3000
epoch: 2670/3000
epoch: 2671/3000
epoch: 2672/3000
epoch: 2673/3000
epoch: 2674/3000
epoch: 2675/3000
epoch: 2676/3000
epoch: 2677/3000
epoch: 2678/3000
epoch: 2679/3000
epoch: 2680/3000
epoch: 2681/3000
epoch: 2682/3000
epoch: 2683/3000
epoch: 2684/3000
epoch: 2685/3000
epoch: 2686/3000
epoch: 2687/3000
epoch: 2688/3000
epoch: 2689/3000
epoch: 2690/3000
epoch: 2691/3000
epoch: 2692/3000
epoch: 2693/3000
epoch: 2694/3000
epoch: 2695/3000
epoch: 2696/3000
epoch: 2697/3000
epoch: 2698/3000
epoch: 2699/3000
Saving model to logs/2026-05-04-21-58-46/nn/model_2700.pth
epoch: 2700/3000
epoch: 2701/3000
epoch: 2702/3000
epoch: 2703/3000
epoch: 2704/3000
epoch: 2705/3000
epoch: 2706/3000
epoch: 2707/3000
epoch: 2708/3000
epoch: 2709/3000
epoch: 2710/3000
epoch: 2711/3000
epoch: 2712/3000
epoch: 2713/3000
epoch: 2714/3000
epoch: 2715/3000
epoch: 2716/3000
epoch: 2717/3000
epoch: 2718/3000
epoch: 2719/3000
epoch: 2720/3000
epoch: 2721/3000
epoch: 2722/3000
epoch: 2723/3000
epoch: 2724/3000
epoch: 2725/3000
epoch: 2726/3000
epoch: 2727/3000
epoch: 2728/3000
epoch: 2729/3000
epoch: 2730/3000
epoch: 2731/3000
epoch: 2732/3000
epoch: 2733/3000
epoch: 2734/3000
epoch: 2735/3000
epoch: 2736/3000
epoch: 2737/3000
epoch: 2738/3000
epoch: 2739/3000
epoch: 2740/3000
epoch: 2741/3000
epoch: 2742/3000
epoch: 2743/3000
epoch: 2744/3000
epoch: 2745/3000
epoch: 2746/3000
epoch: 2747/3000
epoch: 2748/3000
epoch: 2749/3000
epoch: 2750/3000
epoch: 2751/3000
epoch: 2752/3000
epoch: 2753/3000
epoch: 2754/3000
epoch: 2755/3000
epoch: 2756/3000
epoch: 2757/3000
epoch: 2758/3000
epoch: 2759/3000
epoch: 2760/3000
epoch: 2761/3000
epoch: 2762/3000
epoch: 2763/3000
epoch: 2764/3000
epoch: 2765/3000
epoch: 2766/3000
epoch: 2767/3000
epoch: 2768/3000
epoch: 2769/3000
epoch: 2770/3000
epoch: 2771/3000
epoch: 2772/3000
epoch: 2773/3000
epoch: 2774/3000
epoch: 2775/3000
epoch: 2776/3000
epoch: 2777/3000
epoch: 2778/3000
epoch: 2779/3000
epoch: 2780/3000
epoch: 2781/3000
epoch: 2782/3000
epoch: 2783/3000
epoch: 2784/3000
epoch: 2785/3000
epoch: 2786/3000
epoch: 2787/3000
epoch: 2788/3000
epoch: 2789/3000
epoch: 2790/3000
epoch: 2791/3000
epoch: 2792/3000
epoch: 2793/3000
epoch: 2794/3000
epoch: 2795/3000
epoch: 2796/3000
epoch: 2797/3000
epoch: 2798/3000
epoch: 2799/3000
Saving model to logs/2026-05-04-21-58-46/nn/model_2800.pth
epoch: 2800/3000
epoch: 2801/3000
epoch: 2802/3000
epoch: 2803/3000
epoch: 2804/3000
epoch: 2805/3000
epoch: 2806/3000
epoch: 2807/3000
epoch: 2808/3000
epoch: 2809/3000
epoch: 2810/3000
epoch: 2811/3000
epoch: 2812/3000
epoch: 2813/3000
epoch: 2814/3000
epoch: 2815/3000
epoch: 2816/3000
epoch: 2817/3000
epoch: 2818/3000
epoch: 2819/3000
epoch: 2820/3000
epoch: 2821/3000
epoch: 2822/3000
epoch: 2823/3000
epoch: 2824/3000
epoch: 2825/3000
epoch: 2826/3000
epoch: 2827/3000
epoch: 2828/3000
epoch: 2829/3000
epoch: 2830/3000
epoch: 2831/3000
epoch: 2832/3000
epoch: 2833/3000
epoch: 2834/3000
epoch: 2835/3000
epoch: 2836/3000
epoch: 2837/3000
epoch: 2838/3000
epoch: 2839/3000
epoch: 2840/3000
epoch: 2841/3000
epoch: 2842/3000
epoch: 2843/3000
epoch: 2844/3000
epoch: 2845/3000
epoch: 2846/3000
epoch: 2847/3000
epoch: 2848/3000
epoch: 2849/3000
epoch: 2850/3000
epoch: 2851/3000
epoch: 2852/3000
epoch: 2853/3000
epoch: 2854/3000
epoch: 2855/3000
epoch: 2856/3000
epoch: 2857/3000
epoch: 2858/3000
epoch: 2859/3000
epoch: 2860/3000
epoch: 2861/3000
epoch: 2862/3000
epoch: 2863/3000
epoch: 2864/3000
epoch: 2865/3000
epoch: 2866/3000
epoch: 2867/3000
epoch: 2868/3000
epoch: 2869/3000
epoch: 2870/3000
epoch: 2871/3000
epoch: 2872/3000
epoch: 2873/3000
epoch: 2874/3000
epoch: 2875/3000
epoch: 2876/3000
epoch: 2877/3000
epoch: 2878/3000
epoch: 2879/3000
epoch: 2880/3000
epoch: 2881/3000
epoch: 2882/3000
epoch: 2883/3000
epoch: 2884/3000
epoch: 2885/3000
epoch: 2886/3000
epoch: 2887/3000
epoch: 2888/3000
epoch: 2889/3000
epoch: 2890/3000
epoch: 2891/3000
epoch: 2892/3000
epoch: 2893/3000
epoch: 2894/3000
epoch: 2895/3000
epoch: 2896/3000
epoch: 2897/3000
epoch: 2898/3000
epoch: 2899/3000
Saving model to logs/2026-05-04-21-58-46/nn/model_2900.pth
epoch: 2900/3000
epoch: 2901/3000
epoch: 2902/3000
epoch: 2903/3000
epoch: 2904/3000
epoch: 2905/3000
epoch: 2906/3000
epoch: 2907/3000
epoch: 2908/3000
epoch: 2909/3000
epoch: 2910/3000
epoch: 2911/3000
epoch: 2912/3000
epoch: 2913/3000
epoch: 2914/3000
epoch: 2915/3000
epoch: 2916/3000
epoch: 2917/3000
epoch: 2918/3000
epoch: 2919/3000
epoch: 2920/3000
epoch: 2921/3000
epoch: 2922/3000
epoch: 2923/3000
epoch: 2924/3000
epoch: 2925/3000
epoch: 2926/3000
epoch: 2927/3000
epoch: 2928/3000
epoch: 2929/3000
epoch: 2930/3000
epoch: 2931/3000
epoch: 2932/3000
epoch: 2933/3000
epoch: 2934/3000
epoch: 2935/3000
epoch: 2936/3000
epoch: 2937/3000
epoch: 2938/3000
epoch: 2939/3000
epoch: 2940/3000
epoch: 2941/3000
epoch: 2942/3000
epoch: 2943/3000
epoch: 2944/3000
epoch: 2945/3000
epoch: 2946/3000
epoch: 2947/3000
epoch: 2948/3000
epoch: 2949/3000
epoch: 2950/3000
epoch: 2951/3000
epoch: 2952/3000
epoch: 2953/3000
epoch: 2954/3000
epoch: 2955/3000
epoch: 2956/3000
epoch: 2957/3000
epoch: 2958/3000
epoch: 2959/3000
epoch: 2960/3000
epoch: 2961/3000
epoch: 2962/3000
epoch: 2963/3000
epoch: 2964/3000
epoch: 2965/3000
epoch: 2966/3000
epoch: 2967/3000
epoch: 2968/3000
epoch: 2969/3000
epoch: 2970/3000
epoch: 2971/3000
epoch: 2972/3000
epoch: 2973/3000
epoch: 2974/3000
epoch: 2975/3000
epoch: 2976/3000
epoch: 2977/3000
epoch: 2978/3000
epoch: 2979/3000
epoch: 2980/3000
epoch: 2981/3000
epoch: 2982/3000
epoch: 2983/3000
epoch: 2984/3000
epoch: 2985/3000
epoch: 2986/3000
epoch: 2987/3000
epoch: 2988/3000
epoch: 2989/3000
epoch: 2990/3000
epoch: 2991/3000
epoch: 2992/3000
epoch: 2993/3000
epoch: 2994/3000
epoch: 2995/3000
epoch: 2996/3000
epoch: 2997/3000
epoch: 2998/3000
epoch: 2999/3000
Saving model to logs/2026-05-04-21-58-46/nn/model_3000.pth
epoch: 3000/3000
