train_start=2026-05-05_11:08:29_CST
task=T1CircleGridFace6Tight15
checkpoint=logs/2026-05-04-21-58-46/nn/model_3000.pth
num_envs=24576
max_iterations=4000
note=continuation run; 31x31x31 grid, linear/yaw max 1.5, face6 unlock
NVIDIA GeForce RTX 4090 D, 379, 24564, 4
Importing module 'gym_38' (/opt/isaacgym/python/isaacgym/_bindings/linux-x86_64/gym_38.so)
Setting GYM_USD_PLUG_INFO_PATH to /opt/isaacgym/python/isaacgym/_bindings/linux-x86_64/usd/plugInfo.json
PyTorch version 2.0.1+cu118
Device count 1
/opt/isaacgym/python/isaacgym/_bindings/src/gymtorch
Using /root/.cache/torch_extensions/py38_cu118 as PyTorch extensions root...
Emitting ninja build file /root/.cache/torch_extensions/py38_cu118/gymtorch/build.ninja...
Building extension module gymtorch...
Allowing ninja to set a default number of workers... (overridable by setting the environment variable MAX_JOBS=N)
ninja: no work to do.
Loading extension module gymtorch...
Setting seed: 42
[Warning] [carb.gym.plugin] useGpu is set, forcing single scene (0 subscenes)
Not connected to PVD
+++ Using GPU PhysX
Physics Engine: PhysX
Physics Device: cuda:0
GPU Pipeline: enabled
Loading model from logs/2026-05-04-21-58-46/nn/model_3000.pth
/opt/conda/lib/python3.8/site-packages/torch/_utils.py:776: UserWarning: TypedStorage is deprecated. It will be removed in the future and UntypedStorage will be the only storage class. This should only matter to you if you are using storages directly.  To access UntypedStorage directly, use tensor.untyped_storage() instead of tensor.storage()
  return self.fget.__get__(instance, owner)()
Loaded curriculum shape (21, 21, 21) into (31, 31, 31) using centered copy; unlocked 6638 cells.
Loaded optimizer learning rate 0.0003901844231062336
epoch: 1/4000
epoch: 2/4000
epoch: 3/4000
epoch: 4/4000
epoch: 5/4000
epoch: 6/4000
epoch: 7/4000
epoch: 8/4000
epoch: 9/4000
epoch: 10/4000
epoch: 11/4000
epoch: 12/4000
epoch: 13/4000
epoch: 14/4000
epoch: 15/4000
epoch: 16/4000
epoch: 17/4000
epoch: 18/4000
epoch: 19/4000
epoch: 20/4000
epoch: 21/4000
epoch: 22/4000
epoch: 23/4000
epoch: 24/4000
epoch: 25/4000
epoch: 26/4000
epoch: 27/4000
epoch: 28/4000
epoch: 29/4000
epoch: 30/4000
epoch: 31/4000
epoch: 32/4000
epoch: 33/4000
epoch: 34/4000
epoch: 35/4000
epoch: 36/4000
epoch: 37/4000
epoch: 38/4000
epoch: 39/4000
epoch: 40/4000
epoch: 41/4000
epoch: 42/4000
epoch: 43/4000
epoch: 44/4000
epoch: 45/4000
epoch: 46/4000
epoch: 47/4000
epoch: 48/4000
epoch: 49/4000
epoch: 50/4000
epoch: 51/4000
epoch: 52/4000
epoch: 53/4000
epoch: 54/4000
epoch: 55/4000
epoch: 56/4000
epoch: 57/4000
epoch: 58/4000
epoch: 59/4000
epoch: 60/4000
epoch: 61/4000
epoch: 62/4000
epoch: 63/4000
epoch: 64/4000
epoch: 65/4000
epoch: 66/4000
epoch: 67/4000
epoch: 68/4000
epoch: 69/4000
epoch: 70/4000
epoch: 71/4000
epoch: 72/4000
epoch: 73/4000
epoch: 74/4000
epoch: 75/4000
epoch: 76/4000
epoch: 77/4000
epoch: 78/4000
epoch: 79/4000
epoch: 80/4000
epoch: 81/4000
epoch: 82/4000
epoch: 83/4000
epoch: 84/4000
epoch: 85/4000
epoch: 86/4000
epoch: 87/4000
epoch: 88/4000
epoch: 89/4000
epoch: 90/4000
epoch: 91/4000
epoch: 92/4000
epoch: 93/4000
epoch: 94/4000
epoch: 95/4000
epoch: 96/4000
epoch: 97/4000
epoch: 98/4000
epoch: 99/4000
Saving model to logs/2026-05-05-11-09-07/nn/model_100.pth
epoch: 100/4000
epoch: 101/4000
epoch: 102/4000
epoch: 103/4000
epoch: 104/4000
epoch: 105/4000
epoch: 106/4000
epoch: 107/4000
epoch: 108/4000
epoch: 109/4000
epoch: 110/4000
epoch: 111/4000
epoch: 112/4000
epoch: 113/4000
epoch: 114/4000
epoch: 115/4000
epoch: 116/4000
epoch: 117/4000
epoch: 118/4000
epoch: 119/4000
epoch: 120/4000
epoch: 121/4000
epoch: 122/4000
epoch: 123/4000
epoch: 124/4000
epoch: 125/4000
epoch: 126/4000
epoch: 127/4000
epoch: 128/4000
epoch: 129/4000
epoch: 130/4000
epoch: 131/4000
epoch: 132/4000
epoch: 133/4000
epoch: 134/4000
epoch: 135/4000
epoch: 136/4000
epoch: 137/4000
epoch: 138/4000
epoch: 139/4000
epoch: 140/4000
epoch: 141/4000
epoch: 142/4000
epoch: 143/4000
epoch: 144/4000
epoch: 145/4000
epoch: 146/4000
epoch: 147/4000
epoch: 148/4000
epoch: 149/4000
epoch: 150/4000
epoch: 151/4000
epoch: 152/4000
epoch: 153/4000
epoch: 154/4000
epoch: 155/4000
epoch: 156/4000
epoch: 157/4000
epoch: 158/4000
epoch: 159/4000
epoch: 160/4000
epoch: 161/4000
epoch: 162/4000
epoch: 163/4000
epoch: 164/4000
epoch: 165/4000
epoch: 166/4000
epoch: 167/4000
epoch: 168/4000
epoch: 169/4000
epoch: 170/4000
epoch: 171/4000
epoch: 172/4000
epoch: 173/4000
epoch: 174/4000
epoch: 175/4000
epoch: 176/4000
epoch: 177/4000
epoch: 178/4000
epoch: 179/4000
epoch: 180/4000
epoch: 181/4000
epoch: 182/4000
epoch: 183/4000
epoch: 184/4000
epoch: 185/4000
epoch: 186/4000
epoch: 187/4000
epoch: 188/4000
epoch: 189/4000
epoch: 190/4000
epoch: 191/4000
epoch: 192/4000
epoch: 193/4000
epoch: 194/4000
epoch: 195/4000
epoch: 196/4000
epoch: 197/4000
epoch: 198/4000
epoch: 199/4000
Saving model to logs/2026-05-05-11-09-07/nn/model_200.pth
epoch: 200/4000
epoch: 201/4000
epoch: 202/4000
epoch: 203/4000
epoch: 204/4000
epoch: 205/4000
epoch: 206/4000
epoch: 207/4000
epoch: 208/4000
epoch: 209/4000
epoch: 210/4000
epoch: 211/4000
epoch: 212/4000
epoch: 213/4000
epoch: 214/4000
epoch: 215/4000
epoch: 216/4000
epoch: 217/4000
epoch: 218/4000
epoch: 219/4000
epoch: 220/4000
epoch: 221/4000
epoch: 222/4000
epoch: 223/4000
epoch: 224/4000
epoch: 225/4000
epoch: 226/4000
epoch: 227/4000
epoch: 228/4000
epoch: 229/4000
epoch: 230/4000
epoch: 231/4000
epoch: 232/4000
epoch: 233/4000
epoch: 234/4000
epoch: 235/4000
epoch: 236/4000
epoch: 237/4000
epoch: 238/4000
epoch: 239/4000
epoch: 240/4000
epoch: 241/4000
epoch: 242/4000
epoch: 243/4000
epoch: 244/4000
epoch: 245/4000
epoch: 246/4000
epoch: 247/4000
epoch: 248/4000
epoch: 249/4000
epoch: 250/4000
epoch: 251/4000
epoch: 252/4000
epoch: 253/4000
epoch: 254/4000
epoch: 255/4000
epoch: 256/4000
epoch: 257/4000
epoch: 258/4000
epoch: 259/4000
epoch: 260/4000
epoch: 261/4000
epoch: 262/4000
epoch: 263/4000
epoch: 264/4000
epoch: 265/4000
epoch: 266/4000
epoch: 267/4000
epoch: 268/4000
epoch: 269/4000
epoch: 270/4000
epoch: 271/4000
epoch: 272/4000
epoch: 273/4000
epoch: 274/4000
epoch: 275/4000
epoch: 276/4000
epoch: 277/4000
epoch: 278/4000
epoch: 279/4000
epoch: 280/4000
epoch: 281/4000
epoch: 282/4000
epoch: 283/4000
epoch: 284/4000
epoch: 285/4000
epoch: 286/4000
epoch: 287/4000
epoch: 288/4000
epoch: 289/4000
epoch: 290/4000
epoch: 291/4000
epoch: 292/4000
epoch: 293/4000
epoch: 294/4000
epoch: 295/4000
epoch: 296/4000
epoch: 297/4000
epoch: 298/4000
epoch: 299/4000
Saving model to logs/2026-05-05-11-09-07/nn/model_300.pth
epoch: 300/4000
epoch: 301/4000
epoch: 302/4000
epoch: 303/4000
epoch: 304/4000
epoch: 305/4000
epoch: 306/4000
epoch: 307/4000
epoch: 308/4000
epoch: 309/4000
epoch: 310/4000
epoch: 311/4000
epoch: 312/4000
epoch: 313/4000
epoch: 314/4000
epoch: 315/4000
epoch: 316/4000
epoch: 317/4000
epoch: 318/4000
epoch: 319/4000
epoch: 320/4000
epoch: 321/4000
epoch: 322/4000
epoch: 323/4000
epoch: 324/4000
epoch: 325/4000
epoch: 326/4000
epoch: 327/4000
epoch: 328/4000
epoch: 329/4000
epoch: 330/4000
epoch: 331/4000
epoch: 332/4000
epoch: 333/4000
epoch: 334/4000
epoch: 335/4000
epoch: 336/4000
epoch: 337/4000
epoch: 338/4000
epoch: 339/4000
epoch: 340/4000
epoch: 341/4000
epoch: 342/4000
epoch: 343/4000
epoch: 344/4000
epoch: 345/4000
epoch: 346/4000
epoch: 347/4000
epoch: 348/4000
epoch: 349/4000
epoch: 350/4000
epoch: 351/4000
epoch: 352/4000
epoch: 353/4000
epoch: 354/4000
epoch: 355/4000
epoch: 356/4000
epoch: 357/4000
epoch: 358/4000
epoch: 359/4000
epoch: 360/4000
epoch: 361/4000
epoch: 362/4000
epoch: 363/4000
epoch: 364/4000
epoch: 365/4000
epoch: 366/4000
epoch: 367/4000
epoch: 368/4000
epoch: 369/4000
epoch: 370/4000
epoch: 371/4000
epoch: 372/4000
epoch: 373/4000
epoch: 374/4000
epoch: 375/4000
epoch: 376/4000
epoch: 377/4000
epoch: 378/4000
epoch: 379/4000
epoch: 380/4000
epoch: 381/4000
epoch: 382/4000
epoch: 383/4000
epoch: 384/4000
epoch: 385/4000
epoch: 386/4000
epoch: 387/4000
epoch: 388/4000
epoch: 389/4000
epoch: 390/4000
epoch: 391/4000
epoch: 392/4000
epoch: 393/4000
epoch: 394/4000
epoch: 395/4000
epoch: 396/4000
epoch: 397/4000
epoch: 398/4000
epoch: 399/4000
Saving model to logs/2026-05-05-11-09-07/nn/model_400.pth
epoch: 400/4000
epoch: 401/4000
epoch: 402/4000
epoch: 403/4000
epoch: 404/4000
epoch: 405/4000
epoch: 406/4000
epoch: 407/4000
epoch: 408/4000
epoch: 409/4000
epoch: 410/4000
epoch: 411/4000
epoch: 412/4000
epoch: 413/4000
epoch: 414/4000
epoch: 415/4000
epoch: 416/4000
epoch: 417/4000
epoch: 418/4000
epoch: 419/4000
epoch: 420/4000
epoch: 421/4000
epoch: 422/4000
epoch: 423/4000
epoch: 424/4000
epoch: 425/4000
epoch: 426/4000
epoch: 427/4000
epoch: 428/4000
epoch: 429/4000
epoch: 430/4000
epoch: 431/4000
epoch: 432/4000
epoch: 433/4000
epoch: 434/4000
epoch: 435/4000
epoch: 436/4000
epoch: 437/4000
epoch: 438/4000
epoch: 439/4000
epoch: 440/4000
epoch: 441/4000
epoch: 442/4000
epoch: 443/4000
epoch: 444/4000
epoch: 445/4000
epoch: 446/4000
epoch: 447/4000
epoch: 448/4000
epoch: 449/4000
epoch: 450/4000
epoch: 451/4000
epoch: 452/4000
epoch: 453/4000
epoch: 454/4000
epoch: 455/4000
epoch: 456/4000
epoch: 457/4000
epoch: 458/4000
epoch: 459/4000
epoch: 460/4000
epoch: 461/4000
epoch: 462/4000
epoch: 463/4000
epoch: 464/4000
epoch: 465/4000
epoch: 466/4000
epoch: 467/4000
epoch: 468/4000
epoch: 469/4000
epoch: 470/4000
epoch: 471/4000
epoch: 472/4000
epoch: 473/4000
epoch: 474/4000
epoch: 475/4000
epoch: 476/4000
epoch: 477/4000
epoch: 478/4000
epoch: 479/4000
epoch: 480/4000
epoch: 481/4000
epoch: 482/4000
epoch: 483/4000
epoch: 484/4000
epoch: 485/4000
epoch: 486/4000
epoch: 487/4000
epoch: 488/4000
epoch: 489/4000
epoch: 490/4000
epoch: 491/4000
epoch: 492/4000
epoch: 493/4000
epoch: 494/4000
epoch: 495/4000
epoch: 496/4000
epoch: 497/4000
epoch: 498/4000
epoch: 499/4000
Saving model to logs/2026-05-05-11-09-07/nn/model_500.pth
epoch: 500/4000
epoch: 501/4000
epoch: 502/4000
epoch: 503/4000
epoch: 504/4000
epoch: 505/4000
epoch: 506/4000
epoch: 507/4000
epoch: 508/4000
epoch: 509/4000
epoch: 510/4000
epoch: 511/4000
epoch: 512/4000
epoch: 513/4000
epoch: 514/4000
epoch: 515/4000
epoch: 516/4000
epoch: 517/4000
epoch: 518/4000
epoch: 519/4000
epoch: 520/4000
epoch: 521/4000
epoch: 522/4000
epoch: 523/4000
epoch: 524/4000
epoch: 525/4000
epoch: 526/4000
epoch: 527/4000
epoch: 528/4000
epoch: 529/4000
epoch: 530/4000
epoch: 531/4000
epoch: 532/4000
epoch: 533/4000
epoch: 534/4000
epoch: 535/4000
epoch: 536/4000
epoch: 537/4000
epoch: 538/4000
epoch: 539/4000
epoch: 540/4000
epoch: 541/4000
epoch: 542/4000
epoch: 543/4000
epoch: 544/4000
epoch: 545/4000
epoch: 546/4000
epoch: 547/4000
epoch: 548/4000
epoch: 549/4000
epoch: 550/4000
epoch: 551/4000
epoch: 552/4000
epoch: 553/4000
epoch: 554/4000
epoch: 555/4000
epoch: 556/4000
epoch: 557/4000
epoch: 558/4000
epoch: 559/4000
epoch: 560/4000
epoch: 561/4000
epoch: 562/4000
epoch: 563/4000
epoch: 564/4000
epoch: 565/4000
epoch: 566/4000
epoch: 567/4000
epoch: 568/4000
epoch: 569/4000
epoch: 570/4000
epoch: 571/4000
epoch: 572/4000
epoch: 573/4000
epoch: 574/4000
epoch: 575/4000
epoch: 576/4000
epoch: 577/4000
epoch: 578/4000
epoch: 579/4000
epoch: 580/4000
epoch: 581/4000
epoch: 582/4000
epoch: 583/4000
epoch: 584/4000
epoch: 585/4000
epoch: 586/4000
epoch: 587/4000
epoch: 588/4000
epoch: 589/4000
epoch: 590/4000
epoch: 591/4000
epoch: 592/4000
epoch: 593/4000
epoch: 594/4000
epoch: 595/4000
epoch: 596/4000
epoch: 597/4000
epoch: 598/4000
epoch: 599/4000
Saving model to logs/2026-05-05-11-09-07/nn/model_600.pth
epoch: 600/4000
epoch: 601/4000
epoch: 602/4000
epoch: 603/4000
epoch: 604/4000
epoch: 605/4000
epoch: 606/4000
epoch: 607/4000
epoch: 608/4000
epoch: 609/4000
epoch: 610/4000
epoch: 611/4000
epoch: 612/4000
epoch: 613/4000
epoch: 614/4000
epoch: 615/4000
epoch: 616/4000
epoch: 617/4000
epoch: 618/4000
epoch: 619/4000
epoch: 620/4000
epoch: 621/4000
epoch: 622/4000
epoch: 623/4000
epoch: 624/4000
epoch: 625/4000
epoch: 626/4000
epoch: 627/4000
epoch: 628/4000
epoch: 629/4000
epoch: 630/4000
epoch: 631/4000
epoch: 632/4000
epoch: 633/4000
epoch: 634/4000
epoch: 635/4000
epoch: 636/4000
epoch: 637/4000
epoch: 638/4000
epoch: 639/4000
epoch: 640/4000
epoch: 641/4000
epoch: 642/4000
epoch: 643/4000
epoch: 644/4000
epoch: 645/4000
epoch: 646/4000
epoch: 647/4000
epoch: 648/4000
epoch: 649/4000
epoch: 650/4000
epoch: 651/4000
epoch: 652/4000
epoch: 653/4000
epoch: 654/4000
epoch: 655/4000
epoch: 656/4000
epoch: 657/4000
epoch: 658/4000
epoch: 659/4000
epoch: 660/4000
epoch: 661/4000
epoch: 662/4000
epoch: 663/4000
epoch: 664/4000
epoch: 665/4000
epoch: 666/4000
epoch: 667/4000
epoch: 668/4000
epoch: 669/4000
epoch: 670/4000
epoch: 671/4000
epoch: 672/4000
epoch: 673/4000
epoch: 674/4000
epoch: 675/4000
epoch: 676/4000
epoch: 677/4000
epoch: 678/4000
epoch: 679/4000
epoch: 680/4000
epoch: 681/4000
epoch: 682/4000
epoch: 683/4000
epoch: 684/4000
epoch: 685/4000
epoch: 686/4000
epoch: 687/4000
epoch: 688/4000
epoch: 689/4000
epoch: 690/4000
epoch: 691/4000
epoch: 692/4000
epoch: 693/4000
epoch: 694/4000
epoch: 695/4000
epoch: 696/4000
epoch: 697/4000
epoch: 698/4000
epoch: 699/4000
Saving model to logs/2026-05-05-11-09-07/nn/model_700.pth
epoch: 700/4000
epoch: 701/4000
epoch: 702/4000
epoch: 703/4000
epoch: 704/4000
epoch: 705/4000
epoch: 706/4000
epoch: 707/4000
epoch: 708/4000
epoch: 709/4000
epoch: 710/4000
epoch: 711/4000
epoch: 712/4000
epoch: 713/4000
epoch: 714/4000
epoch: 715/4000
epoch: 716/4000
epoch: 717/4000
epoch: 718/4000
epoch: 719/4000
epoch: 720/4000
epoch: 721/4000
epoch: 722/4000
epoch: 723/4000
epoch: 724/4000
epoch: 725/4000
epoch: 726/4000
epoch: 727/4000
epoch: 728/4000
epoch: 729/4000
epoch: 730/4000
epoch: 731/4000
epoch: 732/4000
epoch: 733/4000
epoch: 734/4000
epoch: 735/4000
epoch: 736/4000
epoch: 737/4000
epoch: 738/4000
epoch: 739/4000
epoch: 740/4000
epoch: 741/4000
epoch: 742/4000
epoch: 743/4000
epoch: 744/4000
epoch: 745/4000
epoch: 746/4000
epoch: 747/4000
epoch: 748/4000
epoch: 749/4000
epoch: 750/4000
epoch: 751/4000
epoch: 752/4000
epoch: 753/4000
epoch: 754/4000
epoch: 755/4000
epoch: 756/4000
epoch: 757/4000
epoch: 758/4000
epoch: 759/4000
epoch: 760/4000
epoch: 761/4000
epoch: 762/4000
epoch: 763/4000
epoch: 764/4000
epoch: 765/4000
epoch: 766/4000
epoch: 767/4000
epoch: 768/4000
epoch: 769/4000
epoch: 770/4000
epoch: 771/4000
epoch: 772/4000
epoch: 773/4000
epoch: 774/4000
epoch: 775/4000
epoch: 776/4000
epoch: 777/4000
epoch: 778/4000
epoch: 779/4000
epoch: 780/4000
epoch: 781/4000
epoch: 782/4000
epoch: 783/4000
epoch: 784/4000
epoch: 785/4000
epoch: 786/4000
epoch: 787/4000
epoch: 788/4000
epoch: 789/4000
epoch: 790/4000
epoch: 791/4000
epoch: 792/4000
epoch: 793/4000
epoch: 794/4000
epoch: 795/4000
epoch: 796/4000
epoch: 797/4000
epoch: 798/4000
epoch: 799/4000
Saving model to logs/2026-05-05-11-09-07/nn/model_800.pth
epoch: 800/4000
epoch: 801/4000
epoch: 802/4000
epoch: 803/4000
epoch: 804/4000
epoch: 805/4000
epoch: 806/4000
epoch: 807/4000
epoch: 808/4000
epoch: 809/4000
epoch: 810/4000
epoch: 811/4000
epoch: 812/4000
epoch: 813/4000
epoch: 814/4000
epoch: 815/4000
epoch: 816/4000
epoch: 817/4000
epoch: 818/4000
epoch: 819/4000
epoch: 820/4000
epoch: 821/4000
epoch: 822/4000
epoch: 823/4000
epoch: 824/4000
epoch: 825/4000
epoch: 826/4000
epoch: 827/4000
epoch: 828/4000
epoch: 829/4000
epoch: 830/4000
epoch: 831/4000
epoch: 832/4000
epoch: 833/4000
epoch: 834/4000
epoch: 835/4000
epoch: 836/4000
epoch: 837/4000
epoch: 838/4000
epoch: 839/4000
epoch: 840/4000
epoch: 841/4000
epoch: 842/4000
epoch: 843/4000
epoch: 844/4000
epoch: 845/4000
epoch: 846/4000
epoch: 847/4000
epoch: 848/4000
epoch: 849/4000
epoch: 850/4000
epoch: 851/4000
epoch: 852/4000
epoch: 853/4000
epoch: 854/4000
epoch: 855/4000
epoch: 856/4000
epoch: 857/4000
epoch: 858/4000
epoch: 859/4000
epoch: 860/4000
epoch: 861/4000
epoch: 862/4000
epoch: 863/4000
epoch: 864/4000
epoch: 865/4000
epoch: 866/4000
epoch: 867/4000
epoch: 868/4000
epoch: 869/4000
epoch: 870/4000
epoch: 871/4000
epoch: 872/4000
epoch: 873/4000
epoch: 874/4000
epoch: 875/4000
epoch: 876/4000
epoch: 877/4000
epoch: 878/4000
epoch: 879/4000
epoch: 880/4000
epoch: 881/4000
epoch: 882/4000
epoch: 883/4000
epoch: 884/4000
epoch: 885/4000
epoch: 886/4000
epoch: 887/4000
epoch: 888/4000
epoch: 889/4000
epoch: 890/4000
epoch: 891/4000
epoch: 892/4000
epoch: 893/4000
epoch: 894/4000
epoch: 895/4000
epoch: 896/4000
epoch: 897/4000
epoch: 898/4000
epoch: 899/4000
Saving model to logs/2026-05-05-11-09-07/nn/model_900.pth
epoch: 900/4000
epoch: 901/4000
epoch: 902/4000
epoch: 903/4000
epoch: 904/4000
epoch: 905/4000
epoch: 906/4000
epoch: 907/4000
epoch: 908/4000
epoch: 909/4000
epoch: 910/4000
epoch: 911/4000
epoch: 912/4000
epoch: 913/4000
epoch: 914/4000
epoch: 915/4000
epoch: 916/4000
epoch: 917/4000
epoch: 918/4000
epoch: 919/4000
epoch: 920/4000
epoch: 921/4000
epoch: 922/4000
epoch: 923/4000
epoch: 924/4000
epoch: 925/4000
epoch: 926/4000
epoch: 927/4000
epoch: 928/4000
epoch: 929/4000
epoch: 930/4000
epoch: 931/4000
epoch: 932/4000
epoch: 933/4000
epoch: 934/4000
epoch: 935/4000
epoch: 936/4000
epoch: 937/4000
epoch: 938/4000
epoch: 939/4000
epoch: 940/4000
epoch: 941/4000
epoch: 942/4000
epoch: 943/4000
epoch: 944/4000
epoch: 945/4000
epoch: 946/4000
epoch: 947/4000
epoch: 948/4000
epoch: 949/4000
epoch: 950/4000
epoch: 951/4000
epoch: 952/4000
epoch: 953/4000
epoch: 954/4000
epoch: 955/4000
epoch: 956/4000
epoch: 957/4000
epoch: 958/4000
epoch: 959/4000
epoch: 960/4000
epoch: 961/4000
epoch: 962/4000
epoch: 963/4000
epoch: 964/4000
epoch: 965/4000
epoch: 966/4000
epoch: 967/4000
epoch: 968/4000
epoch: 969/4000
epoch: 970/4000
epoch: 971/4000
epoch: 972/4000
epoch: 973/4000
epoch: 974/4000
epoch: 975/4000
epoch: 976/4000
epoch: 977/4000
epoch: 978/4000
epoch: 979/4000
epoch: 980/4000
epoch: 981/4000
epoch: 982/4000
epoch: 983/4000
epoch: 984/4000
epoch: 985/4000
epoch: 986/4000
epoch: 987/4000
epoch: 988/4000
epoch: 989/4000
epoch: 990/4000
epoch: 991/4000
epoch: 992/4000
epoch: 993/4000
epoch: 994/4000
epoch: 995/4000
epoch: 996/4000
epoch: 997/4000
epoch: 998/4000
epoch: 999/4000
Saving model to logs/2026-05-05-11-09-07/nn/model_1000.pth
epoch: 1000/4000
epoch: 1001/4000
epoch: 1002/4000
epoch: 1003/4000
epoch: 1004/4000
epoch: 1005/4000
epoch: 1006/4000
epoch: 1007/4000
epoch: 1008/4000
epoch: 1009/4000
epoch: 1010/4000
epoch: 1011/4000
epoch: 1012/4000
epoch: 1013/4000
epoch: 1014/4000
epoch: 1015/4000
epoch: 1016/4000
epoch: 1017/4000
epoch: 1018/4000
epoch: 1019/4000
epoch: 1020/4000
epoch: 1021/4000
epoch: 1022/4000
epoch: 1023/4000
epoch: 1024/4000
epoch: 1025/4000
epoch: 1026/4000
epoch: 1027/4000
epoch: 1028/4000
epoch: 1029/4000
epoch: 1030/4000
epoch: 1031/4000
epoch: 1032/4000
epoch: 1033/4000
epoch: 1034/4000
epoch: 1035/4000
epoch: 1036/4000
epoch: 1037/4000
epoch: 1038/4000
epoch: 1039/4000
epoch: 1040/4000
epoch: 1041/4000
epoch: 1042/4000
epoch: 1043/4000
epoch: 1044/4000
epoch: 1045/4000
epoch: 1046/4000
epoch: 1047/4000
epoch: 1048/4000
epoch: 1049/4000
epoch: 1050/4000
epoch: 1051/4000
epoch: 1052/4000
epoch: 1053/4000
epoch: 1054/4000
epoch: 1055/4000
epoch: 1056/4000
epoch: 1057/4000
epoch: 1058/4000
epoch: 1059/4000
epoch: 1060/4000
epoch: 1061/4000
epoch: 1062/4000
epoch: 1063/4000
epoch: 1064/4000
epoch: 1065/4000
epoch: 1066/4000
epoch: 1067/4000
epoch: 1068/4000
epoch: 1069/4000
epoch: 1070/4000
epoch: 1071/4000
epoch: 1072/4000
epoch: 1073/4000
epoch: 1074/4000
epoch: 1075/4000
epoch: 1076/4000
epoch: 1077/4000
epoch: 1078/4000
epoch: 1079/4000
epoch: 1080/4000
epoch: 1081/4000
epoch: 1082/4000
epoch: 1083/4000
epoch: 1084/4000
epoch: 1085/4000
epoch: 1086/4000
epoch: 1087/4000
epoch: 1088/4000
epoch: 1089/4000
epoch: 1090/4000
epoch: 1091/4000
epoch: 1092/4000
epoch: 1093/4000
epoch: 1094/4000
epoch: 1095/4000
epoch: 1096/4000
epoch: 1097/4000
epoch: 1098/4000
epoch: 1099/4000
Saving model to logs/2026-05-05-11-09-07/nn/model_1100.pth
epoch: 1100/4000
epoch: 1101/4000
epoch: 1102/4000
epoch: 1103/4000
epoch: 1104/4000
epoch: 1105/4000
epoch: 1106/4000
epoch: 1107/4000
epoch: 1108/4000
epoch: 1109/4000
epoch: 1110/4000
epoch: 1111/4000
epoch: 1112/4000
epoch: 1113/4000
epoch: 1114/4000
epoch: 1115/4000
epoch: 1116/4000
epoch: 1117/4000
epoch: 1118/4000
epoch: 1119/4000
epoch: 1120/4000
epoch: 1121/4000
epoch: 1122/4000
epoch: 1123/4000
epoch: 1124/4000
epoch: 1125/4000
epoch: 1126/4000
epoch: 1127/4000
epoch: 1128/4000
epoch: 1129/4000
epoch: 1130/4000
epoch: 1131/4000
epoch: 1132/4000
epoch: 1133/4000
epoch: 1134/4000
epoch: 1135/4000
epoch: 1136/4000
epoch: 1137/4000
epoch: 1138/4000
epoch: 1139/4000
epoch: 1140/4000
epoch: 1141/4000
epoch: 1142/4000
epoch: 1143/4000
epoch: 1144/4000
epoch: 1145/4000
epoch: 1146/4000
epoch: 1147/4000
epoch: 1148/4000
epoch: 1149/4000
epoch: 1150/4000
epoch: 1151/4000
epoch: 1152/4000
epoch: 1153/4000
epoch: 1154/4000
epoch: 1155/4000
epoch: 1156/4000
epoch: 1157/4000
epoch: 1158/4000
epoch: 1159/4000
epoch: 1160/4000
epoch: 1161/4000
epoch: 1162/4000
epoch: 1163/4000
epoch: 1164/4000
epoch: 1165/4000
epoch: 1166/4000
epoch: 1167/4000
epoch: 1168/4000
epoch: 1169/4000
epoch: 1170/4000
epoch: 1171/4000
epoch: 1172/4000
epoch: 1173/4000
epoch: 1174/4000
epoch: 1175/4000
epoch: 1176/4000
epoch: 1177/4000
epoch: 1178/4000
epoch: 1179/4000
epoch: 1180/4000
epoch: 1181/4000
epoch: 1182/4000
epoch: 1183/4000
epoch: 1184/4000
epoch: 1185/4000
epoch: 1186/4000
epoch: 1187/4000
epoch: 1188/4000
epoch: 1189/4000
epoch: 1190/4000
epoch: 1191/4000
epoch: 1192/4000
epoch: 1193/4000
epoch: 1194/4000
epoch: 1195/4000
epoch: 1196/4000
epoch: 1197/4000
epoch: 1198/4000
epoch: 1199/4000
Saving model to logs/2026-05-05-11-09-07/nn/model_1200.pth
epoch: 1200/4000
epoch: 1201/4000
epoch: 1202/4000
epoch: 1203/4000
epoch: 1204/4000
epoch: 1205/4000
epoch: 1206/4000
epoch: 1207/4000
epoch: 1208/4000
epoch: 1209/4000
epoch: 1210/4000
epoch: 1211/4000
epoch: 1212/4000
epoch: 1213/4000
epoch: 1214/4000
epoch: 1215/4000
epoch: 1216/4000
epoch: 1217/4000
epoch: 1218/4000
epoch: 1219/4000
epoch: 1220/4000
epoch: 1221/4000
epoch: 1222/4000
epoch: 1223/4000
epoch: 1224/4000
epoch: 1225/4000
epoch: 1226/4000
epoch: 1227/4000
epoch: 1228/4000
epoch: 1229/4000
epoch: 1230/4000
epoch: 1231/4000
epoch: 1232/4000
epoch: 1233/4000
epoch: 1234/4000
epoch: 1235/4000
epoch: 1236/4000
epoch: 1237/4000
epoch: 1238/4000
epoch: 1239/4000
epoch: 1240/4000
epoch: 1241/4000
epoch: 1242/4000
epoch: 1243/4000
epoch: 1244/4000
epoch: 1245/4000
epoch: 1246/4000
epoch: 1247/4000
epoch: 1248/4000
epoch: 1249/4000
epoch: 1250/4000
epoch: 1251/4000
epoch: 1252/4000
epoch: 1253/4000
epoch: 1254/4000
epoch: 1255/4000
epoch: 1256/4000
epoch: 1257/4000
epoch: 1258/4000
epoch: 1259/4000
epoch: 1260/4000
epoch: 1261/4000
epoch: 1262/4000
epoch: 1263/4000
epoch: 1264/4000
epoch: 1265/4000
epoch: 1266/4000
epoch: 1267/4000
epoch: 1268/4000
epoch: 1269/4000
epoch: 1270/4000
epoch: 1271/4000
epoch: 1272/4000
epoch: 1273/4000
epoch: 1274/4000
epoch: 1275/4000
epoch: 1276/4000
epoch: 1277/4000
epoch: 1278/4000
epoch: 1279/4000
epoch: 1280/4000
epoch: 1281/4000
epoch: 1282/4000
epoch: 1283/4000
epoch: 1284/4000
epoch: 1285/4000
epoch: 1286/4000
epoch: 1287/4000
epoch: 1288/4000
epoch: 1289/4000
epoch: 1290/4000
epoch: 1291/4000
epoch: 1292/4000
epoch: 1293/4000
epoch: 1294/4000
epoch: 1295/4000
epoch: 1296/4000
epoch: 1297/4000
epoch: 1298/4000
epoch: 1299/4000
Saving model to logs/2026-05-05-11-09-07/nn/model_1300.pth
epoch: 1300/4000
epoch: 1301/4000
epoch: 1302/4000
epoch: 1303/4000
epoch: 1304/4000
epoch: 1305/4000
epoch: 1306/4000
epoch: 1307/4000
epoch: 1308/4000
epoch: 1309/4000
epoch: 1310/4000
epoch: 1311/4000
epoch: 1312/4000
epoch: 1313/4000
epoch: 1314/4000
epoch: 1315/4000
epoch: 1316/4000
epoch: 1317/4000
epoch: 1318/4000
epoch: 1319/4000
epoch: 1320/4000
epoch: 1321/4000
epoch: 1322/4000
epoch: 1323/4000
epoch: 1324/4000
epoch: 1325/4000
epoch: 1326/4000
epoch: 1327/4000
epoch: 1328/4000
epoch: 1329/4000
epoch: 1330/4000
epoch: 1331/4000
epoch: 1332/4000
epoch: 1333/4000
epoch: 1334/4000
epoch: 1335/4000
epoch: 1336/4000
epoch: 1337/4000
epoch: 1338/4000
epoch: 1339/4000
epoch: 1340/4000
epoch: 1341/4000
epoch: 1342/4000
epoch: 1343/4000
epoch: 1344/4000
epoch: 1345/4000
epoch: 1346/4000
epoch: 1347/4000
epoch: 1348/4000
epoch: 1349/4000
epoch: 1350/4000
epoch: 1351/4000
epoch: 1352/4000
epoch: 1353/4000
epoch: 1354/4000
epoch: 1355/4000
epoch: 1356/4000
epoch: 1357/4000
epoch: 1358/4000
epoch: 1359/4000
epoch: 1360/4000
epoch: 1361/4000
epoch: 1362/4000
epoch: 1363/4000
epoch: 1364/4000
epoch: 1365/4000
epoch: 1366/4000
epoch: 1367/4000
epoch: 1368/4000
epoch: 1369/4000
epoch: 1370/4000
epoch: 1371/4000
epoch: 1372/4000
epoch: 1373/4000
epoch: 1374/4000
epoch: 1375/4000
epoch: 1376/4000
epoch: 1377/4000
epoch: 1378/4000
epoch: 1379/4000
epoch: 1380/4000
epoch: 1381/4000
epoch: 1382/4000
epoch: 1383/4000
epoch: 1384/4000
epoch: 1385/4000
epoch: 1386/4000
epoch: 1387/4000
epoch: 1388/4000
epoch: 1389/4000
epoch: 1390/4000
epoch: 1391/4000
epoch: 1392/4000
epoch: 1393/4000
epoch: 1394/4000
epoch: 1395/4000
epoch: 1396/4000
epoch: 1397/4000
epoch: 1398/4000
epoch: 1399/4000
Saving model to logs/2026-05-05-11-09-07/nn/model_1400.pth
epoch: 1400/4000
epoch: 1401/4000
epoch: 1402/4000
epoch: 1403/4000
epoch: 1404/4000
epoch: 1405/4000
epoch: 1406/4000
epoch: 1407/4000
epoch: 1408/4000
epoch: 1409/4000
epoch: 1410/4000
epoch: 1411/4000
epoch: 1412/4000
epoch: 1413/4000
epoch: 1414/4000
epoch: 1415/4000
epoch: 1416/4000
epoch: 1417/4000
epoch: 1418/4000
epoch: 1419/4000
epoch: 1420/4000
epoch: 1421/4000
epoch: 1422/4000
epoch: 1423/4000
epoch: 1424/4000
epoch: 1425/4000
epoch: 1426/4000
epoch: 1427/4000
epoch: 1428/4000
epoch: 1429/4000
epoch: 1430/4000
epoch: 1431/4000
epoch: 1432/4000
epoch: 1433/4000
epoch: 1434/4000
epoch: 1435/4000
epoch: 1436/4000
epoch: 1437/4000
epoch: 1438/4000
epoch: 1439/4000
epoch: 1440/4000
epoch: 1441/4000
epoch: 1442/4000
epoch: 1443/4000
epoch: 1444/4000
epoch: 1445/4000
epoch: 1446/4000
epoch: 1447/4000
epoch: 1448/4000
epoch: 1449/4000
epoch: 1450/4000
epoch: 1451/4000
epoch: 1452/4000
epoch: 1453/4000
epoch: 1454/4000
epoch: 1455/4000
epoch: 1456/4000
epoch: 1457/4000
epoch: 1458/4000
epoch: 1459/4000
epoch: 1460/4000
epoch: 1461/4000
epoch: 1462/4000
epoch: 1463/4000
epoch: 1464/4000
epoch: 1465/4000
epoch: 1466/4000
epoch: 1467/4000
epoch: 1468/4000
epoch: 1469/4000
epoch: 1470/4000
epoch: 1471/4000
epoch: 1472/4000
epoch: 1473/4000
epoch: 1474/4000
epoch: 1475/4000
epoch: 1476/4000
epoch: 1477/4000
epoch: 1478/4000
epoch: 1479/4000
epoch: 1480/4000
epoch: 1481/4000
epoch: 1482/4000
epoch: 1483/4000
epoch: 1484/4000
epoch: 1485/4000
epoch: 1486/4000
epoch: 1487/4000
epoch: 1488/4000
epoch: 1489/4000
epoch: 1490/4000
epoch: 1491/4000
epoch: 1492/4000
epoch: 1493/4000
epoch: 1494/4000
epoch: 1495/4000
epoch: 1496/4000
epoch: 1497/4000
epoch: 1498/4000
epoch: 1499/4000
Saving model to logs/2026-05-05-11-09-07/nn/model_1500.pth
epoch: 1500/4000
epoch: 1501/4000
epoch: 1502/4000
epoch: 1503/4000
epoch: 1504/4000
epoch: 1505/4000
epoch: 1506/4000
epoch: 1507/4000
epoch: 1508/4000
epoch: 1509/4000
epoch: 1510/4000
epoch: 1511/4000
epoch: 1512/4000
epoch: 1513/4000
epoch: 1514/4000
epoch: 1515/4000
epoch: 1516/4000
epoch: 1517/4000
epoch: 1518/4000
epoch: 1519/4000
epoch: 1520/4000
epoch: 1521/4000
epoch: 1522/4000
epoch: 1523/4000
epoch: 1524/4000
epoch: 1525/4000
epoch: 1526/4000
epoch: 1527/4000
epoch: 1528/4000
epoch: 1529/4000
epoch: 1530/4000
epoch: 1531/4000
epoch: 1532/4000
epoch: 1533/4000
epoch: 1534/4000
epoch: 1535/4000
epoch: 1536/4000
epoch: 1537/4000
epoch: 1538/4000
epoch: 1539/4000
epoch: 1540/4000
epoch: 1541/4000
epoch: 1542/4000
epoch: 1543/4000
epoch: 1544/4000
epoch: 1545/4000
epoch: 1546/4000
epoch: 1547/4000
epoch: 1548/4000
epoch: 1549/4000
epoch: 1550/4000
epoch: 1551/4000
epoch: 1552/4000
epoch: 1553/4000
epoch: 1554/4000
epoch: 1555/4000
epoch: 1556/4000
epoch: 1557/4000
epoch: 1558/4000
epoch: 1559/4000
epoch: 1560/4000
epoch: 1561/4000
epoch: 1562/4000
epoch: 1563/4000
epoch: 1564/4000
epoch: 1565/4000
epoch: 1566/4000
epoch: 1567/4000
epoch: 1568/4000
epoch: 1569/4000
epoch: 1570/4000
epoch: 1571/4000
epoch: 1572/4000
epoch: 1573/4000
epoch: 1574/4000
epoch: 1575/4000
epoch: 1576/4000
epoch: 1577/4000
epoch: 1578/4000
epoch: 1579/4000
epoch: 1580/4000
epoch: 1581/4000
epoch: 1582/4000
epoch: 1583/4000
epoch: 1584/4000
epoch: 1585/4000
epoch: 1586/4000
epoch: 1587/4000
epoch: 1588/4000
epoch: 1589/4000
epoch: 1590/4000
epoch: 1591/4000
epoch: 1592/4000
epoch: 1593/4000
epoch: 1594/4000
epoch: 1595/4000
epoch: 1596/4000
epoch: 1597/4000
epoch: 1598/4000
epoch: 1599/4000
Saving model to logs/2026-05-05-11-09-07/nn/model_1600.pth
epoch: 1600/4000
epoch: 1601/4000
epoch: 1602/4000
epoch: 1603/4000
epoch: 1604/4000
epoch: 1605/4000
epoch: 1606/4000
epoch: 1607/4000
epoch: 1608/4000
epoch: 1609/4000
epoch: 1610/4000
epoch: 1611/4000
epoch: 1612/4000
epoch: 1613/4000
epoch: 1614/4000
epoch: 1615/4000
epoch: 1616/4000
epoch: 1617/4000
epoch: 1618/4000
epoch: 1619/4000
epoch: 1620/4000
epoch: 1621/4000
epoch: 1622/4000
epoch: 1623/4000
epoch: 1624/4000
epoch: 1625/4000
epoch: 1626/4000
epoch: 1627/4000
epoch: 1628/4000
epoch: 1629/4000
epoch: 1630/4000
epoch: 1631/4000
epoch: 1632/4000
epoch: 1633/4000
epoch: 1634/4000
epoch: 1635/4000
epoch: 1636/4000
epoch: 1637/4000
epoch: 1638/4000
epoch: 1639/4000
epoch: 1640/4000
epoch: 1641/4000
epoch: 1642/4000
epoch: 1643/4000
epoch: 1644/4000
epoch: 1645/4000
epoch: 1646/4000
epoch: 1647/4000
epoch: 1648/4000
epoch: 1649/4000
epoch: 1650/4000
epoch: 1651/4000
epoch: 1652/4000
epoch: 1653/4000
epoch: 1654/4000
epoch: 1655/4000
epoch: 1656/4000
epoch: 1657/4000
epoch: 1658/4000
epoch: 1659/4000
epoch: 1660/4000
epoch: 1661/4000
epoch: 1662/4000
epoch: 1663/4000
epoch: 1664/4000
epoch: 1665/4000
epoch: 1666/4000
epoch: 1667/4000
epoch: 1668/4000
epoch: 1669/4000
epoch: 1670/4000
epoch: 1671/4000
epoch: 1672/4000
epoch: 1673/4000
epoch: 1674/4000
epoch: 1675/4000
epoch: 1676/4000
epoch: 1677/4000
epoch: 1678/4000
epoch: 1679/4000
epoch: 1680/4000
epoch: 1681/4000
epoch: 1682/4000
epoch: 1683/4000
epoch: 1684/4000
epoch: 1685/4000
epoch: 1686/4000
epoch: 1687/4000
epoch: 1688/4000
epoch: 1689/4000
epoch: 1690/4000
epoch: 1691/4000
epoch: 1692/4000
epoch: 1693/4000
epoch: 1694/4000
epoch: 1695/4000
epoch: 1696/4000
epoch: 1697/4000
epoch: 1698/4000
epoch: 1699/4000
Saving model to logs/2026-05-05-11-09-07/nn/model_1700.pth
epoch: 1700/4000
epoch: 1701/4000
epoch: 1702/4000
epoch: 1703/4000
epoch: 1704/4000
epoch: 1705/4000
epoch: 1706/4000
epoch: 1707/4000
epoch: 1708/4000
epoch: 1709/4000
epoch: 1710/4000
epoch: 1711/4000
epoch: 1712/4000
epoch: 1713/4000
epoch: 1714/4000
epoch: 1715/4000
epoch: 1716/4000
epoch: 1717/4000
epoch: 1718/4000
epoch: 1719/4000
epoch: 1720/4000
epoch: 1721/4000
epoch: 1722/4000
epoch: 1723/4000
epoch: 1724/4000
epoch: 1725/4000
epoch: 1726/4000
epoch: 1727/4000
epoch: 1728/4000
epoch: 1729/4000
epoch: 1730/4000
epoch: 1731/4000
epoch: 1732/4000
epoch: 1733/4000
epoch: 1734/4000
epoch: 1735/4000
epoch: 1736/4000
epoch: 1737/4000
epoch: 1738/4000
epoch: 1739/4000
epoch: 1740/4000
epoch: 1741/4000
epoch: 1742/4000
epoch: 1743/4000
epoch: 1744/4000
epoch: 1745/4000
epoch: 1746/4000
epoch: 1747/4000
epoch: 1748/4000
epoch: 1749/4000
epoch: 1750/4000
epoch: 1751/4000
epoch: 1752/4000
epoch: 1753/4000
epoch: 1754/4000
epoch: 1755/4000
epoch: 1756/4000
epoch: 1757/4000
epoch: 1758/4000
epoch: 1759/4000
epoch: 1760/4000
epoch: 1761/4000
epoch: 1762/4000
epoch: 1763/4000
epoch: 1764/4000
epoch: 1765/4000
epoch: 1766/4000
epoch: 1767/4000
epoch: 1768/4000
epoch: 1769/4000
epoch: 1770/4000
epoch: 1771/4000
epoch: 1772/4000
epoch: 1773/4000
epoch: 1774/4000
epoch: 1775/4000
epoch: 1776/4000
epoch: 1777/4000
epoch: 1778/4000
epoch: 1779/4000
epoch: 1780/4000
epoch: 1781/4000
epoch: 1782/4000
epoch: 1783/4000
epoch: 1784/4000
epoch: 1785/4000
epoch: 1786/4000
epoch: 1787/4000
epoch: 1788/4000
epoch: 1789/4000
epoch: 1790/4000
epoch: 1791/4000
epoch: 1792/4000
epoch: 1793/4000
epoch: 1794/4000
epoch: 1795/4000
epoch: 1796/4000
epoch: 1797/4000
epoch: 1798/4000
epoch: 1799/4000
Saving model to logs/2026-05-05-11-09-07/nn/model_1800.pth
epoch: 1800/4000
epoch: 1801/4000
epoch: 1802/4000
epoch: 1803/4000
epoch: 1804/4000
epoch: 1805/4000
epoch: 1806/4000
epoch: 1807/4000
epoch: 1808/4000
epoch: 1809/4000
epoch: 1810/4000
epoch: 1811/4000
epoch: 1812/4000
epoch: 1813/4000
epoch: 1814/4000
epoch: 1815/4000
epoch: 1816/4000
epoch: 1817/4000
epoch: 1818/4000
epoch: 1819/4000
epoch: 1820/4000
epoch: 1821/4000
epoch: 1822/4000
epoch: 1823/4000
epoch: 1824/4000
epoch: 1825/4000
epoch: 1826/4000
epoch: 1827/4000
epoch: 1828/4000
epoch: 1829/4000
epoch: 1830/4000
epoch: 1831/4000
epoch: 1832/4000
epoch: 1833/4000
epoch: 1834/4000
epoch: 1835/4000
epoch: 1836/4000
epoch: 1837/4000
epoch: 1838/4000
epoch: 1839/4000
epoch: 1840/4000
epoch: 1841/4000
epoch: 1842/4000
epoch: 1843/4000
epoch: 1844/4000
epoch: 1845/4000
epoch: 1846/4000
epoch: 1847/4000
epoch: 1848/4000
epoch: 1849/4000
epoch: 1850/4000
epoch: 1851/4000
epoch: 1852/4000
epoch: 1853/4000
epoch: 1854/4000
epoch: 1855/4000
epoch: 1856/4000
epoch: 1857/4000
epoch: 1858/4000
epoch: 1859/4000
epoch: 1860/4000
epoch: 1861/4000
epoch: 1862/4000
epoch: 1863/4000
epoch: 1864/4000
epoch: 1865/4000
epoch: 1866/4000
epoch: 1867/4000
epoch: 1868/4000
epoch: 1869/4000
epoch: 1870/4000
epoch: 1871/4000
epoch: 1872/4000
epoch: 1873/4000
epoch: 1874/4000
epoch: 1875/4000
epoch: 1876/4000
epoch: 1877/4000
epoch: 1878/4000
epoch: 1879/4000
epoch: 1880/4000
epoch: 1881/4000
epoch: 1882/4000
epoch: 1883/4000
epoch: 1884/4000
epoch: 1885/4000
epoch: 1886/4000
epoch: 1887/4000
epoch: 1888/4000
epoch: 1889/4000
epoch: 1890/4000
epoch: 1891/4000
epoch: 1892/4000
epoch: 1893/4000
epoch: 1894/4000
epoch: 1895/4000
epoch: 1896/4000
epoch: 1897/4000
epoch: 1898/4000
epoch: 1899/4000
Saving model to logs/2026-05-05-11-09-07/nn/model_1900.pth
epoch: 1900/4000
epoch: 1901/4000
epoch: 1902/4000
epoch: 1903/4000
epoch: 1904/4000
epoch: 1905/4000
epoch: 1906/4000
epoch: 1907/4000
epoch: 1908/4000
epoch: 1909/4000
epoch: 1910/4000
epoch: 1911/4000
epoch: 1912/4000
epoch: 1913/4000
epoch: 1914/4000
epoch: 1915/4000
epoch: 1916/4000
epoch: 1917/4000
epoch: 1918/4000
epoch: 1919/4000
epoch: 1920/4000
epoch: 1921/4000
epoch: 1922/4000
epoch: 1923/4000
epoch: 1924/4000
epoch: 1925/4000
epoch: 1926/4000
epoch: 1927/4000
epoch: 1928/4000
epoch: 1929/4000
epoch: 1930/4000
epoch: 1931/4000
epoch: 1932/4000
epoch: 1933/4000
epoch: 1934/4000
epoch: 1935/4000
epoch: 1936/4000
epoch: 1937/4000
epoch: 1938/4000
epoch: 1939/4000
epoch: 1940/4000
epoch: 1941/4000
epoch: 1942/4000
epoch: 1943/4000
epoch: 1944/4000
epoch: 1945/4000
epoch: 1946/4000
epoch: 1947/4000
epoch: 1948/4000
epoch: 1949/4000
epoch: 1950/4000
epoch: 1951/4000
epoch: 1952/4000
epoch: 1953/4000
epoch: 1954/4000
epoch: 1955/4000
epoch: 1956/4000
epoch: 1957/4000
epoch: 1958/4000
epoch: 1959/4000
epoch: 1960/4000
epoch: 1961/4000
epoch: 1962/4000
epoch: 1963/4000
epoch: 1964/4000
epoch: 1965/4000
epoch: 1966/4000
epoch: 1967/4000
epoch: 1968/4000
epoch: 1969/4000
epoch: 1970/4000
epoch: 1971/4000
epoch: 1972/4000
epoch: 1973/4000
epoch: 1974/4000
epoch: 1975/4000
epoch: 1976/4000
epoch: 1977/4000
epoch: 1978/4000
epoch: 1979/4000
epoch: 1980/4000
epoch: 1981/4000
epoch: 1982/4000
epoch: 1983/4000
epoch: 1984/4000
epoch: 1985/4000
epoch: 1986/4000
epoch: 1987/4000
epoch: 1988/4000
epoch: 1989/4000
epoch: 1990/4000
epoch: 1991/4000
epoch: 1992/4000
epoch: 1993/4000
epoch: 1994/4000
epoch: 1995/4000
epoch: 1996/4000
epoch: 1997/4000
epoch: 1998/4000
epoch: 1999/4000
Saving model to logs/2026-05-05-11-09-07/nn/model_2000.pth
epoch: 2000/4000
epoch: 2001/4000
epoch: 2002/4000
epoch: 2003/4000
epoch: 2004/4000
epoch: 2005/4000
epoch: 2006/4000
epoch: 2007/4000
epoch: 2008/4000
epoch: 2009/4000
epoch: 2010/4000
epoch: 2011/4000
epoch: 2012/4000
epoch: 2013/4000
epoch: 2014/4000
epoch: 2015/4000
epoch: 2016/4000
epoch: 2017/4000
epoch: 2018/4000
epoch: 2019/4000
epoch: 2020/4000
epoch: 2021/4000
epoch: 2022/4000
epoch: 2023/4000
epoch: 2024/4000
epoch: 2025/4000
epoch: 2026/4000
epoch: 2027/4000
epoch: 2028/4000
epoch: 2029/4000
epoch: 2030/4000
epoch: 2031/4000
epoch: 2032/4000
epoch: 2033/4000
epoch: 2034/4000
epoch: 2035/4000
epoch: 2036/4000
epoch: 2037/4000
epoch: 2038/4000
epoch: 2039/4000
epoch: 2040/4000
epoch: 2041/4000
epoch: 2042/4000
epoch: 2043/4000
epoch: 2044/4000
epoch: 2045/4000
epoch: 2046/4000
epoch: 2047/4000
epoch: 2048/4000
epoch: 2049/4000
epoch: 2050/4000
epoch: 2051/4000
epoch: 2052/4000
epoch: 2053/4000
epoch: 2054/4000
epoch: 2055/4000
epoch: 2056/4000
epoch: 2057/4000
epoch: 2058/4000
epoch: 2059/4000
epoch: 2060/4000
epoch: 2061/4000
epoch: 2062/4000
epoch: 2063/4000
epoch: 2064/4000
epoch: 2065/4000
epoch: 2066/4000
epoch: 2067/4000
epoch: 2068/4000
epoch: 2069/4000
epoch: 2070/4000
epoch: 2071/4000
epoch: 2072/4000
epoch: 2073/4000
epoch: 2074/4000
epoch: 2075/4000
epoch: 2076/4000
epoch: 2077/4000
epoch: 2078/4000
epoch: 2079/4000
epoch: 2080/4000
epoch: 2081/4000
epoch: 2082/4000
epoch: 2083/4000
epoch: 2084/4000
epoch: 2085/4000
epoch: 2086/4000
epoch: 2087/4000
epoch: 2088/4000
epoch: 2089/4000
epoch: 2090/4000
epoch: 2091/4000
epoch: 2092/4000
epoch: 2093/4000
epoch: 2094/4000
epoch: 2095/4000
epoch: 2096/4000
epoch: 2097/4000
epoch: 2098/4000
epoch: 2099/4000
Saving model to logs/2026-05-05-11-09-07/nn/model_2100.pth
epoch: 2100/4000
epoch: 2101/4000
epoch: 2102/4000
epoch: 2103/4000
epoch: 2104/4000
epoch: 2105/4000
epoch: 2106/4000
epoch: 2107/4000
epoch: 2108/4000
epoch: 2109/4000
epoch: 2110/4000
epoch: 2111/4000
epoch: 2112/4000
epoch: 2113/4000
epoch: 2114/4000
epoch: 2115/4000
epoch: 2116/4000
epoch: 2117/4000
epoch: 2118/4000
epoch: 2119/4000
epoch: 2120/4000
epoch: 2121/4000
epoch: 2122/4000
epoch: 2123/4000
epoch: 2124/4000
epoch: 2125/4000
epoch: 2126/4000
epoch: 2127/4000
epoch: 2128/4000
epoch: 2129/4000
epoch: 2130/4000
epoch: 2131/4000
epoch: 2132/4000
epoch: 2133/4000
epoch: 2134/4000
epoch: 2135/4000
epoch: 2136/4000
epoch: 2137/4000
epoch: 2138/4000
epoch: 2139/4000
epoch: 2140/4000
epoch: 2141/4000
epoch: 2142/4000
epoch: 2143/4000
epoch: 2144/4000
epoch: 2145/4000
epoch: 2146/4000
epoch: 2147/4000
epoch: 2148/4000
epoch: 2149/4000
epoch: 2150/4000
epoch: 2151/4000
epoch: 2152/4000
epoch: 2153/4000
epoch: 2154/4000
epoch: 2155/4000
epoch: 2156/4000
epoch: 2157/4000
epoch: 2158/4000
epoch: 2159/4000
epoch: 2160/4000
epoch: 2161/4000
epoch: 2162/4000
epoch: 2163/4000
epoch: 2164/4000
epoch: 2165/4000
epoch: 2166/4000
epoch: 2167/4000
epoch: 2168/4000
epoch: 2169/4000
epoch: 2170/4000
epoch: 2171/4000
epoch: 2172/4000
epoch: 2173/4000
epoch: 2174/4000
epoch: 2175/4000
epoch: 2176/4000
epoch: 2177/4000
epoch: 2178/4000
epoch: 2179/4000
epoch: 2180/4000
epoch: 2181/4000
epoch: 2182/4000
epoch: 2183/4000
epoch: 2184/4000
epoch: 2185/4000
epoch: 2186/4000
epoch: 2187/4000
epoch: 2188/4000
epoch: 2189/4000
epoch: 2190/4000
epoch: 2191/4000
epoch: 2192/4000
epoch: 2193/4000
epoch: 2194/4000
epoch: 2195/4000
epoch: 2196/4000
epoch: 2197/4000
epoch: 2198/4000
epoch: 2199/4000
Saving model to logs/2026-05-05-11-09-07/nn/model_2200.pth
epoch: 2200/4000
epoch: 2201/4000
epoch: 2202/4000
epoch: 2203/4000
epoch: 2204/4000
epoch: 2205/4000
epoch: 2206/4000
epoch: 2207/4000
epoch: 2208/4000
epoch: 2209/4000
epoch: 2210/4000
epoch: 2211/4000
epoch: 2212/4000
epoch: 2213/4000
epoch: 2214/4000
epoch: 2215/4000
epoch: 2216/4000
epoch: 2217/4000
epoch: 2218/4000
epoch: 2219/4000
epoch: 2220/4000
epoch: 2221/4000
epoch: 2222/4000
epoch: 2223/4000
epoch: 2224/4000
epoch: 2225/4000
epoch: 2226/4000
epoch: 2227/4000
epoch: 2228/4000
epoch: 2229/4000
epoch: 2230/4000
epoch: 2231/4000
epoch: 2232/4000
epoch: 2233/4000
epoch: 2234/4000
epoch: 2235/4000
epoch: 2236/4000
epoch: 2237/4000
epoch: 2238/4000
epoch: 2239/4000
epoch: 2240/4000
epoch: 2241/4000
epoch: 2242/4000
epoch: 2243/4000
epoch: 2244/4000
epoch: 2245/4000
epoch: 2246/4000
epoch: 2247/4000
epoch: 2248/4000
epoch: 2249/4000
epoch: 2250/4000
epoch: 2251/4000
epoch: 2252/4000
epoch: 2253/4000
epoch: 2254/4000
epoch: 2255/4000
epoch: 2256/4000
epoch: 2257/4000
epoch: 2258/4000
epoch: 2259/4000
epoch: 2260/4000
epoch: 2261/4000
epoch: 2262/4000
epoch: 2263/4000
epoch: 2264/4000
epoch: 2265/4000
epoch: 2266/4000
epoch: 2267/4000
epoch: 2268/4000
epoch: 2269/4000
epoch: 2270/4000
epoch: 2271/4000
epoch: 2272/4000
epoch: 2273/4000
epoch: 2274/4000
epoch: 2275/4000
epoch: 2276/4000
epoch: 2277/4000
epoch: 2278/4000
epoch: 2279/4000
epoch: 2280/4000
epoch: 2281/4000
epoch: 2282/4000
epoch: 2283/4000
epoch: 2284/4000
epoch: 2285/4000
epoch: 2286/4000
epoch: 2287/4000
epoch: 2288/4000
epoch: 2289/4000
epoch: 2290/4000
epoch: 2291/4000
epoch: 2292/4000
epoch: 2293/4000
epoch: 2294/4000
epoch: 2295/4000
epoch: 2296/4000
epoch: 2297/4000
epoch: 2298/4000
epoch: 2299/4000
Saving model to logs/2026-05-05-11-09-07/nn/model_2300.pth
epoch: 2300/4000
epoch: 2301/4000
epoch: 2302/4000
epoch: 2303/4000
epoch: 2304/4000
epoch: 2305/4000
epoch: 2306/4000
epoch: 2307/4000
epoch: 2308/4000
epoch: 2309/4000
epoch: 2310/4000
epoch: 2311/4000
epoch: 2312/4000
epoch: 2313/4000
epoch: 2314/4000
epoch: 2315/4000
epoch: 2316/4000
epoch: 2317/4000
epoch: 2318/4000
epoch: 2319/4000
epoch: 2320/4000
epoch: 2321/4000
epoch: 2322/4000
epoch: 2323/4000
epoch: 2324/4000
epoch: 2325/4000
epoch: 2326/4000
epoch: 2327/4000
epoch: 2328/4000
epoch: 2329/4000
epoch: 2330/4000
epoch: 2331/4000
epoch: 2332/4000
epoch: 2333/4000
epoch: 2334/4000
epoch: 2335/4000
epoch: 2336/4000
epoch: 2337/4000
epoch: 2338/4000
epoch: 2339/4000
epoch: 2340/4000
epoch: 2341/4000
epoch: 2342/4000
epoch: 2343/4000
epoch: 2344/4000
epoch: 2345/4000
epoch: 2346/4000
epoch: 2347/4000
epoch: 2348/4000
epoch: 2349/4000
epoch: 2350/4000
epoch: 2351/4000
epoch: 2352/4000
epoch: 2353/4000
epoch: 2354/4000
epoch: 2355/4000
epoch: 2356/4000
epoch: 2357/4000
epoch: 2358/4000
epoch: 2359/4000
epoch: 2360/4000
epoch: 2361/4000
epoch: 2362/4000
epoch: 2363/4000
epoch: 2364/4000
epoch: 2365/4000
epoch: 2366/4000
epoch: 2367/4000
epoch: 2368/4000
epoch: 2369/4000
epoch: 2370/4000
epoch: 2371/4000
epoch: 2372/4000
epoch: 2373/4000
epoch: 2374/4000
epoch: 2375/4000
epoch: 2376/4000
epoch: 2377/4000
epoch: 2378/4000
epoch: 2379/4000
epoch: 2380/4000
epoch: 2381/4000
epoch: 2382/4000
epoch: 2383/4000
epoch: 2384/4000
epoch: 2385/4000
epoch: 2386/4000
epoch: 2387/4000
epoch: 2388/4000
epoch: 2389/4000
epoch: 2390/4000
epoch: 2391/4000
epoch: 2392/4000
epoch: 2393/4000
epoch: 2394/4000
epoch: 2395/4000
epoch: 2396/4000
epoch: 2397/4000
epoch: 2398/4000
epoch: 2399/4000
Saving model to logs/2026-05-05-11-09-07/nn/model_2400.pth
epoch: 2400/4000
epoch: 2401/4000
epoch: 2402/4000
epoch: 2403/4000
epoch: 2404/4000
epoch: 2405/4000
epoch: 2406/4000
epoch: 2407/4000
epoch: 2408/4000
epoch: 2409/4000
epoch: 2410/4000
epoch: 2411/4000
epoch: 2412/4000
epoch: 2413/4000
epoch: 2414/4000
epoch: 2415/4000
epoch: 2416/4000
epoch: 2417/4000
epoch: 2418/4000
epoch: 2419/4000
epoch: 2420/4000
epoch: 2421/4000
epoch: 2422/4000
epoch: 2423/4000
epoch: 2424/4000
epoch: 2425/4000
epoch: 2426/4000
epoch: 2427/4000
epoch: 2428/4000
epoch: 2429/4000
epoch: 2430/4000
epoch: 2431/4000
epoch: 2432/4000
epoch: 2433/4000
epoch: 2434/4000
epoch: 2435/4000
epoch: 2436/4000
epoch: 2437/4000
epoch: 2438/4000
epoch: 2439/4000
epoch: 2440/4000
epoch: 2441/4000
epoch: 2442/4000
epoch: 2443/4000
epoch: 2444/4000
epoch: 2445/4000
epoch: 2446/4000
epoch: 2447/4000
epoch: 2448/4000
epoch: 2449/4000
epoch: 2450/4000
epoch: 2451/4000
epoch: 2452/4000
epoch: 2453/4000
epoch: 2454/4000
epoch: 2455/4000
epoch: 2456/4000
epoch: 2457/4000
epoch: 2458/4000
epoch: 2459/4000
epoch: 2460/4000
epoch: 2461/4000
epoch: 2462/4000
epoch: 2463/4000
epoch: 2464/4000
epoch: 2465/4000
epoch: 2466/4000
epoch: 2467/4000
epoch: 2468/4000
epoch: 2469/4000
epoch: 2470/4000
epoch: 2471/4000
epoch: 2472/4000
epoch: 2473/4000
epoch: 2474/4000
epoch: 2475/4000
epoch: 2476/4000
epoch: 2477/4000
epoch: 2478/4000
epoch: 2479/4000
epoch: 2480/4000
epoch: 2481/4000
epoch: 2482/4000
epoch: 2483/4000
epoch: 2484/4000
epoch: 2485/4000
epoch: 2486/4000
epoch: 2487/4000
epoch: 2488/4000
epoch: 2489/4000
epoch: 2490/4000
epoch: 2491/4000
epoch: 2492/4000
epoch: 2493/4000
epoch: 2494/4000
epoch: 2495/4000
epoch: 2496/4000
epoch: 2497/4000
epoch: 2498/4000
epoch: 2499/4000
Saving model to logs/2026-05-05-11-09-07/nn/model_2500.pth
epoch: 2500/4000
epoch: 2501/4000
epoch: 2502/4000
epoch: 2503/4000
epoch: 2504/4000
epoch: 2505/4000
epoch: 2506/4000
epoch: 2507/4000
epoch: 2508/4000
epoch: 2509/4000
epoch: 2510/4000
epoch: 2511/4000
epoch: 2512/4000
epoch: 2513/4000
epoch: 2514/4000
epoch: 2515/4000
epoch: 2516/4000
epoch: 2517/4000
epoch: 2518/4000
epoch: 2519/4000
epoch: 2520/4000
epoch: 2521/4000
epoch: 2522/4000
epoch: 2523/4000
epoch: 2524/4000
epoch: 2525/4000
epoch: 2526/4000
epoch: 2527/4000
epoch: 2528/4000
epoch: 2529/4000
epoch: 2530/4000
epoch: 2531/4000
epoch: 2532/4000
epoch: 2533/4000
epoch: 2534/4000
epoch: 2535/4000
epoch: 2536/4000
epoch: 2537/4000
epoch: 2538/4000
epoch: 2539/4000
epoch: 2540/4000
epoch: 2541/4000
epoch: 2542/4000
epoch: 2543/4000
epoch: 2544/4000
epoch: 2545/4000
epoch: 2546/4000
epoch: 2547/4000
epoch: 2548/4000
epoch: 2549/4000
epoch: 2550/4000
epoch: 2551/4000
epoch: 2552/4000
epoch: 2553/4000
epoch: 2554/4000
epoch: 2555/4000
epoch: 2556/4000
epoch: 2557/4000
epoch: 2558/4000
epoch: 2559/4000
epoch: 2560/4000
epoch: 2561/4000
epoch: 2562/4000
epoch: 2563/4000
epoch: 2564/4000
epoch: 2565/4000
epoch: 2566/4000
epoch: 2567/4000
epoch: 2568/4000
epoch: 2569/4000
epoch: 2570/4000
epoch: 2571/4000
epoch: 2572/4000
epoch: 2573/4000
epoch: 2574/4000
epoch: 2575/4000
epoch: 2576/4000
epoch: 2577/4000
epoch: 2578/4000
epoch: 2579/4000
epoch: 2580/4000
epoch: 2581/4000
epoch: 2582/4000
epoch: 2583/4000
epoch: 2584/4000
epoch: 2585/4000
epoch: 2586/4000
epoch: 2587/4000
epoch: 2588/4000
epoch: 2589/4000
epoch: 2590/4000
epoch: 2591/4000
epoch: 2592/4000
epoch: 2593/4000
epoch: 2594/4000
epoch: 2595/4000
epoch: 2596/4000
epoch: 2597/4000
epoch: 2598/4000
epoch: 2599/4000
Saving model to logs/2026-05-05-11-09-07/nn/model_2600.pth
epoch: 2600/4000
epoch: 2601/4000
epoch: 2602/4000
epoch: 2603/4000
epoch: 2604/4000
epoch: 2605/4000
epoch: 2606/4000
epoch: 2607/4000
epoch: 2608/4000
epoch: 2609/4000
epoch: 2610/4000
epoch: 2611/4000
epoch: 2612/4000
epoch: 2613/4000
epoch: 2614/4000
epoch: 2615/4000
epoch: 2616/4000
epoch: 2617/4000
epoch: 2618/4000
epoch: 2619/4000
epoch: 2620/4000
epoch: 2621/4000
epoch: 2622/4000
epoch: 2623/4000
epoch: 2624/4000
epoch: 2625/4000
epoch: 2626/4000
epoch: 2627/4000
epoch: 2628/4000
epoch: 2629/4000
epoch: 2630/4000
epoch: 2631/4000
epoch: 2632/4000
epoch: 2633/4000
epoch: 2634/4000
epoch: 2635/4000
epoch: 2636/4000
epoch: 2637/4000
epoch: 2638/4000
epoch: 2639/4000
epoch: 2640/4000
epoch: 2641/4000
epoch: 2642/4000
epoch: 2643/4000
epoch: 2644/4000
epoch: 2645/4000
epoch: 2646/4000
epoch: 2647/4000
epoch: 2648/4000
epoch: 2649/4000
epoch: 2650/4000
epoch: 2651/4000
epoch: 2652/4000
epoch: 2653/4000
epoch: 2654/4000
epoch: 2655/4000
epoch: 2656/4000
epoch: 2657/4000
epoch: 2658/4000
epoch: 2659/4000
epoch: 2660/4000
epoch: 2661/4000
epoch: 2662/4000
epoch: 2663/4000
epoch: 2664/4000
epoch: 2665/4000
epoch: 2666/4000
epoch: 2667/4000
epoch: 2668/4000
epoch: 2669/4000
epoch: 2670/4000
epoch: 2671/4000
epoch: 2672/4000
epoch: 2673/4000
epoch: 2674/4000
epoch: 2675/4000
epoch: 2676/4000
epoch: 2677/4000
epoch: 2678/4000
epoch: 2679/4000
epoch: 2680/4000
epoch: 2681/4000
epoch: 2682/4000
epoch: 2683/4000
epoch: 2684/4000
epoch: 2685/4000
epoch: 2686/4000
epoch: 2687/4000
epoch: 2688/4000
epoch: 2689/4000
epoch: 2690/4000
epoch: 2691/4000
epoch: 2692/4000
epoch: 2693/4000
epoch: 2694/4000
epoch: 2695/4000
epoch: 2696/4000
epoch: 2697/4000
epoch: 2698/4000
epoch: 2699/4000
Saving model to logs/2026-05-05-11-09-07/nn/model_2700.pth
epoch: 2700/4000
epoch: 2701/4000
epoch: 2702/4000
epoch: 2703/4000
epoch: 2704/4000
epoch: 2705/4000
epoch: 2706/4000
epoch: 2707/4000
epoch: 2708/4000
epoch: 2709/4000
epoch: 2710/4000
epoch: 2711/4000
epoch: 2712/4000
epoch: 2713/4000
epoch: 2714/4000
epoch: 2715/4000
epoch: 2716/4000
epoch: 2717/4000
epoch: 2718/4000
epoch: 2719/4000
epoch: 2720/4000
epoch: 2721/4000
epoch: 2722/4000
epoch: 2723/4000
epoch: 2724/4000
epoch: 2725/4000
epoch: 2726/4000
epoch: 2727/4000
epoch: 2728/4000
epoch: 2729/4000
epoch: 2730/4000
epoch: 2731/4000
epoch: 2732/4000
epoch: 2733/4000
epoch: 2734/4000
epoch: 2735/4000
epoch: 2736/4000
epoch: 2737/4000
epoch: 2738/4000
epoch: 2739/4000
epoch: 2740/4000
epoch: 2741/4000
epoch: 2742/4000
epoch: 2743/4000
epoch: 2744/4000
epoch: 2745/4000
epoch: 2746/4000
epoch: 2747/4000
epoch: 2748/4000
epoch: 2749/4000
epoch: 2750/4000
epoch: 2751/4000
epoch: 2752/4000
epoch: 2753/4000
epoch: 2754/4000
epoch: 2755/4000
epoch: 2756/4000
epoch: 2757/4000
epoch: 2758/4000
epoch: 2759/4000
epoch: 2760/4000
epoch: 2761/4000
epoch: 2762/4000
epoch: 2763/4000
epoch: 2764/4000
epoch: 2765/4000
epoch: 2766/4000
epoch: 2767/4000
epoch: 2768/4000
epoch: 2769/4000
epoch: 2770/4000
epoch: 2771/4000
epoch: 2772/4000
epoch: 2773/4000
epoch: 2774/4000
epoch: 2775/4000
epoch: 2776/4000
epoch: 2777/4000
epoch: 2778/4000
epoch: 2779/4000
epoch: 2780/4000
epoch: 2781/4000
epoch: 2782/4000
epoch: 2783/4000
epoch: 2784/4000
epoch: 2785/4000
epoch: 2786/4000
epoch: 2787/4000
epoch: 2788/4000
epoch: 2789/4000
epoch: 2790/4000
epoch: 2791/4000
epoch: 2792/4000
epoch: 2793/4000
epoch: 2794/4000
epoch: 2795/4000
epoch: 2796/4000
epoch: 2797/4000
epoch: 2798/4000
epoch: 2799/4000
Saving model to logs/2026-05-05-11-09-07/nn/model_2800.pth
epoch: 2800/4000
epoch: 2801/4000
epoch: 2802/4000
epoch: 2803/4000
epoch: 2804/4000
epoch: 2805/4000
epoch: 2806/4000
epoch: 2807/4000
epoch: 2808/4000
epoch: 2809/4000
epoch: 2810/4000
epoch: 2811/4000
epoch: 2812/4000
epoch: 2813/4000
epoch: 2814/4000
epoch: 2815/4000
epoch: 2816/4000
epoch: 2817/4000
epoch: 2818/4000
epoch: 2819/4000
epoch: 2820/4000
epoch: 2821/4000
epoch: 2822/4000
epoch: 2823/4000
epoch: 2824/4000
epoch: 2825/4000
epoch: 2826/4000
epoch: 2827/4000
epoch: 2828/4000
epoch: 2829/4000
epoch: 2830/4000
epoch: 2831/4000
epoch: 2832/4000
epoch: 2833/4000
epoch: 2834/4000
epoch: 2835/4000
epoch: 2836/4000
epoch: 2837/4000
epoch: 2838/4000
epoch: 2839/4000
epoch: 2840/4000
epoch: 2841/4000
epoch: 2842/4000
epoch: 2843/4000
epoch: 2844/4000
epoch: 2845/4000
epoch: 2846/4000
epoch: 2847/4000
epoch: 2848/4000
epoch: 2849/4000
epoch: 2850/4000
epoch: 2851/4000
epoch: 2852/4000
epoch: 2853/4000
epoch: 2854/4000
epoch: 2855/4000
epoch: 2856/4000
epoch: 2857/4000
epoch: 2858/4000
epoch: 2859/4000
epoch: 2860/4000
epoch: 2861/4000
epoch: 2862/4000
epoch: 2863/4000
epoch: 2864/4000
epoch: 2865/4000
epoch: 2866/4000
epoch: 2867/4000
epoch: 2868/4000
epoch: 2869/4000
epoch: 2870/4000
epoch: 2871/4000
epoch: 2872/4000
epoch: 2873/4000
epoch: 2874/4000
epoch: 2875/4000
epoch: 2876/4000
epoch: 2877/4000
epoch: 2878/4000
epoch: 2879/4000
epoch: 2880/4000
epoch: 2881/4000
epoch: 2882/4000
epoch: 2883/4000
epoch: 2884/4000
epoch: 2885/4000
epoch: 2886/4000
epoch: 2887/4000
epoch: 2888/4000
epoch: 2889/4000
epoch: 2890/4000
epoch: 2891/4000
epoch: 2892/4000
epoch: 2893/4000
epoch: 2894/4000
epoch: 2895/4000
epoch: 2896/4000
epoch: 2897/4000
epoch: 2898/4000
epoch: 2899/4000
Saving model to logs/2026-05-05-11-09-07/nn/model_2900.pth
epoch: 2900/4000
epoch: 2901/4000
epoch: 2902/4000
epoch: 2903/4000
epoch: 2904/4000
epoch: 2905/4000
epoch: 2906/4000
epoch: 2907/4000
epoch: 2908/4000
epoch: 2909/4000
epoch: 2910/4000
epoch: 2911/4000
epoch: 2912/4000
epoch: 2913/4000
epoch: 2914/4000
epoch: 2915/4000
epoch: 2916/4000
epoch: 2917/4000
epoch: 2918/4000
epoch: 2919/4000
epoch: 2920/4000
epoch: 2921/4000
epoch: 2922/4000
epoch: 2923/4000
epoch: 2924/4000
epoch: 2925/4000
epoch: 2926/4000
epoch: 2927/4000
epoch: 2928/4000
epoch: 2929/4000
epoch: 2930/4000
epoch: 2931/4000
epoch: 2932/4000
epoch: 2933/4000
epoch: 2934/4000
epoch: 2935/4000
epoch: 2936/4000
epoch: 2937/4000
epoch: 2938/4000
epoch: 2939/4000
epoch: 2940/4000
epoch: 2941/4000
epoch: 2942/4000
epoch: 2943/4000
epoch: 2944/4000
epoch: 2945/4000
epoch: 2946/4000
epoch: 2947/4000
epoch: 2948/4000
epoch: 2949/4000
epoch: 2950/4000
epoch: 2951/4000
epoch: 2952/4000
epoch: 2953/4000
epoch: 2954/4000
epoch: 2955/4000
epoch: 2956/4000
epoch: 2957/4000
epoch: 2958/4000
epoch: 2959/4000
epoch: 2960/4000
epoch: 2961/4000
epoch: 2962/4000
epoch: 2963/4000
epoch: 2964/4000
epoch: 2965/4000
epoch: 2966/4000
epoch: 2967/4000
epoch: 2968/4000
epoch: 2969/4000
epoch: 2970/4000
epoch: 2971/4000
epoch: 2972/4000
epoch: 2973/4000
epoch: 2974/4000
epoch: 2975/4000
epoch: 2976/4000
epoch: 2977/4000
epoch: 2978/4000
epoch: 2979/4000
epoch: 2980/4000
epoch: 2981/4000
epoch: 2982/4000
epoch: 2983/4000
epoch: 2984/4000
epoch: 2985/4000
epoch: 2986/4000
epoch: 2987/4000
epoch: 2988/4000
epoch: 2989/4000
epoch: 2990/4000
epoch: 2991/4000
epoch: 2992/4000
epoch: 2993/4000
epoch: 2994/4000
epoch: 2995/4000
epoch: 2996/4000
epoch: 2997/4000
epoch: 2998/4000
epoch: 2999/4000
Saving model to logs/2026-05-05-11-09-07/nn/model_3000.pth
epoch: 3000/4000
epoch: 3001/4000
epoch: 3002/4000
epoch: 3003/4000
epoch: 3004/4000
epoch: 3005/4000
epoch: 3006/4000
epoch: 3007/4000
epoch: 3008/4000
epoch: 3009/4000
epoch: 3010/4000
epoch: 3011/4000
epoch: 3012/4000
epoch: 3013/4000
epoch: 3014/4000
epoch: 3015/4000
epoch: 3016/4000
epoch: 3017/4000
epoch: 3018/4000
epoch: 3019/4000
epoch: 3020/4000
epoch: 3021/4000
epoch: 3022/4000
epoch: 3023/4000
epoch: 3024/4000
epoch: 3025/4000
epoch: 3026/4000
epoch: 3027/4000
epoch: 3028/4000
epoch: 3029/4000
epoch: 3030/4000
epoch: 3031/4000
epoch: 3032/4000
epoch: 3033/4000
epoch: 3034/4000
epoch: 3035/4000
epoch: 3036/4000
epoch: 3037/4000
epoch: 3038/4000
epoch: 3039/4000
epoch: 3040/4000
epoch: 3041/4000
epoch: 3042/4000
epoch: 3043/4000
epoch: 3044/4000
epoch: 3045/4000
epoch: 3046/4000
epoch: 3047/4000
epoch: 3048/4000
epoch: 3049/4000
epoch: 3050/4000
epoch: 3051/4000
epoch: 3052/4000
epoch: 3053/4000
epoch: 3054/4000
epoch: 3055/4000
epoch: 3056/4000
epoch: 3057/4000
epoch: 3058/4000
epoch: 3059/4000
epoch: 3060/4000
epoch: 3061/4000
epoch: 3062/4000
epoch: 3063/4000
epoch: 3064/4000
epoch: 3065/4000
epoch: 3066/4000
epoch: 3067/4000
epoch: 3068/4000
epoch: 3069/4000
epoch: 3070/4000
epoch: 3071/4000
epoch: 3072/4000
epoch: 3073/4000
epoch: 3074/4000
epoch: 3075/4000
epoch: 3076/4000
epoch: 3077/4000
epoch: 3078/4000
epoch: 3079/4000
epoch: 3080/4000
epoch: 3081/4000
epoch: 3082/4000
epoch: 3083/4000
epoch: 3084/4000
epoch: 3085/4000
epoch: 3086/4000
epoch: 3087/4000
epoch: 3088/4000
epoch: 3089/4000
epoch: 3090/4000
epoch: 3091/4000
epoch: 3092/4000
epoch: 3093/4000
epoch: 3094/4000
epoch: 3095/4000
epoch: 3096/4000
epoch: 3097/4000
epoch: 3098/4000
epoch: 3099/4000
Saving model to logs/2026-05-05-11-09-07/nn/model_3100.pth
epoch: 3100/4000
epoch: 3101/4000
epoch: 3102/4000
epoch: 3103/4000
epoch: 3104/4000
epoch: 3105/4000
epoch: 3106/4000
epoch: 3107/4000
epoch: 3108/4000
epoch: 3109/4000
epoch: 3110/4000
epoch: 3111/4000
epoch: 3112/4000
epoch: 3113/4000
epoch: 3114/4000
epoch: 3115/4000
epoch: 3116/4000
epoch: 3117/4000
epoch: 3118/4000
epoch: 3119/4000
epoch: 3120/4000
epoch: 3121/4000
epoch: 3122/4000
epoch: 3123/4000
epoch: 3124/4000
epoch: 3125/4000
epoch: 3126/4000
epoch: 3127/4000
epoch: 3128/4000
epoch: 3129/4000
epoch: 3130/4000
epoch: 3131/4000
epoch: 3132/4000
epoch: 3133/4000
epoch: 3134/4000
epoch: 3135/4000
epoch: 3136/4000
epoch: 3137/4000
epoch: 3138/4000
epoch: 3139/4000
epoch: 3140/4000
epoch: 3141/4000
epoch: 3142/4000
epoch: 3143/4000
epoch: 3144/4000
epoch: 3145/4000
epoch: 3146/4000
epoch: 3147/4000
epoch: 3148/4000
epoch: 3149/4000
epoch: 3150/4000
epoch: 3151/4000
epoch: 3152/4000
epoch: 3153/4000
epoch: 3154/4000
epoch: 3155/4000
epoch: 3156/4000
epoch: 3157/4000
epoch: 3158/4000
epoch: 3159/4000
epoch: 3160/4000
epoch: 3161/4000
epoch: 3162/4000
epoch: 3163/4000
epoch: 3164/4000
epoch: 3165/4000
epoch: 3166/4000
epoch: 3167/4000
epoch: 3168/4000
epoch: 3169/4000
epoch: 3170/4000
epoch: 3171/4000
epoch: 3172/4000
epoch: 3173/4000
epoch: 3174/4000
epoch: 3175/4000
epoch: 3176/4000
epoch: 3177/4000
epoch: 3178/4000
epoch: 3179/4000
epoch: 3180/4000
epoch: 3181/4000
epoch: 3182/4000
epoch: 3183/4000
epoch: 3184/4000
epoch: 3185/4000
epoch: 3186/4000
epoch: 3187/4000
epoch: 3188/4000
epoch: 3189/4000
epoch: 3190/4000
epoch: 3191/4000
epoch: 3192/4000
epoch: 3193/4000
epoch: 3194/4000
epoch: 3195/4000
epoch: 3196/4000
epoch: 3197/4000
epoch: 3198/4000
epoch: 3199/4000
Saving model to logs/2026-05-05-11-09-07/nn/model_3200.pth
epoch: 3200/4000
epoch: 3201/4000
epoch: 3202/4000
epoch: 3203/4000
epoch: 3204/4000
epoch: 3205/4000
epoch: 3206/4000
epoch: 3207/4000
epoch: 3208/4000
epoch: 3209/4000
epoch: 3210/4000
epoch: 3211/4000
epoch: 3212/4000
epoch: 3213/4000
epoch: 3214/4000
epoch: 3215/4000
epoch: 3216/4000
epoch: 3217/4000
epoch: 3218/4000
epoch: 3219/4000
epoch: 3220/4000
epoch: 3221/4000
epoch: 3222/4000
epoch: 3223/4000
epoch: 3224/4000
epoch: 3225/4000
epoch: 3226/4000
epoch: 3227/4000
epoch: 3228/4000
epoch: 3229/4000
epoch: 3230/4000
epoch: 3231/4000
epoch: 3232/4000
epoch: 3233/4000
epoch: 3234/4000
epoch: 3235/4000
epoch: 3236/4000
epoch: 3237/4000
epoch: 3238/4000
epoch: 3239/4000
epoch: 3240/4000
epoch: 3241/4000
epoch: 3242/4000
epoch: 3243/4000
epoch: 3244/4000
epoch: 3245/4000
epoch: 3246/4000
epoch: 3247/4000
epoch: 3248/4000
epoch: 3249/4000
epoch: 3250/4000
epoch: 3251/4000
epoch: 3252/4000
epoch: 3253/4000
epoch: 3254/4000
epoch: 3255/4000
epoch: 3256/4000
epoch: 3257/4000
epoch: 3258/4000
epoch: 3259/4000
epoch: 3260/4000
epoch: 3261/4000
epoch: 3262/4000
epoch: 3263/4000
epoch: 3264/4000
epoch: 3265/4000
epoch: 3266/4000
epoch: 3267/4000
epoch: 3268/4000
epoch: 3269/4000
epoch: 3270/4000
epoch: 3271/4000
epoch: 3272/4000
epoch: 3273/4000
epoch: 3274/4000
epoch: 3275/4000
epoch: 3276/4000
epoch: 3277/4000
epoch: 3278/4000
epoch: 3279/4000
epoch: 3280/4000
epoch: 3281/4000
epoch: 3282/4000
epoch: 3283/4000
epoch: 3284/4000
epoch: 3285/4000
epoch: 3286/4000
epoch: 3287/4000
epoch: 3288/4000
epoch: 3289/4000
epoch: 3290/4000
epoch: 3291/4000
epoch: 3292/4000
epoch: 3293/4000
epoch: 3294/4000
epoch: 3295/4000
epoch: 3296/4000
epoch: 3297/4000
epoch: 3298/4000
epoch: 3299/4000
Saving model to logs/2026-05-05-11-09-07/nn/model_3300.pth
epoch: 3300/4000
epoch: 3301/4000
epoch: 3302/4000
epoch: 3303/4000
epoch: 3304/4000
epoch: 3305/4000
epoch: 3306/4000
epoch: 3307/4000
epoch: 3308/4000
epoch: 3309/4000
epoch: 3310/4000
epoch: 3311/4000
epoch: 3312/4000
epoch: 3313/4000
epoch: 3314/4000
epoch: 3315/4000
epoch: 3316/4000
epoch: 3317/4000
epoch: 3318/4000
epoch: 3319/4000
epoch: 3320/4000
epoch: 3321/4000
epoch: 3322/4000
epoch: 3323/4000
epoch: 3324/4000
epoch: 3325/4000
epoch: 3326/4000
epoch: 3327/4000
epoch: 3328/4000
epoch: 3329/4000
epoch: 3330/4000
epoch: 3331/4000
epoch: 3332/4000
epoch: 3333/4000
epoch: 3334/4000
epoch: 3335/4000
epoch: 3336/4000
epoch: 3337/4000
epoch: 3338/4000
epoch: 3339/4000
epoch: 3340/4000
epoch: 3341/4000
epoch: 3342/4000
epoch: 3343/4000
epoch: 3344/4000
epoch: 3345/4000
epoch: 3346/4000
epoch: 3347/4000
epoch: 3348/4000
epoch: 3349/4000
epoch: 3350/4000
epoch: 3351/4000
epoch: 3352/4000
epoch: 3353/4000
epoch: 3354/4000
epoch: 3355/4000
epoch: 3356/4000
epoch: 3357/4000
epoch: 3358/4000
epoch: 3359/4000
epoch: 3360/4000
epoch: 3361/4000
epoch: 3362/4000
epoch: 3363/4000
epoch: 3364/4000
epoch: 3365/4000
epoch: 3366/4000
epoch: 3367/4000
epoch: 3368/4000
epoch: 3369/4000
epoch: 3370/4000
epoch: 3371/4000
epoch: 3372/4000
epoch: 3373/4000
epoch: 3374/4000
epoch: 3375/4000
epoch: 3376/4000
epoch: 3377/4000
epoch: 3378/4000
epoch: 3379/4000
epoch: 3380/4000
epoch: 3381/4000
epoch: 3382/4000
epoch: 3383/4000
epoch: 3384/4000
epoch: 3385/4000
epoch: 3386/4000
epoch: 3387/4000
epoch: 3388/4000
epoch: 3389/4000
epoch: 3390/4000
epoch: 3391/4000
epoch: 3392/4000
epoch: 3393/4000
epoch: 3394/4000
epoch: 3395/4000
epoch: 3396/4000
epoch: 3397/4000
epoch: 3398/4000
epoch: 3399/4000
Saving model to logs/2026-05-05-11-09-07/nn/model_3400.pth
epoch: 3400/4000
epoch: 3401/4000
epoch: 3402/4000
epoch: 3403/4000
epoch: 3404/4000
epoch: 3405/4000
epoch: 3406/4000
epoch: 3407/4000
epoch: 3408/4000
epoch: 3409/4000
epoch: 3410/4000
epoch: 3411/4000
epoch: 3412/4000
epoch: 3413/4000
epoch: 3414/4000
epoch: 3415/4000
epoch: 3416/4000
epoch: 3417/4000
epoch: 3418/4000
epoch: 3419/4000
epoch: 3420/4000
epoch: 3421/4000
epoch: 3422/4000
epoch: 3423/4000
epoch: 3424/4000
epoch: 3425/4000
epoch: 3426/4000
epoch: 3427/4000
epoch: 3428/4000
epoch: 3429/4000
epoch: 3430/4000
epoch: 3431/4000
epoch: 3432/4000
epoch: 3433/4000
epoch: 3434/4000
epoch: 3435/4000
epoch: 3436/4000
epoch: 3437/4000
epoch: 3438/4000
epoch: 3439/4000
epoch: 3440/4000
epoch: 3441/4000
epoch: 3442/4000
epoch: 3443/4000
epoch: 3444/4000
epoch: 3445/4000
epoch: 3446/4000
epoch: 3447/4000
epoch: 3448/4000
epoch: 3449/4000
epoch: 3450/4000
epoch: 3451/4000
epoch: 3452/4000
epoch: 3453/4000
epoch: 3454/4000
epoch: 3455/4000
epoch: 3456/4000
epoch: 3457/4000
epoch: 3458/4000
epoch: 3459/4000
epoch: 3460/4000
epoch: 3461/4000
epoch: 3462/4000
epoch: 3463/4000
epoch: 3464/4000
epoch: 3465/4000
epoch: 3466/4000
epoch: 3467/4000
epoch: 3468/4000
epoch: 3469/4000
epoch: 3470/4000
epoch: 3471/4000
epoch: 3472/4000
epoch: 3473/4000
epoch: 3474/4000
epoch: 3475/4000
epoch: 3476/4000
epoch: 3477/4000
epoch: 3478/4000
epoch: 3479/4000
epoch: 3480/4000
epoch: 3481/4000
epoch: 3482/4000
epoch: 3483/4000
epoch: 3484/4000
epoch: 3485/4000
epoch: 3486/4000
epoch: 3487/4000
epoch: 3488/4000
epoch: 3489/4000
epoch: 3490/4000
epoch: 3491/4000
epoch: 3492/4000
epoch: 3493/4000
epoch: 3494/4000
epoch: 3495/4000
epoch: 3496/4000
epoch: 3497/4000
epoch: 3498/4000
epoch: 3499/4000
Saving model to logs/2026-05-05-11-09-07/nn/model_3500.pth
epoch: 3500/4000
epoch: 3501/4000
epoch: 3502/4000
epoch: 3503/4000
epoch: 3504/4000
epoch: 3505/4000
epoch: 3506/4000
epoch: 3507/4000
epoch: 3508/4000
epoch: 3509/4000
epoch: 3510/4000
epoch: 3511/4000
epoch: 3512/4000
epoch: 3513/4000
epoch: 3514/4000
epoch: 3515/4000
epoch: 3516/4000
epoch: 3517/4000
epoch: 3518/4000
epoch: 3519/4000
epoch: 3520/4000
epoch: 3521/4000
epoch: 3522/4000
epoch: 3523/4000
epoch: 3524/4000
epoch: 3525/4000
epoch: 3526/4000
epoch: 3527/4000
epoch: 3528/4000
epoch: 3529/4000
epoch: 3530/4000
epoch: 3531/4000
epoch: 3532/4000
epoch: 3533/4000
epoch: 3534/4000
epoch: 3535/4000
epoch: 3536/4000
epoch: 3537/4000
epoch: 3538/4000
epoch: 3539/4000
epoch: 3540/4000
epoch: 3541/4000
epoch: 3542/4000
epoch: 3543/4000
epoch: 3544/4000
epoch: 3545/4000
epoch: 3546/4000
epoch: 3547/4000
epoch: 3548/4000
epoch: 3549/4000
epoch: 3550/4000
epoch: 3551/4000
epoch: 3552/4000
epoch: 3553/4000
epoch: 3554/4000
epoch: 3555/4000
epoch: 3556/4000
epoch: 3557/4000
epoch: 3558/4000
epoch: 3559/4000
epoch: 3560/4000
epoch: 3561/4000
epoch: 3562/4000
epoch: 3563/4000
epoch: 3564/4000
epoch: 3565/4000
epoch: 3566/4000
epoch: 3567/4000
epoch: 3568/4000
epoch: 3569/4000
epoch: 3570/4000
epoch: 3571/4000
epoch: 3572/4000
epoch: 3573/4000
epoch: 3574/4000
epoch: 3575/4000
epoch: 3576/4000
epoch: 3577/4000
epoch: 3578/4000
epoch: 3579/4000
epoch: 3580/4000
epoch: 3581/4000
epoch: 3582/4000
epoch: 3583/4000
epoch: 3584/4000
epoch: 3585/4000
epoch: 3586/4000
epoch: 3587/4000
epoch: 3588/4000
epoch: 3589/4000
epoch: 3590/4000
epoch: 3591/4000
epoch: 3592/4000
epoch: 3593/4000
epoch: 3594/4000
epoch: 3595/4000
epoch: 3596/4000
epoch: 3597/4000
epoch: 3598/4000
epoch: 3599/4000
Saving model to logs/2026-05-05-11-09-07/nn/model_3600.pth
epoch: 3600/4000
epoch: 3601/4000
epoch: 3602/4000
epoch: 3603/4000
epoch: 3604/4000
epoch: 3605/4000
epoch: 3606/4000
epoch: 3607/4000
epoch: 3608/4000
epoch: 3609/4000
epoch: 3610/4000
epoch: 3611/4000
epoch: 3612/4000
epoch: 3613/4000
epoch: 3614/4000
epoch: 3615/4000
epoch: 3616/4000
epoch: 3617/4000
epoch: 3618/4000
epoch: 3619/4000
epoch: 3620/4000
epoch: 3621/4000
epoch: 3622/4000
epoch: 3623/4000
epoch: 3624/4000
epoch: 3625/4000
epoch: 3626/4000
epoch: 3627/4000
epoch: 3628/4000
epoch: 3629/4000
epoch: 3630/4000
epoch: 3631/4000
epoch: 3632/4000
epoch: 3633/4000
epoch: 3634/4000
epoch: 3635/4000
epoch: 3636/4000
epoch: 3637/4000
epoch: 3638/4000
epoch: 3639/4000
epoch: 3640/4000
epoch: 3641/4000
epoch: 3642/4000
epoch: 3643/4000
epoch: 3644/4000
epoch: 3645/4000
epoch: 3646/4000
epoch: 3647/4000
epoch: 3648/4000
epoch: 3649/4000
epoch: 3650/4000
epoch: 3651/4000
epoch: 3652/4000
epoch: 3653/4000
epoch: 3654/4000
epoch: 3655/4000
epoch: 3656/4000
epoch: 3657/4000
epoch: 3658/4000
epoch: 3659/4000
epoch: 3660/4000
epoch: 3661/4000
epoch: 3662/4000
epoch: 3663/4000
epoch: 3664/4000
epoch: 3665/4000
epoch: 3666/4000
epoch: 3667/4000
epoch: 3668/4000
epoch: 3669/4000
epoch: 3670/4000
epoch: 3671/4000
epoch: 3672/4000
epoch: 3673/4000
epoch: 3674/4000
epoch: 3675/4000
epoch: 3676/4000
epoch: 3677/4000
epoch: 3678/4000
epoch: 3679/4000
epoch: 3680/4000
epoch: 3681/4000
epoch: 3682/4000
epoch: 3683/4000
epoch: 3684/4000
epoch: 3685/4000
epoch: 3686/4000
epoch: 3687/4000
epoch: 3688/4000
epoch: 3689/4000
epoch: 3690/4000
epoch: 3691/4000
epoch: 3692/4000
epoch: 3693/4000
epoch: 3694/4000
epoch: 3695/4000
epoch: 3696/4000
epoch: 3697/4000
epoch: 3698/4000
epoch: 3699/4000
Saving model to logs/2026-05-05-11-09-07/nn/model_3700.pth
epoch: 3700/4000
epoch: 3701/4000
epoch: 3702/4000
epoch: 3703/4000
epoch: 3704/4000
epoch: 3705/4000
epoch: 3706/4000
epoch: 3707/4000
epoch: 3708/4000
epoch: 3709/4000
epoch: 3710/4000
epoch: 3711/4000
epoch: 3712/4000
epoch: 3713/4000
epoch: 3714/4000
epoch: 3715/4000
epoch: 3716/4000
epoch: 3717/4000
epoch: 3718/4000
epoch: 3719/4000
epoch: 3720/4000
epoch: 3721/4000
epoch: 3722/4000
epoch: 3723/4000
epoch: 3724/4000
epoch: 3725/4000
epoch: 3726/4000
epoch: 3727/4000
epoch: 3728/4000
epoch: 3729/4000
epoch: 3730/4000
epoch: 3731/4000
epoch: 3732/4000
epoch: 3733/4000
epoch: 3734/4000
epoch: 3735/4000
epoch: 3736/4000
epoch: 3737/4000
epoch: 3738/4000
epoch: 3739/4000
epoch: 3740/4000
epoch: 3741/4000
epoch: 3742/4000
epoch: 3743/4000
epoch: 3744/4000
epoch: 3745/4000
epoch: 3746/4000
epoch: 3747/4000
epoch: 3748/4000
epoch: 3749/4000
epoch: 3750/4000
epoch: 3751/4000
epoch: 3752/4000
epoch: 3753/4000
epoch: 3754/4000
epoch: 3755/4000
epoch: 3756/4000
epoch: 3757/4000
epoch: 3758/4000
epoch: 3759/4000
epoch: 3760/4000
epoch: 3761/4000
epoch: 3762/4000
epoch: 3763/4000
epoch: 3764/4000
epoch: 3765/4000
epoch: 3766/4000
epoch: 3767/4000
epoch: 3768/4000
epoch: 3769/4000
epoch: 3770/4000
epoch: 3771/4000
epoch: 3772/4000
epoch: 3773/4000
epoch: 3774/4000
epoch: 3775/4000
epoch: 3776/4000
epoch: 3777/4000
epoch: 3778/4000
epoch: 3779/4000
epoch: 3780/4000
epoch: 3781/4000
epoch: 3782/4000
epoch: 3783/4000
epoch: 3784/4000
epoch: 3785/4000
epoch: 3786/4000
epoch: 3787/4000
epoch: 3788/4000
epoch: 3789/4000
epoch: 3790/4000
epoch: 3791/4000
epoch: 3792/4000
epoch: 3793/4000
epoch: 3794/4000
epoch: 3795/4000
epoch: 3796/4000
epoch: 3797/4000
epoch: 3798/4000
epoch: 3799/4000
Saving model to logs/2026-05-05-11-09-07/nn/model_3800.pth
epoch: 3800/4000
epoch: 3801/4000
epoch: 3802/4000
epoch: 3803/4000
epoch: 3804/4000
epoch: 3805/4000
epoch: 3806/4000
epoch: 3807/4000
epoch: 3808/4000
epoch: 3809/4000
epoch: 3810/4000
epoch: 3811/4000
epoch: 3812/4000
epoch: 3813/4000
epoch: 3814/4000
epoch: 3815/4000
epoch: 3816/4000
epoch: 3817/4000
epoch: 3818/4000
epoch: 3819/4000
epoch: 3820/4000
epoch: 3821/4000
epoch: 3822/4000
epoch: 3823/4000
epoch: 3824/4000
epoch: 3825/4000
epoch: 3826/4000
epoch: 3827/4000
epoch: 3828/4000
epoch: 3829/4000
epoch: 3830/4000
epoch: 3831/4000
epoch: 3832/4000
epoch: 3833/4000
epoch: 3834/4000
epoch: 3835/4000
epoch: 3836/4000
epoch: 3837/4000
epoch: 3838/4000
epoch: 3839/4000
epoch: 3840/4000
epoch: 3841/4000
epoch: 3842/4000
epoch: 3843/4000
epoch: 3844/4000
epoch: 3845/4000
epoch: 3846/4000
epoch: 3847/4000
epoch: 3848/4000
epoch: 3849/4000
epoch: 3850/4000
epoch: 3851/4000
epoch: 3852/4000
epoch: 3853/4000
epoch: 3854/4000
epoch: 3855/4000
epoch: 3856/4000
epoch: 3857/4000
epoch: 3858/4000
epoch: 3859/4000
epoch: 3860/4000
epoch: 3861/4000
epoch: 3862/4000
epoch: 3863/4000
epoch: 3864/4000
epoch: 3865/4000
epoch: 3866/4000
epoch: 3867/4000
epoch: 3868/4000
epoch: 3869/4000
epoch: 3870/4000
epoch: 3871/4000
epoch: 3872/4000
epoch: 3873/4000
epoch: 3874/4000
epoch: 3875/4000
epoch: 3876/4000
epoch: 3877/4000
epoch: 3878/4000
epoch: 3879/4000
epoch: 3880/4000
epoch: 3881/4000
epoch: 3882/4000
epoch: 3883/4000
epoch: 3884/4000
epoch: 3885/4000
epoch: 3886/4000
epoch: 3887/4000
epoch: 3888/4000
epoch: 3889/4000
epoch: 3890/4000
epoch: 3891/4000
epoch: 3892/4000
epoch: 3893/4000
epoch: 3894/4000
epoch: 3895/4000
epoch: 3896/4000
epoch: 3897/4000
epoch: 3898/4000
epoch: 3899/4000
Saving model to logs/2026-05-05-11-09-07/nn/model_3900.pth
epoch: 3900/4000
epoch: 3901/4000
epoch: 3902/4000
epoch: 3903/4000
epoch: 3904/4000
epoch: 3905/4000
epoch: 3906/4000
epoch: 3907/4000
epoch: 3908/4000
epoch: 3909/4000
epoch: 3910/4000
epoch: 3911/4000
epoch: 3912/4000
epoch: 3913/4000
epoch: 3914/4000
epoch: 3915/4000
epoch: 3916/4000
epoch: 3917/4000
epoch: 3918/4000
epoch: 3919/4000
epoch: 3920/4000
epoch: 3921/4000
epoch: 3922/4000
epoch: 3923/4000
epoch: 3924/4000
epoch: 3925/4000
epoch: 3926/4000
epoch: 3927/4000
epoch: 3928/4000
epoch: 3929/4000
epoch: 3930/4000
epoch: 3931/4000
epoch: 3932/4000
epoch: 3933/4000
epoch: 3934/4000
epoch: 3935/4000
epoch: 3936/4000
epoch: 3937/4000
epoch: 3938/4000
epoch: 3939/4000
epoch: 3940/4000
epoch: 3941/4000
epoch: 3942/4000
epoch: 3943/4000
epoch: 3944/4000
epoch: 3945/4000
epoch: 3946/4000
epoch: 3947/4000
epoch: 3948/4000
epoch: 3949/4000
epoch: 3950/4000
epoch: 3951/4000
epoch: 3952/4000
epoch: 3953/4000
epoch: 3954/4000
epoch: 3955/4000
epoch: 3956/4000
epoch: 3957/4000
epoch: 3958/4000
epoch: 3959/4000
epoch: 3960/4000
epoch: 3961/4000
epoch: 3962/4000
epoch: 3963/4000
epoch: 3964/4000
epoch: 3965/4000
epoch: 3966/4000
epoch: 3967/4000
epoch: 3968/4000
epoch: 3969/4000
epoch: 3970/4000
epoch: 3971/4000
epoch: 3972/4000
epoch: 3973/4000
epoch: 3974/4000
epoch: 3975/4000
epoch: 3976/4000
epoch: 3977/4000
epoch: 3978/4000
epoch: 3979/4000
epoch: 3980/4000
epoch: 3981/4000
epoch: 3982/4000
epoch: 3983/4000
epoch: 3984/4000
epoch: 3985/4000
epoch: 3986/4000
epoch: 3987/4000
epoch: 3988/4000
epoch: 3989/4000
epoch: 3990/4000
epoch: 3991/4000
epoch: 3992/4000
epoch: 3993/4000
epoch: 3994/4000
epoch: 3995/4000
epoch: 3996/4000
epoch: 3997/4000
epoch: 3998/4000
epoch: 3999/4000
Saving model to logs/2026-05-05-11-09-07/nn/model_4000.pth
epoch: 4000/4000
train_end=2026-05-05_21:06:36_CST
exit_code=0
