START run label=shoulder4_official_zero_swing_velopp400 task=T1Shoulder4OfficialZeroSwingVelOpp_from7000LegFrozen_train400 envs=24576 final_iter=400 2026-05-13 19:40:28
CONFIG scratch arm checkpoint=null; leg=logs/2026-05-05-11-09-07/nn/model_4000.pth; official leg rewards/settings restored
CONFIG reward: zero stand target; pitch abs(cmd_x)*foot_sag; commanded outward foot velocity side roll right-foot->left-arm left-foot->right-arm
==== START train 2026-05-13 19:40:28 label=shoulder4_official_zero_swing_velopp400 ====
Importing module 'gym_38' (/opt/isaacgym/python/isaacgym/_bindings/linux-x86_64/gym_38.so)
Setting GYM_USD_PLUG_INFO_PATH to /opt/isaacgym/python/isaacgym/_bindings/linux-x86_64/usd/plugInfo.json
PyTorch version 2.0.1+cu118
Device count 1
/opt/isaacgym/python/isaacgym/_bindings/src/gymtorch
Using /root/.cache/torch_extensions/py38_cu118 as PyTorch extensions root...
Emitting ninja build file /root/.cache/torch_extensions/py38_cu118/gymtorch/build.ninja...
Building extension module gymtorch...
Allowing ninja to set a default number of workers... (overridable by setting the environment variable MAX_JOBS=N)
ninja: no work to do.
Loading extension module gymtorch...
Setting seed: 42
[Warning] [carb.gym.plugin] useGpu is set, forcing single scene (0 subscenes)
Not connected to PVD
+++ Using GPU PhysX
Physics Engine: PhysX
Physics Device: cuda:0
GPU Pipeline: enabled
Using per-DOF actor mean scale: {'Left_Shoulder_Pitch': 0.75, 'Left_Shoulder_Roll': 0.9, 'Right_Shoulder_Pitch': 0.75, 'Right_Shoulder_Roll': 0.9}
Loading frozen leg model from logs/2026-05-05-11-09-07/nn/model_4000.pth
/opt/conda/lib/python3.8/site-packages/torch/_utils.py:776: UserWarning: TypedStorage is deprecated. It will be removed in the future and UntypedStorage will be the only storage class. This should only matter to you if you are using storages directly.  To access UntypedStorage directly, use tensor.untyped_storage() instead of tensor.storage()
  return self.fget.__get__(instance, owner)()
epoch: 1/400 (local 1/400) elapsed=0.2m eta=66.2m
epoch: 2/400 (local 2/400) elapsed=0.3m eta=58.2m
epoch: 3/400 (local 3/400) elapsed=0.4m eta=55.8m
epoch: 4/400 (local 4/400) elapsed=0.5m eta=54.0m
epoch: 5/400 (local 5/400) elapsed=0.7m eta=52.9m
epoch: 6/400 (local 6/400) elapsed=0.8m eta=52.0m
epoch: 7/400 (local 7/400) elapsed=0.9m eta=51.1m
epoch: 8/400 (local 8/400) elapsed=1.0m eta=50.6m
epoch: 9/400 (local 9/400) elapsed=1.2m eta=50.1m
epoch: 10/400 (local 10/400) elapsed=1.3m eta=49.7m
epoch: 11/400 (local 11/400) elapsed=1.4m eta=49.3m
epoch: 12/400 (local 12/400) elapsed=1.5m eta=48.8m
RUN_FAILED phase=train reason=train_shoulder4_frozen.py failed
{
  "status": "failed",
  "failure_phase": "train",
  "failure_reason": "train_shoulder4_frozen.py failed",
  "label": "shoulder4_official_zero_swing_velopp400",
  "display_name": "T1Shoulder4 Official ZeroSwing VelOpp model_400",
  "task": "T1Shoulder4OfficialZeroSwingVelOpp_from7000LegFrozen_train400",
  "run_dir": "",
  "arm_checkpoint": "",
  "leg_checkpoint": "logs/2026-05-05-11-09-07/nn/model_4000.pth",
  "eval_dir": "artifacts/autoresearch/shoulder4_official_zero_swing_velopp400_eval",
  "metrics_json": "artifacts/autoresearch/shoulder4_official_zero_swing_velopp400_metrics.json",
  "web_inputs": "artifacts/autoresearch/shoulder4_official_zero_swing_velopp400_web_inputs.tgz",
  "train_log": "artifacts/autoresearch/T1Shoulder4OfficialZeroSwingVelOpp_from7000LegFrozen_train400_20260513_194028_progress.log",
  "created_at": "2026-05-13T11:42:45+00:00"
}
