START run code=scratch5000 label=shoulder4_nighth_fullbody_grid15_scratch5000 task=T1Shoulder4NightHFullBodyGrid15Scratch_train5000 envs=30720 final_iter=5000 2026-05-12 01:06:21
NVIDIA GeForce RTX 4090 D, 299, 24564, 1
==== START train 2026-05-12 01:06:21 label=shoulder4_nighth_fullbody_grid15_scratch5000 ====
Importing module 'gym_38' (/opt/isaacgym/python/isaacgym/_bindings/linux-x86_64/gym_38.so)
Setting GYM_USD_PLUG_INFO_PATH to /opt/isaacgym/python/isaacgym/_bindings/linux-x86_64/usd/plugInfo.json
PyTorch version 2.0.1+cu118
Device count 1
/opt/isaacgym/python/isaacgym/_bindings/src/gymtorch
Using /root/.cache/torch_extensions/py38_cu118 as PyTorch extensions root...
Emitting ninja build file /root/.cache/torch_extensions/py38_cu118/gymtorch/build.ninja...
Building extension module gymtorch...
Allowing ninja to set a default number of workers... (overridable by setting the environment variable MAX_JOBS=N)
ninja: no work to do.
Loading extension module gymtorch...
Setting seed: 42
[Warning] [carb.gym.plugin] useGpu is set, forcing single scene (0 subscenes)
Not connected to PVD
+++ Using GPU PhysX
Physics Engine: PhysX
Physics Device: cuda:0
GPU Pipeline: enabled
/opt/conda/lib/python3.8/site-packages/torch/_utils.py:776: UserWarning: TypedStorage is deprecated. It will be removed in the future and UntypedStorage will be the only storage class. This should only matter to you if you are using storages directly.  To access UntypedStorage directly, use tensor.untyped_storage() instead of tensor.storage()
  return self.fget.__get__(instance, owner)()
epoch: 1/5000 elapsed_s=11.8
epoch: 2/5000 elapsed_s=43.8
epoch: 3/5000 elapsed_s=78.9
epoch: 4/5000 elapsed_s=106.0
epoch: 5/5000 elapsed_s=143.2
epoch: 6/5000 elapsed_s=169.1
epoch: 7/5000 elapsed_s=205.7
epoch: 8/5000 elapsed_s=231.4
epoch: 9/5000 elapsed_s=266.2
epoch: 10/5000 elapsed_s=293.7
epoch: 11/5000 elapsed_s=326.8
epoch: 12/5000 elapsed_s=355.8
epoch: 13/5000 elapsed_s=385.7
epoch: 14/5000 elapsed_s=416.1
epoch: 15/5000 elapsed_s=444.9
epoch: 16/5000 elapsed_s=476.2
epoch: 17/5000 elapsed_s=504.9
epoch: 18/5000 elapsed_s=535.6
epoch: 19/5000 elapsed_s=564.3
epoch: 20/5000 elapsed_s=594.3
epoch: 21/5000 elapsed_s=623.8
epoch: 22/5000 elapsed_s=652.5
epoch: 23/5000 elapsed_s=682.4
epoch: 24/5000 elapsed_s=711.0
epoch: 25/5000 elapsed_s=741.3
epoch: 26/5000 elapsed_s=769.9
epoch: 27/5000 elapsed_s=799.4
epoch: 28/5000 elapsed_s=828.8
epoch: 29/5000 elapsed_s=858.3
epoch: 30/5000 elapsed_s=887.8
epoch: 31/5000 elapsed_s=917.1
epoch: 32/5000 elapsed_s=945.7
epoch: 33/5000 elapsed_s=974.6
epoch: 34/5000 elapsed_s=1003.5
epoch: 35/5000 elapsed_s=1032.7
epoch: 36/5000 elapsed_s=1061.5
epoch: 37/5000 elapsed_s=1090.9
epoch: 38/5000 elapsed_s=1119.8
epoch: 39/5000 elapsed_s=1148.3
epoch: 40/5000 elapsed_s=1177.0
epoch: 41/5000 elapsed_s=1205.5
epoch: 42/5000 elapsed_s=1233.9
epoch: 43/5000 elapsed_s=1261.9
epoch: 44/5000 elapsed_s=1290.2
epoch: 45/5000 elapsed_s=1318.3
epoch: 46/5000 elapsed_s=1346.1
epoch: 47/5000 elapsed_s=1374.2
epoch: 48/5000 elapsed_s=1402.0
epoch: 49/5000 elapsed_s=1429.8
epoch: 50/5000 elapsed_s=1457.6
epoch: 51/5000 elapsed_s=1485.3
epoch: 52/5000 elapsed_s=1513.3
epoch: 53/5000 elapsed_s=1541.1
epoch: 54/5000 elapsed_s=1568.9
epoch: 55/5000 elapsed_s=1595.8
epoch: 56/5000 elapsed_s=1623.6
epoch: 57/5000 elapsed_s=1650.7
epoch: 58/5000 elapsed_s=1677.7
epoch: 59/5000 elapsed_s=1704.6
epoch: 60/5000 elapsed_s=1732.0
epoch: 61/5000 elapsed_s=1758.9
epoch: 62/5000 elapsed_s=1785.5
epoch: 63/5000 elapsed_s=1811.9
epoch: 64/5000 elapsed_s=1838.1
epoch: 65/5000 elapsed_s=1864.4
epoch: 66/5000 elapsed_s=1890.3
epoch: 67/5000 elapsed_s=1917.0
epoch: 68/5000 elapsed_s=1942.9
epoch: 69/5000 elapsed_s=1969.2
epoch: 70/5000 elapsed_s=1995.9
epoch: 71/5000 elapsed_s=2021.9
epoch: 72/5000 elapsed_s=2048.6
epoch: 73/5000 elapsed_s=2074.9
epoch: 74/5000 elapsed_s=2100.9
epoch: 75/5000 elapsed_s=2127.2
epoch: 76/5000 elapsed_s=2153.7
epoch: 77/5000 elapsed_s=2179.6
epoch: 78/5000 elapsed_s=2205.7
epoch: 79/5000 elapsed_s=2231.7
epoch: 80/5000 elapsed_s=2257.9
epoch: 81/5000 elapsed_s=2283.9
epoch: 82/5000 elapsed_s=2309.7
epoch: 83/5000 elapsed_s=2335.3
epoch: 84/5000 elapsed_s=2361.4
epoch: 85/5000 elapsed_s=2388.1
epoch: 86/5000 elapsed_s=2413.5
epoch: 87/5000 elapsed_s=2439.2
epoch: 88/5000 elapsed_s=2464.9
epoch: 89/5000 elapsed_s=2490.2
epoch: 90/5000 elapsed_s=2515.7
epoch: 91/5000 elapsed_s=2541.2
epoch: 92/5000 elapsed_s=2566.4
epoch: 93/5000 elapsed_s=2591.5
epoch: 94/5000 elapsed_s=2616.6
epoch: 95/5000 elapsed_s=2642.2
epoch: 96/5000 elapsed_s=2667.1
epoch: 97/5000 elapsed_s=2692.2
epoch: 98/5000 elapsed_s=2717.7
epoch: 99/5000 elapsed_s=2742.9
Saving model to logs/2026-05-12-01-07-07/nn/model_100.pth
epoch: 100/5000 elapsed_s=2768.3
epoch: 101/5000 elapsed_s=2793.2
epoch: 102/5000 elapsed_s=2818.6
epoch: 103/5000 elapsed_s=2843.3
epoch: 104/5000 elapsed_s=2868.1
epoch: 105/5000 elapsed_s=2893.2
epoch: 106/5000 elapsed_s=2918.1
epoch: 107/5000 elapsed_s=2942.8
epoch: 108/5000 elapsed_s=2967.5
epoch: 109/5000 elapsed_s=2992.6
epoch: 110/5000 elapsed_s=3016.8
epoch: 111/5000 elapsed_s=3041.0
epoch: 112/5000 elapsed_s=3065.0
epoch: 113/5000 elapsed_s=3089.0
epoch: 114/5000 elapsed_s=3113.6
epoch: 115/5000 elapsed_s=3138.3
epoch: 116/5000 elapsed_s=3163.2
epoch: 117/5000 elapsed_s=3187.5
epoch: 118/5000 elapsed_s=3211.5
epoch: 119/5000 elapsed_s=3235.5
epoch: 120/5000 elapsed_s=3259.5
epoch: 121/5000 elapsed_s=3283.9
epoch: 122/5000 elapsed_s=3307.9
epoch: 123/5000 elapsed_s=3331.9
epoch: 124/5000 elapsed_s=3356.2
epoch: 125/5000 elapsed_s=3381.4
epoch: 126/5000 elapsed_s=3405.1
epoch: 127/5000 elapsed_s=3429.1
epoch: 128/5000 elapsed_s=3453.0
epoch: 129/5000 elapsed_s=3476.6
epoch: 130/5000 elapsed_s=3500.2
epoch: 131/5000 elapsed_s=3523.7
epoch: 132/5000 elapsed_s=3547.9
epoch: 133/5000 elapsed_s=3571.8
epoch: 134/5000 elapsed_s=3595.5
epoch: 135/5000 elapsed_s=3619.2
epoch: 136/5000 elapsed_s=3643.1
epoch: 137/5000 elapsed_s=3666.6
epoch: 138/5000 elapsed_s=3689.9
epoch: 139/5000 elapsed_s=3713.7
epoch: 140/5000 elapsed_s=3736.8
epoch: 141/5000 elapsed_s=3760.2
epoch: 142/5000 elapsed_s=3783.6
epoch: 143/5000 elapsed_s=3807.2
epoch: 144/5000 elapsed_s=3830.5
epoch: 145/5000 elapsed_s=3853.4
epoch: 146/5000 elapsed_s=3876.8
epoch: 147/5000 elapsed_s=3900.2
epoch: 148/5000 elapsed_s=3923.2
epoch: 149/5000 elapsed_s=3946.1
epoch: 150/5000 elapsed_s=3968.6
epoch: 151/5000 elapsed_s=3991.3
epoch: 152/5000 elapsed_s=4014.3
epoch: 153/5000 elapsed_s=4036.7
epoch: 154/5000 elapsed_s=4059.4
epoch: 155/5000 elapsed_s=4081.8
epoch: 156/5000 elapsed_s=4104.4
epoch: 157/5000 elapsed_s=4127.2
epoch: 158/5000 elapsed_s=4149.7
epoch: 159/5000 elapsed_s=4171.7
epoch: 160/5000 elapsed_s=4193.7
epoch: 161/5000 elapsed_s=4215.5
epoch: 162/5000 elapsed_s=4237.1
epoch: 163/5000 elapsed_s=4258.6
epoch: 164/5000 elapsed_s=4279.8
epoch: 165/5000 elapsed_s=4301.1
epoch: 166/5000 elapsed_s=4322.2
epoch: 167/5000 elapsed_s=4343.1
epoch: 168/5000 elapsed_s=4363.6
epoch: 169/5000 elapsed_s=4384.1
epoch: 170/5000 elapsed_s=4404.7
epoch: 171/5000 elapsed_s=4425.1
epoch: 172/5000 elapsed_s=4445.0
epoch: 173/5000 elapsed_s=4464.8
epoch: 174/5000 elapsed_s=4484.6
epoch: 175/5000 elapsed_s=4504.0
epoch: 176/5000 elapsed_s=4523.2
epoch: 177/5000 elapsed_s=4541.8
epoch: 178/5000 elapsed_s=4560.4
epoch: 179/5000 elapsed_s=4578.7
epoch: 180/5000 elapsed_s=4597.3
epoch: 181/5000 elapsed_s=4615.7
epoch: 182/5000 elapsed_s=4633.8
epoch: 183/5000 elapsed_s=4651.9
epoch: 184/5000 elapsed_s=4669.4
epoch: 185/5000 elapsed_s=4687.0
epoch: 186/5000 elapsed_s=4704.5
epoch: 187/5000 elapsed_s=4722.1
epoch: 188/5000 elapsed_s=4739.0
epoch: 189/5000 elapsed_s=4755.9
epoch: 190/5000 elapsed_s=4773.3
epoch: 191/5000 elapsed_s=4790.5
epoch: 192/5000 elapsed_s=4806.9
epoch: 193/5000 elapsed_s=4823.0
epoch: 194/5000 elapsed_s=4839.0
epoch: 195/5000 elapsed_s=4855.0
epoch: 196/5000 elapsed_s=4871.0
epoch: 197/5000 elapsed_s=4886.9
epoch: 198/5000 elapsed_s=4902.6
epoch: 199/5000 elapsed_s=4918.1
Saving model to logs/2026-05-12-01-07-07/nn/model_200.pth
epoch: 200/5000 elapsed_s=4933.8
epoch: 201/5000 elapsed_s=4949.2
epoch: 202/5000 elapsed_s=4964.1
epoch: 203/5000 elapsed_s=4978.8
epoch: 204/5000 elapsed_s=4993.7
epoch: 205/5000 elapsed_s=5008.6
epoch: 206/5000 elapsed_s=5023.6
epoch: 207/5000 elapsed_s=5038.2
epoch: 208/5000 elapsed_s=5053.0
epoch: 209/5000 elapsed_s=5067.9
epoch: 210/5000 elapsed_s=5082.2
epoch: 211/5000 elapsed_s=5096.5
epoch: 212/5000 elapsed_s=5110.5
epoch: 213/5000 elapsed_s=5124.8
epoch: 214/5000 elapsed_s=5138.9
epoch: 215/5000 elapsed_s=5152.9
epoch: 216/5000 elapsed_s=5166.7
epoch: 217/5000 elapsed_s=5180.5
epoch: 218/5000 elapsed_s=5194.2
epoch: 219/5000 elapsed_s=5207.7
epoch: 220/5000 elapsed_s=5221.3
epoch: 221/5000 elapsed_s=5234.7
epoch: 222/5000 elapsed_s=5248.1
epoch: 223/5000 elapsed_s=5261.5
epoch: 224/5000 elapsed_s=5274.6
epoch: 225/5000 elapsed_s=5287.9
epoch: 226/5000 elapsed_s=5301.0
epoch: 227/5000 elapsed_s=5314.1
epoch: 228/5000 elapsed_s=5327.3
epoch: 229/5000 elapsed_s=5340.4
epoch: 230/5000 elapsed_s=5353.6
epoch: 231/5000 elapsed_s=5366.5
epoch: 232/5000 elapsed_s=5379.4
epoch: 233/5000 elapsed_s=5392.2
epoch: 234/5000 elapsed_s=5405.2
epoch: 235/5000 elapsed_s=5418.2
epoch: 236/5000 elapsed_s=5431.2
epoch: 237/5000 elapsed_s=5444.2
epoch: 238/5000 elapsed_s=5457.1
epoch: 239/5000 elapsed_s=5470.1
epoch: 240/5000 elapsed_s=5482.8
epoch: 241/5000 elapsed_s=5495.5
epoch: 242/5000 elapsed_s=5508.5
epoch: 243/5000 elapsed_s=5521.3
epoch: 244/5000 elapsed_s=5534.3
epoch: 245/5000 elapsed_s=5547.3
epoch: 246/5000 elapsed_s=5560.4
epoch: 247/5000 elapsed_s=5573.3
epoch: 248/5000 elapsed_s=5586.1
epoch: 249/5000 elapsed_s=5599.0
epoch: 250/5000 elapsed_s=5611.7
epoch: 251/5000 elapsed_s=5624.6
epoch: 252/5000 elapsed_s=5637.7
epoch: 253/5000 elapsed_s=5650.5
epoch: 254/5000 elapsed_s=5663.3
epoch: 255/5000 elapsed_s=5676.1
epoch: 256/5000 elapsed_s=5689.0
epoch: 257/5000 elapsed_s=5701.7
epoch: 258/5000 elapsed_s=5714.0
epoch: 259/5000 elapsed_s=5726.4
epoch: 260/5000 elapsed_s=5738.6
epoch: 261/5000 elapsed_s=5751.0
epoch: 262/5000 elapsed_s=5763.3
epoch: 263/5000 elapsed_s=5775.6
epoch: 264/5000 elapsed_s=5787.9
epoch: 265/5000 elapsed_s=5800.1
epoch: 266/5000 elapsed_s=5812.2
epoch: 267/5000 elapsed_s=5824.3
epoch: 268/5000 elapsed_s=5836.2
epoch: 269/5000 elapsed_s=5848.2
epoch: 270/5000 elapsed_s=5860.4
epoch: 271/5000 elapsed_s=5872.3
epoch: 272/5000 elapsed_s=5884.4
epoch: 273/5000 elapsed_s=5896.5
epoch: 274/5000 elapsed_s=5908.5
epoch: 275/5000 elapsed_s=5920.5
epoch: 276/5000 elapsed_s=5932.3
epoch: 277/5000 elapsed_s=5944.2
epoch: 278/5000 elapsed_s=5956.1
epoch: 279/5000 elapsed_s=5968.0
epoch: 280/5000 elapsed_s=5980.0
epoch: 281/5000 elapsed_s=5991.8
epoch: 282/5000 elapsed_s=6003.9
epoch: 283/5000 elapsed_s=6015.9
epoch: 284/5000 elapsed_s=6027.9
epoch: 285/5000 elapsed_s=6039.9
epoch: 286/5000 elapsed_s=6052.1
epoch: 287/5000 elapsed_s=6064.1
epoch: 288/5000 elapsed_s=6076.2
epoch: 289/5000 elapsed_s=6088.0
epoch: 290/5000 elapsed_s=6100.1
epoch: 291/5000 elapsed_s=6112.1
epoch: 292/5000 elapsed_s=6124.2
epoch: 293/5000 elapsed_s=6136.0
epoch: 294/5000 elapsed_s=6148.0
epoch: 295/5000 elapsed_s=6160.2
epoch: 296/5000 elapsed_s=6172.3
epoch: 297/5000 elapsed_s=6184.4
epoch: 298/5000 elapsed_s=6196.5
epoch: 299/5000 elapsed_s=6208.7
Saving model to logs/2026-05-12-01-07-07/nn/model_300.pth
epoch: 300/5000 elapsed_s=6220.9
epoch: 301/5000 elapsed_s=6233.0
epoch: 302/5000 elapsed_s=6245.0
epoch: 303/5000 elapsed_s=6257.1
epoch: 304/5000 elapsed_s=6269.2
epoch: 305/5000 elapsed_s=6281.4
epoch: 306/5000 elapsed_s=6294.2
epoch: 307/5000 elapsed_s=6306.9
epoch: 308/5000 elapsed_s=6319.3
epoch: 309/5000 elapsed_s=6331.7
epoch: 310/5000 elapsed_s=6344.1
epoch: 311/5000 elapsed_s=6356.5
epoch: 312/5000 elapsed_s=6369.2
epoch: 313/5000 elapsed_s=6381.8
epoch: 314/5000 elapsed_s=6394.0
epoch: 315/5000 elapsed_s=6406.2
epoch: 316/5000 elapsed_s=6418.5
epoch: 317/5000 elapsed_s=6430.7
epoch: 318/5000 elapsed_s=6443.1
epoch: 319/5000 elapsed_s=6455.3
epoch: 320/5000 elapsed_s=6467.6
epoch: 321/5000 elapsed_s=6479.5
epoch: 322/5000 elapsed_s=6491.7
epoch: 323/5000 elapsed_s=6504.0
epoch: 324/5000 elapsed_s=6516.2
epoch: 325/5000 elapsed_s=6528.5
epoch: 326/5000 elapsed_s=6540.5
epoch: 327/5000 elapsed_s=6552.5
epoch: 328/5000 elapsed_s=6564.7
epoch: 329/5000 elapsed_s=6576.8
epoch: 330/5000 elapsed_s=6588.9
epoch: 331/5000 elapsed_s=6601.0
epoch: 332/5000 elapsed_s=6613.0
epoch: 333/5000 elapsed_s=6625.0
epoch: 334/5000 elapsed_s=6637.0
epoch: 335/5000 elapsed_s=6649.0
epoch: 336/5000 elapsed_s=6661.0
epoch: 337/5000 elapsed_s=6673.3
epoch: 338/5000 elapsed_s=6685.4
epoch: 339/5000 elapsed_s=6697.3
epoch: 340/5000 elapsed_s=6709.7
epoch: 341/5000 elapsed_s=6721.7
epoch: 342/5000 elapsed_s=6733.7
epoch: 343/5000 elapsed_s=6746.2
epoch: 344/5000 elapsed_s=6758.4
epoch: 345/5000 elapsed_s=6770.4
epoch: 346/5000 elapsed_s=6782.8
epoch: 347/5000 elapsed_s=6794.9
epoch: 348/5000 elapsed_s=6806.9
epoch: 349/5000 elapsed_s=6819.1
epoch: 350/5000 elapsed_s=6831.0
epoch: 351/5000 elapsed_s=6843.0
epoch: 352/5000 elapsed_s=6855.4
epoch: 353/5000 elapsed_s=6867.9
epoch: 354/5000 elapsed_s=6880.3
epoch: 355/5000 elapsed_s=6892.5
epoch: 356/5000 elapsed_s=6905.0
epoch: 357/5000 elapsed_s=6917.4
epoch: 358/5000 elapsed_s=6929.7
epoch: 359/5000 elapsed_s=6942.2
epoch: 360/5000 elapsed_s=6954.8
epoch: 361/5000 elapsed_s=6967.2
epoch: 362/5000 elapsed_s=6979.6
epoch: 363/5000 elapsed_s=6992.6
epoch: 364/5000 elapsed_s=7005.1
epoch: 365/5000 elapsed_s=7017.6
epoch: 366/5000 elapsed_s=7030.4
epoch: 367/5000 elapsed_s=7043.3
epoch: 368/5000 elapsed_s=7056.4
epoch: 369/5000 elapsed_s=7069.3
epoch: 370/5000 elapsed_s=7082.2
epoch: 371/5000 elapsed_s=7094.9
epoch: 372/5000 elapsed_s=7107.7
epoch: 373/5000 elapsed_s=7120.6
epoch: 374/5000 elapsed_s=7133.8
epoch: 375/5000 elapsed_s=7147.1
epoch: 376/5000 elapsed_s=7160.2
epoch: 377/5000 elapsed_s=7173.5
epoch: 378/5000 elapsed_s=7186.7
epoch: 379/5000 elapsed_s=7199.9
epoch: 380/5000 elapsed_s=7213.2
epoch: 381/5000 elapsed_s=7226.5
epoch: 382/5000 elapsed_s=7239.7
epoch: 383/5000 elapsed_s=7252.8
epoch: 384/5000 elapsed_s=7266.0
epoch: 385/5000 elapsed_s=7279.1
epoch: 386/5000 elapsed_s=7292.6
epoch: 387/5000 elapsed_s=7306.0
epoch: 388/5000 elapsed_s=7319.7
epoch: 389/5000 elapsed_s=7332.9
epoch: 390/5000 elapsed_s=7346.3
epoch: 391/5000 elapsed_s=7359.9
epoch: 392/5000 elapsed_s=7373.2
epoch: 393/5000 elapsed_s=7386.5
epoch: 394/5000 elapsed_s=7400.0
epoch: 395/5000 elapsed_s=7413.5
epoch: 396/5000 elapsed_s=7427.2
epoch: 397/5000 elapsed_s=7440.8
epoch: 398/5000 elapsed_s=7455.1
epoch: 399/5000 elapsed_s=7469.1
Saving model to logs/2026-05-12-01-07-07/nn/model_400.pth
epoch: 400/5000 elapsed_s=7483.4
epoch: 401/5000 elapsed_s=7497.7
epoch: 402/5000 elapsed_s=7511.6
epoch: 403/5000 elapsed_s=7526.0
epoch: 404/5000 elapsed_s=7540.2
epoch: 405/5000 elapsed_s=7554.3
epoch: 406/5000 elapsed_s=7568.4
epoch: 407/5000 elapsed_s=7582.5
epoch: 408/5000 elapsed_s=7596.6
epoch: 409/5000 elapsed_s=7610.9
epoch: 410/5000 elapsed_s=7625.3
epoch: 411/5000 elapsed_s=7639.9
epoch: 412/5000 elapsed_s=7654.5
epoch: 413/5000 elapsed_s=7669.0
epoch: 414/5000 elapsed_s=7683.4
epoch: 415/5000 elapsed_s=7698.0
epoch: 416/5000 elapsed_s=7712.7
epoch: 417/5000 elapsed_s=7727.1
epoch: 418/5000 elapsed_s=7741.8
epoch: 419/5000 elapsed_s=7756.6
epoch: 420/5000 elapsed_s=7771.4
epoch: 421/5000 elapsed_s=7786.6
epoch: 422/5000 elapsed_s=7801.4
epoch: 423/5000 elapsed_s=7816.4
epoch: 424/5000 elapsed_s=7831.3
epoch: 425/5000 elapsed_s=7846.2
epoch: 426/5000 elapsed_s=7861.3
epoch: 427/5000 elapsed_s=7876.4
epoch: 428/5000 elapsed_s=7891.8
epoch: 429/5000 elapsed_s=7907.0
epoch: 430/5000 elapsed_s=7922.5
epoch: 431/5000 elapsed_s=7938.0
epoch: 432/5000 elapsed_s=7953.5
epoch: 433/5000 elapsed_s=7968.9
epoch: 434/5000 elapsed_s=7984.3
epoch: 435/5000 elapsed_s=8000.1
epoch: 436/5000 elapsed_s=8015.9
epoch: 437/5000 elapsed_s=8031.8
epoch: 438/5000 elapsed_s=8047.8
epoch: 439/5000 elapsed_s=8063.6
epoch: 440/5000 elapsed_s=8079.5
epoch: 441/5000 elapsed_s=8095.7
epoch: 442/5000 elapsed_s=8111.9
epoch: 443/5000 elapsed_s=8128.0
epoch: 444/5000 elapsed_s=8144.3
epoch: 445/5000 elapsed_s=8160.3
epoch: 446/5000 elapsed_s=8176.9
epoch: 447/5000 elapsed_s=8193.4
epoch: 448/5000 elapsed_s=8209.9
epoch: 449/5000 elapsed_s=8226.5
epoch: 450/5000 elapsed_s=8243.4
epoch: 451/5000 elapsed_s=8260.4
epoch: 452/5000 elapsed_s=8277.0
epoch: 453/5000 elapsed_s=8294.7
epoch: 454/5000 elapsed_s=8311.8
epoch: 455/5000 elapsed_s=8328.8
epoch: 456/5000 elapsed_s=8346.2
epoch: 457/5000 elapsed_s=8363.7
epoch: 458/5000 elapsed_s=8380.9
epoch: 459/5000 elapsed_s=8398.4
epoch: 460/5000 elapsed_s=8415.7
epoch: 461/5000 elapsed_s=8433.1
epoch: 462/5000 elapsed_s=8450.8
epoch: 463/5000 elapsed_s=8468.5
epoch: 464/5000 elapsed_s=8486.3
epoch: 465/5000 elapsed_s=8504.2
epoch: 466/5000 elapsed_s=8522.2
epoch: 467/5000 elapsed_s=8540.4
epoch: 468/5000 elapsed_s=8558.6
epoch: 469/5000 elapsed_s=8577.0
epoch: 470/5000 elapsed_s=8595.3
epoch: 471/5000 elapsed_s=8613.5
epoch: 472/5000 elapsed_s=8632.2
epoch: 473/5000 elapsed_s=8651.2
epoch: 474/5000 elapsed_s=8670.1
epoch: 475/5000 elapsed_s=8689.4
epoch: 476/5000 elapsed_s=8708.7
epoch: 477/5000 elapsed_s=8728.2
epoch: 478/5000 elapsed_s=8747.9
epoch: 479/5000 elapsed_s=8767.7
epoch: 480/5000 elapsed_s=8787.5
epoch: 481/5000 elapsed_s=8807.6
epoch: 482/5000 elapsed_s=8827.5
epoch: 483/5000 elapsed_s=8847.7
epoch: 484/5000 elapsed_s=8868.3
epoch: 485/5000 elapsed_s=8888.3
epoch: 486/5000 elapsed_s=8909.3
epoch: 487/5000 elapsed_s=8929.8
epoch: 488/5000 elapsed_s=8950.6
epoch: 489/5000 elapsed_s=8971.6
epoch: 490/5000 elapsed_s=8992.5
epoch: 491/5000 elapsed_s=9013.3
epoch: 492/5000 elapsed_s=9034.3
epoch: 493/5000 elapsed_s=9055.5
epoch: 494/5000 elapsed_s=9076.7
epoch: 495/5000 elapsed_s=9098.2
epoch: 496/5000 elapsed_s=9119.8
epoch: 497/5000 elapsed_s=9141.5
epoch: 498/5000 elapsed_s=9163.6
epoch: 499/5000 elapsed_s=9185.5
Saving model to logs/2026-05-12-01-07-07/nn/model_500.pth
epoch: 500/5000 elapsed_s=9207.5
epoch: 501/5000 elapsed_s=9229.6
epoch: 502/5000 elapsed_s=9252.1
epoch: 503/5000 elapsed_s=9274.3
epoch: 504/5000 elapsed_s=9296.8
epoch: 505/5000 elapsed_s=9319.6
epoch: 506/5000 elapsed_s=9342.5
epoch: 507/5000 elapsed_s=9366.1
epoch: 508/5000 elapsed_s=9389.8
epoch: 509/5000 elapsed_s=9413.2
epoch: 510/5000 elapsed_s=9437.1
epoch: 511/5000 elapsed_s=9461.0
epoch: 512/5000 elapsed_s=9485.1
epoch: 513/5000 elapsed_s=9509.3
epoch: 514/5000 elapsed_s=9533.5
epoch: 515/5000 elapsed_s=9557.8
epoch: 516/5000 elapsed_s=9582.5
epoch: 517/5000 elapsed_s=9607.2
epoch: 518/5000 elapsed_s=9631.5
epoch: 519/5000 elapsed_s=9656.3
epoch: 520/5000 elapsed_s=9681.5
epoch: 521/5000 elapsed_s=9706.4
epoch: 522/5000 elapsed_s=9732.2
epoch: 523/5000 elapsed_s=9757.4
epoch: 524/5000 elapsed_s=9783.2
epoch: 525/5000 elapsed_s=9809.3
epoch: 526/5000 elapsed_s=9835.2
epoch: 527/5000 elapsed_s=9861.2
epoch: 528/5000 elapsed_s=9887.4
epoch: 529/5000 elapsed_s=9913.9
epoch: 530/5000 elapsed_s=9940.3
epoch: 531/5000 elapsed_s=9966.7
epoch: 532/5000 elapsed_s=9993.7
epoch: 533/5000 elapsed_s=10020.3
epoch: 534/5000 elapsed_s=10047.5
epoch: 535/5000 elapsed_s=10074.5
epoch: 536/5000 elapsed_s=10101.5
epoch: 537/5000 elapsed_s=10129.3
epoch: 538/5000 elapsed_s=10156.9
epoch: 539/5000 elapsed_s=10185.2
epoch: 540/5000 elapsed_s=10213.2
epoch: 541/5000 elapsed_s=10241.1
epoch: 542/5000 elapsed_s=10269.4
epoch: 543/5000 elapsed_s=10297.7
epoch: 544/5000 elapsed_s=10326.3
epoch: 545/5000 elapsed_s=10355.4
epoch: 546/5000 elapsed_s=10384.7
epoch: 547/5000 elapsed_s=10413.9
epoch: 548/5000 elapsed_s=10443.2
epoch: 549/5000 elapsed_s=10472.3
epoch: 550/5000 elapsed_s=10501.8
epoch: 551/5000 elapsed_s=10531.4
epoch: 552/5000 elapsed_s=10561.9
epoch: 553/5000 elapsed_s=10591.9
epoch: 554/5000 elapsed_s=10622.0
epoch: 555/5000 elapsed_s=10652.0
epoch: 556/5000 elapsed_s=10682.7
epoch: 557/5000 elapsed_s=10712.9
epoch: 558/5000 elapsed_s=10743.4
epoch: 559/5000 elapsed_s=10774.2
epoch: 560/5000 elapsed_s=10805.2
epoch: 561/5000 elapsed_s=10836.6
epoch: 562/5000 elapsed_s=10867.6
epoch: 563/5000 elapsed_s=10900.4
epoch: 564/5000 elapsed_s=10931.7
epoch: 565/5000 elapsed_s=10964.3
epoch: 566/5000 elapsed_s=10995.7
epoch: 567/5000 elapsed_s=11027.6
epoch: 568/5000 elapsed_s=11060.0
epoch: 569/5000 elapsed_s=11091.9
epoch: 570/5000 elapsed_s=11124.5
epoch: 571/5000 elapsed_s=11157.0
epoch: 572/5000 elapsed_s=11189.4
epoch: 573/5000 elapsed_s=11221.7
epoch: 574/5000 elapsed_s=11254.3
epoch: 575/5000 elapsed_s=11287.0
epoch: 576/5000 elapsed_s=11319.9
epoch: 577/5000 elapsed_s=11352.5
epoch: 578/5000 elapsed_s=11385.2
epoch: 579/5000 elapsed_s=11418.8
epoch: 580/5000 elapsed_s=11451.8
epoch: 581/5000 elapsed_s=11485.1
epoch: 582/5000 elapsed_s=11518.4
epoch: 583/5000 elapsed_s=11551.5
epoch: 584/5000 elapsed_s=11584.8
epoch: 585/5000 elapsed_s=11618.5
epoch: 586/5000 elapsed_s=11652.4
epoch: 587/5000 elapsed_s=11686.3
epoch: 588/5000 elapsed_s=11720.4
epoch: 589/5000 elapsed_s=11754.6
epoch: 590/5000 elapsed_s=11788.9
epoch: 591/5000 elapsed_s=11823.2
epoch: 592/5000 elapsed_s=11857.4
epoch: 593/5000 elapsed_s=11892.2
epoch: 594/5000 elapsed_s=11926.7
epoch: 595/5000 elapsed_s=11960.9
epoch: 596/5000 elapsed_s=11995.8
epoch: 597/5000 elapsed_s=12030.5
epoch: 598/5000 elapsed_s=12065.8
epoch: 599/5000 elapsed_s=12101.0
Saving model to logs/2026-05-12-01-07-07/nn/model_600.pth
epoch: 600/5000 elapsed_s=12136.6
epoch: 601/5000 elapsed_s=12171.8
epoch: 602/5000 elapsed_s=12208.4
epoch: 603/5000 elapsed_s=12244.9
epoch: 604/5000 elapsed_s=12280.3
epoch: 605/5000 elapsed_s=12316.5
epoch: 606/5000 elapsed_s=12353.0
epoch: 607/5000 elapsed_s=12389.6
epoch: 608/5000 elapsed_s=12426.2
epoch: 609/5000 elapsed_s=12462.5
epoch: 610/5000 elapsed_s=12498.6
epoch: 611/5000 elapsed_s=12534.8
epoch: 612/5000 elapsed_s=12571.5
epoch: 613/5000 elapsed_s=12608.9
epoch: 614/5000 elapsed_s=12646.0
epoch: 615/5000 elapsed_s=12683.5
epoch: 616/5000 elapsed_s=12721.0
epoch: 617/5000 elapsed_s=12758.5
epoch: 618/5000 elapsed_s=12795.9
epoch: 619/5000 elapsed_s=12833.7
epoch: 620/5000 elapsed_s=12871.2
epoch: 621/5000 elapsed_s=12908.8
epoch: 622/5000 elapsed_s=12946.9
epoch: 623/5000 elapsed_s=12984.9
epoch: 624/5000 elapsed_s=13023.4
epoch: 625/5000 elapsed_s=13061.5
epoch: 626/5000 elapsed_s=13099.8
epoch: 627/5000 elapsed_s=13138.0
epoch: 628/5000 elapsed_s=13176.5
epoch: 629/5000 elapsed_s=13214.8
epoch: 630/5000 elapsed_s=13252.5
epoch: 631/5000 elapsed_s=13290.9
epoch: 632/5000 elapsed_s=13329.5
epoch: 633/5000 elapsed_s=13367.8
epoch: 634/5000 elapsed_s=13407.1
epoch: 635/5000 elapsed_s=13446.6
epoch: 636/5000 elapsed_s=13485.6
epoch: 637/5000 elapsed_s=13524.9
epoch: 638/5000 elapsed_s=13563.9
epoch: 639/5000 elapsed_s=13603.9
epoch: 640/5000 elapsed_s=13643.7
epoch: 641/5000 elapsed_s=13683.8
epoch: 642/5000 elapsed_s=13724.5
epoch: 643/5000 elapsed_s=13764.6
epoch: 644/5000 elapsed_s=13805.4
epoch: 645/5000 elapsed_s=13846.0
epoch: 646/5000 elapsed_s=13886.5
epoch: 647/5000 elapsed_s=13926.9
epoch: 648/5000 elapsed_s=13967.3
epoch: 649/5000 elapsed_s=14008.2
epoch: 650/5000 elapsed_s=14049.0
epoch: 651/5000 elapsed_s=14090.8
epoch: 652/5000 elapsed_s=14131.7
epoch: 653/5000 elapsed_s=14172.7
epoch: 654/5000 elapsed_s=14213.7
epoch: 655/5000 elapsed_s=14255.0
epoch: 656/5000 elapsed_s=14295.7
epoch: 657/5000 elapsed_s=14337.9
epoch: 658/5000 elapsed_s=14379.6
epoch: 659/5000 elapsed_s=14420.8
epoch: 660/5000 elapsed_s=14463.8
epoch: 661/5000 elapsed_s=14505.2
epoch: 662/5000 elapsed_s=14547.3
epoch: 663/5000 elapsed_s=14588.5
epoch: 664/5000 elapsed_s=14630.9
epoch: 665/5000 elapsed_s=14672.9
epoch: 666/5000 elapsed_s=14715.2
epoch: 667/5000 elapsed_s=14758.2
epoch: 668/5000 elapsed_s=14800.8
epoch: 669/5000 elapsed_s=14844.0
epoch: 670/5000 elapsed_s=14887.5
epoch: 671/5000 elapsed_s=14930.9
epoch: 672/5000 elapsed_s=14974.1
epoch: 673/5000 elapsed_s=15017.1
epoch: 674/5000 elapsed_s=15060.5
epoch: 675/5000 elapsed_s=15104.1
epoch: 676/5000 elapsed_s=15147.8
epoch: 677/5000 elapsed_s=15190.8
epoch: 678/5000 elapsed_s=15234.4
epoch: 679/5000 elapsed_s=15277.5
epoch: 680/5000 elapsed_s=15320.7
epoch: 681/5000 elapsed_s=15365.1
epoch: 682/5000 elapsed_s=15409.4
epoch: 683/5000 elapsed_s=15455.0
epoch: 684/5000 elapsed_s=15498.7
epoch: 685/5000 elapsed_s=15543.1
epoch: 686/5000 elapsed_s=15587.7
epoch: 687/5000 elapsed_s=15632.5
epoch: 688/5000 elapsed_s=15676.8
epoch: 689/5000 elapsed_s=15721.7
epoch: 690/5000 elapsed_s=15766.3
epoch: 691/5000 elapsed_s=15811.2
epoch: 692/5000 elapsed_s=15856.3
epoch: 693/5000 elapsed_s=15901.2
epoch: 694/5000 elapsed_s=15946.6
epoch: 695/5000 elapsed_s=15992.4
epoch: 696/5000 elapsed_s=16037.8
epoch: 697/5000 elapsed_s=16083.1
epoch: 698/5000 elapsed_s=16129.0
epoch: 699/5000 elapsed_s=16174.5
Saving model to logs/2026-05-12-01-07-07/nn/model_700.pth
epoch: 700/5000 elapsed_s=16219.9
epoch: 701/5000 elapsed_s=16265.4
epoch: 702/5000 elapsed_s=16310.8
epoch: 703/5000 elapsed_s=16356.9
epoch: 704/5000 elapsed_s=16403.8
epoch: 705/5000 elapsed_s=16449.4
epoch: 706/5000 elapsed_s=16495.8
epoch: 707/5000 elapsed_s=16541.5
epoch: 708/5000 elapsed_s=16588.1
epoch: 709/5000 elapsed_s=16634.1
epoch: 710/5000 elapsed_s=16680.2
epoch: 711/5000 elapsed_s=16726.7
epoch: 712/5000 elapsed_s=16774.0
epoch: 713/5000 elapsed_s=16821.4
epoch: 714/5000 elapsed_s=16867.8
epoch: 715/5000 elapsed_s=16915.9
epoch: 716/5000 elapsed_s=16965.0
epoch: 717/5000 elapsed_s=17012.2
epoch: 718/5000 elapsed_s=17060.7
epoch: 719/5000 elapsed_s=17108.7
epoch: 720/5000 elapsed_s=17156.5
epoch: 721/5000 elapsed_s=17205.1
epoch: 722/5000 elapsed_s=17253.7
epoch: 723/5000 elapsed_s=17301.3
epoch: 724/5000 elapsed_s=17349.9
epoch: 725/5000 elapsed_s=17398.5
epoch: 726/5000 elapsed_s=17446.9
epoch: 727/5000 elapsed_s=17495.0
epoch: 728/5000 elapsed_s=17544.5
epoch: 729/5000 elapsed_s=17592.6
epoch: 730/5000 elapsed_s=17642.4
epoch: 731/5000 elapsed_s=17690.8
epoch: 732/5000 elapsed_s=17739.9
epoch: 733/5000 elapsed_s=17789.9
epoch: 734/5000 elapsed_s=17838.5
epoch: 735/5000 elapsed_s=17887.8
epoch: 736/5000 elapsed_s=17937.5
epoch: 737/5000 elapsed_s=17988.2
epoch: 738/5000 elapsed_s=18038.8
epoch: 739/5000 elapsed_s=18088.4
epoch: 740/5000 elapsed_s=18137.6
epoch: 741/5000 elapsed_s=18187.4
epoch: 742/5000 elapsed_s=18238.4
epoch: 743/5000 elapsed_s=18288.1
epoch: 744/5000 elapsed_s=18338.9
epoch: 745/5000 elapsed_s=18388.7
epoch: 746/5000 elapsed_s=18439.5
epoch: 747/5000 elapsed_s=18489.3
epoch: 748/5000 elapsed_s=18540.4
epoch: 749/5000 elapsed_s=18591.7
epoch: 750/5000 elapsed_s=18641.4
epoch: 751/5000 elapsed_s=18692.0
epoch: 752/5000 elapsed_s=18742.7
epoch: 753/5000 elapsed_s=18794.4
epoch: 754/5000 elapsed_s=18845.2
epoch: 755/5000 elapsed_s=18897.2
epoch: 756/5000 elapsed_s=18947.5
epoch: 757/5000 elapsed_s=18998.9
epoch: 758/5000 elapsed_s=19050.4
epoch: 759/5000 elapsed_s=19102.2
epoch: 760/5000 elapsed_s=19154.3
epoch: 761/5000 elapsed_s=19205.5
epoch: 762/5000 elapsed_s=19257.9
epoch: 763/5000 elapsed_s=19310.5
epoch: 764/5000 elapsed_s=19362.4
epoch: 765/5000 elapsed_s=19415.2
epoch: 766/5000 elapsed_s=19468.8
epoch: 767/5000 elapsed_s=19521.5
epoch: 768/5000 elapsed_s=19573.8
epoch: 769/5000 elapsed_s=19627.5
epoch: 770/5000 elapsed_s=19680.3
epoch: 771/5000 elapsed_s=19733.4
epoch: 772/5000 elapsed_s=19786.4
epoch: 773/5000 elapsed_s=19840.9
epoch: 774/5000 elapsed_s=19894.1
epoch: 775/5000 elapsed_s=19948.1
epoch: 776/5000 elapsed_s=20001.2
epoch: 777/5000 elapsed_s=20055.1
epoch: 778/5000 elapsed_s=20108.5
epoch: 779/5000 elapsed_s=20161.9
epoch: 780/5000 elapsed_s=20216.0
epoch: 781/5000 elapsed_s=20269.7
epoch: 782/5000 elapsed_s=20324.1
epoch: 783/5000 elapsed_s=20377.2
epoch: 784/5000 elapsed_s=20431.4
epoch: 785/5000 elapsed_s=20486.0
epoch: 786/5000 elapsed_s=20540.5
epoch: 787/5000 elapsed_s=20596.1
epoch: 788/5000 elapsed_s=20651.8
epoch: 789/5000 elapsed_s=20706.9
epoch: 790/5000 elapsed_s=20761.4
epoch: 791/5000 elapsed_s=20815.9
epoch: 792/5000 elapsed_s=20871.5
epoch: 793/5000 elapsed_s=20926.6
epoch: 794/5000 elapsed_s=20982.0
epoch: 795/5000 elapsed_s=21037.6
epoch: 796/5000 elapsed_s=21092.3
epoch: 797/5000 elapsed_s=21147.7
epoch: 798/5000 elapsed_s=21202.9
epoch: 799/5000 elapsed_s=21258.7
Saving model to logs/2026-05-12-01-07-07/nn/model_800.pth
epoch: 800/5000 elapsed_s=21314.7
epoch: 801/5000 elapsed_s=21371.0
epoch: 802/5000 elapsed_s=21426.7
epoch: 803/5000 elapsed_s=21482.6
epoch: 804/5000 elapsed_s=21538.4
epoch: 805/5000 elapsed_s=21595.6
epoch: 806/5000 elapsed_s=21651.8
epoch: 807/5000 elapsed_s=21708.3
epoch: 808/5000 elapsed_s=21765.2
epoch: 809/5000 elapsed_s=21822.7
epoch: 810/5000 elapsed_s=21879.7
epoch: 811/5000 elapsed_s=21937.5
epoch: 812/5000 elapsed_s=21996.0
epoch: 813/5000 elapsed_s=22052.9
epoch: 814/5000 elapsed_s=22110.0
epoch: 815/5000 elapsed_s=22167.4
epoch: 816/5000 elapsed_s=22224.1
epoch: 817/5000 elapsed_s=22281.5
epoch: 818/5000 elapsed_s=22339.0
epoch: 819/5000 elapsed_s=22396.7
epoch: 820/5000 elapsed_s=22454.3
epoch: 821/5000 elapsed_s=22512.0
epoch: 822/5000 elapsed_s=22570.5
epoch: 823/5000 elapsed_s=22628.7
epoch: 824/5000 elapsed_s=22687.0
epoch: 825/5000 elapsed_s=22744.6
epoch: 826/5000 elapsed_s=22802.2
epoch: 827/5000 elapsed_s=22861.1
epoch: 828/5000 elapsed_s=22918.6
epoch: 829/5000 elapsed_s=22977.1
epoch: 830/5000 elapsed_s=23034.9
epoch: 831/5000 elapsed_s=23092.6
epoch: 832/5000 elapsed_s=23151.4
epoch: 833/5000 elapsed_s=23209.9
epoch: 834/5000 elapsed_s=23268.2
epoch: 835/5000 elapsed_s=23326.8
epoch: 836/5000 elapsed_s=23385.0
epoch: 837/5000 elapsed_s=23443.4
epoch: 838/5000 elapsed_s=23501.3
epoch: 839/5000 elapsed_s=23559.7
epoch: 840/5000 elapsed_s=23618.3
epoch: 841/5000 elapsed_s=23677.1
epoch: 842/5000 elapsed_s=23735.3
epoch: 843/5000 elapsed_s=23794.5
epoch: 844/5000 elapsed_s=23853.8
epoch: 845/5000 elapsed_s=23912.8
epoch: 846/5000 elapsed_s=23972.3
epoch: 847/5000 elapsed_s=24030.8
epoch: 848/5000 elapsed_s=24089.4
epoch: 849/5000 elapsed_s=24149.6
epoch: 850/5000 elapsed_s=24208.7
epoch: 851/5000 elapsed_s=24268.5
epoch: 852/5000 elapsed_s=24328.5
epoch: 853/5000 elapsed_s=24389.0
epoch: 854/5000 elapsed_s=24448.8
epoch: 855/5000 elapsed_s=24508.2
epoch: 856/5000 elapsed_s=24567.4
epoch: 857/5000 elapsed_s=24626.7
epoch: 858/5000 elapsed_s=24686.0
epoch: 859/5000 elapsed_s=24745.3
epoch: 860/5000 elapsed_s=24805.1
epoch: 861/5000 elapsed_s=24865.0
epoch: 862/5000 elapsed_s=24924.7
epoch: 863/5000 elapsed_s=24987.2
epoch: 864/5000 elapsed_s=25048.5
epoch: 865/5000 elapsed_s=25108.6
epoch: 866/5000 elapsed_s=25169.2
epoch: 867/5000 elapsed_s=25229.9
epoch: 868/5000 elapsed_s=25291.1
epoch: 869/5000 elapsed_s=25351.5
epoch: 870/5000 elapsed_s=25412.2
epoch: 871/5000 elapsed_s=25472.9
epoch: 872/5000 elapsed_s=25533.6
epoch: 873/5000 elapsed_s=25593.9
epoch: 874/5000 elapsed_s=25655.6
epoch: 875/5000 elapsed_s=25718.0
epoch: 876/5000 elapsed_s=25781.6
epoch: 877/5000 elapsed_s=25843.9
epoch: 878/5000 elapsed_s=25904.8
epoch: 879/5000 elapsed_s=25965.9
epoch: 880/5000 elapsed_s=26026.9
epoch: 881/5000 elapsed_s=26088.4
epoch: 882/5000 elapsed_s=26149.8
epoch: 883/5000 elapsed_s=26212.4
epoch: 884/5000 elapsed_s=26274.6
epoch: 885/5000 elapsed_s=26336.8
epoch: 886/5000 elapsed_s=26398.9
epoch: 887/5000 elapsed_s=26460.6
epoch: 888/5000 elapsed_s=26528.1
epoch: 889/5000 elapsed_s=26590.3
epoch: 890/5000 elapsed_s=26651.2
epoch: 891/5000 elapsed_s=26713.4
epoch: 892/5000 elapsed_s=26776.2
epoch: 893/5000 elapsed_s=26840.4
epoch: 894/5000 elapsed_s=26903.0
epoch: 895/5000 elapsed_s=26965.3
epoch: 896/5000 elapsed_s=27027.4
epoch: 897/5000 elapsed_s=27090.1
epoch: 898/5000 elapsed_s=27152.7
epoch: 899/5000 elapsed_s=27216.3
Saving model to logs/2026-05-12-01-07-07/nn/model_900.pth
epoch: 900/5000 elapsed_s=27283.7
epoch: 901/5000 elapsed_s=27347.8
epoch: 902/5000 elapsed_s=27410.8
epoch: 903/5000 elapsed_s=27474.1
epoch: 904/5000 elapsed_s=27537.9
epoch: 905/5000 elapsed_s=27601.5
epoch: 906/5000 elapsed_s=27664.9
epoch: 907/5000 elapsed_s=27728.7
epoch: 908/5000 elapsed_s=27791.5
epoch: 909/5000 elapsed_s=27855.3
epoch: 910/5000 elapsed_s=27918.4
epoch: 911/5000 elapsed_s=27981.6
epoch: 912/5000 elapsed_s=28045.6
epoch: 913/5000 elapsed_s=28116.1
epoch: 914/5000 elapsed_s=28179.8
epoch: 915/5000 elapsed_s=28244.5
epoch: 916/5000 elapsed_s=28308.3
epoch: 917/5000 elapsed_s=28372.2
epoch: 918/5000 elapsed_s=28435.4
epoch: 919/5000 elapsed_s=28499.0
epoch: 920/5000 elapsed_s=28563.4
epoch: 921/5000 elapsed_s=28627.3
epoch: 922/5000 elapsed_s=28691.0
epoch: 923/5000 elapsed_s=28754.8
epoch: 924/5000 elapsed_s=28818.7
epoch: 925/5000 elapsed_s=28882.7
epoch: 926/5000 elapsed_s=28946.9
epoch: 927/5000 elapsed_s=29010.7
epoch: 928/5000 elapsed_s=29075.3
epoch: 929/5000 elapsed_s=29140.5
epoch: 930/5000 elapsed_s=29208.2
epoch: 931/5000 elapsed_s=29273.0
epoch: 932/5000 elapsed_s=29337.0
epoch: 933/5000 elapsed_s=29401.7
epoch: 934/5000 elapsed_s=29466.7
epoch: 935/5000 elapsed_s=29531.5
epoch: 936/5000 elapsed_s=29596.6
epoch: 937/5000 elapsed_s=29660.8
epoch: 938/5000 elapsed_s=29727.4
epoch: 939/5000 elapsed_s=29791.8
epoch: 940/5000 elapsed_s=29862.7
epoch: 941/5000 elapsed_s=29927.3
epoch: 942/5000 elapsed_s=29992.3
epoch: 943/5000 elapsed_s=30057.7
epoch: 944/5000 elapsed_s=30123.5
epoch: 945/5000 elapsed_s=30189.3
epoch: 946/5000 elapsed_s=30254.8
epoch: 947/5000 elapsed_s=30319.8
epoch: 948/5000 elapsed_s=30385.2
epoch: 949/5000 elapsed_s=30452.0
epoch: 950/5000 elapsed_s=30518.1
epoch: 951/5000 elapsed_s=30583.3
epoch: 952/5000 elapsed_s=30648.6
epoch: 953/5000 elapsed_s=30713.6
epoch: 954/5000 elapsed_s=30780.9
epoch: 955/5000 elapsed_s=30846.4
epoch: 956/5000 elapsed_s=30915.5
epoch: 957/5000 elapsed_s=30981.0
epoch: 958/5000 elapsed_s=31046.7
epoch: 959/5000 elapsed_s=31112.9
epoch: 960/5000 elapsed_s=31180.8
epoch: 961/5000 elapsed_s=31246.7
epoch: 962/5000 elapsed_s=31313.9
epoch: 963/5000 elapsed_s=31381.4
epoch: 964/5000 elapsed_s=31448.1
epoch: 965/5000 elapsed_s=31514.6
epoch: 966/5000 elapsed_s=31581.1
epoch: 967/5000 elapsed_s=31647.4
epoch: 968/5000 elapsed_s=31717.3
epoch: 969/5000 elapsed_s=31782.9
epoch: 970/5000 elapsed_s=31850.6
epoch: 971/5000 elapsed_s=31920.1
epoch: 972/5000 elapsed_s=31987.2
epoch: 973/5000 elapsed_s=32053.8
epoch: 974/5000 elapsed_s=32119.8
epoch: 975/5000 elapsed_s=32187.2
epoch: 976/5000 elapsed_s=32254.7
epoch: 977/5000 elapsed_s=32330.1
epoch: 978/5000 elapsed_s=32397.2
epoch: 979/5000 elapsed_s=32464.3
epoch: 980/5000 elapsed_s=32531.1
epoch: 981/5000 elapsed_s=32597.7
epoch: 982/5000 elapsed_s=32665.4
epoch: 983/5000 elapsed_s=32732.6
epoch: 984/5000 elapsed_s=32799.6
epoch: 985/5000 elapsed_s=32867.6
epoch: 986/5000 elapsed_s=32935.8
epoch: 987/5000 elapsed_s=33005.7
epoch: 988/5000 elapsed_s=33073.3
epoch: 989/5000 elapsed_s=33141.0
epoch: 990/5000 elapsed_s=33208.6
epoch: 991/5000 elapsed_s=33276.7
epoch: 992/5000 elapsed_s=33344.7
epoch: 993/5000 elapsed_s=33412.0
epoch: 994/5000 elapsed_s=33480.1
epoch: 995/5000 elapsed_s=33550.5
epoch: 996/5000 elapsed_s=33617.9
epoch: 997/5000 elapsed_s=33686.2
epoch: 998/5000 elapsed_s=33755.0
epoch: 999/5000 elapsed_s=33822.6
Saving model to logs/2026-05-12-01-07-07/nn/model_1000.pth
epoch: 1000/5000 elapsed_s=33891.4
epoch: 1001/5000 elapsed_s=33959.4
epoch: 1002/5000 elapsed_s=34028.1
epoch: 1003/5000 elapsed_s=34097.3
epoch: 1004/5000 elapsed_s=34165.3
epoch: 1005/5000 elapsed_s=34233.6
epoch: 1006/5000 elapsed_s=34302.1
epoch: 1007/5000 elapsed_s=34370.5
epoch: 1008/5000 elapsed_s=34439.6
epoch: 1009/5000 elapsed_s=34510.4
epoch: 1010/5000 elapsed_s=34580.0
epoch: 1011/5000 elapsed_s=34649.9
epoch: 1012/5000 elapsed_s=34719.1
epoch: 1013/5000 elapsed_s=34787.8
epoch: 1014/5000 elapsed_s=34858.1
epoch: 1015/5000 elapsed_s=34928.0
epoch: 1016/5000 elapsed_s=34996.8
epoch: 1017/5000 elapsed_s=35066.4
epoch: 1018/5000 elapsed_s=35137.5
epoch: 1019/5000 elapsed_s=35208.4
epoch: 1020/5000 elapsed_s=35277.5
epoch: 1021/5000 elapsed_s=35346.0
epoch: 1022/5000 elapsed_s=35416.4
epoch: 1023/5000 elapsed_s=35486.4
epoch: 1024/5000 elapsed_s=35555.2
epoch: 1025/5000 elapsed_s=35625.2
epoch: 1026/5000 elapsed_s=35696.0
epoch: 1027/5000 elapsed_s=35766.5
epoch: 1028/5000 elapsed_s=35836.1
epoch: 1029/5000 elapsed_s=35906.6
epoch: 1030/5000 elapsed_s=35975.3
epoch: 1031/5000 elapsed_s=36043.8
epoch: 1032/5000 elapsed_s=36113.7
epoch: 1033/5000 elapsed_s=36182.8
epoch: 1034/5000 elapsed_s=36252.8
epoch: 1035/5000 elapsed_s=36322.3
epoch: 1036/5000 elapsed_s=36393.7
epoch: 1037/5000 elapsed_s=36462.7
epoch: 1038/5000 elapsed_s=36533.2
epoch: 1039/5000 elapsed_s=36603.0
epoch: 1040/5000 elapsed_s=36672.8
epoch: 1041/5000 elapsed_s=36745.3
epoch: 1042/5000 elapsed_s=36815.6
epoch: 1043/5000 elapsed_s=36884.6
epoch: 1044/5000 elapsed_s=36954.5
epoch: 1045/5000 elapsed_s=37023.6
epoch: 1046/5000 elapsed_s=37095.3
epoch: 1047/5000 elapsed_s=37164.8
epoch: 1048/5000 elapsed_s=37234.4
epoch: 1049/5000 elapsed_s=37305.0
==== DONE train 2026-05-12 11:29:23 elapsed=37382s label=shoulder4_nighth_fullbody_grid15_scratch5000 ====
