nohup: ignoring input
Importing module 'gym_38' (/opt/isaacgym/python/isaacgym/_bindings/linux-x86_64/gym_38.so)
Setting GYM_USD_PLUG_INFO_PATH to /opt/isaacgym/python/isaacgym/_bindings/linux-x86_64/usd/plugInfo.json
PyTorch version 2.0.1+cu118
Device count 1
/opt/isaacgym/python/isaacgym/_bindings/src/gymtorch
Using /root/.cache/torch_extensions/py38_cu118 as PyTorch extensions root...
Emitting ninja build file /root/.cache/torch_extensions/py38_cu118/gymtorch/build.ninja...
Building extension module gymtorch...
Allowing ninja to set a default number of workers... (overridable by setting the environment variable MAX_JOBS=N)
ninja: no work to do.
Loading extension module gymtorch...
Setting seed: 42
Traceback (most recent call last):
  File "train_shoulder4_frozen.py", line 6, in <module>
    runner = FrozenLegShoulderRunner()
  File "/mnt/c/Users/Administrator/Documents/dev/official_baselines/booster_gym_official/utils/shoulder_runner.py", line 23, in __init__
    task_class = eval(self.cfg["basic"]["task"])
  File "<string>", line 1, in <module>
NameError: name 'T1Shoulder4GaitPhaseSymFix_from7000LegFrozen_train400' is not defined
