START full_auto 2026-05-10 23:59:01 task=T1Shoulder4GaitPhaseLateralOutwardSignFix_from7000LegFrozen_train400
==== START train 2026-05-10 23:59:01 label=shoulder4_gaitphase_lateral_outward_signfix400 ====
Importing module 'gym_38' (/opt/isaacgym/python/isaacgym/_bindings/linux-x86_64/gym_38.so)
Setting GYM_USD_PLUG_INFO_PATH to /opt/isaacgym/python/isaacgym/_bindings/linux-x86_64/usd/plugInfo.json
PyTorch version 2.0.1+cu118
Device count 1
/opt/isaacgym/python/isaacgym/_bindings/src/gymtorch
Using /root/.cache/torch_extensions/py38_cu118 as PyTorch extensions root...
Loading extension module gymtorch...
Setting seed: 42
[Warning] [carb.gym.plugin] useGpu is set, forcing single scene (0 subscenes)
Not connected to PVD
+++ Using GPU PhysX
Physics Engine: PhysX
Physics Device: cuda:0
GPU Pipeline: enabled
/opt/conda/lib/python3.8/site-packages/torch/_utils.py:776: UserWarning: TypedStorage is deprecated. It will be removed in the future and UntypedStorage will be the only storage class. This should only matter to you if you are using storages directly.  To access UntypedStorage directly, use tensor.untyped_storage() instead of tensor.storage()
  return self.fget.__get__(instance, owner)()
Using per-DOF actor mean scale: {'Left_Shoulder_Pitch': 0.75, 'Left_Shoulder_Roll': 0.9, 'Right_Shoulder_Pitch': 0.75, 'Right_Shoulder_Roll': 0.9}
Loading frozen leg model from logs/2026-05-05-11-09-07/nn/model_4000.pth
