START train 2026-05-10 00:39:56 task=T1Shoulder4GaitPhaseSignFixAmp4LowDownWaist_from7000LegFrozen_train1000
Importing module 'gym_38' (/opt/isaacgym/python/isaacgym/_bindings/linux-x86_64/gym_38.so)
Setting GYM_USD_PLUG_INFO_PATH to /opt/isaacgym/python/isaacgym/_bindings/linux-x86_64/usd/plugInfo.json
PyTorch version 2.0.1+cu118
Device count 1
/opt/isaacgym/python/isaacgym/_bindings/src/gymtorch
Using /root/.cache/torch_extensions/py38_cu118 as PyTorch extensions root...
Emitting ninja build file /root/.cache/torch_extensions/py38_cu118/gymtorch/build.ninja...
Building extension module gymtorch...
Allowing ninja to set a default number of workers... (overridable by setting the environment variable MAX_JOBS=N)
ninja: no work to do.
Loading extension module gymtorch...
Setting seed: 42
[Warning] [carb.gym.plugin] useGpu is set, forcing single scene (0 subscenes)
Not connected to PVD
+++ Using GPU PhysX
Physics Engine: PhysX
Physics Device: cuda:0
GPU Pipeline: enabled
/opt/conda/lib/python3.8/site-packages/torch/_utils.py:776: UserWarning: TypedStorage is deprecated. It will be removed in the future and UntypedStorage will be the only storage class. This should only matter to you if you are using storages directly.  To access UntypedStorage directly, use tensor.untyped_storage() instead of tensor.storage()
  return self.fget.__get__(instance, owner)()
Using per-DOF actor mean scale: {'Left_Shoulder_Pitch': 0.75, 'Left_Shoulder_Roll': 0.55, 'Right_Shoulder_Pitch': 0.75, 'Right_Shoulder_Roll': 0.55, 'Waist': 0.35}
Loading frozen leg model from logs/2026-05-05-11-09-07/nn/model_4000.pth
epoch: 1/1000 (local 1/1000)
epoch: 2/1000 (local 2/1000)
epoch: 3/1000 (local 3/1000)
epoch: 4/1000 (local 4/1000)
epoch: 5/1000 (local 5/1000)
epoch: 6/1000 (local 6/1000)
epoch: 7/1000 (local 7/1000)
epoch: 8/1000 (local 8/1000)
epoch: 9/1000 (local 9/1000)
epoch: 10/1000 (local 10/1000)
epoch: 11/1000 (local 11/1000)
epoch: 12/1000 (local 12/1000)
epoch: 13/1000 (local 13/1000)
epoch: 14/1000 (local 14/1000)
epoch: 15/1000 (local 15/1000)
epoch: 16/1000 (local 16/1000)
epoch: 17/1000 (local 17/1000)
epoch: 18/1000 (local 18/1000)
epoch: 19/1000 (local 19/1000)
epoch: 20/1000 (local 20/1000)
epoch: 21/1000 (local 21/1000)
epoch: 22/1000 (local 22/1000)
epoch: 23/1000 (local 23/1000)
epoch: 24/1000 (local 24/1000)
epoch: 25/1000 (local 25/1000)
epoch: 26/1000 (local 26/1000)
epoch: 27/1000 (local 27/1000)
epoch: 28/1000 (local 28/1000)
epoch: 29/1000 (local 29/1000)
epoch: 30/1000 (local 30/1000)
epoch: 31/1000 (local 31/1000)
epoch: 32/1000 (local 32/1000)
epoch: 33/1000 (local 33/1000)
epoch: 34/1000 (local 34/1000)
epoch: 35/1000 (local 35/1000)
epoch: 36/1000 (local 36/1000)
epoch: 37/1000 (local 37/1000)
epoch: 38/1000 (local 38/1000)
epoch: 39/1000 (local 39/1000)
epoch: 40/1000 (local 40/1000)
epoch: 41/1000 (local 41/1000)
epoch: 42/1000 (local 42/1000)
epoch: 43/1000 (local 43/1000)
epoch: 44/1000 (local 44/1000)
epoch: 45/1000 (local 45/1000)
epoch: 46/1000 (local 46/1000)
epoch: 47/1000 (local 47/1000)
epoch: 48/1000 (local 48/1000)
epoch: 49/1000 (local 49/1000)
epoch: 50/1000 (local 50/1000)
epoch: 51/1000 (local 51/1000)
epoch: 52/1000 (local 52/1000)
epoch: 53/1000 (local 53/1000)
epoch: 54/1000 (local 54/1000)
epoch: 55/1000 (local 55/1000)
epoch: 56/1000 (local 56/1000)
epoch: 57/1000 (local 57/1000)
epoch: 58/1000 (local 58/1000)
epoch: 59/1000 (local 59/1000)
epoch: 60/1000 (local 60/1000)
epoch: 61/1000 (local 61/1000)
epoch: 62/1000 (local 62/1000)
epoch: 63/1000 (local 63/1000)
epoch: 64/1000 (local 64/1000)
epoch: 65/1000 (local 65/1000)
epoch: 66/1000 (local 66/1000)
epoch: 67/1000 (local 67/1000)
epoch: 68/1000 (local 68/1000)
epoch: 69/1000 (local 69/1000)
epoch: 70/1000 (local 70/1000)
epoch: 71/1000 (local 71/1000)
epoch: 72/1000 (local 72/1000)
epoch: 73/1000 (local 73/1000)
epoch: 74/1000 (local 74/1000)
epoch: 75/1000 (local 75/1000)
epoch: 76/1000 (local 76/1000)
epoch: 77/1000 (local 77/1000)
epoch: 78/1000 (local 78/1000)
epoch: 79/1000 (local 79/1000)
epoch: 80/1000 (local 80/1000)
epoch: 81/1000 (local 81/1000)
epoch: 82/1000 (local 82/1000)
epoch: 83/1000 (local 83/1000)
epoch: 84/1000 (local 84/1000)
epoch: 85/1000 (local 85/1000)
epoch: 86/1000 (local 86/1000)
epoch: 87/1000 (local 87/1000)
epoch: 88/1000 (local 88/1000)
epoch: 89/1000 (local 89/1000)
epoch: 90/1000 (local 90/1000)
epoch: 91/1000 (local 91/1000)
epoch: 92/1000 (local 92/1000)
epoch: 93/1000 (local 93/1000)
epoch: 94/1000 (local 94/1000)
epoch: 95/1000 (local 95/1000)
epoch: 96/1000 (local 96/1000)
epoch: 97/1000 (local 97/1000)
epoch: 98/1000 (local 98/1000)
epoch: 99/1000 (local 99/1000)
Saving model to logs/2026-05-10-00-40-48/nn/model_100.pth
epoch: 100/1000 (local 100/1000)
epoch: 101/1000 (local 101/1000)
epoch: 102/1000 (local 102/1000)
epoch: 103/1000 (local 103/1000)
epoch: 104/1000 (local 104/1000)
epoch: 105/1000 (local 105/1000)
epoch: 106/1000 (local 106/1000)
epoch: 107/1000 (local 107/1000)
epoch: 108/1000 (local 108/1000)
epoch: 109/1000 (local 109/1000)
epoch: 110/1000 (local 110/1000)
epoch: 111/1000 (local 111/1000)
epoch: 112/1000 (local 112/1000)
epoch: 113/1000 (local 113/1000)
epoch: 114/1000 (local 114/1000)
epoch: 115/1000 (local 115/1000)
epoch: 116/1000 (local 116/1000)
epoch: 117/1000 (local 117/1000)
epoch: 118/1000 (local 118/1000)
epoch: 119/1000 (local 119/1000)
epoch: 120/1000 (local 120/1000)
epoch: 121/1000 (local 121/1000)
epoch: 122/1000 (local 122/1000)
epoch: 123/1000 (local 123/1000)
epoch: 124/1000 (local 124/1000)
epoch: 125/1000 (local 125/1000)
epoch: 126/1000 (local 126/1000)
epoch: 127/1000 (local 127/1000)
epoch: 128/1000 (local 128/1000)
epoch: 129/1000 (local 129/1000)
epoch: 130/1000 (local 130/1000)
epoch: 131/1000 (local 131/1000)
epoch: 132/1000 (local 132/1000)
epoch: 133/1000 (local 133/1000)
epoch: 134/1000 (local 134/1000)
epoch: 135/1000 (local 135/1000)
epoch: 136/1000 (local 136/1000)
epoch: 137/1000 (local 137/1000)
epoch: 138/1000 (local 138/1000)
epoch: 139/1000 (local 139/1000)
epoch: 140/1000 (local 140/1000)
epoch: 141/1000 (local 141/1000)
epoch: 142/1000 (local 142/1000)
epoch: 143/1000 (local 143/1000)
epoch: 144/1000 (local 144/1000)
epoch: 145/1000 (local 145/1000)
epoch: 146/1000 (local 146/1000)
epoch: 147/1000 (local 147/1000)
epoch: 148/1000 (local 148/1000)
epoch: 149/1000 (local 149/1000)
epoch: 150/1000 (local 150/1000)
epoch: 151/1000 (local 151/1000)
epoch: 152/1000 (local 152/1000)
epoch: 153/1000 (local 153/1000)
epoch: 154/1000 (local 154/1000)
epoch: 155/1000 (local 155/1000)
epoch: 156/1000 (local 156/1000)
epoch: 157/1000 (local 157/1000)
epoch: 158/1000 (local 158/1000)
epoch: 159/1000 (local 159/1000)
epoch: 160/1000 (local 160/1000)
epoch: 161/1000 (local 161/1000)
epoch: 162/1000 (local 162/1000)
epoch: 163/1000 (local 163/1000)
epoch: 164/1000 (local 164/1000)
epoch: 165/1000 (local 165/1000)
epoch: 166/1000 (local 166/1000)
epoch: 167/1000 (local 167/1000)
epoch: 168/1000 (local 168/1000)
epoch: 169/1000 (local 169/1000)
epoch: 170/1000 (local 170/1000)
epoch: 171/1000 (local 171/1000)
epoch: 172/1000 (local 172/1000)
epoch: 173/1000 (local 173/1000)
epoch: 174/1000 (local 174/1000)
epoch: 175/1000 (local 175/1000)
epoch: 176/1000 (local 176/1000)
epoch: 177/1000 (local 177/1000)
epoch: 178/1000 (local 178/1000)
epoch: 179/1000 (local 179/1000)
epoch: 180/1000 (local 180/1000)
epoch: 181/1000 (local 181/1000)
epoch: 182/1000 (local 182/1000)
epoch: 183/1000 (local 183/1000)
epoch: 184/1000 (local 184/1000)
epoch: 185/1000 (local 185/1000)
epoch: 186/1000 (local 186/1000)
epoch: 187/1000 (local 187/1000)
epoch: 188/1000 (local 188/1000)
epoch: 189/1000 (local 189/1000)
epoch: 190/1000 (local 190/1000)
epoch: 191/1000 (local 191/1000)
epoch: 192/1000 (local 192/1000)
epoch: 193/1000 (local 193/1000)
epoch: 194/1000 (local 194/1000)
epoch: 195/1000 (local 195/1000)
epoch: 196/1000 (local 196/1000)
epoch: 197/1000 (local 197/1000)
epoch: 198/1000 (local 198/1000)
epoch: 199/1000 (local 199/1000)
Saving model to logs/2026-05-10-00-40-48/nn/model_200.pth
epoch: 200/1000 (local 200/1000)
epoch: 201/1000 (local 201/1000)
epoch: 202/1000 (local 202/1000)
epoch: 203/1000 (local 203/1000)
epoch: 204/1000 (local 204/1000)
epoch: 205/1000 (local 205/1000)
epoch: 206/1000 (local 206/1000)
epoch: 207/1000 (local 207/1000)
epoch: 208/1000 (local 208/1000)
epoch: 209/1000 (local 209/1000)
epoch: 210/1000 (local 210/1000)
epoch: 211/1000 (local 211/1000)
epoch: 212/1000 (local 212/1000)
epoch: 213/1000 (local 213/1000)
epoch: 214/1000 (local 214/1000)
epoch: 215/1000 (local 215/1000)
epoch: 216/1000 (local 216/1000)
epoch: 217/1000 (local 217/1000)
epoch: 218/1000 (local 218/1000)
epoch: 219/1000 (local 219/1000)
epoch: 220/1000 (local 220/1000)
epoch: 221/1000 (local 221/1000)
epoch: 222/1000 (local 222/1000)
epoch: 223/1000 (local 223/1000)
epoch: 224/1000 (local 224/1000)
epoch: 225/1000 (local 225/1000)
epoch: 226/1000 (local 226/1000)
epoch: 227/1000 (local 227/1000)
epoch: 228/1000 (local 228/1000)
epoch: 229/1000 (local 229/1000)
epoch: 230/1000 (local 230/1000)
epoch: 231/1000 (local 231/1000)
epoch: 232/1000 (local 232/1000)
epoch: 233/1000 (local 233/1000)
epoch: 234/1000 (local 234/1000)
epoch: 235/1000 (local 235/1000)
epoch: 236/1000 (local 236/1000)
epoch: 237/1000 (local 237/1000)
epoch: 238/1000 (local 238/1000)
epoch: 239/1000 (local 239/1000)
epoch: 240/1000 (local 240/1000)
epoch: 241/1000 (local 241/1000)
epoch: 242/1000 (local 242/1000)
epoch: 243/1000 (local 243/1000)
epoch: 244/1000 (local 244/1000)
epoch: 245/1000 (local 245/1000)
epoch: 246/1000 (local 246/1000)
epoch: 247/1000 (local 247/1000)
epoch: 248/1000 (local 248/1000)
epoch: 249/1000 (local 249/1000)
epoch: 250/1000 (local 250/1000)
epoch: 251/1000 (local 251/1000)
epoch: 252/1000 (local 252/1000)
epoch: 253/1000 (local 253/1000)
epoch: 254/1000 (local 254/1000)
epoch: 255/1000 (local 255/1000)
epoch: 256/1000 (local 256/1000)
epoch: 257/1000 (local 257/1000)
epoch: 258/1000 (local 258/1000)
epoch: 259/1000 (local 259/1000)
epoch: 260/1000 (local 260/1000)
epoch: 261/1000 (local 261/1000)
epoch: 262/1000 (local 262/1000)
epoch: 263/1000 (local 263/1000)
epoch: 264/1000 (local 264/1000)
epoch: 265/1000 (local 265/1000)
epoch: 266/1000 (local 266/1000)
epoch: 267/1000 (local 267/1000)
epoch: 268/1000 (local 268/1000)
epoch: 269/1000 (local 269/1000)
epoch: 270/1000 (local 270/1000)
epoch: 271/1000 (local 271/1000)
epoch: 272/1000 (local 272/1000)
epoch: 273/1000 (local 273/1000)
epoch: 274/1000 (local 274/1000)
epoch: 275/1000 (local 275/1000)
epoch: 276/1000 (local 276/1000)
epoch: 277/1000 (local 277/1000)
epoch: 278/1000 (local 278/1000)
epoch: 279/1000 (local 279/1000)
epoch: 280/1000 (local 280/1000)
epoch: 281/1000 (local 281/1000)
epoch: 282/1000 (local 282/1000)
epoch: 283/1000 (local 283/1000)
epoch: 284/1000 (local 284/1000)
epoch: 285/1000 (local 285/1000)
epoch: 286/1000 (local 286/1000)
epoch: 287/1000 (local 287/1000)
epoch: 288/1000 (local 288/1000)
epoch: 289/1000 (local 289/1000)
epoch: 290/1000 (local 290/1000)
epoch: 291/1000 (local 291/1000)
epoch: 292/1000 (local 292/1000)
epoch: 293/1000 (local 293/1000)
epoch: 294/1000 (local 294/1000)
epoch: 295/1000 (local 295/1000)
epoch: 296/1000 (local 296/1000)
epoch: 297/1000 (local 297/1000)
epoch: 298/1000 (local 298/1000)
epoch: 299/1000 (local 299/1000)
Saving model to logs/2026-05-10-00-40-48/nn/model_300.pth
epoch: 300/1000 (local 300/1000)
epoch: 301/1000 (local 301/1000)
epoch: 302/1000 (local 302/1000)
epoch: 303/1000 (local 303/1000)
epoch: 304/1000 (local 304/1000)
epoch: 305/1000 (local 305/1000)
epoch: 306/1000 (local 306/1000)
epoch: 307/1000 (local 307/1000)
epoch: 308/1000 (local 308/1000)
epoch: 309/1000 (local 309/1000)
epoch: 310/1000 (local 310/1000)
epoch: 311/1000 (local 311/1000)
epoch: 312/1000 (local 312/1000)
epoch: 313/1000 (local 313/1000)
epoch: 314/1000 (local 314/1000)
epoch: 315/1000 (local 315/1000)
epoch: 316/1000 (local 316/1000)
epoch: 317/1000 (local 317/1000)
epoch: 318/1000 (local 318/1000)
epoch: 319/1000 (local 319/1000)
epoch: 320/1000 (local 320/1000)
epoch: 321/1000 (local 321/1000)
epoch: 322/1000 (local 322/1000)
epoch: 323/1000 (local 323/1000)
epoch: 324/1000 (local 324/1000)
epoch: 325/1000 (local 325/1000)
epoch: 326/1000 (local 326/1000)
epoch: 327/1000 (local 327/1000)
epoch: 328/1000 (local 328/1000)
epoch: 329/1000 (local 329/1000)
epoch: 330/1000 (local 330/1000)
epoch: 331/1000 (local 331/1000)
epoch: 332/1000 (local 332/1000)
epoch: 333/1000 (local 333/1000)
epoch: 334/1000 (local 334/1000)
epoch: 335/1000 (local 335/1000)
epoch: 336/1000 (local 336/1000)
epoch: 337/1000 (local 337/1000)
epoch: 338/1000 (local 338/1000)
epoch: 339/1000 (local 339/1000)
epoch: 340/1000 (local 340/1000)
epoch: 341/1000 (local 341/1000)
epoch: 342/1000 (local 342/1000)
epoch: 343/1000 (local 343/1000)
epoch: 344/1000 (local 344/1000)
epoch: 345/1000 (local 345/1000)
epoch: 346/1000 (local 346/1000)
epoch: 347/1000 (local 347/1000)
epoch: 348/1000 (local 348/1000)
epoch: 349/1000 (local 349/1000)
epoch: 350/1000 (local 350/1000)
epoch: 351/1000 (local 351/1000)
epoch: 352/1000 (local 352/1000)
epoch: 353/1000 (local 353/1000)
epoch: 354/1000 (local 354/1000)
epoch: 355/1000 (local 355/1000)
epoch: 356/1000 (local 356/1000)
epoch: 357/1000 (local 357/1000)
epoch: 358/1000 (local 358/1000)
epoch: 359/1000 (local 359/1000)
epoch: 360/1000 (local 360/1000)
epoch: 361/1000 (local 361/1000)
epoch: 362/1000 (local 362/1000)
epoch: 363/1000 (local 363/1000)
epoch: 364/1000 (local 364/1000)
epoch: 365/1000 (local 365/1000)
epoch: 366/1000 (local 366/1000)
epoch: 367/1000 (local 367/1000)
epoch: 368/1000 (local 368/1000)
epoch: 369/1000 (local 369/1000)
epoch: 370/1000 (local 370/1000)
epoch: 371/1000 (local 371/1000)
epoch: 372/1000 (local 372/1000)
epoch: 373/1000 (local 373/1000)
epoch: 374/1000 (local 374/1000)
epoch: 375/1000 (local 375/1000)
epoch: 376/1000 (local 376/1000)
epoch: 377/1000 (local 377/1000)
epoch: 378/1000 (local 378/1000)
epoch: 379/1000 (local 379/1000)
epoch: 380/1000 (local 380/1000)
epoch: 381/1000 (local 381/1000)
epoch: 382/1000 (local 382/1000)
epoch: 383/1000 (local 383/1000)
epoch: 384/1000 (local 384/1000)
epoch: 385/1000 (local 385/1000)
epoch: 386/1000 (local 386/1000)
epoch: 387/1000 (local 387/1000)
epoch: 388/1000 (local 388/1000)
epoch: 389/1000 (local 389/1000)
epoch: 390/1000 (local 390/1000)
epoch: 391/1000 (local 391/1000)
epoch: 392/1000 (local 392/1000)
epoch: 393/1000 (local 393/1000)
epoch: 394/1000 (local 394/1000)
epoch: 395/1000 (local 395/1000)
epoch: 396/1000 (local 396/1000)
epoch: 397/1000 (local 397/1000)
epoch: 398/1000 (local 398/1000)
epoch: 399/1000 (local 399/1000)
Saving model to logs/2026-05-10-00-40-48/nn/model_400.pth
epoch: 400/1000 (local 400/1000)
epoch: 401/1000 (local 401/1000)
epoch: 402/1000 (local 402/1000)
epoch: 403/1000 (local 403/1000)
epoch: 404/1000 (local 404/1000)
epoch: 405/1000 (local 405/1000)
epoch: 406/1000 (local 406/1000)
epoch: 407/1000 (local 407/1000)
epoch: 408/1000 (local 408/1000)
epoch: 409/1000 (local 409/1000)
epoch: 410/1000 (local 410/1000)
epoch: 411/1000 (local 411/1000)
epoch: 412/1000 (local 412/1000)
epoch: 413/1000 (local 413/1000)
epoch: 414/1000 (local 414/1000)
epoch: 415/1000 (local 415/1000)
epoch: 416/1000 (local 416/1000)
epoch: 417/1000 (local 417/1000)
epoch: 418/1000 (local 418/1000)
epoch: 419/1000 (local 419/1000)
epoch: 420/1000 (local 420/1000)
epoch: 421/1000 (local 421/1000)
epoch: 422/1000 (local 422/1000)
epoch: 423/1000 (local 423/1000)
epoch: 424/1000 (local 424/1000)
epoch: 425/1000 (local 425/1000)
epoch: 426/1000 (local 426/1000)
epoch: 427/1000 (local 427/1000)
epoch: 428/1000 (local 428/1000)
epoch: 429/1000 (local 429/1000)
epoch: 430/1000 (local 430/1000)
epoch: 431/1000 (local 431/1000)
epoch: 432/1000 (local 432/1000)
epoch: 433/1000 (local 433/1000)
epoch: 434/1000 (local 434/1000)
epoch: 435/1000 (local 435/1000)
epoch: 436/1000 (local 436/1000)
epoch: 437/1000 (local 437/1000)
epoch: 438/1000 (local 438/1000)
epoch: 439/1000 (local 439/1000)
epoch: 440/1000 (local 440/1000)
epoch: 441/1000 (local 441/1000)
epoch: 442/1000 (local 442/1000)
epoch: 443/1000 (local 443/1000)
epoch: 444/1000 (local 444/1000)
epoch: 445/1000 (local 445/1000)
epoch: 446/1000 (local 446/1000)
epoch: 447/1000 (local 447/1000)
epoch: 448/1000 (local 448/1000)
epoch: 449/1000 (local 449/1000)
epoch: 450/1000 (local 450/1000)
epoch: 451/1000 (local 451/1000)
epoch: 452/1000 (local 452/1000)
epoch: 453/1000 (local 453/1000)
epoch: 454/1000 (local 454/1000)
epoch: 455/1000 (local 455/1000)
epoch: 456/1000 (local 456/1000)
epoch: 457/1000 (local 457/1000)
epoch: 458/1000 (local 458/1000)
epoch: 459/1000 (local 459/1000)
epoch: 460/1000 (local 460/1000)
epoch: 461/1000 (local 461/1000)
epoch: 462/1000 (local 462/1000)
epoch: 463/1000 (local 463/1000)
epoch: 464/1000 (local 464/1000)
epoch: 465/1000 (local 465/1000)
epoch: 466/1000 (local 466/1000)
epoch: 467/1000 (local 467/1000)
epoch: 468/1000 (local 468/1000)
epoch: 469/1000 (local 469/1000)
epoch: 470/1000 (local 470/1000)
epoch: 471/1000 (local 471/1000)
epoch: 472/1000 (local 472/1000)
epoch: 473/1000 (local 473/1000)
epoch: 474/1000 (local 474/1000)
epoch: 475/1000 (local 475/1000)
epoch: 476/1000 (local 476/1000)
epoch: 477/1000 (local 477/1000)
epoch: 478/1000 (local 478/1000)
epoch: 479/1000 (local 479/1000)
epoch: 480/1000 (local 480/1000)
epoch: 481/1000 (local 481/1000)
epoch: 482/1000 (local 482/1000)
epoch: 483/1000 (local 483/1000)
epoch: 484/1000 (local 484/1000)
epoch: 485/1000 (local 485/1000)
epoch: 486/1000 (local 486/1000)
epoch: 487/1000 (local 487/1000)
epoch: 488/1000 (local 488/1000)
epoch: 489/1000 (local 489/1000)
epoch: 490/1000 (local 490/1000)
epoch: 491/1000 (local 491/1000)
epoch: 492/1000 (local 492/1000)
epoch: 493/1000 (local 493/1000)
epoch: 494/1000 (local 494/1000)
epoch: 495/1000 (local 495/1000)
epoch: 496/1000 (local 496/1000)
epoch: 497/1000 (local 497/1000)
epoch: 498/1000 (local 498/1000)
epoch: 499/1000 (local 499/1000)
Saving model to logs/2026-05-10-00-40-48/nn/model_500.pth
epoch: 500/1000 (local 500/1000)
epoch: 501/1000 (local 501/1000)
epoch: 502/1000 (local 502/1000)
epoch: 503/1000 (local 503/1000)
epoch: 504/1000 (local 504/1000)
epoch: 505/1000 (local 505/1000)
epoch: 506/1000 (local 506/1000)
epoch: 507/1000 (local 507/1000)
epoch: 508/1000 (local 508/1000)
epoch: 509/1000 (local 509/1000)
epoch: 510/1000 (local 510/1000)
epoch: 511/1000 (local 511/1000)
epoch: 512/1000 (local 512/1000)
epoch: 513/1000 (local 513/1000)
epoch: 514/1000 (local 514/1000)
epoch: 515/1000 (local 515/1000)
epoch: 516/1000 (local 516/1000)
epoch: 517/1000 (local 517/1000)
epoch: 518/1000 (local 518/1000)
epoch: 519/1000 (local 519/1000)
epoch: 520/1000 (local 520/1000)
epoch: 521/1000 (local 521/1000)
epoch: 522/1000 (local 522/1000)
epoch: 523/1000 (local 523/1000)
epoch: 524/1000 (local 524/1000)
epoch: 525/1000 (local 525/1000)
epoch: 526/1000 (local 526/1000)
epoch: 527/1000 (local 527/1000)
epoch: 528/1000 (local 528/1000)
epoch: 529/1000 (local 529/1000)
epoch: 530/1000 (local 530/1000)
epoch: 531/1000 (local 531/1000)
epoch: 532/1000 (local 532/1000)
epoch: 533/1000 (local 533/1000)
epoch: 534/1000 (local 534/1000)
epoch: 535/1000 (local 535/1000)
epoch: 536/1000 (local 536/1000)
epoch: 537/1000 (local 537/1000)
epoch: 538/1000 (local 538/1000)
epoch: 539/1000 (local 539/1000)
epoch: 540/1000 (local 540/1000)
epoch: 541/1000 (local 541/1000)
epoch: 542/1000 (local 542/1000)
epoch: 543/1000 (local 543/1000)
epoch: 544/1000 (local 544/1000)
epoch: 545/1000 (local 545/1000)
epoch: 546/1000 (local 546/1000)
epoch: 547/1000 (local 547/1000)
epoch: 548/1000 (local 548/1000)
epoch: 549/1000 (local 549/1000)
epoch: 550/1000 (local 550/1000)
epoch: 551/1000 (local 551/1000)
epoch: 552/1000 (local 552/1000)
epoch: 553/1000 (local 553/1000)
epoch: 554/1000 (local 554/1000)
epoch: 555/1000 (local 555/1000)
epoch: 556/1000 (local 556/1000)
epoch: 557/1000 (local 557/1000)
epoch: 558/1000 (local 558/1000)
epoch: 559/1000 (local 559/1000)
epoch: 560/1000 (local 560/1000)
epoch: 561/1000 (local 561/1000)
epoch: 562/1000 (local 562/1000)
epoch: 563/1000 (local 563/1000)
epoch: 564/1000 (local 564/1000)
epoch: 565/1000 (local 565/1000)
epoch: 566/1000 (local 566/1000)
epoch: 567/1000 (local 567/1000)
epoch: 568/1000 (local 568/1000)
epoch: 569/1000 (local 569/1000)
epoch: 570/1000 (local 570/1000)
epoch: 571/1000 (local 571/1000)
epoch: 572/1000 (local 572/1000)
epoch: 573/1000 (local 573/1000)
epoch: 574/1000 (local 574/1000)
epoch: 575/1000 (local 575/1000)
epoch: 576/1000 (local 576/1000)
epoch: 577/1000 (local 577/1000)
epoch: 578/1000 (local 578/1000)
epoch: 579/1000 (local 579/1000)
epoch: 580/1000 (local 580/1000)
epoch: 581/1000 (local 581/1000)
epoch: 582/1000 (local 582/1000)
epoch: 583/1000 (local 583/1000)
epoch: 584/1000 (local 584/1000)
epoch: 585/1000 (local 585/1000)
epoch: 586/1000 (local 586/1000)
epoch: 587/1000 (local 587/1000)
epoch: 588/1000 (local 588/1000)
epoch: 589/1000 (local 589/1000)
epoch: 590/1000 (local 590/1000)
epoch: 591/1000 (local 591/1000)
epoch: 592/1000 (local 592/1000)
epoch: 593/1000 (local 593/1000)
epoch: 594/1000 (local 594/1000)
epoch: 595/1000 (local 595/1000)
epoch: 596/1000 (local 596/1000)
epoch: 597/1000 (local 597/1000)
epoch: 598/1000 (local 598/1000)
epoch: 599/1000 (local 599/1000)
Saving model to logs/2026-05-10-00-40-48/nn/model_600.pth
epoch: 600/1000 (local 600/1000)
epoch: 601/1000 (local 601/1000)
epoch: 602/1000 (local 602/1000)
epoch: 603/1000 (local 603/1000)
epoch: 604/1000 (local 604/1000)
epoch: 605/1000 (local 605/1000)
epoch: 606/1000 (local 606/1000)
epoch: 607/1000 (local 607/1000)
epoch: 608/1000 (local 608/1000)
epoch: 609/1000 (local 609/1000)
epoch: 610/1000 (local 610/1000)
epoch: 611/1000 (local 611/1000)
epoch: 612/1000 (local 612/1000)
epoch: 613/1000 (local 613/1000)
epoch: 614/1000 (local 614/1000)
epoch: 615/1000 (local 615/1000)
epoch: 616/1000 (local 616/1000)
epoch: 617/1000 (local 617/1000)
epoch: 618/1000 (local 618/1000)
epoch: 619/1000 (local 619/1000)
epoch: 620/1000 (local 620/1000)
epoch: 621/1000 (local 621/1000)
epoch: 622/1000 (local 622/1000)
epoch: 623/1000 (local 623/1000)
epoch: 624/1000 (local 624/1000)
epoch: 625/1000 (local 625/1000)
epoch: 626/1000 (local 626/1000)
epoch: 627/1000 (local 627/1000)
epoch: 628/1000 (local 628/1000)
epoch: 629/1000 (local 629/1000)
epoch: 630/1000 (local 630/1000)
epoch: 631/1000 (local 631/1000)
epoch: 632/1000 (local 632/1000)
epoch: 633/1000 (local 633/1000)
epoch: 634/1000 (local 634/1000)
epoch: 635/1000 (local 635/1000)
epoch: 636/1000 (local 636/1000)
epoch: 637/1000 (local 637/1000)
epoch: 638/1000 (local 638/1000)
epoch: 639/1000 (local 639/1000)
epoch: 640/1000 (local 640/1000)
epoch: 641/1000 (local 641/1000)
epoch: 642/1000 (local 642/1000)
epoch: 643/1000 (local 643/1000)
epoch: 644/1000 (local 644/1000)
epoch: 645/1000 (local 645/1000)
epoch: 646/1000 (local 646/1000)
epoch: 647/1000 (local 647/1000)
epoch: 648/1000 (local 648/1000)
epoch: 649/1000 (local 649/1000)
epoch: 650/1000 (local 650/1000)
epoch: 651/1000 (local 651/1000)
epoch: 652/1000 (local 652/1000)
epoch: 653/1000 (local 653/1000)
epoch: 654/1000 (local 654/1000)
epoch: 655/1000 (local 655/1000)
epoch: 656/1000 (local 656/1000)
epoch: 657/1000 (local 657/1000)
epoch: 658/1000 (local 658/1000)
epoch: 659/1000 (local 659/1000)
epoch: 660/1000 (local 660/1000)
epoch: 661/1000 (local 661/1000)
epoch: 662/1000 (local 662/1000)
epoch: 663/1000 (local 663/1000)
epoch: 664/1000 (local 664/1000)
epoch: 665/1000 (local 665/1000)
epoch: 666/1000 (local 666/1000)
epoch: 667/1000 (local 667/1000)
epoch: 668/1000 (local 668/1000)
epoch: 669/1000 (local 669/1000)
epoch: 670/1000 (local 670/1000)
epoch: 671/1000 (local 671/1000)
epoch: 672/1000 (local 672/1000)
epoch: 673/1000 (local 673/1000)
epoch: 674/1000 (local 674/1000)
epoch: 675/1000 (local 675/1000)
epoch: 676/1000 (local 676/1000)
epoch: 677/1000 (local 677/1000)
epoch: 678/1000 (local 678/1000)
epoch: 679/1000 (local 679/1000)
epoch: 680/1000 (local 680/1000)
epoch: 681/1000 (local 681/1000)
epoch: 682/1000 (local 682/1000)
epoch: 683/1000 (local 683/1000)
epoch: 684/1000 (local 684/1000)
epoch: 685/1000 (local 685/1000)
epoch: 686/1000 (local 686/1000)
epoch: 687/1000 (local 687/1000)
epoch: 688/1000 (local 688/1000)
epoch: 689/1000 (local 689/1000)
epoch: 690/1000 (local 690/1000)
epoch: 691/1000 (local 691/1000)
epoch: 692/1000 (local 692/1000)
epoch: 693/1000 (local 693/1000)
epoch: 694/1000 (local 694/1000)
epoch: 695/1000 (local 695/1000)
epoch: 696/1000 (local 696/1000)
epoch: 697/1000 (local 697/1000)
epoch: 698/1000 (local 698/1000)
epoch: 699/1000 (local 699/1000)
Saving model to logs/2026-05-10-00-40-48/nn/model_700.pth
epoch: 700/1000 (local 700/1000)
epoch: 701/1000 (local 701/1000)
epoch: 702/1000 (local 702/1000)
epoch: 703/1000 (local 703/1000)
epoch: 704/1000 (local 704/1000)
epoch: 705/1000 (local 705/1000)
epoch: 706/1000 (local 706/1000)
epoch: 707/1000 (local 707/1000)
epoch: 708/1000 (local 708/1000)
epoch: 709/1000 (local 709/1000)
epoch: 710/1000 (local 710/1000)
epoch: 711/1000 (local 711/1000)
epoch: 712/1000 (local 712/1000)
epoch: 713/1000 (local 713/1000)
epoch: 714/1000 (local 714/1000)
epoch: 715/1000 (local 715/1000)
epoch: 716/1000 (local 716/1000)
epoch: 717/1000 (local 717/1000)
epoch: 718/1000 (local 718/1000)
epoch: 719/1000 (local 719/1000)
epoch: 720/1000 (local 720/1000)
epoch: 721/1000 (local 721/1000)
epoch: 722/1000 (local 722/1000)
epoch: 723/1000 (local 723/1000)
epoch: 724/1000 (local 724/1000)
epoch: 725/1000 (local 725/1000)
epoch: 726/1000 (local 726/1000)
epoch: 727/1000 (local 727/1000)
epoch: 728/1000 (local 728/1000)
epoch: 729/1000 (local 729/1000)
epoch: 730/1000 (local 730/1000)
epoch: 731/1000 (local 731/1000)
epoch: 732/1000 (local 732/1000)
epoch: 733/1000 (local 733/1000)
epoch: 734/1000 (local 734/1000)
epoch: 735/1000 (local 735/1000)
epoch: 736/1000 (local 736/1000)
epoch: 737/1000 (local 737/1000)
epoch: 738/1000 (local 738/1000)
epoch: 739/1000 (local 739/1000)
epoch: 740/1000 (local 740/1000)
epoch: 741/1000 (local 741/1000)
epoch: 742/1000 (local 742/1000)
epoch: 743/1000 (local 743/1000)
epoch: 744/1000 (local 744/1000)
epoch: 745/1000 (local 745/1000)
epoch: 746/1000 (local 746/1000)
epoch: 747/1000 (local 747/1000)
epoch: 748/1000 (local 748/1000)
epoch: 749/1000 (local 749/1000)
epoch: 750/1000 (local 750/1000)
epoch: 751/1000 (local 751/1000)
epoch: 752/1000 (local 752/1000)
epoch: 753/1000 (local 753/1000)
epoch: 754/1000 (local 754/1000)
epoch: 755/1000 (local 755/1000)
epoch: 756/1000 (local 756/1000)
epoch: 757/1000 (local 757/1000)
epoch: 758/1000 (local 758/1000)
epoch: 759/1000 (local 759/1000)
epoch: 760/1000 (local 760/1000)
epoch: 761/1000 (local 761/1000)
epoch: 762/1000 (local 762/1000)
epoch: 763/1000 (local 763/1000)
epoch: 764/1000 (local 764/1000)
epoch: 765/1000 (local 765/1000)
epoch: 766/1000 (local 766/1000)
epoch: 767/1000 (local 767/1000)
epoch: 768/1000 (local 768/1000)
epoch: 769/1000 (local 769/1000)
epoch: 770/1000 (local 770/1000)
epoch: 771/1000 (local 771/1000)
epoch: 772/1000 (local 772/1000)
epoch: 773/1000 (local 773/1000)
epoch: 774/1000 (local 774/1000)
epoch: 775/1000 (local 775/1000)
epoch: 776/1000 (local 776/1000)
epoch: 777/1000 (local 777/1000)
epoch: 778/1000 (local 778/1000)
epoch: 779/1000 (local 779/1000)
epoch: 780/1000 (local 780/1000)
epoch: 781/1000 (local 781/1000)
epoch: 782/1000 (local 782/1000)
epoch: 783/1000 (local 783/1000)
epoch: 784/1000 (local 784/1000)
epoch: 785/1000 (local 785/1000)
epoch: 786/1000 (local 786/1000)
epoch: 787/1000 (local 787/1000)
epoch: 788/1000 (local 788/1000)
epoch: 789/1000 (local 789/1000)
epoch: 790/1000 (local 790/1000)
epoch: 791/1000 (local 791/1000)
epoch: 792/1000 (local 792/1000)
epoch: 793/1000 (local 793/1000)
epoch: 794/1000 (local 794/1000)
epoch: 795/1000 (local 795/1000)
epoch: 796/1000 (local 796/1000)
epoch: 797/1000 (local 797/1000)
epoch: 798/1000 (local 798/1000)
epoch: 799/1000 (local 799/1000)
Saving model to logs/2026-05-10-00-40-48/nn/model_800.pth
epoch: 800/1000 (local 800/1000)
epoch: 801/1000 (local 801/1000)
epoch: 802/1000 (local 802/1000)
epoch: 803/1000 (local 803/1000)
epoch: 804/1000 (local 804/1000)
epoch: 805/1000 (local 805/1000)
epoch: 806/1000 (local 806/1000)
epoch: 807/1000 (local 807/1000)
epoch: 808/1000 (local 808/1000)
epoch: 809/1000 (local 809/1000)
epoch: 810/1000 (local 810/1000)
epoch: 811/1000 (local 811/1000)
epoch: 812/1000 (local 812/1000)
epoch: 813/1000 (local 813/1000)
epoch: 814/1000 (local 814/1000)
epoch: 815/1000 (local 815/1000)
epoch: 816/1000 (local 816/1000)
epoch: 817/1000 (local 817/1000)
epoch: 818/1000 (local 818/1000)
epoch: 819/1000 (local 819/1000)
epoch: 820/1000 (local 820/1000)
epoch: 821/1000 (local 821/1000)
epoch: 822/1000 (local 822/1000)
epoch: 823/1000 (local 823/1000)
epoch: 824/1000 (local 824/1000)
epoch: 825/1000 (local 825/1000)
epoch: 826/1000 (local 826/1000)
epoch: 827/1000 (local 827/1000)
epoch: 828/1000 (local 828/1000)
epoch: 829/1000 (local 829/1000)
epoch: 830/1000 (local 830/1000)
epoch: 831/1000 (local 831/1000)
epoch: 832/1000 (local 832/1000)
epoch: 833/1000 (local 833/1000)
epoch: 834/1000 (local 834/1000)
epoch: 835/1000 (local 835/1000)
epoch: 836/1000 (local 836/1000)
epoch: 837/1000 (local 837/1000)
epoch: 838/1000 (local 838/1000)
epoch: 839/1000 (local 839/1000)
epoch: 840/1000 (local 840/1000)
epoch: 841/1000 (local 841/1000)
epoch: 842/1000 (local 842/1000)
epoch: 843/1000 (local 843/1000)
epoch: 844/1000 (local 844/1000)
epoch: 845/1000 (local 845/1000)
epoch: 846/1000 (local 846/1000)
epoch: 847/1000 (local 847/1000)
epoch: 848/1000 (local 848/1000)
epoch: 849/1000 (local 849/1000)
epoch: 850/1000 (local 850/1000)
epoch: 851/1000 (local 851/1000)
epoch: 852/1000 (local 852/1000)
epoch: 853/1000 (local 853/1000)
epoch: 854/1000 (local 854/1000)
epoch: 855/1000 (local 855/1000)
epoch: 856/1000 (local 856/1000)
epoch: 857/1000 (local 857/1000)
epoch: 858/1000 (local 858/1000)
epoch: 859/1000 (local 859/1000)
epoch: 860/1000 (local 860/1000)
epoch: 861/1000 (local 861/1000)
epoch: 862/1000 (local 862/1000)
epoch: 863/1000 (local 863/1000)
epoch: 864/1000 (local 864/1000)
epoch: 865/1000 (local 865/1000)
epoch: 866/1000 (local 866/1000)
epoch: 867/1000 (local 867/1000)
epoch: 868/1000 (local 868/1000)
epoch: 869/1000 (local 869/1000)
epoch: 870/1000 (local 870/1000)
epoch: 871/1000 (local 871/1000)
epoch: 872/1000 (local 872/1000)
epoch: 873/1000 (local 873/1000)
epoch: 874/1000 (local 874/1000)
epoch: 875/1000 (local 875/1000)
epoch: 876/1000 (local 876/1000)
epoch: 877/1000 (local 877/1000)
epoch: 878/1000 (local 878/1000)
epoch: 879/1000 (local 879/1000)
epoch: 880/1000 (local 880/1000)
epoch: 881/1000 (local 881/1000)
epoch: 882/1000 (local 882/1000)
epoch: 883/1000 (local 883/1000)
epoch: 884/1000 (local 884/1000)
epoch: 885/1000 (local 885/1000)
epoch: 886/1000 (local 886/1000)
epoch: 887/1000 (local 887/1000)
epoch: 888/1000 (local 888/1000)
epoch: 889/1000 (local 889/1000)
epoch: 890/1000 (local 890/1000)
epoch: 891/1000 (local 891/1000)
epoch: 892/1000 (local 892/1000)
epoch: 893/1000 (local 893/1000)
epoch: 894/1000 (local 894/1000)
epoch: 895/1000 (local 895/1000)
epoch: 896/1000 (local 896/1000)
epoch: 897/1000 (local 897/1000)
epoch: 898/1000 (local 898/1000)
epoch: 899/1000 (local 899/1000)
Saving model to logs/2026-05-10-00-40-48/nn/model_900.pth
epoch: 900/1000 (local 900/1000)
epoch: 901/1000 (local 901/1000)
epoch: 902/1000 (local 902/1000)
epoch: 903/1000 (local 903/1000)
epoch: 904/1000 (local 904/1000)
epoch: 905/1000 (local 905/1000)
epoch: 906/1000 (local 906/1000)
epoch: 907/1000 (local 907/1000)
epoch: 908/1000 (local 908/1000)
epoch: 909/1000 (local 909/1000)
epoch: 910/1000 (local 910/1000)
epoch: 911/1000 (local 911/1000)
epoch: 912/1000 (local 912/1000)
epoch: 913/1000 (local 913/1000)
epoch: 914/1000 (local 914/1000)
epoch: 915/1000 (local 915/1000)
epoch: 916/1000 (local 916/1000)
epoch: 917/1000 (local 917/1000)
epoch: 918/1000 (local 918/1000)
epoch: 919/1000 (local 919/1000)
epoch: 920/1000 (local 920/1000)
epoch: 921/1000 (local 921/1000)
epoch: 922/1000 (local 922/1000)
epoch: 923/1000 (local 923/1000)
epoch: 924/1000 (local 924/1000)
epoch: 925/1000 (local 925/1000)
epoch: 926/1000 (local 926/1000)
epoch: 927/1000 (local 927/1000)
epoch: 928/1000 (local 928/1000)
epoch: 929/1000 (local 929/1000)
epoch: 930/1000 (local 930/1000)
epoch: 931/1000 (local 931/1000)
epoch: 932/1000 (local 932/1000)
epoch: 933/1000 (local 933/1000)
epoch: 934/1000 (local 934/1000)
epoch: 935/1000 (local 935/1000)
epoch: 936/1000 (local 936/1000)
epoch: 937/1000 (local 937/1000)
epoch: 938/1000 (local 938/1000)
epoch: 939/1000 (local 939/1000)
epoch: 940/1000 (local 940/1000)
epoch: 941/1000 (local 941/1000)
epoch: 942/1000 (local 942/1000)
epoch: 943/1000 (local 943/1000)
epoch: 944/1000 (local 944/1000)
epoch: 945/1000 (local 945/1000)
epoch: 946/1000 (local 946/1000)
epoch: 947/1000 (local 947/1000)
epoch: 948/1000 (local 948/1000)
epoch: 949/1000 (local 949/1000)
epoch: 950/1000 (local 950/1000)
epoch: 951/1000 (local 951/1000)
epoch: 952/1000 (local 952/1000)
epoch: 953/1000 (local 953/1000)
epoch: 954/1000 (local 954/1000)
epoch: 955/1000 (local 955/1000)
epoch: 956/1000 (local 956/1000)
epoch: 957/1000 (local 957/1000)
epoch: 958/1000 (local 958/1000)
epoch: 959/1000 (local 959/1000)
epoch: 960/1000 (local 960/1000)
epoch: 961/1000 (local 961/1000)
epoch: 962/1000 (local 962/1000)
epoch: 963/1000 (local 963/1000)
epoch: 964/1000 (local 964/1000)
epoch: 965/1000 (local 965/1000)
epoch: 966/1000 (local 966/1000)
epoch: 967/1000 (local 967/1000)
epoch: 968/1000 (local 968/1000)
epoch: 969/1000 (local 969/1000)
epoch: 970/1000 (local 970/1000)
epoch: 971/1000 (local 971/1000)
epoch: 972/1000 (local 972/1000)
epoch: 973/1000 (local 973/1000)
epoch: 974/1000 (local 974/1000)
epoch: 975/1000 (local 975/1000)
epoch: 976/1000 (local 976/1000)
epoch: 977/1000 (local 977/1000)
epoch: 978/1000 (local 978/1000)
epoch: 979/1000 (local 979/1000)
epoch: 980/1000 (local 980/1000)
epoch: 981/1000 (local 981/1000)
epoch: 982/1000 (local 982/1000)
epoch: 983/1000 (local 983/1000)
epoch: 984/1000 (local 984/1000)
epoch: 985/1000 (local 985/1000)
epoch: 986/1000 (local 986/1000)
epoch: 987/1000 (local 987/1000)
epoch: 988/1000 (local 988/1000)
epoch: 989/1000 (local 989/1000)
epoch: 990/1000 (local 990/1000)
epoch: 991/1000 (local 991/1000)
epoch: 992/1000 (local 992/1000)
epoch: 993/1000 (local 993/1000)
epoch: 994/1000 (local 994/1000)
epoch: 995/1000 (local 995/1000)
epoch: 996/1000 (local 996/1000)
epoch: 997/1000 (local 997/1000)
epoch: 998/1000 (local 998/1000)
epoch: 999/1000 (local 999/1000)
Saving model to logs/2026-05-10-00-40-48/nn/model_1000.pth
epoch: 1000/1000 (local 1000/1000)
RUN_DIR=logs/2026-05-10-00-40-48
ARM_CKPT=logs/2026-05-10-00-40-48/nn/model_1000.pth
START eval 2026-05-10 03:49:01 label=shoulder4_gaitphase_signfix_amp4_lowdown_waist1000
bash: /opt/conda/lib/libtinfo.so.6: no version information available (required by bash)
START fixed 2026-05-10 03:49:01 label=shoulder4_gaitphase_signfix_amp4_lowdown_waist1000
START random 2026-05-10 04:06:54 label=shoulder4_gaitphase_signfix_amp4_lowdown_waist1000
DONE 2026-05-10 04:11:03 label=shoulder4_gaitphase_signfix_amp4_lowdown_waist1000
{
  "label": "shoulder4_gaitphase_signfix_amp4_lowdown_waist1000",
  "checkpoint": "logs/2026-05-10-00-40-48/nn/model_1000.pth",
  "leg_checkpoint": "logs/2026-05-05-11-09-07/nn/model_4000.pth",
  "fixed_eval": {
    "command_count": 31,
    "mean_xy_err": 0.1638514694998522,
    "mean_yaw_err": 0.10804054508513303,
    "mean_speed_ratio": 0.8861846740505634,
    "max_reset_frac": 0.0,
    "mean_tilt": 0.0421297028237044,
    "max_tilt": 0.1434311866760254,
    "tilt_rms_mean": 0.04672318232705825,
    "tilt_p95_mean": 0.07439530412516286,
    "base_ang_vel_xy_rms_mean": 0.5147589325661519,
    "shoulder_pitch_abs_p95_max": 0.49477988481521606,
    "shoulder_roll_abs_p95_max": 0.1779053807258606,
    "arm_action_saturation_frac_max": 0.0
  },
  "random_replay_60s": {
    "seconds": 60.0,
    "reset_steps": [],
    "reset_frac": 0.0,
    "linErrorMean": 0.26868803255577123,
    "linErrorRms": 0.3854012902782002,
    "linErrorP95": 0.8584495186805725,
    "yawErrorMean": 0.11636535651267281,
    "yawErrorRms": 0.16477108380011254,
    "yawErrorP95": 0.38741254806518555,
    "tilt_mean": 0.03904003772342674,
    "tilt_rms": 0.04490325835233949,
    "tilt_p95": 0.07851133495569229,
    "tilt_max": 0.13013429939746857,
    "base_ang_vel_xy_rms": 0.4382449547790266,
    "shoulder_pitch_abs_p95": 0.37064433097839355,
    "shoulder_roll_abs_p95": 0.1593814641237259,
    "arm_action_saturation_frac": 0.0
  },
  "files": {
    "fixed_json": "artifacts/autoresearch/shoulder4_gaitphase_signfix_amp4_lowdown_waist1000_eval/shoulder4_gaitphase_signfix_amp4_lowdown_waist1000_fixed_eval.json",
    "fixed_csv": "artifacts/autoresearch/shoulder4_gaitphase_signfix_amp4_lowdown_waist1000_eval/shoulder4_gaitphase_signfix_amp4_lowdown_waist1000_fixed_eval.csv",
    "random_replay_json": "artifacts/autoresearch/shoulder4_gaitphase_signfix_amp4_lowdown_waist1000_eval/shoulder4_gaitphase_signfix_amp4_lowdown_waist1000_random_replay.json",
    "random_eval_json": "artifacts/autoresearch/shoulder4_gaitphase_signfix_amp4_lowdown_waist1000_eval/shoulder4_gaitphase_signfix_amp4_lowdown_waist1000_random_eval.json"
  },
  "created_at": "2026-05-10-04-11-01"
}START metrics 2026-05-10 04:11:03 label=shoulder4_gaitphase_signfix_amp4_lowdown_waist1000
{
  "out": "artifacts/autoresearch/shoulder4_gaitphase_signfix_amp4_lowdown_waist1000_metrics.json",
  "emptyPolicy": "drop_zero",
  "diagnostics": {
    "value_loss": {
      "tag": "value_loss",
      "raw_count": 1000,
      "zero_count": 0,
      "kept_count": 1000
    },
    "steps": {
      "tag": "steps",
      "raw_count": 955,
      "zero_count": 0,
      "kept_count": 955
    },
    "reward": {
      "tag": "reward",
      "raw_count": 955,
      "zero_count": 0,
      "kept_count": 955
    },
    "lr": {
      "tag": "lr",
      "raw_count": 1000,
      "zero_count": 0,
      "kept_count": 1000
    },
    "kl_mean": {
      "tag": "kl_mean",
      "raw_count": 1000,
      "zero_count": 0,
      "kept_count": 1000
    },
    "entropy": {
      "tag": "entropy",
      "raw_count": 1000,
      "zero_count": 0,
      "kept_count": 1000
    }
  }
}
START pack 2026-05-10 04:11:06 label=shoulder4_gaitphase_signfix_amp4_lowdown_waist1000
-rwxrwxrwx 1 root root  895 May 10 04:11 artifacts/autoresearch/shoulder4_gaitphase_signfix_amp4_lowdown_waist1000_full_auto_done.json
-rwxrwxrwx 1 root root 2.8M May 10 04:11 artifacts/autoresearch/shoulder4_gaitphase_signfix_amp4_lowdown_waist1000_web_inputs.tgz
DONE 2026-05-10 04:11:07 label=shoulder4_gaitphase_signfix_amp4_lowdown_waist1000
