==== START residual PPO 20260514_122647 label=upper9_camera_stable_openleg18_legresidual_camerahard500 ====
Task: T1Upper9CameraStableOfficialOpenLeg18LegResidualCameraHard_train500
Importing module 'gym_38' (/opt/isaacgym/python/isaacgym/_bindings/linux-x86_64/gym_38.so)
Setting GYM_USD_PLUG_INFO_PATH to /opt/isaacgym/python/isaacgym/_bindings/linux-x86_64/usd/plugInfo.json
PyTorch version 2.0.1+cu118
Device count 1
/opt/isaacgym/python/isaacgym/_bindings/src/gymtorch
Using /root/.cache/torch_extensions/py38_cu118 as PyTorch extensions root...
Emitting ninja build file /root/.cache/torch_extensions/py38_cu118/gymtorch/build.ninja...
Building extension module gymtorch...
Allowing ninja to set a default number of workers... (overridable by setting the environment variable MAX_JOBS=N)
ninja: no work to do.
Loading extension module gymtorch...
Setting seed: 42
[Warning] [carb.gym.plugin] useGpu is set, forcing single scene (0 subscenes)
Not connected to PVD
+++ Using GPU PhysX
Physics Engine: PhysX
Physics Device: cuda:0
GPU Pipeline: enabled
Using residual effect scale: {'Left_Shoulder_Pitch': 0.0, 'Left_Shoulder_Roll': 0.0, 'Left_Elbow_Pitch': 0.25, 'Left_Elbow_Yaw': 0.2, 'Right_Shoulder_Pitch': 0.0, 'Right_Shoulder_Roll': 0.0, 'Right_Elbow_Pitch': 0.25, 'Right_Elbow_Yaw': 0.2, 'Waist': 0.35, 'Left_Hip_Pitch': 1.0, 'Left_Hip_Roll': 1.0, 'Left_Hip_Yaw': 1.0, 'Left_Knee_Pitch': 1.0, 'Left_Ankle_Pitch': 1.0, 'Left_Ankle_Roll': 1.0, 'Right_Hip_Pitch': 1.0, 'Right_Hip_Roll': 1.0, 'Right_Hip_Yaw': 1.0, 'Right_Knee_Pitch': 1.0, 'Right_Ankle_Pitch': 1.0, 'Right_Ankle_Roll': 1.0}
Using residual per-DOF mean scale: {'Left_Shoulder_Pitch': 0.0, 'Left_Shoulder_Roll': 0.0, 'Left_Elbow_Pitch': 0.025, 'Left_Elbow_Yaw': 0.015, 'Right_Shoulder_Pitch': 0.0, 'Right_Shoulder_Roll': 0.0, 'Right_Elbow_Pitch': 0.025, 'Right_Elbow_Yaw': 0.015, 'Waist': 0.025, 'Left_Hip_Pitch': 0.055, 'Left_Hip_Roll': 0.045, 'Left_Hip_Yaw': 0.045, 'Left_Knee_Pitch': 0.055, 'Left_Ankle_Pitch': 0.045, 'Left_Ankle_Roll': 0.04, 'Right_Hip_Pitch': 0.055, 'Right_Hip_Roll': 0.045, 'Right_Hip_Yaw': 0.045, 'Right_Knee_Pitch': 0.055, 'Right_Ankle_Pitch': 0.045, 'Right_Ankle_Roll': 0.04}
/opt/conda/lib/python3.8/site-packages/torch/_utils.py:776: UserWarning: TypedStorage is deprecated. It will be removed in the future and UntypedStorage will be the only storage class. This should only matter to you if you are using storages directly.  To access UntypedStorage directly, use tensor.untyped_storage() instead of tensor.storage()
  return self.fget.__get__(instance, owner)()
Loading baseline leg model from logs/2026-05-05-11-09-07/nn/model_4000.pth
Loading baseline upper model from logs/2026-05-14-08-59-29/nn/model_500.pth
Initialized residual actor head to zero.
Seeded curriculum radius=4.0 yaw_radius=4; unlocked 441.
epoch: 1/500 (local 1/500) elapsed=0.2m eta=78.0m
epoch: 2/500 (local 2/500) elapsed=0.3m eta=70.7m
epoch: 3/500 (local 3/500) elapsed=0.4m eta=68.6m
epoch: 4/500 (local 4/500) elapsed=0.5m eta=66.4m
epoch: 5/500 (local 5/500) elapsed=0.7m eta=65.5m
epoch: 6/500 (local 6/500) elapsed=0.8m eta=64.3m
epoch: 7/500 (local 7/500) elapsed=0.9m eta=63.4m
epoch: 8/500 (local 8/500) elapsed=1.0m eta=62.6m
epoch: 9/500 (local 9/500) elapsed=1.1m eta=62.0m
epoch: 10/500 (local 10/500) elapsed=1.3m eta=61.5m
epoch: 11/500 (local 11/500) elapsed=1.4m eta=61.1m
epoch: 12/500 (local 12/500) elapsed=1.5m eta=60.7m
epoch: 13/500 (local 13/500) elapsed=1.6m eta=60.5m
epoch: 14/500 (local 14/500) elapsed=1.7m eta=60.2m
epoch: 15/500 (local 15/500) elapsed=1.9m eta=59.9m
epoch: 16/500 (local 16/500) elapsed=2.0m eta=59.7m
epoch: 17/500 (local 17/500) elapsed=2.1m eta=59.4m
epoch: 18/500 (local 18/500) elapsed=2.2m eta=59.3m
epoch: 19/500 (local 19/500) elapsed=2.3m eta=59.1m
epoch: 20/500 (local 20/500) elapsed=2.5m eta=59.1m
epoch: 21/500 (local 21/500) elapsed=2.6m eta=58.9m
epoch: 22/500 (local 22/500) elapsed=2.7m eta=58.8m
epoch: 23/500 (local 23/500) elapsed=2.8m eta=58.7m
epoch: 24/500 (local 24/500) elapsed=3.0m eta=58.6m
epoch: 25/500 (local 25/500) elapsed=3.1m eta=58.5m
epoch: 26/500 (local 26/500) elapsed=3.2m eta=58.3m
epoch: 27/500 (local 27/500) elapsed=3.3m eta=58.2m
epoch: 28/500 (local 28/500) elapsed=3.5m eta=58.2m
epoch: 29/500 (local 29/500) elapsed=3.6m eta=58.1m
epoch: 30/500 (local 30/500) elapsed=3.7m eta=58.0m
epoch: 31/500 (local 31/500) elapsed=3.8m eta=57.8m
epoch: 32/500 (local 32/500) elapsed=3.9m eta=57.6m
epoch: 33/500 (local 33/500) elapsed=4.1m eta=57.5m
epoch: 34/500 (local 34/500) elapsed=4.2m eta=57.4m
epoch: 35/500 (local 35/500) elapsed=4.3m eta=57.2m
epoch: 36/500 (local 36/500) elapsed=4.4m eta=57.0m
epoch: 37/500 (local 37/500) elapsed=4.5m eta=56.9m
epoch: 38/500 (local 38/500) elapsed=4.7m eta=56.8m
epoch: 39/500 (local 39/500) elapsed=4.8m eta=56.6m
epoch: 40/500 (local 40/500) elapsed=4.9m eta=56.5m
epoch: 41/500 (local 41/500) elapsed=5.0m eta=56.4m
epoch: 42/500 (local 42/500) elapsed=5.2m eta=56.3m
epoch: 43/500 (local 43/500) elapsed=5.3m eta=56.2m
epoch: 44/500 (local 44/500) elapsed=5.4m eta=56.1m
epoch: 45/500 (local 45/500) elapsed=5.5m eta=56.0m
epoch: 46/500 (local 46/500) elapsed=5.7m eta=55.8m
epoch: 47/500 (local 47/500) elapsed=5.8m eta=55.7m
epoch: 48/500 (local 48/500) elapsed=5.9m eta=55.6m
epoch: 49/500 (local 49/500) elapsed=6.0m eta=55.4m
epoch: 50/500 (local 50/500) elapsed=6.1m eta=55.3m
epoch: 51/500 (local 51/500) elapsed=6.3m eta=55.2m
epoch: 52/500 (local 52/500) elapsed=6.4m eta=55.1m
epoch: 53/500 (local 53/500) elapsed=6.5m eta=55.0m
epoch: 54/500 (local 54/500) elapsed=6.6m eta=54.9m
epoch: 55/500 (local 55/500) elapsed=6.8m eta=54.8m
epoch: 56/500 (local 56/500) elapsed=6.9m eta=54.7m
epoch: 57/500 (local 57/500) elapsed=7.0m eta=54.6m
epoch: 58/500 (local 58/500) elapsed=7.2m eta=54.5m
epoch: 59/500 (local 59/500) elapsed=7.3m eta=54.4m
epoch: 60/500 (local 60/500) elapsed=7.4m eta=54.3m
epoch: 61/500 (local 61/500) elapsed=7.5m eta=54.2m
epoch: 62/500 (local 62/500) elapsed=7.7m eta=54.1m
epoch: 63/500 (local 63/500) elapsed=8.3m eta=57.5m
epoch: 64/500 (local 64/500) elapsed=8.4m eta=57.4m
epoch: 65/500 (local 65/500) elapsed=8.6m eta=57.2m
epoch: 66/500 (local 66/500) elapsed=8.7m eta=57.1m
epoch: 67/500 (local 67/500) elapsed=8.8m eta=56.9m
epoch: 68/500 (local 68/500) elapsed=8.9m eta=56.7m
epoch: 69/500 (local 69/500) elapsed=9.1m eta=56.6m
epoch: 70/500 (local 70/500) elapsed=9.2m eta=56.4m
epoch: 71/500 (local 71/500) elapsed=9.3m eta=56.2m
epoch: 72/500 (local 72/500) elapsed=9.4m eta=56.0m
epoch: 73/500 (local 73/500) elapsed=9.5m eta=55.9m
epoch: 74/500 (local 74/500) elapsed=9.7m eta=55.7m
epoch: 75/500 (local 75/500) elapsed=9.8m eta=55.5m
epoch: 76/500 (local 76/500) elapsed=9.9m eta=55.3m
epoch: 77/500 (local 77/500) elapsed=10.0m eta=55.1m
epoch: 78/500 (local 78/500) elapsed=10.2m eta=55.0m
epoch: 79/500 (local 79/500) elapsed=10.3m eta=54.8m
epoch: 80/500 (local 80/500) elapsed=10.4m eta=54.7m
epoch: 81/500 (local 81/500) elapsed=10.5m eta=54.5m
epoch: 82/500 (local 82/500) elapsed=10.7m eta=54.4m
epoch: 83/500 (local 83/500) elapsed=10.8m eta=54.2m
epoch: 84/500 (local 84/500) elapsed=10.9m eta=54.1m
epoch: 85/500 (local 85/500) elapsed=11.1m eta=54.0m
epoch: 86/500 (local 86/500) elapsed=11.2m eta=53.8m
epoch: 87/500 (local 87/500) elapsed=11.3m eta=53.7m
epoch: 88/500 (local 88/500) elapsed=11.4m eta=53.5m
epoch: 89/500 (local 89/500) elapsed=11.6m eta=53.4m
epoch: 90/500 (local 90/500) elapsed=11.7m eta=53.2m
epoch: 91/500 (local 91/500) elapsed=11.8m eta=53.1m
epoch: 92/500 (local 92/500) elapsed=11.9m eta=52.9m
epoch: 93/500 (local 93/500) elapsed=12.1m eta=52.8m
epoch: 94/500 (local 94/500) elapsed=12.2m eta=52.6m
epoch: 95/500 (local 95/500) elapsed=12.3m eta=52.5m
epoch: 96/500 (local 96/500) elapsed=12.4m eta=52.3m
epoch: 97/500 (local 97/500) elapsed=12.6m eta=52.2m
epoch: 98/500 (local 98/500) elapsed=12.7m eta=52.1m
epoch: 99/500 (local 99/500) elapsed=12.8m eta=51.9m
Saving model to logs/2026-05-14-12-27-34/nn/model_100.pth
epoch: 100/500 (local 100/500) elapsed=13.0m eta=51.8m
epoch: 101/500 (local 101/500) elapsed=13.1m eta=51.7m
epoch: 102/500 (local 102/500) elapsed=13.2m eta=51.5m
epoch: 103/500 (local 103/500) elapsed=13.3m eta=51.4m
epoch: 104/500 (local 104/500) elapsed=13.5m eta=51.2m
epoch: 105/500 (local 105/500) elapsed=13.6m eta=51.1m
epoch: 106/500 (local 106/500) elapsed=13.7m eta=51.0m
epoch: 107/500 (local 107/500) elapsed=13.8m eta=50.9m
epoch: 108/500 (local 108/500) elapsed=14.0m eta=50.7m
epoch: 109/500 (local 109/500) elapsed=14.1m eta=50.6m
epoch: 110/500 (local 110/500) elapsed=14.2m eta=50.5m
epoch: 111/500 (local 111/500) elapsed=14.4m eta=50.3m
epoch: 112/500 (local 112/500) elapsed=14.5m eta=50.2m
epoch: 113/500 (local 113/500) elapsed=14.6m eta=50.1m
epoch: 114/500 (local 114/500) elapsed=14.7m eta=49.9m
epoch: 115/500 (local 115/500) elapsed=14.9m eta=49.8m
epoch: 116/500 (local 116/500) elapsed=15.0m eta=49.6m
epoch: 117/500 (local 117/500) elapsed=15.1m eta=49.5m
epoch: 118/500 (local 118/500) elapsed=15.3m eta=49.4m
epoch: 119/500 (local 119/500) elapsed=15.4m eta=49.3m
epoch: 120/500 (local 120/500) elapsed=15.5m eta=49.1m
epoch: 121/500 (local 121/500) elapsed=15.6m eta=49.0m
epoch: 122/500 (local 122/500) elapsed=15.8m eta=48.9m
epoch: 123/500 (local 123/500) elapsed=15.9m eta=48.7m
epoch: 124/500 (local 124/500) elapsed=16.0m eta=48.6m
epoch: 125/500 (local 125/500) elapsed=16.2m eta=48.5m
epoch: 126/500 (local 126/500) elapsed=16.8m eta=49.8m
epoch: 127/500 (local 127/500) elapsed=16.9m eta=49.7m
epoch: 128/500 (local 128/500) elapsed=17.1m eta=49.6m
epoch: 129/500 (local 129/500) elapsed=17.2m eta=49.4m
epoch: 130/500 (local 130/500) elapsed=17.3m eta=49.3m
epoch: 131/500 (local 131/500) elapsed=17.4m eta=49.1m
epoch: 132/500 (local 132/500) elapsed=17.6m eta=49.0m
epoch: 133/500 (local 133/500) elapsed=17.7m eta=48.8m
epoch: 134/500 (local 134/500) elapsed=17.8m eta=48.7m
epoch: 135/500 (local 135/500) elapsed=17.9m eta=48.5m
epoch: 136/500 (local 136/500) elapsed=18.1m eta=48.3m
epoch: 137/500 (local 137/500) elapsed=18.2m eta=48.2m
epoch: 138/500 (local 138/500) elapsed=18.3m eta=48.0m
epoch: 139/500 (local 139/500) elapsed=18.4m eta=47.9m
epoch: 140/500 (local 140/500) elapsed=18.6m eta=47.7m
epoch: 141/500 (local 141/500) elapsed=18.7m eta=47.5m
epoch: 142/500 (local 142/500) elapsed=18.8m eta=47.4m
epoch: 143/500 (local 143/500) elapsed=18.9m eta=47.3m
epoch: 144/500 (local 144/500) elapsed=19.1m eta=47.1m
epoch: 145/500 (local 145/500) elapsed=19.2m eta=47.0m
epoch: 146/500 (local 146/500) elapsed=19.3m eta=46.9m
epoch: 147/500 (local 147/500) elapsed=19.5m eta=46.7m
epoch: 148/500 (local 148/500) elapsed=19.6m eta=46.6m
epoch: 149/500 (local 149/500) elapsed=19.7m eta=46.5m
epoch: 150/500 (local 150/500) elapsed=19.8m eta=46.3m
epoch: 151/500 (local 151/500) elapsed=20.0m eta=46.2m
epoch: 152/500 (local 152/500) elapsed=20.1m eta=46.0m
epoch: 153/500 (local 153/500) elapsed=20.2m eta=45.9m
epoch: 154/500 (local 154/500) elapsed=20.4m eta=45.8m
epoch: 155/500 (local 155/500) elapsed=20.5m eta=45.6m
epoch: 156/500 (local 156/500) elapsed=20.6m eta=45.5m
epoch: 157/500 (local 157/500) elapsed=20.7m eta=45.3m
epoch: 158/500 (local 158/500) elapsed=20.9m eta=45.2m
epoch: 159/500 (local 159/500) elapsed=21.0m eta=45.1m
epoch: 160/500 (local 160/500) elapsed=21.1m eta=44.9m
epoch: 161/500 (local 161/500) elapsed=21.3m eta=44.8m
epoch: 162/500 (local 162/500) elapsed=21.4m eta=44.6m
epoch: 163/500 (local 163/500) elapsed=21.5m eta=44.5m
epoch: 164/500 (local 164/500) elapsed=21.7m eta=44.4m
epoch: 165/500 (local 165/500) elapsed=21.8m eta=44.2m
epoch: 166/500 (local 166/500) elapsed=21.9m eta=44.1m
epoch: 167/500 (local 167/500) elapsed=22.1m eta=44.0m
epoch: 168/500 (local 168/500) elapsed=22.2m eta=43.8m
epoch: 169/500 (local 169/500) elapsed=22.3m eta=43.7m
epoch: 170/500 (local 170/500) elapsed=22.4m eta=43.6m
epoch: 171/500 (local 171/500) elapsed=22.6m eta=43.4m
epoch: 172/500 (local 172/500) elapsed=22.7m eta=43.3m
epoch: 173/500 (local 173/500) elapsed=22.8m eta=43.2m
epoch: 174/500 (local 174/500) elapsed=23.0m eta=43.0m
epoch: 175/500 (local 175/500) elapsed=23.1m eta=42.9m
epoch: 176/500 (local 176/500) elapsed=23.2m eta=42.8m
epoch: 177/500 (local 177/500) elapsed=23.4m eta=42.6m
epoch: 178/500 (local 178/500) elapsed=23.5m eta=42.5m
epoch: 179/500 (local 179/500) elapsed=23.6m eta=42.4m
epoch: 180/500 (local 180/500) elapsed=23.8m eta=42.2m
epoch: 181/500 (local 181/500) elapsed=23.9m eta=42.1m
epoch: 182/500 (local 182/500) elapsed=24.0m eta=41.9m
epoch: 183/500 (local 183/500) elapsed=24.1m eta=41.8m
epoch: 184/500 (local 184/500) elapsed=24.3m eta=41.7m
epoch: 185/500 (local 185/500) elapsed=24.4m eta=41.5m
epoch: 186/500 (local 186/500) elapsed=24.5m eta=41.4m
epoch: 187/500 (local 187/500) elapsed=24.7m eta=41.3m
epoch: 188/500 (local 188/500) elapsed=25.3m eta=42.0m
epoch: 189/500 (local 189/500) elapsed=25.4m eta=41.8m
epoch: 190/500 (local 190/500) elapsed=25.6m eta=41.7m
epoch: 191/500 (local 191/500) elapsed=25.7m eta=41.6m
epoch: 192/500 (local 192/500) elapsed=25.8m eta=41.4m
epoch: 193/500 (local 193/500) elapsed=26.0m eta=41.3m
epoch: 194/500 (local 194/500) elapsed=26.1m eta=41.1m
epoch: 195/500 (local 195/500) elapsed=26.2m eta=41.0m
epoch: 196/500 (local 196/500) elapsed=26.3m eta=40.9m
epoch: 197/500 (local 197/500) elapsed=26.5m eta=40.7m
epoch: 198/500 (local 198/500) elapsed=26.6m eta=40.6m
epoch: 199/500 (local 199/500) elapsed=26.7m eta=40.4m
Saving model to logs/2026-05-14-12-27-34/nn/model_200.pth
epoch: 200/500 (local 200/500) elapsed=26.8m eta=40.3m
epoch: 201/500 (local 201/500) elapsed=27.0m eta=40.1m
epoch: 202/500 (local 202/500) elapsed=27.1m eta=40.0m
epoch: 203/500 (local 203/500) elapsed=27.2m eta=39.8m
epoch: 204/500 (local 204/500) elapsed=27.4m eta=39.7m
epoch: 205/500 (local 205/500) elapsed=27.5m eta=39.6m
epoch: 206/500 (local 206/500) elapsed=27.6m eta=39.4m
epoch: 207/500 (local 207/500) elapsed=27.8m eta=39.3m
epoch: 208/500 (local 208/500) elapsed=27.9m eta=39.2m
epoch: 209/500 (local 209/500) elapsed=28.0m eta=39.0m
epoch: 210/500 (local 210/500) elapsed=28.2m eta=38.9m
epoch: 211/500 (local 211/500) elapsed=28.3m eta=38.8m
epoch: 212/500 (local 212/500) elapsed=28.5m eta=38.7m
epoch: 213/500 (local 213/500) elapsed=28.6m eta=38.5m
epoch: 214/500 (local 214/500) elapsed=28.7m eta=38.4m
epoch: 215/500 (local 215/500) elapsed=28.9m eta=38.3m
epoch: 216/500 (local 216/500) elapsed=29.0m eta=38.1m
epoch: 217/500 (local 217/500) elapsed=29.1m eta=38.0m
epoch: 218/500 (local 218/500) elapsed=29.3m eta=37.9m
epoch: 219/500 (local 219/500) elapsed=29.4m eta=37.7m
epoch: 220/500 (local 220/500) elapsed=29.5m eta=37.6m
epoch: 221/500 (local 221/500) elapsed=29.7m eta=37.4m
epoch: 222/500 (local 222/500) elapsed=29.8m eta=37.3m
epoch: 223/500 (local 223/500) elapsed=29.9m eta=37.2m
epoch: 224/500 (local 224/500) elapsed=30.1m eta=37.0m
epoch: 225/500 (local 225/500) elapsed=30.2m eta=36.9m
epoch: 226/500 (local 226/500) elapsed=30.3m eta=36.8m
epoch: 227/500 (local 227/500) elapsed=30.5m eta=36.6m
epoch: 228/500 (local 228/500) elapsed=30.6m eta=36.5m
epoch: 229/500 (local 229/500) elapsed=30.7m eta=36.4m
epoch: 230/500 (local 230/500) elapsed=30.9m eta=36.2m
epoch: 231/500 (local 231/500) elapsed=31.0m eta=36.1m
epoch: 232/500 (local 232/500) elapsed=31.2m eta=36.0m
epoch: 233/500 (local 233/500) elapsed=31.3m eta=35.9m
epoch: 234/500 (local 234/500) elapsed=31.4m eta=35.7m
epoch: 235/500 (local 235/500) elapsed=31.6m eta=35.6m
epoch: 236/500 (local 236/500) elapsed=31.7m eta=35.5m
epoch: 237/500 (local 237/500) elapsed=31.8m eta=35.3m
epoch: 238/500 (local 238/500) elapsed=32.0m eta=35.2m
epoch: 239/500 (local 239/500) elapsed=32.1m eta=35.1m
epoch: 240/500 (local 240/500) elapsed=32.2m eta=34.9m
epoch: 241/500 (local 241/500) elapsed=32.4m eta=34.8m
epoch: 242/500 (local 242/500) elapsed=32.5m eta=34.7m
epoch: 243/500 (local 243/500) elapsed=32.6m eta=34.5m
epoch: 244/500 (local 244/500) elapsed=32.8m eta=34.4m
epoch: 245/500 (local 245/500) elapsed=32.9m eta=34.3m
epoch: 246/500 (local 246/500) elapsed=33.0m eta=34.1m
epoch: 247/500 (local 247/500) elapsed=33.2m eta=34.0m
epoch: 248/500 (local 248/500) elapsed=33.3m eta=33.8m
epoch: 249/500 (local 249/500) elapsed=33.4m eta=33.7m
epoch: 250/500 (local 250/500) elapsed=33.6m eta=33.6m
epoch: 251/500 (local 251/500) elapsed=34.2m eta=33.9m
epoch: 252/500 (local 252/500) elapsed=34.3m eta=33.8m
epoch: 253/500 (local 253/500) elapsed=34.5m eta=33.7m
epoch: 254/500 (local 254/500) elapsed=34.6m eta=33.5m
epoch: 255/500 (local 255/500) elapsed=34.7m eta=33.4m
epoch: 256/500 (local 256/500) elapsed=34.9m eta=33.2m
epoch: 257/500 (local 257/500) elapsed=35.0m eta=33.1m
epoch: 258/500 (local 258/500) elapsed=35.1m eta=33.0m
epoch: 259/500 (local 259/500) elapsed=35.3m eta=32.8m
epoch: 260/500 (local 260/500) elapsed=35.4m eta=32.7m
epoch: 261/500 (local 261/500) elapsed=35.5m eta=32.5m
epoch: 262/500 (local 262/500) elapsed=35.7m eta=32.4m
epoch: 263/500 (local 263/500) elapsed=35.8m eta=32.3m
epoch: 264/500 (local 264/500) elapsed=35.9m eta=32.1m
epoch: 265/500 (local 265/500) elapsed=36.1m eta=32.0m
epoch: 266/500 (local 266/500) elapsed=36.2m eta=31.9m
epoch: 267/500 (local 267/500) elapsed=36.4m eta=31.7m
epoch: 268/500 (local 268/500) elapsed=36.5m eta=31.6m
epoch: 269/500 (local 269/500) elapsed=36.6m eta=31.5m
epoch: 270/500 (local 270/500) elapsed=36.8m eta=31.3m
epoch: 271/500 (local 271/500) elapsed=36.9m eta=31.2m
epoch: 272/500 (local 272/500) elapsed=37.1m eta=31.1m
epoch: 273/500 (local 273/500) elapsed=37.2m eta=30.9m
epoch: 274/500 (local 274/500) elapsed=37.3m eta=30.8m
epoch: 275/500 (local 275/500) elapsed=37.5m eta=30.7m
epoch: 276/500 (local 276/500) elapsed=37.6m eta=30.5m
epoch: 277/500 (local 277/500) elapsed=37.8m eta=30.4m
epoch: 278/500 (local 278/500) elapsed=37.9m eta=30.3m
epoch: 279/500 (local 279/500) elapsed=38.0m eta=30.1m
epoch: 280/500 (local 280/500) elapsed=38.2m eta=30.0m
epoch: 281/500 (local 281/500) elapsed=38.3m eta=29.9m
epoch: 282/500 (local 282/500) elapsed=38.5m eta=29.7m
epoch: 283/500 (local 283/500) elapsed=38.6m eta=29.6m
epoch: 284/500 (local 284/500) elapsed=38.7m eta=29.5m
epoch: 285/500 (local 285/500) elapsed=38.9m eta=29.3m
epoch: 286/500 (local 286/500) elapsed=39.0m eta=29.2m
epoch: 287/500 (local 287/500) elapsed=39.1m eta=29.1m
epoch: 288/500 (local 288/500) elapsed=39.3m eta=28.9m
epoch: 289/500 (local 289/500) elapsed=39.4m eta=28.8m
epoch: 290/500 (local 290/500) elapsed=39.6m eta=28.6m
epoch: 291/500 (local 291/500) elapsed=39.7m eta=28.5m
epoch: 292/500 (local 292/500) elapsed=39.8m eta=28.4m
epoch: 293/500 (local 293/500) elapsed=40.0m eta=28.2m
epoch: 294/500 (local 294/500) elapsed=40.1m eta=28.1m
epoch: 295/500 (local 295/500) elapsed=40.3m eta=28.0m
epoch: 296/500 (local 296/500) elapsed=40.4m eta=27.8m
epoch: 297/500 (local 297/500) elapsed=40.5m eta=27.7m
epoch: 298/500 (local 298/500) elapsed=40.7m eta=27.6m
epoch: 299/500 (local 299/500) elapsed=40.8m eta=27.4m
Saving model to logs/2026-05-14-12-27-34/nn/model_300.pth
epoch: 300/500 (local 300/500) elapsed=40.9m eta=27.3m
epoch: 301/500 (local 301/500) elapsed=41.1m eta=27.2m
epoch: 302/500 (local 302/500) elapsed=41.2m eta=27.0m
epoch: 303/500 (local 303/500) elapsed=41.4m eta=26.9m
epoch: 304/500 (local 304/500) elapsed=41.5m eta=26.8m
epoch: 305/500 (local 305/500) elapsed=41.6m eta=26.6m
epoch: 306/500 (local 306/500) elapsed=41.8m eta=26.5m
epoch: 307/500 (local 307/500) elapsed=41.9m eta=26.4m
epoch: 308/500 (local 308/500) elapsed=42.1m eta=26.2m
epoch: 309/500 (local 309/500) elapsed=42.2m eta=26.1m
epoch: 310/500 (local 310/500) elapsed=42.3m eta=26.0m
epoch: 311/500 (local 311/500) elapsed=42.5m eta=25.8m
epoch: 312/500 (local 312/500) elapsed=42.6m eta=25.7m
epoch: 313/500 (local 313/500) elapsed=43.2m eta=25.8m
epoch: 314/500 (local 314/500) elapsed=43.3m eta=25.7m
epoch: 315/500 (local 315/500) elapsed=43.5m eta=25.5m
epoch: 316/500 (local 316/500) elapsed=43.6m eta=25.4m
epoch: 317/500 (local 317/500) elapsed=43.7m eta=25.3m
epoch: 318/500 (local 318/500) elapsed=43.9m eta=25.1m
epoch: 319/500 (local 319/500) elapsed=44.0m eta=25.0m
epoch: 320/500 (local 320/500) elapsed=44.2m eta=24.8m
epoch: 321/500 (local 321/500) elapsed=44.3m eta=24.7m
epoch: 322/500 (local 322/500) elapsed=44.4m eta=24.6m
epoch: 323/500 (local 323/500) elapsed=44.6m eta=24.4m
epoch: 324/500 (local 324/500) elapsed=44.7m eta=24.3m
epoch: 325/500 (local 325/500) elapsed=44.8m eta=24.1m
epoch: 326/500 (local 326/500) elapsed=45.0m eta=24.0m
epoch: 327/500 (local 327/500) elapsed=45.1m eta=23.9m
epoch: 328/500 (local 328/500) elapsed=45.3m eta=23.7m
epoch: 329/500 (local 329/500) elapsed=45.4m eta=23.6m
epoch: 330/500 (local 330/500) elapsed=45.5m eta=23.5m
epoch: 331/500 (local 331/500) elapsed=45.7m eta=23.3m
epoch: 332/500 (local 332/500) elapsed=45.8m eta=23.2m
epoch: 333/500 (local 333/500) elapsed=46.0m eta=23.0m
epoch: 334/500 (local 334/500) elapsed=46.1m eta=22.9m
epoch: 335/500 (local 335/500) elapsed=46.2m eta=22.8m
epoch: 336/500 (local 336/500) elapsed=46.4m eta=22.6m
epoch: 337/500 (local 337/500) elapsed=46.5m eta=22.5m
epoch: 338/500 (local 338/500) elapsed=46.7m eta=22.4m
epoch: 339/500 (local 339/500) elapsed=46.8m eta=22.2m
epoch: 340/500 (local 340/500) elapsed=47.0m eta=22.1m
epoch: 341/500 (local 341/500) elapsed=47.1m eta=22.0m
epoch: 342/500 (local 342/500) elapsed=47.3m eta=21.8m
epoch: 343/500 (local 343/500) elapsed=47.4m eta=21.7m
epoch: 344/500 (local 344/500) elapsed=47.6m eta=21.6m
epoch: 345/500 (local 345/500) elapsed=47.7m eta=21.4m
epoch: 346/500 (local 346/500) elapsed=47.8m eta=21.3m
epoch: 347/500 (local 347/500) elapsed=48.0m eta=21.2m
epoch: 348/500 (local 348/500) elapsed=48.1m eta=21.0m
epoch: 349/500 (local 349/500) elapsed=48.3m eta=20.9m
epoch: 350/500 (local 350/500) elapsed=48.4m eta=20.7m
epoch: 351/500 (local 351/500) elapsed=48.5m eta=20.6m
epoch: 352/500 (local 352/500) elapsed=48.7m eta=20.5m
epoch: 353/500 (local 353/500) elapsed=48.8m eta=20.3m
epoch: 354/500 (local 354/500) elapsed=49.0m eta=20.2m
epoch: 355/500 (local 355/500) elapsed=49.1m eta=20.1m
epoch: 356/500 (local 356/500) elapsed=49.3m eta=19.9m
epoch: 357/500 (local 357/500) elapsed=49.4m eta=19.8m
epoch: 358/500 (local 358/500) elapsed=49.6m eta=19.7m
epoch: 359/500 (local 359/500) elapsed=49.7m eta=19.5m
epoch: 360/500 (local 360/500) elapsed=49.9m eta=19.4m
epoch: 361/500 (local 361/500) elapsed=50.0m eta=19.3m
epoch: 362/500 (local 362/500) elapsed=50.1m eta=19.1m
epoch: 363/500 (local 363/500) elapsed=50.3m eta=19.0m
epoch: 364/500 (local 364/500) elapsed=50.4m eta=18.8m
epoch: 365/500 (local 365/500) elapsed=50.6m eta=18.7m
epoch: 366/500 (local 366/500) elapsed=50.7m eta=18.6m
epoch: 367/500 (local 367/500) elapsed=50.9m eta=18.4m
epoch: 368/500 (local 368/500) elapsed=51.0m eta=18.3m
epoch: 369/500 (local 369/500) elapsed=51.2m eta=18.2m
epoch: 370/500 (local 370/500) elapsed=51.3m eta=18.0m
epoch: 371/500 (local 371/500) elapsed=51.5m eta=17.9m
epoch: 372/500 (local 372/500) elapsed=51.6m eta=17.8m
epoch: 373/500 (local 373/500) elapsed=51.7m eta=17.6m
epoch: 374/500 (local 374/500) elapsed=51.9m eta=17.5m
epoch: 375/500 (local 375/500) elapsed=52.0m eta=17.3m
epoch: 376/500 (local 376/500) elapsed=52.5m eta=17.3m
epoch: 377/500 (local 377/500) elapsed=52.6m eta=17.2m
epoch: 378/500 (local 378/500) elapsed=52.8m eta=17.0m
epoch: 379/500 (local 379/500) elapsed=52.9m eta=16.9m
epoch: 380/500 (local 380/500) elapsed=53.1m eta=16.8m
epoch: 381/500 (local 381/500) elapsed=53.2m eta=16.6m
epoch: 382/500 (local 382/500) elapsed=53.4m eta=16.5m
epoch: 383/500 (local 383/500) elapsed=53.5m eta=16.3m
epoch: 384/500 (local 384/500) elapsed=53.7m eta=16.2m
epoch: 385/500 (local 385/500) elapsed=53.8m eta=16.1m
epoch: 386/500 (local 386/500) elapsed=53.9m eta=15.9m
epoch: 387/500 (local 387/500) elapsed=54.1m eta=15.8m
epoch: 388/500 (local 388/500) elapsed=54.2m eta=15.7m
epoch: 389/500 (local 389/500) elapsed=54.4m eta=15.5m
epoch: 390/500 (local 390/500) elapsed=54.5m eta=15.4m
epoch: 391/500 (local 391/500) elapsed=54.7m eta=15.2m
epoch: 392/500 (local 392/500) elapsed=54.8m eta=15.1m
epoch: 393/500 (local 393/500) elapsed=55.0m eta=15.0m
epoch: 394/500 (local 394/500) elapsed=55.1m eta=14.8m
epoch: 395/500 (local 395/500) elapsed=55.3m eta=14.7m
epoch: 396/500 (local 396/500) elapsed=55.4m eta=14.6m
epoch: 397/500 (local 397/500) elapsed=55.6m eta=14.4m
epoch: 398/500 (local 398/500) elapsed=55.7m eta=14.3m
epoch: 399/500 (local 399/500) elapsed=55.9m eta=14.1m
Saving model to logs/2026-05-14-12-27-34/nn/model_400.pth
epoch: 400/500 (local 400/500) elapsed=56.0m eta=14.0m
epoch: 401/500 (local 401/500) elapsed=56.2m eta=13.9m
epoch: 402/500 (local 402/500) elapsed=56.3m eta=13.7m
epoch: 403/500 (local 403/500) elapsed=56.5m eta=13.6m
epoch: 404/500 (local 404/500) elapsed=56.6m eta=13.5m
epoch: 405/500 (local 405/500) elapsed=56.8m eta=13.3m
epoch: 406/500 (local 406/500) elapsed=56.9m eta=13.2m
epoch: 407/500 (local 407/500) elapsed=57.1m eta=13.0m
epoch: 408/500 (local 408/500) elapsed=57.2m eta=12.9m
epoch: 409/500 (local 409/500) elapsed=57.4m eta=12.8m
epoch: 410/500 (local 410/500) elapsed=57.5m eta=12.6m
epoch: 411/500 (local 411/500) elapsed=57.7m eta=12.5m
epoch: 412/500 (local 412/500) elapsed=57.8m eta=12.3m
epoch: 413/500 (local 413/500) elapsed=58.0m eta=12.2m
epoch: 414/500 (local 414/500) elapsed=58.1m eta=12.1m
epoch: 415/500 (local 415/500) elapsed=58.3m eta=11.9m
epoch: 416/500 (local 416/500) elapsed=58.4m eta=11.8m
epoch: 417/500 (local 417/500) elapsed=58.6m eta=11.7m
epoch: 418/500 (local 418/500) elapsed=58.7m eta=11.5m
epoch: 419/500 (local 419/500) elapsed=58.9m eta=11.4m
epoch: 420/500 (local 420/500) elapsed=59.0m eta=11.2m
epoch: 421/500 (local 421/500) elapsed=59.2m eta=11.1m
epoch: 422/500 (local 422/500) elapsed=59.3m eta=11.0m
epoch: 423/500 (local 423/500) elapsed=59.5m eta=10.8m
epoch: 424/500 (local 424/500) elapsed=59.6m eta=10.7m
epoch: 425/500 (local 425/500) elapsed=59.8m eta=10.5m
epoch: 426/500 (local 426/500) elapsed=59.9m eta=10.4m
epoch: 427/500 (local 427/500) elapsed=60.1m eta=10.3m
epoch: 428/500 (local 428/500) elapsed=60.2m eta=10.1m
epoch: 429/500 (local 429/500) elapsed=60.4m eta=10.0m
epoch: 430/500 (local 430/500) elapsed=60.6m eta=9.9m
epoch: 431/500 (local 431/500) elapsed=60.7m eta=9.7m
epoch: 432/500 (local 432/500) elapsed=60.9m eta=9.6m
epoch: 433/500 (local 433/500) elapsed=61.0m eta=9.4m
epoch: 434/500 (local 434/500) elapsed=61.2m eta=9.3m
epoch: 435/500 (local 435/500) elapsed=61.3m eta=9.2m
epoch: 436/500 (local 436/500) elapsed=61.5m eta=9.0m
epoch: 437/500 (local 437/500) elapsed=61.6m eta=8.9m
epoch: 438/500 (local 438/500) elapsed=61.9m eta=8.8m
epoch: 439/500 (local 439/500) elapsed=62.1m eta=8.6m
epoch: 440/500 (local 440/500) elapsed=62.2m eta=8.5m
epoch: 441/500 (local 441/500) elapsed=62.4m eta=8.3m
epoch: 442/500 (local 442/500) elapsed=62.5m eta=8.2m
epoch: 443/500 (local 443/500) elapsed=62.7m eta=8.1m
epoch: 444/500 (local 444/500) elapsed=62.9m eta=7.9m
epoch: 445/500 (local 445/500) elapsed=63.0m eta=7.8m
epoch: 446/500 (local 446/500) elapsed=63.2m eta=7.6m
epoch: 447/500 (local 447/500) elapsed=63.3m eta=7.5m
epoch: 448/500 (local 448/500) elapsed=63.5m eta=7.4m
epoch: 449/500 (local 449/500) elapsed=63.6m eta=7.2m
epoch: 450/500 (local 450/500) elapsed=63.8m eta=7.1m
epoch: 451/500 (local 451/500) elapsed=63.9m eta=6.9m
epoch: 452/500 (local 452/500) elapsed=64.1m eta=6.8m
epoch: 453/500 (local 453/500) elapsed=64.2m eta=6.7m
epoch: 454/500 (local 454/500) elapsed=64.4m eta=6.5m
epoch: 455/500 (local 455/500) elapsed=64.5m eta=6.4m
epoch: 456/500 (local 456/500) elapsed=64.7m eta=6.2m
epoch: 457/500 (local 457/500) elapsed=64.8m eta=6.1m
epoch: 458/500 (local 458/500) elapsed=65.0m eta=6.0m
epoch: 459/500 (local 459/500) elapsed=65.2m eta=5.8m
epoch: 460/500 (local 460/500) elapsed=65.3m eta=5.7m
epoch: 461/500 (local 461/500) elapsed=65.5m eta=5.5m
epoch: 462/500 (local 462/500) elapsed=65.6m eta=5.4m
epoch: 463/500 (local 463/500) elapsed=65.8m eta=5.3m
epoch: 464/500 (local 464/500) elapsed=65.9m eta=5.1m
epoch: 465/500 (local 465/500) elapsed=66.1m eta=5.0m
epoch: 466/500 (local 466/500) elapsed=66.3m eta=4.8m
epoch: 467/500 (local 467/500) elapsed=66.4m eta=4.7m
epoch: 468/500 (local 468/500) elapsed=66.6m eta=4.6m
epoch: 469/500 (local 469/500) elapsed=66.7m eta=4.4m
epoch: 470/500 (local 470/500) elapsed=66.9m eta=4.3m
epoch: 471/500 (local 471/500) elapsed=67.1m eta=4.1m
epoch: 472/500 (local 472/500) elapsed=67.2m eta=4.0m
epoch: 473/500 (local 473/500) elapsed=67.4m eta=3.8m
epoch: 474/500 (local 474/500) elapsed=67.5m eta=3.7m
epoch: 475/500 (local 475/500) elapsed=67.7m eta=3.6m
epoch: 476/500 (local 476/500) elapsed=67.8m eta=3.4m
epoch: 477/500 (local 477/500) elapsed=68.0m eta=3.3m
epoch: 478/500 (local 478/500) elapsed=68.2m eta=3.1m
epoch: 479/500 (local 479/500) elapsed=68.3m eta=3.0m
epoch: 480/500 (local 480/500) elapsed=68.5m eta=2.9m
epoch: 481/500 (local 481/500) elapsed=68.6m eta=2.7m
epoch: 482/500 (local 482/500) elapsed=68.8m eta=2.6m
epoch: 483/500 (local 483/500) elapsed=69.0m eta=2.4m
epoch: 484/500 (local 484/500) elapsed=69.1m eta=2.3m
epoch: 485/500 (local 485/500) elapsed=69.3m eta=2.1m
epoch: 486/500 (local 486/500) elapsed=69.4m eta=2.0m
epoch: 487/500 (local 487/500) elapsed=69.6m eta=1.9m
epoch: 488/500 (local 488/500) elapsed=69.7m eta=1.7m
epoch: 489/500 (local 489/500) elapsed=69.9m eta=1.6m
epoch: 490/500 (local 490/500) elapsed=70.1m eta=1.4m
epoch: 491/500 (local 491/500) elapsed=70.2m eta=1.3m
epoch: 492/500 (local 492/500) elapsed=70.4m eta=1.1m
epoch: 493/500 (local 493/500) elapsed=70.5m eta=1.0m
epoch: 494/500 (local 494/500) elapsed=70.7m eta=0.9m
epoch: 495/500 (local 495/500) elapsed=70.8m eta=0.7m
epoch: 496/500 (local 496/500) elapsed=71.0m eta=0.6m
epoch: 497/500 (local 497/500) elapsed=71.2m eta=0.4m
epoch: 498/500 (local 498/500) elapsed=71.3m eta=0.3m
epoch: 499/500 (local 499/500) elapsed=71.5m eta=0.1m
Saving model to logs/2026-05-14-12-27-34/nn/model_500.pth
epoch: 500/500 (local 500/500) elapsed=71.6m eta=0.0m
==== DONE status=0 2026-05-14 13:39:26 label=upper9_camera_stable_openleg18_legresidual_camerahard500 ====
