==== START residual PPO 20260514_120839 label=upper9_camera_stable_openleg18_legresidual_camera300 ====
Task: T1Upper9CameraStableOfficialOpenLeg18LegResidualCameraPriority_train300
Importing module 'gym_38' (/opt/isaacgym/python/isaacgym/_bindings/linux-x86_64/gym_38.so)
Setting GYM_USD_PLUG_INFO_PATH to /opt/isaacgym/python/isaacgym/_bindings/linux-x86_64/usd/plugInfo.json
PyTorch version 2.0.1+cu118
Device count 1
/opt/isaacgym/python/isaacgym/_bindings/src/gymtorch
Using /root/.cache/torch_extensions/py38_cu118 as PyTorch extensions root...
Emitting ninja build file /root/.cache/torch_extensions/py38_cu118/gymtorch/build.ninja...
Building extension module gymtorch...
Allowing ninja to set a default number of workers... (overridable by setting the environment variable MAX_JOBS=N)
ninja: no work to do.
Loading extension module gymtorch...
Setting seed: 42
[Warning] [carb.gym.plugin] useGpu is set, forcing single scene (0 subscenes)
Not connected to PVD
+++ Using GPU PhysX
Physics Engine: PhysX
Physics Device: cuda:0
GPU Pipeline: enabled
Using residual effect scale: {'Left_Shoulder_Pitch': 0.0, 'Left_Shoulder_Roll': 0.0, 'Left_Elbow_Pitch': 0.25, 'Left_Elbow_Yaw': 0.2, 'Right_Shoulder_Pitch': 0.0, 'Right_Shoulder_Roll': 0.0, 'Right_Elbow_Pitch': 0.25, 'Right_Elbow_Yaw': 0.2, 'Waist': 0.35, 'Left_Hip_Pitch': 1.0, 'Left_Hip_Roll': 1.0, 'Left_Hip_Yaw': 1.0, 'Left_Knee_Pitch': 1.0, 'Left_Ankle_Pitch': 1.0, 'Left_Ankle_Roll': 1.0, 'Right_Hip_Pitch': 1.0, 'Right_Hip_Roll': 1.0, 'Right_Hip_Yaw': 1.0, 'Right_Knee_Pitch': 1.0, 'Right_Ankle_Pitch': 1.0, 'Right_Ankle_Roll': 1.0}
Using residual per-DOF mean scale: {'Left_Shoulder_Pitch': 0.0, 'Left_Shoulder_Roll': 0.0, 'Left_Elbow_Pitch': 0.018, 'Left_Elbow_Yaw': 0.01, 'Right_Shoulder_Pitch': 0.0, 'Right_Shoulder_Roll': 0.0, 'Right_Elbow_Pitch': 0.018, 'Right_Elbow_Yaw': 0.01, 'Waist': 0.018, 'Left_Hip_Pitch': 0.04, 'Left_Hip_Roll': 0.035, 'Left_Hip_Yaw': 0.035, 'Left_Knee_Pitch': 0.04, 'Left_Ankle_Pitch': 0.035, 'Left_Ankle_Roll': 0.03, 'Right_Hip_Pitch': 0.04, 'Right_Hip_Roll': 0.035, 'Right_Hip_Yaw': 0.035, 'Right_Knee_Pitch': 0.04, 'Right_Ankle_Pitch': 0.035, 'Right_Ankle_Roll': 0.03}
/opt/conda/lib/python3.8/site-packages/torch/_utils.py:776: UserWarning: TypedStorage is deprecated. It will be removed in the future and UntypedStorage will be the only storage class. This should only matter to you if you are using storages directly.  To access UntypedStorage directly, use tensor.untyped_storage() instead of tensor.storage()
  return self.fget.__get__(instance, owner)()
Loading baseline leg model from logs/2026-05-05-11-09-07/nn/model_4000.pth
Loading baseline upper model from logs/2026-05-14-08-59-29/nn/model_500.pth
Loading residual model from logs/2026-05-14-11-51-44/nn/model_100.pth
Loaded curriculum shape (37, 37, 31)
Loaded optimizer learning rate 1e-05
epoch: 101/400 (local 1/300) elapsed=0.2m eta=50.0m
epoch: 102/400 (local 2/300) elapsed=0.3m eta=44.6m
epoch: 103/400 (local 3/300) elapsed=0.4m eta=42.6m
epoch: 104/400 (local 4/300) elapsed=0.6m eta=41.5m
epoch: 105/400 (local 5/300) elapsed=0.7m eta=40.8m
epoch: 106/400 (local 6/300) elapsed=0.8m eta=40.3m
epoch: 107/400 (local 7/300) elapsed=1.0m eta=39.8m
epoch: 108/400 (local 8/300) elapsed=1.1m eta=39.7m
epoch: 109/400 (local 9/300) elapsed=1.2m eta=39.5m
epoch: 110/400 (local 10/300) elapsed=1.4m eta=39.2m
