===== 2026-05-10T19:19:31.5105730+08:00 quser =====
 用户名                会话名             ID  状态    空闲时间   登录时间
>administrator         rdp-tcp#0           1  运行中          6  2026/5/10 0:21
===== 2026-05-10T19:20:32.5866604+08:00 quser =====
 用户名                会话名             ID  状态    空闲时间   登录时间
>administrator         rdp-tcp#0           1  运行中          7  2026/5/10 0:21
===== 2026-05-10T19:21:33.4949837+08:00 quser =====
 用户名                会话名             ID  状态    空闲时间   登录时间
>administrator         rdp-tcp#0           1  运行中          8  2026/5/10 0:21
===== 2026-05-10T19:22:33.9870312+08:00 quser =====
 用户名                会话名             ID  状态    空闲时间   登录时间
>administrator         rdp-tcp#0           1  运行中          9  2026/5/10 0:21
===== 2026-05-10T19:23:34.7603582+08:00 quser =====
 用户名                会话名             ID  状态    空闲时间   登录时间
>administrator         rdp-tcp#0           1  运行中         10  2026/5/10 0:21
===== 2026-05-10T19:24:36.0806832+08:00 quser =====
 用户名                会话名             ID  状态    空闲时间   登录时间
>administrator         rdp-tcp#0           1  运行中         11  2026/5/10 0:21
===== 2026-05-10T19:25:36.4639238+08:00 quser =====
 用户名                会话名             ID  状态    空闲时间   登录时间
>administrator         rdp-tcp#0           1  运行中         12  2026/5/10 0:21
===== 2026-05-10T19:26:37.4901718+08:00 quser =====
 用户名                会话名             ID  状态    空闲时间   登录时间
>administrator         rdp-tcp#0           1  运行中         13  2026/5/10 0:21
===== 2026-05-10T19:27:38.3871512+08:00 quser =====
 用户名                会话名             ID  状态    空闲时间   登录时间
>administrator         rdp-tcp#0           1  运行中         14  2026/5/10 0:21
===== 2026-05-10T19:28:39.0170419+08:00 quser =====
 用户名                会话名             ID  状态    空闲时间   登录时间
>administrator         rdp-tcp#0           1  运行中         15  2026/5/10 0:21
===== 2026-05-10T19:29:39.8426280+08:00 quser =====
 用户名                会话名             ID  状态    空闲时间   登录时间
>administrator         rdp-tcp#0           1  运行中         16  2026/5/10 0:21
===== 2026-05-10T19:30:40.4742521+08:00 quser =====
 用户名                会话名             ID  状态    空闲时间   登录时间
>administrator         rdp-tcp#0           1  运行中         17  2026/5/10 0:21
===== 2026-05-10T19:31:41.5404112+08:00 quser =====
 用户名                会话名             ID  状态    空闲时间   登录时间
>administrator         rdp-tcp#0           1  运行中         18  2026/5/10 0:21
===== 2026-05-10T19:32:42.4192180+08:00 quser =====
 用户名                会话名             ID  状态    空闲时间   登录时间
>administrator         rdp-tcp#0           1  运行中         19  2026/5/10 0:21
===== 2026-05-10T19:33:43.3408008+08:00 quser =====
 用户名                会话名             ID  状态    空闲时间   登录时间
>administrator         rdp-tcp#0           1  运行中          .  2026/5/10 0:21
===== 2026-05-10T19:34:45.3855464+08:00 quser =====
 用户名                会话名             ID  状态    空闲时间   登录时间
>administrator         rdp-tcp#0           1  运行中          1  2026/5/10 0:21
===== 2026-05-10T19:35:45.9145854+08:00 quser =====
 用户名                会话名             ID  状态    空闲时间   登录时间
>administrator         rdp-tcp#0           1  运行中          2  2026/5/10 0:21
===== 2026-05-10T19:36:46.3970986+08:00 quser =====
 用户名                会话名             ID  状态    空闲时间   登录时间
>administrator         rdp-tcp#0           1  运行中          3  2026/5/10 0:21
===== 2026-05-10T19:37:46.9174311+08:00 quser =====
 用户名                会话名             ID  状态    空闲时间   登录时间
>administrator         rdp-tcp#0           1  运行中          4  2026/5/10 0:21
===== 2026-05-10T19:38:47.6089987+08:00 quser =====
 用户名                会话名             ID  状态    空闲时间   登录时间
>administrator         rdp-tcp#0           1  运行中          5  2026/5/10 0:21
===== 2026-05-10T19:39:47.9721366+08:00 quser =====
 用户名                会话名             ID  状态    空闲时间   登录时间
>administrator         rdp-tcp#0           1  运行中          6  2026/5/10 0:21
===== 2026-05-10T19:40:48.5439671+08:00 quser =====
 用户名                会话名             ID  状态    空闲时间   登录时间
>administrator         rdp-tcp#0           1  运行中          7  2026/5/10 0:21
===== 2026-05-10T19:41:49.1859427+08:00 quser =====
 用户名                会话名             ID  状态    空闲时间   登录时间
>administrator         rdp-tcp#0           1  运行中          8  2026/5/10 0:21
===== 2026-05-10T19:42:50.0407219+08:00 quser =====
 用户名                会话名             ID  状态    空闲时间   登录时间
>administrator         rdp-tcp#0           1  运行中          9  2026/5/10 0:21
===== 2026-05-10T19:43:50.7316666+08:00 quser =====
 用户名                会话名             ID  状态    空闲时间   登录时间
>administrator         rdp-tcp#0           1  运行中         10  2026/5/10 0:21
===== 2026-05-10T19:44:51.4480598+08:00 quser =====
 用户名                会话名             ID  状态    空闲时间   登录时间
>administrator         rdp-tcp#0           1  运行中         11  2026/5/10 0:21
===== 2026-05-10T19:45:52.6564636+08:00 quser =====
 用户名                会话名             ID  状态    空闲时间   登录时间
>administrator         rdp-tcp#0           1  运行中         12  2026/5/10 0:21
===== 2026-05-10T19:46:53.5969414+08:00 quser =====
 用户名                会话名             ID  状态    空闲时间   登录时间
>administrator         rdp-tcp#0           1  运行中         13  2026/5/10 0:21
===== 2026-05-10T19:47:54.1956563+08:00 quser =====
 用户名                会话名             ID  状态    空闲时间   登录时间
>administrator         rdp-tcp#0           1  运行中         14  2026/5/10 0:21
===== 2026-05-10T19:48:55.4022397+08:00 quser =====
 用户名                会话名             ID  状态    空闲时间   登录时间
>administrator         rdp-tcp#0           1  运行中         15  2026/5/10 0:21
===== 2026-05-10T19:49:56.3779647+08:00 quser =====
 用户名                会话名             ID  状态    空闲时间   登录时间
>administrator         rdp-tcp#0           1  运行中         16  2026/5/10 0:21
===== 2026-05-10T19:50:58.8923792+08:00 quser =====
 用户名                会话名             ID  状态    空闲时间   登录时间
>administrator         rdp-tcp#0           1  运行中         17  2026/5/10 0:21
===== 2026-05-10T19:51:59.4407480+08:00 quser =====
 用户名                会话名             ID  状态    空闲时间   登录时间
>administrator         rdp-tcp#0           1  运行中         18  2026/5/10 0:21
===== 2026-05-10T19:52:59.9944001+08:00 quser =====
 用户名                会话名             ID  状态    空闲时间   登录时间
>administrator         rdp-tcp#0           1  运行中         19  2026/5/10 0:21
===== 2026-05-10T19:54:00.5746898+08:00 quser =====
 用户名                会话名             ID  状态    空闲时间   登录时间
>administrator         rdp-tcp#0           1  运行中         20  2026/5/10 0:21
===== 2026-05-10T19:55:02.0202983+08:00 quser =====
 用户名                会话名             ID  状态    空闲时间   登录时间
>administrator         rdp-tcp#0           1  运行中         21  2026/5/10 0:21
===== 2026-05-10T19:56:02.8402406+08:00 quser =====
 用户名                会话名             ID  状态    空闲时间   登录时间
>administrator         rdp-tcp#0           1  运行中         22  2026/5/10 0:21
===== 2026-05-10T19:57:03.4524448+08:00 quser =====
 用户名                会话名             ID  状态    空闲时间   登录时间
>administrator         rdp-tcp#0           1  运行中         24  2026/5/10 0:21
===== 2026-05-10T19:58:04.1546691+08:00 quser =====
 用户名                会话名             ID  状态    空闲时间   登录时间
>administrator         rdp-tcp#0           1  运行中         25  2026/5/10 0:21
===== 2026-05-10T19:59:05.0406231+08:00 quser =====
 用户名                会话名             ID  状态    空闲时间   登录时间
>administrator         rdp-tcp#0           1  运行中         26  2026/5/10 0:21
===== 2026-05-10T20:00:05.5658606+08:00 quser =====
 用户名                会话名             ID  状态    空闲时间   登录时间
>administrator         rdp-tcp#0           1  运行中         27  2026/5/10 0:21
===== 2026-05-10T20:01:06.3401321+08:00 quser =====
 用户名                会话名             ID  状态    空闲时间   登录时间
>administrator         rdp-tcp#0           1  运行中         28  2026/5/10 0:21
===== 2026-05-10T20:02:07.2159405+08:00 quser =====
 用户名                会话名             ID  状态    空闲时间   登录时间
>administrator         rdp-tcp#0           1  运行中         29  2026/5/10 0:21
===== 2026-05-10T20:03:08.0784618+08:00 quser =====
 用户名                会话名             ID  状态    空闲时间   登录时间
>administrator         rdp-tcp#0           1  运行中         30  2026/5/10 0:21
===== 2026-05-10T20:04:12.7930387+08:00 quser =====
 用户名                会话名             ID  状态    空闲时间   登录时间
>administrator         rdp-tcp#0           1  运行中         31  2026/5/10 0:21
===== 2026-05-10T20:05:16.4078396+08:00 quser =====
 用户名                会话名             ID  状态    空闲时间   登录时间
>administrator         rdp-tcp#0           1  运行中         32  2026/5/10 0:21
===== 2026-05-10T20:06:18.6679930+08:00 quser =====
 用户名                会话名             ID  状态    空闲时间   登录时间
>administrator         rdp-tcp#0           1  运行中         33  2026/5/10 0:21
===== 2026-05-10T20:07:19.4523350+08:00 quser =====
 用户名                会话名             ID  状态    空闲时间   登录时间
>administrator         rdp-tcp#0           1  运行中         34  2026/5/10 0:21
===== 2026-05-10T20:08:20.4190871+08:00 quser =====
 用户名                会话名             ID  状态    空闲时间   登录时间
>administrator         rdp-tcp#0           1  运行中         35  2026/5/10 0:21
===== 2026-05-10T20:09:21.1639420+08:00 quser =====
 用户名                会话名             ID  状态    空闲时间   登录时间
>administrator         rdp-tcp#0           1  运行中         36  2026/5/10 0:21
===== 2026-05-10T20:10:21.9253778+08:00 quser =====
 用户名                会话名             ID  状态    空闲时间   登录时间
>administrator         rdp-tcp#0           1  运行中         37  2026/5/10 0:21
===== 2026-05-10T20:11:22.4829225+08:00 quser =====
 用户名                会话名             ID  状态    空闲时间   登录时间
>administrator         rdp-tcp#0           1  运行中         38  2026/5/10 0:21
===== 2026-05-10T20:12:22.9226959+08:00 quser =====
 用户名                会话名             ID  状态    空闲时间   登录时间
>administrator         rdp-tcp#0           1  运行中         39  2026/5/10 0:21
===== 2026-05-10T20:13:23.8292632+08:00 quser =====
 用户名                会话名             ID  状态    空闲时间   登录时间
>administrator         rdp-tcp#0           1  运行中         40  2026/5/10 0:21
===== 2026-05-10T20:14:24.2014598+08:00 quser =====
 用户名                会话名             ID  状态    空闲时间   登录时间
>administrator         rdp-tcp#0           1  运行中          .  2026/5/10 0:21
===== 2026-05-10T20:15:24.8799682+08:00 quser =====
 用户名                会话名             ID  状态    空闲时间   登录时间
>administrator         rdp-tcp#0           1  运行中          1  2026/5/10 0:21
===== 2026-05-10T20:16:25.4695795+08:00 quser =====
 用户名                会话名             ID  状态    空闲时间   登录时间
>administrator         rdp-tcp#0           1  运行中          2  2026/5/10 0:21
===== 2026-05-10T20:17:26.0531229+08:00 quser =====
 用户名                会话名             ID  状态    空闲时间   登录时间
>administrator         rdp-tcp#0           1  运行中          3  2026/5/10 0:21
===== 2026-05-10T20:18:26.8413445+08:00 quser =====
 用户名                会话名             ID  状态    空闲时间   登录时间
>administrator         rdp-tcp#0           1  运行中          4  2026/5/10 0:21
===== 2026-05-10T20:19:27.8553153+08:00 quser =====
 用户名                会话名             ID  状态    空闲时间   登录时间
>administrator         rdp-tcp#0           1  运行中          5  2026/5/10 0:21
===== 2026-05-10T20:20:33.0144961+08:00 quser =====
 用户名                会话名             ID  状态    空闲时间   登录时间
>administrator         rdp-tcp#0           1  运行中          .  2026/5/10 0:21
===== 2026-05-10T20:21:38.9701738+08:00 quser =====
 用户名                会话名             ID  状态    空闲时间   登录时间
>administrator         rdp-tcp#0           1  运行中          1  2026/5/10 0:21
===== 2026-05-10T20:22:40.0154194+08:00 quser =====
 用户名                会话名             ID  状态    空闲时间   登录时间
>administrator         rdp-tcp#0           1  运行中          2  2026/5/10 0:21
===== 2026-05-10T20:23:44.5580176+08:00 quser =====
 用户名                会话名             ID  状态    空闲时间   登录时间
>administrator                             1  断开            1  2026/5/10 0:21
===== 2026-05-10T20:24:48.5868686+08:00 quser =====
 用户名                会话名             ID  状态    空闲时间   登录时间
>administrator                             1  断开            2  2026/5/10 0:21
===== 2026-05-10T20:25:52.3906006+08:00 quser =====
 用户名                会话名             ID  状态    空闲时间   登录时间
>administrator                             1  断开            3  2026/5/10 0:21
===== 2026-05-10T20:26:56.2262551+08:00 quser =====
 用户名                会话名             ID  状态    空闲时间   登录时间
>administrator                             1  断开            4  2026/5/10 0:21
===== 2026-05-10T20:28:00.0814985+08:00 quser =====
 用户名                会话名             ID  状态    空闲时间   登录时间
>administrator                             1  断开            5  2026/5/10 0:21
===== 2026-05-10T20:29:03.7963514+08:00 quser =====
 用户名                会话名             ID  状态    空闲时间   登录时间
>administrator                             1  断开            6  2026/5/10 0:21
===== 2026-05-10T20:30:07.4906865+08:00 quser =====
 用户名                会话名             ID  状态    空闲时间   登录时间
>administrator                             1  断开            7  2026/5/10 0:21
===== 2026-05-10T20:31:10.9050787+08:00 quser =====
 用户名                会话名             ID  状态    空闲时间   登录时间
>administrator                             1  断开            8  2026/5/10 0:21
===== 2026-05-10T20:32:14.5677297+08:00 quser =====
 用户名                会话名             ID  状态    空闲时间   登录时间
>administrator                             1  断开            9  2026/5/10 0:21
===== 2026-05-10T20:33:18.3368226+08:00 quser =====
 用户名                会话名             ID  状态    空闲时间   登录时间
>administrator                             1  断开           10  2026/5/10 0:21
===== 2026-05-10T20:34:22.1322142+08:00 quser =====
 用户名                会话名             ID  状态    空闲时间   登录时间
>administrator                             1  断开           11  2026/5/10 0:21
===== 2026-05-10T20:35:26.2445957+08:00 quser =====
 用户名                会话名             ID  状态    空闲时间   登录时间
>administrator                             1  断开           12  2026/5/10 0:21
===== 2026-05-10T20:36:29.5615472+08:00 quser =====
 用户名                会话名             ID  状态    空闲时间   登录时间
>administrator                             1  断开           13  2026/5/10 0:21
===== 2026-05-10T20:37:33.4691687+08:00 quser =====
 用户名                会话名             ID  状态    空闲时间   登录时间
>administrator                             1  断开           14  2026/5/10 0:21
===== 2026-05-10T20:38:38.6653914+08:00 quser =====
 用户名                会话名             ID  状态    空闲时间   登录时间
>administrator                             1  断开           15  2026/5/10 0:21
===== 2026-05-10T20:39:42.3499145+08:00 quser =====
 用户名                会话名             ID  状态    空闲时间   登录时间
>administrator                             1  断开           16  2026/5/10 0:21
===== 2026-05-10T20:40:46.3396262+08:00 quser =====
 用户名                会话名             ID  状态    空闲时间   登录时间
>administrator                             1  断开           18  2026/5/10 0:21
===== 2026-05-10T20:41:49.7801262+08:00 quser =====
 用户名                会话名             ID  状态    空闲时间   登录时间
>administrator                             1  断开           19  2026/5/10 0:21
===== 2026-05-10T20:42:53.7462012+08:00 quser =====
 用户名                会话名             ID  状态    空闲时间   登录时间
>administrator                             1  断开           20  2026/5/10 0:21
===== 2026-05-10T20:43:57.5592019+08:00 quser =====
 用户名                会话名             ID  状态    空闲时间   登录时间
>administrator                             1  断开           21  2026/5/10 0:21
===== 2026-05-10T20:45:01.1855791+08:00 quser =====
 用户名                会话名             ID  状态    空闲时间   登录时间
>administrator                             1  断开           22  2026/5/10 0:21
===== 2026-05-10T20:46:04.9317215+08:00 quser =====
 用户名                会话名             ID  状态    空闲时间   登录时间
>administrator                             1  断开           23  2026/5/10 0:21
===== 2026-05-10T20:47:09.2151591+08:00 quser =====
 用户名                会话名             ID  状态    空闲时间   登录时间
>administrator                             1  断开           24  2026/5/10 0:21
===== 2026-05-10T20:48:12.9356821+08:00 quser =====
 用户名                会话名             ID  状态    空闲时间   登录时间
>administrator                             1  断开           25  2026/5/10 0:21
===== 2026-05-10T20:49:16.7608489+08:00 quser =====
 用户名                会话名             ID  状态    空闲时间   登录时间
>administrator                             1  断开           26  2026/5/10 0:21
===== 2026-05-10T20:50:20.2980879+08:00 quser =====
 用户名                会话名             ID  状态    空闲时间   登录时间
>administrator                             1  断开           27  2026/5/10 0:21
===== 2026-05-10T20:51:24.8186774+08:00 quser =====
 用户名                会话名             ID  状态    空闲时间   登录时间
>administrator                             1  断开           28  2026/5/10 0:21
===== 2026-05-10T20:52:28.6603077+08:00 quser =====
 用户名                会话名             ID  状态    空闲时间   登录时间
>administrator                             1  断开           29  2026/5/10 0:21
===== 2026-05-10T20:53:32.3881374+08:00 quser =====
 用户名                会话名             ID  状态    空闲时间   登录时间
>administrator                             1  断开           30  2026/5/10 0:21
===== 2026-05-10T20:54:37.4873122+08:00 quser =====
 用户名                会话名             ID  状态    空闲时间   登录时间
>administrator                             1  断开           31  2026/5/10 0:21
===== 2026-05-10T20:55:41.2125081+08:00 quser =====
 用户名                会话名             ID  状态    空闲时间   登录时间
>administrator                             1  断开           32  2026/5/10 0:21
===== 2026-05-10T20:56:45.1567071+08:00 quser =====
 用户名                会话名             ID  状态    空闲时间   登录时间
>administrator                             1  断开           34  2026/5/10 0:21
===== 2026-05-10T20:57:49.3004267+08:00 quser =====
 用户名                会话名             ID  状态    空闲时间   登录时间
>administrator                             1  断开           35  2026/5/10 0:21
===== 2026-05-10T20:58:53.4534061+08:00 quser =====
 用户名                会话名             ID  状态    空闲时间   登录时间
>administrator                             1  断开           36  2026/5/10 0:21
===== 2026-05-10T20:59:57.1357303+08:00 quser =====
 用户名                会话名             ID  状态    空闲时间   登录时间
>administrator                             1  断开           37  2026/5/10 0:21
===== 2026-05-10T21:01:01.0340860+08:00 quser =====
 用户名                会话名             ID  状态    空闲时间   登录时间
>administrator                             1  断开           38  2026/5/10 0:21
===== 2026-05-10T21:02:05.1049433+08:00 quser =====
 用户名                会话名             ID  状态    空闲时间   登录时间
>administrator                             1  断开           39  2026/5/10 0:21
===== 2026-05-10T21:03:10.3876629+08:00 quser =====
 用户名                会话名             ID  状态    空闲时间   登录时间
>administrator                             1  断开            .  2026/5/10 0:21
===== 2026-05-10T21:04:14.0189963+08:00 quser =====
 用户名                会话名             ID  状态    空闲时间   登录时间
>administrator                             1  断开            1  2026/5/10 0:21
===== 2026-05-10T21:05:17.8160128+08:00 quser =====
 用户名                会话名             ID  状态    空闲时间   登录时间
>administrator                             1  断开            2  2026/5/10 0:21
===== 2026-05-10T21:06:21.7364646+08:00 quser =====
 用户名                会话名             ID  状态    空闲时间   登录时间
>administrator                             1  断开            3  2026/5/10 0:21
===== 2026-05-10T21:07:25.6470264+08:00 quser =====
 用户名                会话名             ID  状态    空闲时间   登录时间
>administrator                             1  断开            4  2026/5/10 0:21
===== 2026-05-10T21:08:29.0322916+08:00 quser =====
 用户名                会话名             ID  状态    空闲时间   登录时间
>administrator                             1  断开            6  2026/5/10 0:21
===== 2026-05-10T21:09:32.5300390+08:00 quser =====
 用户名                会话名             ID  状态    空闲时间   登录时间
>administrator                             1  断开            7  2026/5/10 0:21
===== 2026-05-10T21:10:37.7280132+08:00 quser =====
 用户名                会话名             ID  状态    空闲时间   登录时间
>administrator                             1  断开            8  2026/5/10 0:21
===== 2026-05-10T21:11:41.8222033+08:00 quser =====
 用户名                会话名             ID  状态    空闲时间   登录时间
>administrator                             1  断开            9  2026/5/10 0:21
===== 2026-05-10T21:12:45.2936639+08:00 quser =====
 用户名                会话名             ID  状态    空闲时间   登录时间
>administrator                             1  断开           10  2026/5/10 0:21
===== 2026-05-10T21:13:50.0819254+08:00 quser =====
 用户名                会话名             ID  状态    空闲时间   登录时间
>administrator                             1  断开           11  2026/5/10 0:21
===== 2026-05-10T21:14:53.6552719+08:00 quser =====
 用户名                会话名             ID  状态    空闲时间   登录时间
>administrator                             1  断开           12  2026/5/10 0:21
===== 2026-05-10T21:15:57.8373231+08:00 quser =====
 用户名                会话名             ID  状态    空闲时间   登录时间
>administrator                             1  断开           13  2026/5/10 0:21
===== 2026-05-10T21:17:01.8468218+08:00 quser =====
 用户名                会话名             ID  状态    空闲时间   登录时间
>administrator                             1  断开           14  2026/5/10 0:21
===== 2026-05-10T21:18:05.5683562+08:00 quser =====
 用户名                会话名             ID  状态    空闲时间   登录时间
>administrator                             1  断开           15  2026/5/10 0:21
===== 2026-05-10T21:19:09.2797056+08:00 quser =====
 用户名                会话名             ID  状态    空闲时间   登录时间
>administrator                             1  断开           16  2026/5/10 0:21
===== 2026-05-10T21:20:13.0617239+08:00 quser =====
 用户名                会话名             ID  状态    空闲时间   登录时间
>administrator                             1  断开           17  2026/5/10 0:21
===== 2026-05-10T21:21:16.9360631+08:00 quser =====
 用户名                会话名             ID  状态    空闲时间   登录时间
>administrator                             1  断开           18  2026/5/10 0:21
===== 2026-05-10T21:22:20.6002641+08:00 quser =====
 用户名                会话名             ID  状态    空闲时间   登录时间
>administrator                             1  断开           19  2026/5/10 0:21
===== 2026-05-10T21:23:24.2761953+08:00 quser =====
 用户名                会话名             ID  状态    空闲时间   登录时间
>administrator                             1  断开           20  2026/5/10 0:21
===== 2026-05-10T21:24:29.0744674+08:00 quser =====
 用户名                会话名             ID  状态    空闲时间   登录时间
>administrator                             1  断开           22  2026/5/10 0:21
===== 2026-05-10T21:25:32.7283487+08:00 quser =====
 用户名                会话名             ID  状态    空闲时间   登录时间
>administrator                             1  断开           23  2026/5/10 0:21
===== 2026-05-10T21:26:39.1536747+08:00 quser =====
 用户名                会话名             ID  状态    空闲时间   登录时间
>administrator                             1  断开            .  2026/5/10 0:21
===== 2026-05-10T21:27:43.5877693+08:00 quser =====
 用户名                会话名             ID  状态    空闲时间   登录时间
>administrator                             1  断开            1  2026/5/10 0:21
===== 2026-05-10T21:28:47.1383161+08:00 quser =====
 用户名                会话名             ID  状态    空闲时间   登录时间
>administrator                             1  断开            2  2026/5/10 0:21
===== 2026-05-10T21:29:51.0206475+08:00 quser =====
 用户名                会话名             ID  状态    空闲时间   登录时间
>administrator                             1  断开            4  2026/5/10 0:21
===== 2026-05-10T21:30:54.8537753+08:00 quser =====
 用户名                会话名             ID  状态    空闲时间   登录时间
>administrator                             1  断开            5  2026/5/10 0:21
===== 2026-05-10T21:31:58.9207006+08:00 quser =====
 用户名                会话名             ID  状态    空闲时间   登录时间
>administrator                             1  断开            6  2026/5/10 0:21
===== 2026-05-10T21:33:02.4481425+08:00 quser =====
 用户名                会话名             ID  状态    空闲时间   登录时间
>administrator                             1  断开            7  2026/5/10 0:21
===== 2026-05-10T21:34:06.8670771+08:00 quser =====
 用户名                会话名             ID  状态    空闲时间   登录时间
>administrator                             1  断开            8  2026/5/10 0:21
===== 2026-05-10T21:35:10.9333882+08:00 quser =====
 用户名                会话名             ID  状态    空闲时间   登录时间
>administrator                             1  断开            9  2026/5/10 0:21
===== 2026-05-10T21:36:14.5981670+08:00 quser =====
 用户名                会话名             ID  状态    空闲时间   登录时间
>administrator                             1  断开           10  2026/5/10 0:21
===== 2026-05-10T21:37:18.5973555+08:00 quser =====
 用户名                会话名             ID  状态    空闲时间   登录时间
>administrator                             1  断开           11  2026/5/10 0:21
===== 2026-05-10T21:38:22.8513607+08:00 quser =====
 用户名                会话名             ID  状态    空闲时间   登录时间
>administrator                             1  断开           12  2026/5/10 0:21
===== 2026-05-10T21:39:26.9366108+08:00 quser =====
 用户名                会话名             ID  状态    空闲时间   登录时间
>administrator                             1  断开           13  2026/5/10 0:21
===== 2026-05-10T21:40:30.5244760+08:00 quser =====
 用户名                会话名             ID  状态    空闲时间   登录时间
>administrator                             1  断开           14  2026/5/10 0:21
===== 2026-05-10T21:41:35.0040734+08:00 quser =====
 用户名                会话名             ID  状态    空闲时间   登录时间
>administrator                             1  断开           15  2026/5/10 0:21
===== 2026-05-10T21:42:40.3482501+08:00 quser =====
 用户名                会话名             ID  状态    空闲时间   登录时间
>administrator                             1  断开           16  2026/5/10 0:21
===== 2026-05-10T21:43:44.5682841+08:00 quser =====
 用户名                会话名             ID  状态    空闲时间   登录时间
>administrator                             1  断开           17  2026/5/10 0:21
===== 2026-05-10T21:44:48.7593888+08:00 quser =====
 用户名                会话名             ID  状态    空闲时间   登录时间
>administrator                             1  断开           19  2026/5/10 0:21
===== 2026-05-10T21:45:52.8389872+08:00 quser =====
 用户名                会话名             ID  状态    空闲时间   登录时间
>administrator                             1  断开           20  2026/5/10 0:21
===== 2026-05-10T21:46:56.5641781+08:00 quser =====
 用户名                会话名             ID  状态    空闲时间   登录时间
>administrator                             1  断开           21  2026/5/10 0:21
===== 2026-05-10T21:48:00.6303083+08:00 quser =====
 用户名                会话名             ID  状态    空闲时间   登录时间
>administrator                             1  断开           22  2026/5/10 0:21
===== 2026-05-10T21:49:05.1541826+08:00 quser =====
 用户名                会话名             ID  状态    空闲时间   登录时间
>administrator                             1  断开           23  2026/5/10 0:21
===== 2026-05-10T21:50:09.2764338+08:00 quser =====
 用户名                会话名             ID  状态    空闲时间   登录时间
>administrator                             1  断开           24  2026/5/10 0:21
===== 2026-05-10T21:51:12.6438357+08:00 quser =====
 用户名                会话名             ID  状态    空闲时间   登录时间
>administrator                             1  断开           25  2026/5/10 0:21
===== 2026-05-10T21:52:13.2357567+08:00 quser =====
 用户名                会话名             ID  状态    空闲时间   登录时间
>administrator                             1  断开           26  2026/5/10 0:21
===== 2026-05-10T21:53:14.5210670+08:00 quser =====
 用户名                会话名             ID  状态    空闲时间   登录时间
>administrator                             1  断开           27  2026/5/10 0:21
===== 2026-05-10T21:54:15.2089183+08:00 quser =====
 用户名                会话名             ID  状态    空闲时间   登录时间
>administrator                             1  断开           28  2026/5/10 0:21
===== 2026-05-10T21:55:15.7743168+08:00 quser =====
 用户名                会话名             ID  状态    空闲时间   登录时间
>administrator                             1  断开           29  2026/5/10 0:21
===== 2026-05-10T21:56:16.3344233+08:00 quser =====
 用户名                会话名             ID  状态    空闲时间   登录时间
>administrator                             1  断开           30  2026/5/10 0:21
===== 2026-05-10T21:57:16.9159562+08:00 quser =====
 用户名                会话名             ID  状态    空闲时间   登录时间
>administrator                             1  断开           31  2026/5/10 0:21
===== 2026-05-10T21:58:17.6765181+08:00 quser =====
 用户名                会话名             ID  状态    空闲时间   登录时间
>administrator                             1  断开           32  2026/5/10 0:21
===== 2026-05-10T21:59:19.6912933+08:00 quser =====
 用户名                会话名             ID  状态    空闲时间   登录时间
>administrator                             1  断开           33  2026/5/10 0:21
===== 2026-05-10T22:00:20.7030800+08:00 quser =====
 用户名                会话名             ID  状态    空闲时间   登录时间
>administrator                             1  断开           34  2026/5/10 0:21
===== 2026-05-10T22:01:21.7776778+08:00 quser =====
 用户名                会话名             ID  状态    空闲时间   登录时间
>administrator                             1  断开           35  2026/5/10 0:21
===== 2026-05-10T22:02:22.3755804+08:00 quser =====
 用户名                会话名             ID  状态    空闲时间   登录时间
>administrator                             1  断开           36  2026/5/10 0:21
===== 2026-05-10T22:03:22.9821123+08:00 quser =====
 用户名                会话名             ID  状态    空闲时间   登录时间
>administrator                             1  断开           37  2026/5/10 0:21
===== 2026-05-10T22:04:23.9435683+08:00 quser =====
 用户名                会话名             ID  状态    空闲时间   登录时间
>administrator                             1  断开           38  2026/5/10 0:21
===== 2026-05-10T22:05:24.7287376+08:00 quser =====
 用户名                会话名             ID  状态    空闲时间   登录时间
>administrator                             1  断开           39  2026/5/10 0:21
===== 2026-05-10T22:06:25.4755376+08:00 quser =====
 用户名                会话名             ID  状态    空闲时间   登录时间
>administrator                             1  断开           40  2026/5/10 0:21
===== 2026-05-10T22:07:26.7731185+08:00 quser =====
 用户名                会话名             ID  状态    空闲时间   登录时间
>administrator         rdp-tcp#0           1  运行中          .  2026/5/10 0:21
===== 2026-05-10T22:08:27.6800111+08:00 quser =====
 用户名                会话名             ID  状态    空闲时间   登录时间
>administrator         rdp-tcp#0           1  运行中          1  2026/5/10 0:21
===== 2026-05-10T22:09:28.3707438+08:00 quser =====
 用户名                会话名             ID  状态    空闲时间   登录时间
>administrator         rdp-tcp#0           1  运行中          2  2026/5/10 0:21
===== 2026-05-10T22:10:29.3227368+08:00 quser =====
 用户名                会话名             ID  状态    空闲时间   登录时间
>administrator         rdp-tcp#0           1  运行中          .  2026/5/10 0:21
===== 2026-05-10T22:11:29.7710817+08:00 quser =====
 用户名                会话名             ID  状态    空闲时间   登录时间
>administrator         rdp-tcp#0           1  运行中          1  2026/5/10 0:21
===== 2026-05-10T22:12:30.6521490+08:00 quser =====
 用户名                会话名             ID  状态    空闲时间   登录时间
>administrator         rdp-tcp#0           1  运行中          2  2026/5/10 0:21
===== 2026-05-10T22:13:31.0568787+08:00 quser =====
 用户名                会话名             ID  状态    空闲时间   登录时间
>administrator         rdp-tcp#0           1  运行中          3  2026/5/10 0:21
===== 2026-05-10T22:14:31.8275453+08:00 quser =====
 用户名                会话名             ID  状态    空闲时间   登录时间
>administrator         rdp-tcp#0           1  运行中          4  2026/5/10 0:21
===== 2026-05-10T22:15:33.5364312+08:00 quser =====
 用户名                会话名             ID  状态    空闲时间   登录时间
>administrator         rdp-tcp#0           1  运行中          5  2026/5/10 0:21
===== 2026-05-10T22:16:34.1344058+08:00 quser =====
 用户名                会话名             ID  状态    空闲时间   登录时间
>administrator         rdp-tcp#0           1  运行中          6  2026/5/10 0:21
===== 2026-05-10T22:17:34.6617736+08:00 quser =====
 用户名                会话名             ID  状态    空闲时间   登录时间
>administrator         rdp-tcp#0           1  运行中          7  2026/5/10 0:21
===== 2026-05-10T22:18:35.6384651+08:00 quser =====
 用户名                会话名             ID  状态    空闲时间   登录时间
>administrator         rdp-tcp#0           1  运行中          .  2026/5/10 0:21
===== 2026-05-10T22:19:36.3706841+08:00 quser =====
 用户名                会话名             ID  状态    空闲时间   登录时间
>administrator         rdp-tcp#0           1  运行中          1  2026/5/10 0:21
===== 2026-05-10T22:20:36.9760501+08:00 quser =====
 用户名                会话名             ID  状态    空闲时间   登录时间
>administrator         rdp-tcp#0           1  运行中          2  2026/5/10 0:21
===== 2026-05-10T22:21:37.9108395+08:00 quser =====
 用户名                会话名             ID  状态    空闲时间   登录时间
>administrator         rdp-tcp#0           1  运行中          3  2026/5/10 0:21
===== 2026-05-10T22:22:39.3971847+08:00 quser =====
 用户名                会话名             ID  状态    空闲时间   登录时间
>administrator         rdp-tcp#0           1  运行中          4  2026/5/10 0:21
===== 2026-05-10T22:23:40.4931197+08:00 quser =====
 用户名                会话名             ID  状态    空闲时间   登录时间
>administrator         rdp-tcp#0           1  运行中          5  2026/5/10 0:21
===== 2026-05-10T22:24:41.1617261+08:00 quser =====
 用户名                会话名             ID  状态    空闲时间   登录时间
>administrator         rdp-tcp#0           1  运行中          6  2026/5/10 0:21
===== 2026-05-10T22:25:41.7554525+08:00 quser =====
 用户名                会话名             ID  状态    空闲时间   登录时间
>administrator         rdp-tcp#0           1  运行中          7  2026/5/10 0:21
===== 2026-05-10T22:26:42.9531141+08:00 quser =====
 用户名                会话名             ID  状态    空闲时间   登录时间
>administrator         rdp-tcp#0           1  运行中          8  2026/5/10 0:21
===== 2026-05-10T22:27:43.3678076+08:00 quser =====
 用户名                会话名             ID  状态    空闲时间   登录时间
>administrator         rdp-tcp#0           1  运行中          9  2026/5/10 0:21
===== 2026-05-10T22:28:43.8752537+08:00 quser =====
 用户名                会话名             ID  状态    空闲时间   登录时间
>administrator         rdp-tcp#0           1  运行中         10  2026/5/10 0:21
===== 2026-05-10T22:29:45.0400581+08:00 quser =====
 用户名                会话名             ID  状态    空闲时间   登录时间
>administrator         rdp-tcp#0           1  运行中         11  2026/5/10 0:21
===== 2026-05-10T22:30:45.9659125+08:00 quser =====
 用户名                会话名             ID  状态    空闲时间   登录时间
>administrator         rdp-tcp#0           1  运行中         12  2026/5/10 0:21
===== 2026-05-10T22:31:48.3834898+08:00 quser =====
 用户名                会话名             ID  状态    空闲时间   登录时间
>administrator         rdp-tcp#0           1  运行中         13  2026/5/10 0:21
===== 2026-05-10T22:32:49.2357086+08:00 quser =====
 用户名                会话名             ID  状态    空闲时间   登录时间
>administrator         rdp-tcp#0           1  运行中         14  2026/5/10 0:21
===== 2026-05-10T22:33:50.2556072+08:00 quser =====
 用户名                会话名             ID  状态    空闲时间   登录时间
>administrator         rdp-tcp#0           1  运行中         15  2026/5/10 0:21
===== 2026-05-10T22:34:50.8819454+08:00 quser =====
 用户名                会话名             ID  状态    空闲时间   登录时间
>administrator         rdp-tcp#0           1  运行中         16  2026/5/10 0:21
===== 2026-05-10T22:35:51.9934407+08:00 quser =====
 用户名                会话名             ID  状态    空闲时间   登录时间
>administrator         rdp-tcp#0           1  运行中         17  2026/5/10 0:21
===== 2026-05-10T22:36:53.0705953+08:00 quser =====
 用户名                会话名             ID  状态    空闲时间   登录时间
>administrator         rdp-tcp#0           1  运行中         18  2026/5/10 0:21
===== 2026-05-10T22:37:53.8995492+08:00 quser =====
 用户名                会话名             ID  状态    空闲时间   登录时间
>administrator         rdp-tcp#0           1  运行中         19  2026/5/10 0:21
===== 2026-05-10T22:38:54.5010035+08:00 quser =====
 用户名                会话名             ID  状态    空闲时间   登录时间
>administrator         rdp-tcp#0           1  运行中         20  2026/5/10 0:21
===== 2026-05-10T22:39:54.9412202+08:00 quser =====
 用户名                会话名             ID  状态    空闲时间   登录时间
>administrator         rdp-tcp#0           1  运行中         21  2026/5/10 0:21
===== 2026-05-10T22:40:55.6410657+08:00 quser =====
 用户名                会话名             ID  状态    空闲时间   登录时间
>administrator         rdp-tcp#0           1  运行中         22  2026/5/10 0:21
===== 2026-05-10T22:41:56.0790801+08:00 quser =====
 用户名                会话名             ID  状态    空闲时间   登录时间
>administrator         rdp-tcp#0           1  运行中         23  2026/5/10 0:21
===== 2026-05-10T22:42:57.0221118+08:00 quser =====
 用户名                会话名             ID  状态    空闲时间   登录时间
>administrator         rdp-tcp#0           1  运行中         24  2026/5/10 0:21
===== 2026-05-10T22:43:57.7269406+08:00 quser =====
 用户名                会话名             ID  状态    空闲时间   登录时间
>administrator         rdp-tcp#0           1  运行中         25  2026/5/10 0:21
===== 2026-05-10T22:44:58.5855089+08:00 quser =====
 用户名                会话名             ID  状态    空闲时间   登录时间
>administrator         rdp-tcp#0           1  运行中         26  2026/5/10 0:21
===== 2026-05-10T22:45:59.1751443+08:00 quser =====
 用户名                会话名             ID  状态    空闲时间   登录时间
>administrator         rdp-tcp#0           1  运行中         27  2026/5/10 0:21
===== 2026-05-10T22:47:01.6275960+08:00 quser =====
 用户名                会话名             ID  状态    空闲时间   登录时间
>administrator         rdp-tcp#0           1  运行中         28  2026/5/10 0:21
===== 2026-05-10T22:48:02.5887868+08:00 quser =====
 用户名                会话名             ID  状态    空闲时间   登录时间
>administrator         rdp-tcp#0           1  运行中         29  2026/5/10 0:21
===== 2026-05-10T22:49:03.0713893+08:00 quser =====
 用户名                会话名             ID  状态    空闲时间   登录时间
>administrator         rdp-tcp#0           1  运行中         30  2026/5/10 0:21
===== 2026-05-10T22:50:03.5605578+08:00 quser =====
 用户名                会话名             ID  状态    空闲时间   登录时间
>administrator         rdp-tcp#0           1  运行中         31  2026/5/10 0:21
===== 2026-05-10T22:51:04.9897370+08:00 quser =====
 用户名                会话名             ID  状态    空闲时间   登录时间
>administrator         rdp-tcp#0           1  运行中         33  2026/5/10 0:21
===== 2026-05-10T22:52:06.1182358+08:00 quser =====
 用户名                会话名             ID  状态    空闲时间   登录时间
>administrator         rdp-tcp#0           1  运行中         34  2026/5/10 0:21
===== 2026-05-10T22:53:07.1341769+08:00 quser =====
 用户名                会话名             ID  状态    空闲时间   登录时间
>administrator         rdp-tcp#0           1  运行中         35  2026/5/10 0:21
===== 2026-05-10T22:54:08.2106967+08:00 quser =====
 用户名                会话名             ID  状态    空闲时间   登录时间
>administrator         rdp-tcp#0           1  运行中         36  2026/5/10 0:21
===== 2026-05-10T22:55:09.0670178+08:00 quser =====
 用户名                会话名             ID  状态    空闲时间   登录时间
>administrator         rdp-tcp#0           1  运行中         37  2026/5/10 0:21
===== 2026-05-10T22:56:10.3279511+08:00 quser =====
 用户名                会话名             ID  状态    空闲时间   登录时间
>administrator         rdp-tcp#0           1  运行中         38  2026/5/10 0:21
===== 2026-05-10T22:57:11.0194296+08:00 quser =====
 用户名                会话名             ID  状态    空闲时间   登录时间
>administrator         rdp-tcp#0           1  运行中         39  2026/5/10 0:21
===== 2026-05-10T22:58:11.9999523+08:00 quser =====
 用户名                会话名             ID  状态    空闲时间   登录时间
>administrator         rdp-tcp#0           1  运行中         40  2026/5/10 0:21
===== 2026-05-10T22:59:13.4185243+08:00 quser =====
 用户名                会话名             ID  状态    空闲时间   登录时间
>administrator         rdp-tcp#0           1  运行中         41  2026/5/10 0:21
===== 2026-05-10T23:00:14.6305627+08:00 quser =====
 用户名                会话名             ID  状态    空闲时间   登录时间
>administrator         rdp-tcp#0           1  运行中         42  2026/5/10 0:21
===== 2026-05-10T23:01:16.9185874+08:00 quser =====
 用户名                会话名             ID  状态    空闲时间   登录时间
>administrator         rdp-tcp#0           1  运行中         43  2026/5/10 0:21
===== 2026-05-10T23:02:17.0354370+08:00 quser =====
 用户名                会话名             ID  状态    空闲时间   登录时间
>administrator         rdp-tcp#0           1  运行中          .  2026/5/10 0:21
===== 2026-05-10T23:03:18.3172617+08:00 quser =====
 用户名                会话名             ID  状态    空闲时间   登录时间
>administrator         rdp-tcp#0           1  运行中          1  2026/5/10 0:21
===== 2026-05-10T23:04:18.3275099+08:00 quser =====
 用户名                会话名             ID  状态    空闲时间   登录时间
>administrator         rdp-tcp#0           1  运行中          2  2026/5/10 0:21
===== 2026-05-10T23:05:22.9552422+08:00 quser =====
 用户名                会话名             ID  状态    空闲时间   登录时间
>administrator         rdp-tcp#0           1  运行中          3  2026/5/10 0:21
===== 2026-05-10T23:06:28.0681954+08:00 quser =====
 用户名                会话名             ID  状态    空闲时间   登录时间
>administrator                             1  断开            .  2026/5/10 0:21
===== 2026-05-10T23:07:32.0295180+08:00 quser =====
 用户名                会话名             ID  状态    空闲时间   登录时间
>administrator                             1  断开            1  2026/5/10 0:21
===== 2026-05-10T23:08:35.8003414+08:00 quser =====
 用户名                会话名             ID  状态    空闲时间   登录时间
>administrator                             1  断开            2  2026/5/10 0:21
===== 2026-05-10T23:09:39.5761357+08:00 quser =====
 用户名                会话名             ID  状态    空闲时间   登录时间
>administrator                             1  断开            3  2026/5/10 0:21
===== 2026-05-10T23:10:43.6701775+08:00 quser =====
 用户名                会话名             ID  状态    空闲时间   登录时间
>administrator                             1  断开            4  2026/5/10 0:21
===== 2026-05-10T23:11:48.2278395+08:00 quser =====
 用户名                会话名             ID  状态    空闲时间   登录时间
>administrator                             1  断开            6  2026/5/10 0:21
===== 2026-05-10T23:12:53.0490544+08:00 quser =====
 用户名                会话名             ID  状态    空闲时间   登录时间
>administrator                             1  断开            7  2026/5/10 0:21
===== 2026-05-10T23:13:56.9918871+08:00 quser =====
 用户名                会话名             ID  状态    空闲时间   登录时间
>administrator                             1  断开            8  2026/5/10 0:21
===== 2026-05-10T23:15:01.0334024+08:00 quser =====
 用户名                会话名             ID  状态    空闲时间   登录时间
>administrator                             1  断开            9  2026/5/10 0:21
===== 2026-05-10T23:16:04.6582482+08:00 quser =====
 用户名                会话名             ID  状态    空闲时间   登录时间
>administrator                             1  断开           10  2026/5/10 0:21
===== 2026-05-10T23:17:08.4647076+08:00 quser =====
 用户名                会话名             ID  状态    空闲时间   登录时间
>administrator                             1  断开           11  2026/5/10 0:21
===== 2026-05-10T23:18:12.2391564+08:00 quser =====
 用户名                会话名             ID  状态    空闲时间   登录时间
>administrator                             1  断开           12  2026/5/10 0:21
===== 2026-05-10T23:19:17.9285896+08:00 quser =====
 用户名                会话名             ID  状态    空闲时间   登录时间
>administrator                             1  断开           13  2026/5/10 0:21
===== 2026-05-10T23:20:22.0126306+08:00 quser =====
 用户名                会话名             ID  状态    空闲时间   登录时间
>administrator                             1  断开           14  2026/5/10 0:21
===== 2026-05-10T23:21:26.0206966+08:00 quser =====
 用户名                会话名             ID  状态    空闲时间   登录时间
>administrator                             1  断开           15  2026/5/10 0:21
===== 2026-05-10T23:22:29.9321637+08:00 quser =====
 用户名                会话名             ID  状态    空闲时间   登录时间
>administrator                             1  断开           16  2026/5/10 0:21
===== 2026-05-10T23:23:35.6268211+08:00 quser =====
 用户名                会话名             ID  状态    空闲时间   登录时间
>administrator                             1  断开            .  2026/5/10 0:21
===== 2026-05-10T23:24:39.5234403+08:00 quser =====
 用户名                会话名             ID  状态    空闲时间   登录时间
>administrator                             1  断开            1  2026/5/10 0:21
===== 2026-05-10T23:25:44.3636888+08:00 quser =====
 用户名                会话名             ID  状态    空闲时间   登录时间
>administrator                             1  断开            2  2026/5/10 0:21
===== 2026-05-10T23:26:49.0847621+08:00 quser =====
 用户名                会话名             ID  状态    空闲时间   登录时间
>administrator                             1  断开            3  2026/5/10 0:21
===== 2026-05-10T23:27:53.0657642+08:00 quser =====
 用户名                会话名             ID  状态    空闲时间   登录时间
>administrator                             1  断开            4  2026/5/10 0:21
===== 2026-05-10T23:28:57.3263034+08:00 quser =====
 用户名                会话名             ID  状态    空闲时间   登录时间
>administrator                             1  断开            5  2026/5/10 0:21
===== 2026-05-10T23:30:01.0230691+08:00 quser =====
 用户名                会话名             ID  状态    空闲时间   登录时间
>administrator                             1  断开            6  2026/5/10 0:21
===== 2026-05-10T23:31:05.1492826+08:00 quser =====
 用户名                会话名             ID  状态    空闲时间   登录时间
>administrator                             1  断开            7  2026/5/10 0:21
===== 2026-05-10T23:32:09.3543537+08:00 quser =====
 用户名                会话名             ID  状态    空闲时间   登录时间
>administrator                             1  断开            9  2026/5/10 0:21
===== 2026-05-10T23:33:13.9448697+08:00 quser =====
 用户名                会话名             ID  状态    空闲时间   登录时间
>administrator                             1  断开           10  2026/5/10 0:21
===== 2026-05-10T23:34:17.9366870+08:00 quser =====
 用户名                会话名             ID  状态    空闲时间   登录时间
>administrator                             1  断开           11  2026/5/10 0:21
===== 2026-05-10T23:35:23.5370994+08:00 quser =====
 用户名                会话名             ID  状态    空闲时间   登录时间
>administrator                             1  断开           12  2026/5/10 0:21
===== 2026-05-10T23:36:28.0878733+08:00 quser =====
 用户名                会话名             ID  状态    空闲时间   登录时间
>administrator                             1  断开           13  2026/5/10 0:21
===== 2026-05-10T23:37:31.9163248+08:00 quser =====
 用户名                会话名             ID  状态    空闲时间   登录时间
>administrator                             1  断开           14  2026/5/10 0:21
===== 2026-05-10T23:38:36.0584871+08:00 quser =====
 用户名                会话名             ID  状态    空闲时间   登录时间
>administrator                             1  断开           15  2026/5/10 0:21
===== 2026-05-10T23:39:41.5766827+08:00 quser =====
 用户名                会话名             ID  状态    空闲时间   登录时间
>administrator         rdp-tcp#0           1  运行中          .  2026/5/10 0:21
===== 2026-05-10T23:40:45.9965815+08:00 quser =====
 用户名                会话名             ID  状态    空闲时间   登录时间
>administrator                             1  断开            1  2026/5/10 0:21
===== 2026-05-10T23:41:49.7838798+08:00 quser =====
 用户名                会话名             ID  状态    空闲时间   登录时间
>administrator                             1  断开            2  2026/5/10 0:21
===== 2026-05-10T23:42:54.1163092+08:00 quser =====
 用户名                会话名             ID  状态    空闲时间   登录时间
>administrator                             1  断开            3  2026/5/10 0:21
===== 2026-05-10T23:43:58.3870957+08:00 quser =====
 用户名                会话名             ID  状态    空闲时间   登录时间
>administrator                             1  断开            4  2026/5/10 0:21
===== 2026-05-10T23:45:03.0211413+08:00 quser =====
 用户名                会话名             ID  状态    空闲时间   登录时间
>administrator                             1  断开            5  2026/5/10 0:21
===== 2026-05-10T23:46:06.6991813+08:00 quser =====
 用户名                会话名             ID  状态    空闲时间   登录时间
>administrator                             1  断开            6  2026/5/10 0:21
===== 2026-05-10T23:47:11.1642710+08:00 quser =====
 用户名                会话名             ID  状态    空闲时间   登录时间
>administrator                             1  断开            7  2026/5/10 0:21
===== 2026-05-10T23:48:14.9332799+08:00 quser =====
 用户名                会话名             ID  状态    空闲时间   登录时间
>administrator                             1  断开            8  2026/5/10 0:21
===== 2026-05-10T23:49:19.1623153+08:00 quser =====
 用户名                会话名             ID  状态    空闲时间   登录时间
>administrator                             1  断开            9  2026/5/10 0:21
===== 2026-05-10T23:50:23.1904683+08:00 quser =====
 用户名                会话名             ID  状态    空闲时间   登录时间
>administrator                             1  断开           10  2026/5/10 0:21
===== 2026-05-10T23:51:24.0321310+08:00 quser =====
 用户名                会话名             ID  状态    空闲时间   登录时间
>administrator                             1  断开           11  2026/5/10 0:21
===== 2026-05-10T23:52:28.5705111+08:00 quser =====
 用户名                会话名             ID  状态    空闲时间   登录时间
>administrator                             1  断开           12  2026/5/10 0:21
===== 2026-05-10T23:53:32.2916765+08:00 quser =====
 用户名                会话名             ID  状态    空闲时间   登录时间
>administrator                             1  断开           13  2026/5/10 0:21
===== 2026-05-10T23:54:36.8169087+08:00 quser =====
 用户名                会话名             ID  状态    空闲时间   登录时间
>administrator                             1  断开           14  2026/5/10 0:21
===== 2026-05-10T23:55:41.0973663+08:00 quser =====
 用户名                会话名             ID  状态    空闲时间   登录时间
>administrator                             1  断开           15  2026/5/10 0:21
===== 2026-05-10T23:56:45.6367509+08:00 quser =====
 用户名                会话名             ID  状态    空闲时间   登录时间
>administrator         rdp-tcp#0           1  运行中          .  2026/5/10 0:21
===== 2026-05-10T23:57:50.6088976+08:00 quser =====
 用户名                会话名             ID  状态    空闲时间   登录时间
>administrator                             1  断开            .  2026/5/10 0:21
===== 2026-05-10T23:58:54.5368314+08:00 quser =====
 用户名                会话名             ID  状态    空闲时间   登录时间
>administrator                             1  断开            1  2026/5/10 0:21
===== 2026-05-10T23:59:57.1956130+08:00 quser =====
 用户名                会话名             ID  状态    空闲时间   登录时间
>administrator                             1  断开            2  2026/5/10 0:21
===== 2026-05-11T00:01:00.1524785+08:00 quser =====
 用户名                会话名             ID  状态    空闲时间   登录时间
>administrator                             1  断开            4  2026/5/10 0:21
===== 2026-05-11T00:02:07.7202970+08:00 quser =====
 用户名                会话名             ID  状态    空闲时间   登录时间
>administrator                             1  断开            5  2026/5/10 0:21
===== 2026-05-11T00:03:11.0553207+08:00 quser =====
 用户名                会话名             ID  状态    空闲时间   登录时间
>administrator                             1  断开            6  2026/5/10 0:21
===== 2026-05-11T00:04:25.0565234+08:00 quser =====
 用户名                会话名             ID  状态    空闲时间   登录时间
>administrator                             1  断开            7  2026/5/10 0:21
===== 2026-05-11T00:05:38.5296595+08:00 quser =====
 用户名                会话名             ID  状态    空闲时间   登录时间
>administrator                             1  断开            9  2026/5/10 0:21
===== 2026-05-11T00:06:39.5454856+08:00 quser =====
 用户名                会话名             ID  状态    空闲时间   登录时间
>administrator                             1  断开            9  2026/5/10 0:21
===== 2026-05-11T00:07:41.7646067+08:00 quser =====
 用户名                会话名             ID  状态    空闲时间   登录时间
>administrator                             1  断开           10  2026/5/10 0:21
===== 2026-05-11T00:08:51.3715065+08:00 quser =====
 用户名                会话名             ID  状态    空闲时间   登录时间
>administrator                             1  断开           11  2026/5/10 0:21
===== 2026-05-11T00:09:51.7115753+08:00 quser =====
 用户名                会话名             ID  状态    空闲时间   登录时间
>administrator                             1  断开           12  2026/5/10 0:21
===== 2026-05-11T00:11:13.1794700+08:00 quser =====
 用户名                会话名             ID  状态    空闲时间   登录时间
>administrator                             1  断开           15  2026/5/10 0:21
===== 2026-05-11T00:12:21.2966635+08:00 quser =====
 用户名                会话名             ID  状态    空闲时间   登录时间
>administrator                             1  断开           15  2026/5/10 0:21
===== 2026-05-11T00:13:34.1159796+08:00 quser =====
 用户名                会话名             ID  状态    空闲时间   登录时间
>administrator                             1  断开           17  2026/5/10 0:21
===== 2026-05-11T00:15:19.0726165+08:00 quser =====
 用户名                会话名             ID  状态    空闲时间   登录时间
>administrator                             1  断开           18  2026/5/10 0:21
===== 2026-05-11T00:17:19.2542205+08:00 quser =====
 用户名                会话名             ID  状态    空闲时间   登录时间
>administrator                             1  断开           21  2026/5/10 0:21
===== 2026-05-11T00:18:28.1683310+08:00 quser =====
 用户名                会话名             ID  状态    空闲时间   登录时间
>administrator                             1  运行中          7  2026/5/10 0:21
===== 2026-05-11T00:26:47.7072782+08:00 quser =====
 用户名                会话名             ID  状态    空闲时间   登录时间
>administrator                             1  断开           10  2026/5/10 0:21
===== 2026-05-11T00:37:33.3581036+08:00 quser =====
 用户名                会话名             ID  状态    空闲时间   登录时间
>administrator                             1  断开           11  2026/5/10 0:21
===== 2026-05-11T00:38:47.3785468+08:00 quser =====
 用户名                会话名             ID  状态    空闲时间   登录时间
>administrator                             1  断开           14  2026/5/10 0:21
