Importing module 'gym_38' (/opt/isaacgym/python/isaacgym/_bindings/linux-x86_64/gym_38.so)
Setting GYM_USD_PLUG_INFO_PATH to /opt/isaacgym/python/isaacgym/_bindings/linux-x86_64/usd/plugInfo.json
PyTorch version 2.0.1+cu118
Device count 1
/opt/isaacgym/python/isaacgym/_bindings/src/gymtorch
Using /root/.cache/torch_extensions/py38_cu118 as PyTorch extensions root...
Emitting ninja build file /root/.cache/torch_extensions/py38_cu118/gymtorch/build.ninja...
Building extension module gymtorch...
Allowing ninja to set a default number of workers... (overridable by setting the environment variable MAX_JOBS=N)
ninja: no work to do.
[Warning] [carb.gym.plugin] useGpu is set, forcing single scene (0 subscenes)
Not connected to PVD
+++ Using GPU PhysX
Physics Engine: PhysX
Physics Device: cuda:0
GPU Pipeline: enabled
Setting seed: 42
epoch: 1/2000
epoch: 2/2000
epoch: 3/2000
epoch: 4/2000
epoch: 5/2000
epoch: 6/2000
epoch: 7/2000
epoch: 8/2000
epoch: 9/2000
epoch: 10/2000
epoch: 11/2000
epoch: 12/2000
epoch: 13/2000
epoch: 14/2000
epoch: 15/2000
epoch: 16/2000
epoch: 17/2000
epoch: 18/2000
epoch: 19/2000
epoch: 20/2000
epoch: 21/2000
epoch: 22/2000
epoch: 23/2000
epoch: 24/2000
epoch: 25/2000
epoch: 26/2000
epoch: 27/2000
epoch: 28/2000
epoch: 29/2000
epoch: 30/2000
epoch: 31/2000
epoch: 32/2000
epoch: 33/2000
epoch: 34/2000
epoch: 35/2000
epoch: 36/2000
epoch: 37/2000
epoch: 38/2000
epoch: 39/2000
epoch: 40/2000
epoch: 41/2000
epoch: 42/2000
epoch: 43/2000
epoch: 44/2000
epoch: 45/2000
epoch: 46/2000
epoch: 47/2000
epoch: 48/2000
epoch: 49/2000
epoch: 50/2000
epoch: 51/2000
epoch: 52/2000
epoch: 53/2000
epoch: 54/2000
epoch: 55/2000
epoch: 56/2000
epoch: 57/2000
epoch: 58/2000
epoch: 59/2000
epoch: 60/2000
epoch: 61/2000
epoch: 62/2000
epoch: 63/2000
epoch: 64/2000
epoch: 65/2000
epoch: 66/2000
epoch: 67/2000
epoch: 68/2000
epoch: 69/2000
epoch: 70/2000
epoch: 71/2000
epoch: 72/2000
epoch: 73/2000
epoch: 74/2000
epoch: 75/2000
epoch: 76/2000
epoch: 77/2000
epoch: 78/2000
epoch: 79/2000
epoch: 80/2000
epoch: 81/2000
epoch: 82/2000
epoch: 83/2000
epoch: 84/2000
epoch: 85/2000
epoch: 86/2000
epoch: 87/2000
epoch: 88/2000
epoch: 89/2000
epoch: 90/2000
epoch: 91/2000
epoch: 92/2000
epoch: 93/2000
epoch: 94/2000
epoch: 95/2000
epoch: 96/2000
epoch: 97/2000
epoch: 98/2000
epoch: 99/2000
Saving model to logs/2026-05-04-12-54-43/nn/model_100.pth
epoch: 100/2000
epoch: 101/2000
epoch: 102/2000
epoch: 103/2000
epoch: 104/2000
epoch: 105/2000
epoch: 106/2000
epoch: 107/2000
epoch: 108/2000
epoch: 109/2000
epoch: 110/2000
epoch: 111/2000
epoch: 112/2000
epoch: 113/2000
epoch: 114/2000
epoch: 115/2000
epoch: 116/2000
epoch: 117/2000
epoch: 118/2000
epoch: 119/2000
epoch: 120/2000
epoch: 121/2000
epoch: 122/2000
epoch: 123/2000
epoch: 124/2000
epoch: 125/2000
epoch: 126/2000
epoch: 127/2000
epoch: 128/2000
epoch: 129/2000
epoch: 130/2000
epoch: 131/2000
epoch: 132/2000
epoch: 133/2000
epoch: 134/2000
epoch: 135/2000
epoch: 136/2000
epoch: 137/2000
epoch: 138/2000
epoch: 139/2000
epoch: 140/2000
epoch: 141/2000
epoch: 142/2000
epoch: 143/2000
epoch: 144/2000
epoch: 145/2000
epoch: 146/2000
epoch: 147/2000
epoch: 148/2000
epoch: 149/2000
epoch: 150/2000
epoch: 151/2000
epoch: 152/2000
epoch: 153/2000
epoch: 154/2000
epoch: 155/2000
epoch: 156/2000
epoch: 157/2000
epoch: 158/2000
epoch: 159/2000
epoch: 160/2000
epoch: 161/2000
epoch: 162/2000
epoch: 163/2000
epoch: 164/2000
epoch: 165/2000
epoch: 166/2000
epoch: 167/2000
epoch: 168/2000
epoch: 169/2000
epoch: 170/2000
epoch: 171/2000
epoch: 172/2000
epoch: 173/2000
epoch: 174/2000
epoch: 175/2000
epoch: 176/2000
epoch: 177/2000
epoch: 178/2000
epoch: 179/2000
epoch: 180/2000
epoch: 181/2000
epoch: 182/2000
epoch: 183/2000
epoch: 184/2000
epoch: 185/2000
epoch: 186/2000
epoch: 187/2000
epoch: 188/2000
epoch: 189/2000
epoch: 190/2000
epoch: 191/2000
epoch: 192/2000
epoch: 193/2000
epoch: 194/2000
epoch: 195/2000
epoch: 196/2000
epoch: 197/2000
epoch: 198/2000
epoch: 199/2000
Saving model to logs/2026-05-04-12-54-43/nn/model_200.pth
epoch: 200/2000
epoch: 201/2000
epoch: 202/2000
epoch: 203/2000
epoch: 204/2000
epoch: 205/2000
epoch: 206/2000
epoch: 207/2000
epoch: 208/2000
epoch: 209/2000
epoch: 210/2000
epoch: 211/2000
epoch: 212/2000
epoch: 213/2000
epoch: 214/2000
epoch: 215/2000
epoch: 216/2000
epoch: 217/2000
epoch: 218/2000
epoch: 219/2000
epoch: 220/2000
epoch: 221/2000
epoch: 222/2000
epoch: 223/2000
epoch: 224/2000
epoch: 225/2000
epoch: 226/2000
epoch: 227/2000
epoch: 228/2000
epoch: 229/2000
epoch: 230/2000
epoch: 231/2000
epoch: 232/2000
epoch: 233/2000
epoch: 234/2000
epoch: 235/2000
epoch: 236/2000
epoch: 237/2000
epoch: 238/2000
epoch: 239/2000
epoch: 240/2000
epoch: 241/2000
epoch: 242/2000
epoch: 243/2000
epoch: 244/2000
epoch: 245/2000
epoch: 246/2000
epoch: 247/2000
epoch: 248/2000
epoch: 249/2000
epoch: 250/2000
epoch: 251/2000
epoch: 252/2000
epoch: 253/2000
epoch: 254/2000
epoch: 255/2000
epoch: 256/2000
epoch: 257/2000
epoch: 258/2000
epoch: 259/2000
epoch: 260/2000
epoch: 261/2000
epoch: 262/2000
epoch: 263/2000
epoch: 264/2000
epoch: 265/2000
epoch: 266/2000
epoch: 267/2000
epoch: 268/2000
epoch: 269/2000
epoch: 270/2000
epoch: 271/2000
epoch: 272/2000
epoch: 273/2000
epoch: 274/2000
epoch: 275/2000
epoch: 276/2000
epoch: 277/2000
epoch: 278/2000
epoch: 279/2000
epoch: 280/2000
epoch: 281/2000
epoch: 282/2000
epoch: 283/2000
epoch: 284/2000
epoch: 285/2000
epoch: 286/2000
epoch: 287/2000
epoch: 288/2000
epoch: 289/2000
epoch: 290/2000
epoch: 291/2000
epoch: 292/2000
epoch: 293/2000
epoch: 294/2000
epoch: 295/2000
epoch: 296/2000
epoch: 297/2000
epoch: 298/2000
epoch: 299/2000
Saving model to logs/2026-05-04-12-54-43/nn/model_300.pth
epoch: 300/2000
epoch: 301/2000
epoch: 302/2000
epoch: 303/2000
epoch: 304/2000
epoch: 305/2000
epoch: 306/2000
epoch: 307/2000
epoch: 308/2000
epoch: 309/2000
epoch: 310/2000
epoch: 311/2000
epoch: 312/2000
epoch: 313/2000
epoch: 314/2000
epoch: 315/2000
epoch: 316/2000
epoch: 317/2000
epoch: 318/2000
epoch: 319/2000
epoch: 320/2000
epoch: 321/2000
epoch: 322/2000
epoch: 323/2000
epoch: 324/2000
epoch: 325/2000
epoch: 326/2000
epoch: 327/2000
epoch: 328/2000
epoch: 329/2000
epoch: 330/2000
epoch: 331/2000
epoch: 332/2000
epoch: 333/2000
epoch: 334/2000
epoch: 335/2000
epoch: 336/2000
epoch: 337/2000
epoch: 338/2000
epoch: 339/2000
epoch: 340/2000
epoch: 341/2000
epoch: 342/2000
epoch: 343/2000
epoch: 344/2000
epoch: 345/2000
epoch: 346/2000
epoch: 347/2000
epoch: 348/2000
epoch: 349/2000
epoch: 350/2000
epoch: 351/2000
epoch: 352/2000
epoch: 353/2000
epoch: 354/2000
epoch: 355/2000
epoch: 356/2000
epoch: 357/2000
epoch: 358/2000
epoch: 359/2000
epoch: 360/2000
epoch: 361/2000
epoch: 362/2000
epoch: 363/2000
epoch: 364/2000
epoch: 365/2000
epoch: 366/2000
epoch: 367/2000
epoch: 368/2000
epoch: 369/2000
epoch: 370/2000
epoch: 371/2000
epoch: 372/2000
epoch: 373/2000
epoch: 374/2000
epoch: 375/2000
epoch: 376/2000
epoch: 377/2000
epoch: 378/2000
epoch: 379/2000
epoch: 380/2000
epoch: 381/2000
epoch: 382/2000
epoch: 383/2000
epoch: 384/2000
epoch: 385/2000
epoch: 386/2000
epoch: 387/2000
epoch: 388/2000
epoch: 389/2000
epoch: 390/2000
epoch: 391/2000
epoch: 392/2000
epoch: 393/2000
epoch: 394/2000
epoch: 395/2000
epoch: 396/2000
epoch: 397/2000
epoch: 398/2000
epoch: 399/2000
Saving model to logs/2026-05-04-12-54-43/nn/model_400.pth
epoch: 400/2000
epoch: 401/2000
epoch: 402/2000
epoch: 403/2000
epoch: 404/2000
epoch: 405/2000
epoch: 406/2000
epoch: 407/2000
epoch: 408/2000
epoch: 409/2000
epoch: 410/2000
epoch: 411/2000
epoch: 412/2000
epoch: 413/2000
epoch: 414/2000
epoch: 415/2000
epoch: 416/2000
epoch: 417/2000
epoch: 418/2000
epoch: 419/2000
epoch: 420/2000
epoch: 421/2000
epoch: 422/2000
epoch: 423/2000
epoch: 424/2000
epoch: 425/2000
epoch: 426/2000
epoch: 427/2000
epoch: 428/2000
epoch: 429/2000
epoch: 430/2000
epoch: 431/2000
epoch: 432/2000
epoch: 433/2000
epoch: 434/2000
epoch: 435/2000
epoch: 436/2000
epoch: 437/2000
epoch: 438/2000
epoch: 439/2000
epoch: 440/2000
epoch: 441/2000
epoch: 442/2000
epoch: 443/2000
epoch: 444/2000
epoch: 445/2000
epoch: 446/2000
epoch: 447/2000
epoch: 448/2000
epoch: 449/2000
epoch: 450/2000
epoch: 451/2000
epoch: 452/2000
epoch: 453/2000
epoch: 454/2000
epoch: 455/2000
epoch: 456/2000
epoch: 457/2000
epoch: 458/2000
epoch: 459/2000
epoch: 460/2000
epoch: 461/2000
epoch: 462/2000
epoch: 463/2000
epoch: 464/2000
epoch: 465/2000
epoch: 466/2000
epoch: 467/2000
epoch: 468/2000
epoch: 469/2000
epoch: 470/2000
epoch: 471/2000
epoch: 472/2000
epoch: 473/2000
epoch: 474/2000
epoch: 475/2000
epoch: 476/2000
epoch: 477/2000
epoch: 478/2000
epoch: 479/2000
epoch: 480/2000
epoch: 481/2000
epoch: 482/2000
epoch: 483/2000
epoch: 484/2000
epoch: 485/2000
epoch: 486/2000
epoch: 487/2000
epoch: 488/2000
epoch: 489/2000
epoch: 490/2000
epoch: 491/2000
epoch: 492/2000
epoch: 493/2000
epoch: 494/2000
epoch: 495/2000
epoch: 496/2000
epoch: 497/2000
epoch: 498/2000
epoch: 499/2000
Saving model to logs/2026-05-04-12-54-43/nn/model_500.pth
epoch: 500/2000
epoch: 501/2000
epoch: 502/2000
epoch: 503/2000
epoch: 504/2000
epoch: 505/2000
epoch: 506/2000
epoch: 507/2000
epoch: 508/2000
epoch: 509/2000
epoch: 510/2000
epoch: 511/2000
epoch: 512/2000
epoch: 513/2000
epoch: 514/2000
epoch: 515/2000
epoch: 516/2000
epoch: 517/2000
epoch: 518/2000
epoch: 519/2000
epoch: 520/2000
epoch: 521/2000
epoch: 522/2000
epoch: 523/2000
epoch: 524/2000
epoch: 525/2000
epoch: 526/2000
epoch: 527/2000
epoch: 528/2000
epoch: 529/2000
epoch: 530/2000
epoch: 531/2000
epoch: 532/2000
epoch: 533/2000
epoch: 534/2000
epoch: 535/2000
epoch: 536/2000
epoch: 537/2000
epoch: 538/2000
epoch: 539/2000
epoch: 540/2000
epoch: 541/2000
epoch: 542/2000
epoch: 543/2000
epoch: 544/2000
epoch: 545/2000
epoch: 546/2000
epoch: 547/2000
epoch: 548/2000
epoch: 549/2000
epoch: 550/2000
epoch: 551/2000
epoch: 552/2000
epoch: 553/2000
epoch: 554/2000
epoch: 555/2000
epoch: 556/2000
epoch: 557/2000
epoch: 558/2000
epoch: 559/2000
epoch: 560/2000
epoch: 561/2000
epoch: 562/2000
epoch: 563/2000
epoch: 564/2000
epoch: 565/2000
epoch: 566/2000
epoch: 567/2000
epoch: 568/2000
epoch: 569/2000
epoch: 570/2000
epoch: 571/2000
epoch: 572/2000
epoch: 573/2000
epoch: 574/2000
epoch: 575/2000
epoch: 576/2000
epoch: 577/2000
epoch: 578/2000
epoch: 579/2000
epoch: 580/2000
epoch: 581/2000
epoch: 582/2000
epoch: 583/2000
epoch: 584/2000
epoch: 585/2000
epoch: 586/2000
epoch: 587/2000
epoch: 588/2000
epoch: 589/2000
epoch: 590/2000
epoch: 591/2000
epoch: 592/2000
epoch: 593/2000
epoch: 594/2000
epoch: 595/2000
epoch: 596/2000
epoch: 597/2000
epoch: 598/2000
epoch: 599/2000
Saving model to logs/2026-05-04-12-54-43/nn/model_600.pth
epoch: 600/2000
epoch: 601/2000
epoch: 602/2000
epoch: 603/2000
epoch: 604/2000
epoch: 605/2000
epoch: 606/2000
epoch: 607/2000
epoch: 608/2000
epoch: 609/2000
epoch: 610/2000
epoch: 611/2000
epoch: 612/2000
epoch: 613/2000
epoch: 614/2000
epoch: 615/2000
epoch: 616/2000
epoch: 617/2000
epoch: 618/2000
epoch: 619/2000
epoch: 620/2000
epoch: 621/2000
epoch: 622/2000
epoch: 623/2000
epoch: 624/2000
epoch: 625/2000
epoch: 626/2000
epoch: 627/2000
epoch: 628/2000
epoch: 629/2000
epoch: 630/2000
epoch: 631/2000
epoch: 632/2000
epoch: 633/2000
epoch: 634/2000
epoch: 635/2000
epoch: 636/2000
epoch: 637/2000
epoch: 638/2000
epoch: 639/2000
epoch: 640/2000
epoch: 641/2000
epoch: 642/2000
epoch: 643/2000
epoch: 644/2000
epoch: 645/2000
epoch: 646/2000
epoch: 647/2000
epoch: 648/2000
epoch: 649/2000
epoch: 650/2000
epoch: 651/2000
epoch: 652/2000
epoch: 653/2000
epoch: 654/2000
epoch: 655/2000
epoch: 656/2000
epoch: 657/2000
epoch: 658/2000
epoch: 659/2000
epoch: 660/2000
epoch: 661/2000
epoch: 662/2000
epoch: 663/2000
epoch: 664/2000
epoch: 665/2000
epoch: 666/2000
epoch: 667/2000
epoch: 668/2000
epoch: 669/2000
epoch: 670/2000
epoch: 671/2000
epoch: 672/2000
epoch: 673/2000
epoch: 674/2000
epoch: 675/2000
epoch: 676/2000
epoch: 677/2000
epoch: 678/2000
epoch: 679/2000
epoch: 680/2000
epoch: 681/2000
epoch: 682/2000
epoch: 683/2000
epoch: 684/2000
epoch: 685/2000
epoch: 686/2000
epoch: 687/2000
epoch: 688/2000
epoch: 689/2000
epoch: 690/2000
epoch: 691/2000
epoch: 692/2000
epoch: 693/2000
epoch: 694/2000
epoch: 695/2000
epoch: 696/2000
epoch: 697/2000
epoch: 698/2000
epoch: 699/2000
Saving model to logs/2026-05-04-12-54-43/nn/model_700.pth
epoch: 700/2000
epoch: 701/2000
epoch: 702/2000
epoch: 703/2000
epoch: 704/2000
epoch: 705/2000
epoch: 706/2000
epoch: 707/2000
epoch: 708/2000
epoch: 709/2000
epoch: 710/2000
epoch: 711/2000
epoch: 712/2000
epoch: 713/2000
epoch: 714/2000
epoch: 715/2000
epoch: 716/2000
epoch: 717/2000
epoch: 718/2000
epoch: 719/2000
epoch: 720/2000
epoch: 721/2000
epoch: 722/2000
epoch: 723/2000
epoch: 724/2000
epoch: 725/2000
epoch: 726/2000
epoch: 727/2000
epoch: 728/2000
epoch: 729/2000
epoch: 730/2000
epoch: 731/2000
epoch: 732/2000
epoch: 733/2000
epoch: 734/2000
epoch: 735/2000
epoch: 736/2000
epoch: 737/2000
epoch: 738/2000
epoch: 739/2000
epoch: 740/2000
epoch: 741/2000
epoch: 742/2000
epoch: 743/2000
epoch: 744/2000
epoch: 745/2000
epoch: 746/2000
epoch: 747/2000
epoch: 748/2000
epoch: 749/2000
epoch: 750/2000
epoch: 751/2000
epoch: 752/2000
epoch: 753/2000
epoch: 754/2000
epoch: 755/2000
epoch: 756/2000
epoch: 757/2000
epoch: 758/2000
epoch: 759/2000
epoch: 760/2000
epoch: 761/2000
epoch: 762/2000
epoch: 763/2000
epoch: 764/2000
epoch: 765/2000
epoch: 766/2000
epoch: 767/2000
epoch: 768/2000
epoch: 769/2000
epoch: 770/2000
epoch: 771/2000
epoch: 772/2000
epoch: 773/2000
epoch: 774/2000
epoch: 775/2000
epoch: 776/2000
epoch: 777/2000
epoch: 778/2000
epoch: 779/2000
epoch: 780/2000
epoch: 781/2000
epoch: 782/2000
epoch: 783/2000
epoch: 784/2000
epoch: 785/2000
epoch: 786/2000
epoch: 787/2000
epoch: 788/2000
epoch: 789/2000
epoch: 790/2000
epoch: 791/2000
epoch: 792/2000
epoch: 793/2000
epoch: 794/2000
epoch: 795/2000
epoch: 796/2000
epoch: 797/2000
epoch: 798/2000
epoch: 799/2000
Saving model to logs/2026-05-04-12-54-43/nn/model_800.pth
epoch: 800/2000
epoch: 801/2000
epoch: 802/2000
epoch: 803/2000
epoch: 804/2000
epoch: 805/2000
epoch: 806/2000
epoch: 807/2000
epoch: 808/2000
epoch: 809/2000
epoch: 810/2000
epoch: 811/2000
epoch: 812/2000
epoch: 813/2000
epoch: 814/2000
epoch: 815/2000
epoch: 816/2000
epoch: 817/2000
epoch: 818/2000
epoch: 819/2000
epoch: 820/2000
epoch: 821/2000
epoch: 822/2000
epoch: 823/2000
epoch: 824/2000
epoch: 825/2000
epoch: 826/2000
epoch: 827/2000
epoch: 828/2000
epoch: 829/2000
epoch: 830/2000
epoch: 831/2000
epoch: 832/2000
epoch: 833/2000
epoch: 834/2000
epoch: 835/2000
epoch: 836/2000
epoch: 837/2000
epoch: 838/2000
epoch: 839/2000
epoch: 840/2000
epoch: 841/2000
epoch: 842/2000
epoch: 843/2000
epoch: 844/2000
epoch: 845/2000
epoch: 846/2000
epoch: 847/2000
epoch: 848/2000
epoch: 849/2000
epoch: 850/2000
epoch: 851/2000
epoch: 852/2000
epoch: 853/2000
epoch: 854/2000
epoch: 855/2000
epoch: 856/2000
epoch: 857/2000
epoch: 858/2000
epoch: 859/2000
epoch: 860/2000
epoch: 861/2000
epoch: 862/2000
epoch: 863/2000
epoch: 864/2000
epoch: 865/2000
epoch: 866/2000
epoch: 867/2000
epoch: 868/2000
epoch: 869/2000
epoch: 870/2000
epoch: 871/2000
epoch: 872/2000
epoch: 873/2000
epoch: 874/2000
epoch: 875/2000
epoch: 876/2000
epoch: 877/2000
epoch: 878/2000
epoch: 879/2000
epoch: 880/2000
epoch: 881/2000
epoch: 882/2000
epoch: 883/2000
epoch: 884/2000
epoch: 885/2000
epoch: 886/2000
epoch: 887/2000
epoch: 888/2000
epoch: 889/2000
epoch: 890/2000
epoch: 891/2000
epoch: 892/2000
epoch: 893/2000
epoch: 894/2000
epoch: 895/2000
epoch: 896/2000
epoch: 897/2000
epoch: 898/2000
epoch: 899/2000
Saving model to logs/2026-05-04-12-54-43/nn/model_900.pth
epoch: 900/2000
epoch: 901/2000
epoch: 902/2000
epoch: 903/2000
epoch: 904/2000
epoch: 905/2000
epoch: 906/2000
epoch: 907/2000
epoch: 908/2000
epoch: 909/2000
epoch: 910/2000
epoch: 911/2000
epoch: 912/2000
epoch: 913/2000
epoch: 914/2000
epoch: 915/2000
epoch: 916/2000
epoch: 917/2000
epoch: 918/2000
epoch: 919/2000
epoch: 920/2000
epoch: 921/2000
epoch: 922/2000
epoch: 923/2000
epoch: 924/2000
epoch: 925/2000
epoch: 926/2000
epoch: 927/2000
epoch: 928/2000
epoch: 929/2000
epoch: 930/2000
epoch: 931/2000
epoch: 932/2000
epoch: 933/2000
epoch: 934/2000
epoch: 935/2000
epoch: 936/2000
epoch: 937/2000
epoch: 938/2000
epoch: 939/2000
epoch: 940/2000
epoch: 941/2000
epoch: 942/2000
epoch: 943/2000
epoch: 944/2000
epoch: 945/2000
epoch: 946/2000
epoch: 947/2000
epoch: 948/2000
epoch: 949/2000
epoch: 950/2000
epoch: 951/2000
epoch: 952/2000
epoch: 953/2000
epoch: 954/2000
epoch: 955/2000
epoch: 956/2000
epoch: 957/2000
epoch: 958/2000
epoch: 959/2000
epoch: 960/2000
epoch: 961/2000
epoch: 962/2000
epoch: 963/2000
epoch: 964/2000
epoch: 965/2000
epoch: 966/2000
epoch: 967/2000
epoch: 968/2000
epoch: 969/2000
epoch: 970/2000
epoch: 971/2000
epoch: 972/2000
epoch: 973/2000
epoch: 974/2000
epoch: 975/2000
epoch: 976/2000
epoch: 977/2000
epoch: 978/2000
epoch: 979/2000
epoch: 980/2000
epoch: 981/2000
epoch: 982/2000
epoch: 983/2000
epoch: 984/2000
epoch: 985/2000
epoch: 986/2000
epoch: 987/2000
epoch: 988/2000
epoch: 989/2000
epoch: 990/2000
epoch: 991/2000
epoch: 992/2000
epoch: 993/2000
epoch: 994/2000
epoch: 995/2000
epoch: 996/2000
epoch: 997/2000
epoch: 998/2000
epoch: 999/2000
Saving model to logs/2026-05-04-12-54-43/nn/model_1000.pth
epoch: 1000/2000
epoch: 1001/2000
epoch: 1002/2000
epoch: 1003/2000
epoch: 1004/2000
epoch: 1005/2000
epoch: 1006/2000
epoch: 1007/2000
epoch: 1008/2000
epoch: 1009/2000
epoch: 1010/2000
epoch: 1011/2000
epoch: 1012/2000
epoch: 1013/2000
epoch: 1014/2000
epoch: 1015/2000
epoch: 1016/2000
epoch: 1017/2000
epoch: 1018/2000
epoch: 1019/2000
epoch: 1020/2000
epoch: 1021/2000
epoch: 1022/2000
epoch: 1023/2000
epoch: 1024/2000
epoch: 1025/2000
epoch: 1026/2000
epoch: 1027/2000
epoch: 1028/2000
epoch: 1029/2000
epoch: 1030/2000
epoch: 1031/2000
epoch: 1032/2000
epoch: 1033/2000
epoch: 1034/2000
epoch: 1035/2000
epoch: 1036/2000
epoch: 1037/2000
epoch: 1038/2000
epoch: 1039/2000
epoch: 1040/2000
epoch: 1041/2000
epoch: 1042/2000
epoch: 1043/2000
epoch: 1044/2000
epoch: 1045/2000
epoch: 1046/2000
epoch: 1047/2000
epoch: 1048/2000
epoch: 1049/2000
epoch: 1050/2000
epoch: 1051/2000
epoch: 1052/2000
epoch: 1053/2000
epoch: 1054/2000
epoch: 1055/2000
epoch: 1056/2000
epoch: 1057/2000
epoch: 1058/2000
epoch: 1059/2000
epoch: 1060/2000
epoch: 1061/2000
epoch: 1062/2000
epoch: 1063/2000
epoch: 1064/2000
epoch: 1065/2000
epoch: 1066/2000
epoch: 1067/2000
epoch: 1068/2000
epoch: 1069/2000
epoch: 1070/2000
epoch: 1071/2000
epoch: 1072/2000
epoch: 1073/2000
epoch: 1074/2000
epoch: 1075/2000
epoch: 1076/2000
epoch: 1077/2000
epoch: 1078/2000
epoch: 1079/2000
epoch: 1080/2000
epoch: 1081/2000
epoch: 1082/2000
epoch: 1083/2000
epoch: 1084/2000
epoch: 1085/2000
epoch: 1086/2000
epoch: 1087/2000
epoch: 1088/2000
epoch: 1089/2000
epoch: 1090/2000
epoch: 1091/2000
epoch: 1092/2000
epoch: 1093/2000
epoch: 1094/2000
epoch: 1095/2000
epoch: 1096/2000
epoch: 1097/2000
epoch: 1098/2000
epoch: 1099/2000
Saving model to logs/2026-05-04-12-54-43/nn/model_1100.pth
epoch: 1100/2000
epoch: 1101/2000
epoch: 1102/2000
epoch: 1103/2000
epoch: 1104/2000
epoch: 1105/2000
epoch: 1106/2000
epoch: 1107/2000
epoch: 1108/2000
epoch: 1109/2000
epoch: 1110/2000
epoch: 1111/2000
epoch: 1112/2000
epoch: 1113/2000
epoch: 1114/2000
epoch: 1115/2000
epoch: 1116/2000
epoch: 1117/2000
epoch: 1118/2000
epoch: 1119/2000
epoch: 1120/2000
epoch: 1121/2000
epoch: 1122/2000
epoch: 1123/2000
epoch: 1124/2000
epoch: 1125/2000
epoch: 1126/2000
epoch: 1127/2000
epoch: 1128/2000
epoch: 1129/2000
epoch: 1130/2000
epoch: 1131/2000
epoch: 1132/2000
epoch: 1133/2000
epoch: 1134/2000
epoch: 1135/2000
epoch: 1136/2000
epoch: 1137/2000
epoch: 1138/2000
epoch: 1139/2000
epoch: 1140/2000
epoch: 1141/2000
epoch: 1142/2000
epoch: 1143/2000
epoch: 1144/2000
epoch: 1145/2000
epoch: 1146/2000
epoch: 1147/2000
epoch: 1148/2000
epoch: 1149/2000
epoch: 1150/2000
epoch: 1151/2000
epoch: 1152/2000
epoch: 1153/2000
epoch: 1154/2000
epoch: 1155/2000
epoch: 1156/2000
epoch: 1157/2000
epoch: 1158/2000
epoch: 1159/2000
epoch: 1160/2000
epoch: 1161/2000
epoch: 1162/2000
epoch: 1163/2000
epoch: 1164/2000
epoch: 1165/2000
epoch: 1166/2000
epoch: 1167/2000
epoch: 1168/2000
epoch: 1169/2000
epoch: 1170/2000
epoch: 1171/2000
epoch: 1172/2000
epoch: 1173/2000
epoch: 1174/2000
epoch: 1175/2000
epoch: 1176/2000
epoch: 1177/2000
epoch: 1178/2000
epoch: 1179/2000
epoch: 1180/2000
epoch: 1181/2000
epoch: 1182/2000
epoch: 1183/2000
epoch: 1184/2000
epoch: 1185/2000
epoch: 1186/2000
epoch: 1187/2000
epoch: 1188/2000
epoch: 1189/2000
epoch: 1190/2000
epoch: 1191/2000
epoch: 1192/2000
epoch: 1193/2000
epoch: 1194/2000
epoch: 1195/2000
epoch: 1196/2000
epoch: 1197/2000
epoch: 1198/2000
epoch: 1199/2000
Saving model to logs/2026-05-04-12-54-43/nn/model_1200.pth
epoch: 1200/2000
epoch: 1201/2000
epoch: 1202/2000
epoch: 1203/2000
epoch: 1204/2000
epoch: 1205/2000
epoch: 1206/2000
epoch: 1207/2000
epoch: 1208/2000
epoch: 1209/2000
epoch: 1210/2000
epoch: 1211/2000
epoch: 1212/2000
epoch: 1213/2000
epoch: 1214/2000
epoch: 1215/2000
epoch: 1216/2000
epoch: 1217/2000
epoch: 1218/2000
epoch: 1219/2000
epoch: 1220/2000
epoch: 1221/2000
epoch: 1222/2000
epoch: 1223/2000
epoch: 1224/2000
epoch: 1225/2000
epoch: 1226/2000
epoch: 1227/2000
epoch: 1228/2000
epoch: 1229/2000
epoch: 1230/2000
epoch: 1231/2000
epoch: 1232/2000
epoch: 1233/2000
epoch: 1234/2000
epoch: 1235/2000
epoch: 1236/2000
epoch: 1237/2000
epoch: 1238/2000
epoch: 1239/2000
epoch: 1240/2000
epoch: 1241/2000
epoch: 1242/2000
epoch: 1243/2000
epoch: 1244/2000
epoch: 1245/2000
epoch: 1246/2000
epoch: 1247/2000
epoch: 1248/2000
epoch: 1249/2000
epoch: 1250/2000
epoch: 1251/2000
epoch: 1252/2000
epoch: 1253/2000
epoch: 1254/2000
epoch: 1255/2000
epoch: 1256/2000
epoch: 1257/2000
epoch: 1258/2000
epoch: 1259/2000
epoch: 1260/2000
epoch: 1261/2000
epoch: 1262/2000
epoch: 1263/2000
epoch: 1264/2000
epoch: 1265/2000
epoch: 1266/2000
epoch: 1267/2000
epoch: 1268/2000
epoch: 1269/2000
epoch: 1270/2000
epoch: 1271/2000
epoch: 1272/2000
epoch: 1273/2000
epoch: 1274/2000
epoch: 1275/2000
epoch: 1276/2000
epoch: 1277/2000
epoch: 1278/2000
epoch: 1279/2000
epoch: 1280/2000
epoch: 1281/2000
epoch: 1282/2000
epoch: 1283/2000
epoch: 1284/2000
epoch: 1285/2000
epoch: 1286/2000
epoch: 1287/2000
epoch: 1288/2000
epoch: 1289/2000
epoch: 1290/2000
epoch: 1291/2000
epoch: 1292/2000
epoch: 1293/2000
epoch: 1294/2000
epoch: 1295/2000
epoch: 1296/2000
epoch: 1297/2000
epoch: 1298/2000
epoch: 1299/2000
Saving model to logs/2026-05-04-12-54-43/nn/model_1300.pth
epoch: 1300/2000
epoch: 1301/2000
epoch: 1302/2000
epoch: 1303/2000
epoch: 1304/2000
epoch: 1305/2000
epoch: 1306/2000
epoch: 1307/2000
epoch: 1308/2000
epoch: 1309/2000
epoch: 1310/2000
epoch: 1311/2000
epoch: 1312/2000
epoch: 1313/2000
epoch: 1314/2000
epoch: 1315/2000
epoch: 1316/2000
epoch: 1317/2000
epoch: 1318/2000
epoch: 1319/2000
epoch: 1320/2000
epoch: 1321/2000
epoch: 1322/2000
epoch: 1323/2000
epoch: 1324/2000
epoch: 1325/2000
epoch: 1326/2000
epoch: 1327/2000
epoch: 1328/2000
epoch: 1329/2000
epoch: 1330/2000
epoch: 1331/2000
epoch: 1332/2000
epoch: 1333/2000
epoch: 1334/2000
epoch: 1335/2000
epoch: 1336/2000
epoch: 1337/2000
epoch: 1338/2000
epoch: 1339/2000
epoch: 1340/2000
epoch: 1341/2000
epoch: 1342/2000
epoch: 1343/2000
epoch: 1344/2000
epoch: 1345/2000
epoch: 1346/2000
epoch: 1347/2000
epoch: 1348/2000
epoch: 1349/2000
epoch: 1350/2000
epoch: 1351/2000
epoch: 1352/2000
epoch: 1353/2000
epoch: 1354/2000
epoch: 1355/2000
epoch: 1356/2000
epoch: 1357/2000
epoch: 1358/2000
epoch: 1359/2000
epoch: 1360/2000
epoch: 1361/2000
epoch: 1362/2000
epoch: 1363/2000
epoch: 1364/2000
epoch: 1365/2000
epoch: 1366/2000
epoch: 1367/2000
epoch: 1368/2000
epoch: 1369/2000
epoch: 1370/2000
epoch: 1371/2000
epoch: 1372/2000
epoch: 1373/2000
epoch: 1374/2000
epoch: 1375/2000
epoch: 1376/2000
epoch: 1377/2000
epoch: 1378/2000
epoch: 1379/2000
epoch: 1380/2000
epoch: 1381/2000
epoch: 1382/2000
epoch: 1383/2000
epoch: 1384/2000
epoch: 1385/2000
epoch: 1386/2000
epoch: 1387/2000
epoch: 1388/2000
epoch: 1389/2000
epoch: 1390/2000
epoch: 1391/2000
epoch: 1392/2000
epoch: 1393/2000
epoch: 1394/2000
epoch: 1395/2000
epoch: 1396/2000
epoch: 1397/2000
epoch: 1398/2000
epoch: 1399/2000
Saving model to logs/2026-05-04-12-54-43/nn/model_1400.pth
epoch: 1400/2000
epoch: 1401/2000
epoch: 1402/2000
epoch: 1403/2000
epoch: 1404/2000
epoch: 1405/2000
epoch: 1406/2000
epoch: 1407/2000
epoch: 1408/2000
epoch: 1409/2000
epoch: 1410/2000
epoch: 1411/2000
epoch: 1412/2000
epoch: 1413/2000
epoch: 1414/2000
epoch: 1415/2000
epoch: 1416/2000
epoch: 1417/2000
epoch: 1418/2000
epoch: 1419/2000
epoch: 1420/2000
epoch: 1421/2000
epoch: 1422/2000
epoch: 1423/2000
epoch: 1424/2000
epoch: 1425/2000
epoch: 1426/2000
epoch: 1427/2000
epoch: 1428/2000
epoch: 1429/2000
epoch: 1430/2000
epoch: 1431/2000
epoch: 1432/2000
epoch: 1433/2000
epoch: 1434/2000
epoch: 1435/2000
epoch: 1436/2000
epoch: 1437/2000
epoch: 1438/2000
epoch: 1439/2000
epoch: 1440/2000
epoch: 1441/2000
epoch: 1442/2000
epoch: 1443/2000
epoch: 1444/2000
epoch: 1445/2000
epoch: 1446/2000
epoch: 1447/2000
epoch: 1448/2000
epoch: 1449/2000
epoch: 1450/2000
epoch: 1451/2000
epoch: 1452/2000
epoch: 1453/2000
epoch: 1454/2000
epoch: 1455/2000
epoch: 1456/2000
epoch: 1457/2000
epoch: 1458/2000
epoch: 1459/2000
epoch: 1460/2000
epoch: 1461/2000
epoch: 1462/2000
epoch: 1463/2000
epoch: 1464/2000
epoch: 1465/2000
epoch: 1466/2000
epoch: 1467/2000
epoch: 1468/2000
epoch: 1469/2000
epoch: 1470/2000
epoch: 1471/2000
epoch: 1472/2000
epoch: 1473/2000
epoch: 1474/2000
epoch: 1475/2000
epoch: 1476/2000
epoch: 1477/2000
epoch: 1478/2000
epoch: 1479/2000
epoch: 1480/2000
epoch: 1481/2000
epoch: 1482/2000
epoch: 1483/2000
epoch: 1484/2000
epoch: 1485/2000
epoch: 1486/2000
epoch: 1487/2000
epoch: 1488/2000
epoch: 1489/2000
epoch: 1490/2000
epoch: 1491/2000
epoch: 1492/2000
epoch: 1493/2000
epoch: 1494/2000
epoch: 1495/2000
epoch: 1496/2000
epoch: 1497/2000
epoch: 1498/2000
epoch: 1499/2000
Saving model to logs/2026-05-04-12-54-43/nn/model_1500.pth
epoch: 1500/2000
epoch: 1501/2000
epoch: 1502/2000
epoch: 1503/2000
epoch: 1504/2000
epoch: 1505/2000
epoch: 1506/2000
epoch: 1507/2000
epoch: 1508/2000
epoch: 1509/2000
epoch: 1510/2000
epoch: 1511/2000
epoch: 1512/2000
epoch: 1513/2000
epoch: 1514/2000
epoch: 1515/2000
epoch: 1516/2000
epoch: 1517/2000
epoch: 1518/2000
epoch: 1519/2000
epoch: 1520/2000
epoch: 1521/2000
epoch: 1522/2000
epoch: 1523/2000
epoch: 1524/2000
epoch: 1525/2000
epoch: 1526/2000
epoch: 1527/2000
epoch: 1528/2000
epoch: 1529/2000
epoch: 1530/2000
epoch: 1531/2000
epoch: 1532/2000
epoch: 1533/2000
epoch: 1534/2000
epoch: 1535/2000
epoch: 1536/2000
epoch: 1537/2000
epoch: 1538/2000
epoch: 1539/2000
epoch: 1540/2000
epoch: 1541/2000
epoch: 1542/2000
epoch: 1543/2000
epoch: 1544/2000
epoch: 1545/2000
epoch: 1546/2000
epoch: 1547/2000
epoch: 1548/2000
epoch: 1549/2000
epoch: 1550/2000
epoch: 1551/2000
epoch: 1552/2000
epoch: 1553/2000
epoch: 1554/2000
epoch: 1555/2000
epoch: 1556/2000
epoch: 1557/2000
epoch: 1558/2000
epoch: 1559/2000
epoch: 1560/2000
epoch: 1561/2000
epoch: 1562/2000
epoch: 1563/2000
epoch: 1564/2000
epoch: 1565/2000
epoch: 1566/2000
epoch: 1567/2000
epoch: 1568/2000
epoch: 1569/2000
epoch: 1570/2000
epoch: 1571/2000
epoch: 1572/2000
epoch: 1573/2000
epoch: 1574/2000
epoch: 1575/2000
epoch: 1576/2000
epoch: 1577/2000
epoch: 1578/2000
epoch: 1579/2000
epoch: 1580/2000
epoch: 1581/2000
epoch: 1582/2000
epoch: 1583/2000
epoch: 1584/2000
epoch: 1585/2000
epoch: 1586/2000
epoch: 1587/2000
epoch: 1588/2000
epoch: 1589/2000
epoch: 1590/2000
epoch: 1591/2000
epoch: 1592/2000
epoch: 1593/2000
epoch: 1594/2000
epoch: 1595/2000
epoch: 1596/2000
epoch: 1597/2000
epoch: 1598/2000
epoch: 1599/2000
Saving model to logs/2026-05-04-12-54-43/nn/model_1600.pth
epoch: 1600/2000
epoch: 1601/2000
epoch: 1602/2000
epoch: 1603/2000
epoch: 1604/2000
epoch: 1605/2000
epoch: 1606/2000
epoch: 1607/2000
epoch: 1608/2000
epoch: 1609/2000
epoch: 1610/2000
epoch: 1611/2000
epoch: 1612/2000
epoch: 1613/2000
epoch: 1614/2000
epoch: 1615/2000
epoch: 1616/2000
epoch: 1617/2000
epoch: 1618/2000
epoch: 1619/2000
epoch: 1620/2000
epoch: 1621/2000
epoch: 1622/2000
epoch: 1623/2000
epoch: 1624/2000
epoch: 1625/2000
epoch: 1626/2000
epoch: 1627/2000
epoch: 1628/2000
epoch: 1629/2000
epoch: 1630/2000
epoch: 1631/2000
epoch: 1632/2000
epoch: 1633/2000
epoch: 1634/2000
epoch: 1635/2000
epoch: 1636/2000
epoch: 1637/2000
epoch: 1638/2000
epoch: 1639/2000
epoch: 1640/2000
epoch: 1641/2000
epoch: 1642/2000
epoch: 1643/2000
epoch: 1644/2000
epoch: 1645/2000
epoch: 1646/2000
epoch: 1647/2000
epoch: 1648/2000
epoch: 1649/2000
epoch: 1650/2000
epoch: 1651/2000
epoch: 1652/2000
epoch: 1653/2000
epoch: 1654/2000
epoch: 1655/2000
epoch: 1656/2000
epoch: 1657/2000
epoch: 1658/2000
epoch: 1659/2000
epoch: 1660/2000
epoch: 1661/2000
epoch: 1662/2000
epoch: 1663/2000
epoch: 1664/2000
epoch: 1665/2000
epoch: 1666/2000
epoch: 1667/2000
epoch: 1668/2000
epoch: 1669/2000
epoch: 1670/2000
epoch: 1671/2000
epoch: 1672/2000
epoch: 1673/2000
epoch: 1674/2000
epoch: 1675/2000
epoch: 1676/2000
epoch: 1677/2000
epoch: 1678/2000
epoch: 1679/2000
epoch: 1680/2000
epoch: 1681/2000
epoch: 1682/2000
epoch: 1683/2000
epoch: 1684/2000
epoch: 1685/2000
epoch: 1686/2000
epoch: 1687/2000
epoch: 1688/2000
epoch: 1689/2000
epoch: 1690/2000
epoch: 1691/2000
epoch: 1692/2000
epoch: 1693/2000
epoch: 1694/2000
epoch: 1695/2000
epoch: 1696/2000
epoch: 1697/2000
epoch: 1698/2000
epoch: 1699/2000
Saving model to logs/2026-05-04-12-54-43/nn/model_1700.pth
epoch: 1700/2000
epoch: 1701/2000
epoch: 1702/2000
epoch: 1703/2000
epoch: 1704/2000
epoch: 1705/2000
epoch: 1706/2000
epoch: 1707/2000
epoch: 1708/2000
epoch: 1709/2000
epoch: 1710/2000
epoch: 1711/2000
epoch: 1712/2000
epoch: 1713/2000
epoch: 1714/2000
epoch: 1715/2000
epoch: 1716/2000
epoch: 1717/2000
epoch: 1718/2000
epoch: 1719/2000
epoch: 1720/2000
epoch: 1721/2000
epoch: 1722/2000
epoch: 1723/2000
epoch: 1724/2000
epoch: 1725/2000
epoch: 1726/2000
epoch: 1727/2000
epoch: 1728/2000
epoch: 1729/2000
epoch: 1730/2000
epoch: 1731/2000
epoch: 1732/2000
epoch: 1733/2000
epoch: 1734/2000
epoch: 1735/2000
epoch: 1736/2000
epoch: 1737/2000
epoch: 1738/2000
epoch: 1739/2000
epoch: 1740/2000
epoch: 1741/2000
epoch: 1742/2000
epoch: 1743/2000
epoch: 1744/2000
epoch: 1745/2000
epoch: 1746/2000
epoch: 1747/2000
epoch: 1748/2000
epoch: 1749/2000
epoch: 1750/2000
epoch: 1751/2000
epoch: 1752/2000
epoch: 1753/2000
epoch: 1754/2000
epoch: 1755/2000
epoch: 1756/2000
epoch: 1757/2000
epoch: 1758/2000
epoch: 1759/2000
epoch: 1760/2000
epoch: 1761/2000
epoch: 1762/2000
epoch: 1763/2000
epoch: 1764/2000
epoch: 1765/2000
epoch: 1766/2000
epoch: 1767/2000
epoch: 1768/2000
epoch: 1769/2000
epoch: 1770/2000
epoch: 1771/2000
epoch: 1772/2000
epoch: 1773/2000
epoch: 1774/2000
epoch: 1775/2000
epoch: 1776/2000
epoch: 1777/2000
epoch: 1778/2000
epoch: 1779/2000
epoch: 1780/2000
epoch: 1781/2000
epoch: 1782/2000
epoch: 1783/2000
epoch: 1784/2000
epoch: 1785/2000
epoch: 1786/2000
epoch: 1787/2000
epoch: 1788/2000
epoch: 1789/2000
epoch: 1790/2000
epoch: 1791/2000
epoch: 1792/2000
epoch: 1793/2000
epoch: 1794/2000
epoch: 1795/2000
epoch: 1796/2000
epoch: 1797/2000
epoch: 1798/2000
epoch: 1799/2000
Saving model to logs/2026-05-04-12-54-43/nn/model_1800.pth
epoch: 1800/2000
epoch: 1801/2000
epoch: 1802/2000
epoch: 1803/2000
epoch: 1804/2000
epoch: 1805/2000
epoch: 1806/2000
epoch: 1807/2000
epoch: 1808/2000
epoch: 1809/2000
epoch: 1810/2000
epoch: 1811/2000
epoch: 1812/2000
epoch: 1813/2000
epoch: 1814/2000
epoch: 1815/2000
epoch: 1816/2000
epoch: 1817/2000
epoch: 1818/2000
epoch: 1819/2000
epoch: 1820/2000
epoch: 1821/2000
epoch: 1822/2000
epoch: 1823/2000
epoch: 1824/2000
epoch: 1825/2000
epoch: 1826/2000
epoch: 1827/2000
epoch: 1828/2000
epoch: 1829/2000
epoch: 1830/2000
epoch: 1831/2000
epoch: 1832/2000
epoch: 1833/2000
epoch: 1834/2000
epoch: 1835/2000
epoch: 1836/2000
epoch: 1837/2000
epoch: 1838/2000
epoch: 1839/2000
epoch: 1840/2000
epoch: 1841/2000
epoch: 1842/2000
epoch: 1843/2000
epoch: 1844/2000
epoch: 1845/2000
epoch: 1846/2000
epoch: 1847/2000
epoch: 1848/2000
epoch: 1849/2000
epoch: 1850/2000
epoch: 1851/2000
epoch: 1852/2000
epoch: 1853/2000
epoch: 1854/2000
epoch: 1855/2000
epoch: 1856/2000
epoch: 1857/2000
epoch: 1858/2000
epoch: 1859/2000
epoch: 1860/2000
epoch: 1861/2000
epoch: 1862/2000
epoch: 1863/2000
epoch: 1864/2000
epoch: 1865/2000
epoch: 1866/2000
epoch: 1867/2000
epoch: 1868/2000
epoch: 1869/2000
epoch: 1870/2000
epoch: 1871/2000
epoch: 1872/2000
epoch: 1873/2000
epoch: 1874/2000
epoch: 1875/2000
epoch: 1876/2000
epoch: 1877/2000
epoch: 1878/2000
epoch: 1879/2000
epoch: 1880/2000
epoch: 1881/2000
epoch: 1882/2000
epoch: 1883/2000
epoch: 1884/2000
epoch: 1885/2000
epoch: 1886/2000
epoch: 1887/2000
epoch: 1888/2000
epoch: 1889/2000
epoch: 1890/2000
epoch: 1891/2000
epoch: 1892/2000
epoch: 1893/2000
epoch: 1894/2000
epoch: 1895/2000
epoch: 1896/2000
epoch: 1897/2000
epoch: 1898/2000
epoch: 1899/2000
Saving model to logs/2026-05-04-12-54-43/nn/model_1900.pth
epoch: 1900/2000
epoch: 1901/2000
epoch: 1902/2000
epoch: 1903/2000
epoch: 1904/2000
epoch: 1905/2000
epoch: 1906/2000
epoch: 1907/2000
epoch: 1908/2000
epoch: 1909/2000
epoch: 1910/2000
epoch: 1911/2000
epoch: 1912/2000
epoch: 1913/2000
epoch: 1914/2000
epoch: 1915/2000
epoch: 1916/2000
epoch: 1917/2000
epoch: 1918/2000
epoch: 1919/2000
epoch: 1920/2000
epoch: 1921/2000
epoch: 1922/2000
epoch: 1923/2000
epoch: 1924/2000
Loading extension module gymtorch...
epoch: 1925/2000
epoch: 1926/2000
epoch: 1927/2000
epoch: 1928/2000
epoch: 1929/2000
epoch: 1930/2000
epoch: 1931/2000
epoch: 1932/2000
epoch: 1933/2000
epoch: 1934/2000
epoch: 1935/2000
epoch: 1936/2000
epoch: 1937/2000
epoch: 1938/2000
epoch: 1939/2000
epoch: 1940/2000
epoch: 1941/2000
epoch: 1942/2000
epoch: 1943/2000
epoch: 1944/2000
epoch: 1945/2000
epoch: 1946/2000
epoch: 1947/2000
epoch: 1948/2000
epoch: 1949/2000
epoch: 1950/2000
epoch: 1951/2000
epoch: 1952/2000
epoch: 1953/2000
epoch: 1954/2000
epoch: 1955/2000
epoch: 1956/2000
epoch: 1957/2000
epoch: 1958/2000
epoch: 1959/2000
epoch: 1960/2000
epoch: 1961/2000
epoch: 1962/2000
epoch: 1963/2000
epoch: 1964/2000
epoch: 1965/2000
epoch: 1966/2000
epoch: 1967/2000
epoch: 1968/2000
epoch: 1969/2000
epoch: 1970/2000
epoch: 1971/2000
epoch: 1972/2000
epoch: 1973/2000
epoch: 1974/2000
epoch: 1975/2000
epoch: 1976/2000
epoch: 1977/2000
epoch: 1978/2000
epoch: 1979/2000
epoch: 1980/2000
epoch: 1981/2000
epoch: 1982/2000
epoch: 1983/2000
epoch: 1984/2000
epoch: 1985/2000
epoch: 1986/2000
epoch: 1987/2000
epoch: 1988/2000
epoch: 1989/2000
epoch: 1990/2000
epoch: 1991/2000
epoch: 1992/2000
epoch: 1993/2000
epoch: 1994/2000
epoch: 1995/2000
epoch: 1996/2000
epoch: 1997/2000
epoch: 1998/2000
epoch: 1999/2000
Saving model to logs/2026-05-04-12-54-43/nn/model_2000.pth
epoch: 2000/2000
